running develop
running egg_info
creating turtle_lee.egg-info
writing turtle_lee.egg-info/PKG-INFO
writing dependency_links to turtle_lee.egg-info/dependency_links.txt
writing entry points to turtle_lee.egg-info/entry_points.txt
writing requirements to turtle_lee.egg-info/requires.txt
writing top-level names to turtle_lee.egg-info/top_level.txt
writing manifest file 'turtle_lee.egg-info/SOURCES.txt'
reading manifest file 'turtle_lee.egg-info/SOURCES.txt'
writing manifest file 'turtle_lee.egg-info/SOURCES.txt'
running build_ext
Creating /home/lmc/aiot_robot_project/project_lee/install/turtle_lee/lib/python3.10/site-packages/turtle-lee.egg-link (link to .)

Installed /home/lmc/aiot_robot_project/project_lee/build/turtle_lee
running symlink_data
creating /home/lmc/aiot_robot_project/project_lee/install/turtle_lee/share/ament_index
creating /home/lmc/aiot_robot_project/project_lee/install/turtle_lee/share/ament_index/resource_index
creating /home/lmc/aiot_robot_project/project_lee/install/turtle_lee/share/ament_index/resource_index/packages
symbolically linking /home/lmc/aiot_robot_project/project_lee/build/turtle_lee/resource/turtle_lee -> /home/lmc/aiot_robot_project/project_lee/install/turtle_lee/share/ament_index/resource_index/packages
symbolically linking /home/lmc/aiot_robot_project/project_lee/build/turtle_lee/package.xml -> /home/lmc/aiot_robot_project/project_lee/install/turtle_lee/share/turtle_lee
