[0.799s] Invoking command in '/home/lmc/aiot_robot_project/project_lee/build/turtle_lee': PYTHONPATH=/home/lmc/aiot_robot_project/project_lee/build/turtle_lee/prefix_override:/usr/lib/python3/dist-packages/colcon_core/task/python/colcon_distutils_commands:/home/lmc/aiot_robot_project/project_lee/install/turtle_lee/lib/python3.10/site-packages:${PYTHONPATH} /usr/bin/python3 -W ignore:setup.py install is deprecated setup.py develop --editable --build-directory /home/lmc/aiot_robot_project/project_lee/build/turtle_lee/build --no-deps symlink_data
[1.059s] running develop
[1.229s] running egg_info
[1.229s] creating turtle_lee.egg-info
[1.229s] writing turtle_lee.egg-info/PKG-INFO
[1.229s] writing dependency_links to turtle_lee.egg-info/dependency_links.txt
[1.229s] writing entry points to turtle_lee.egg-info/entry_points.txt
[1.229s] writing requirements to turtle_lee.egg-info/requires.txt
[1.230s] writing top-level names to turtle_lee.egg-info/top_level.txt
[1.230s] writing manifest file 'turtle_lee.egg-info/SOURCES.txt'
[1.230s] reading manifest file 'turtle_lee.egg-info/SOURCES.txt'
[1.231s] writing manifest file 'turtle_lee.egg-info/SOURCES.txt'
[1.233s] running build_ext
[1.234s] Creating /home/lmc/aiot_robot_project/project_lee/install/turtle_lee/lib/python3.10/site-packages/turtle-lee.egg-link (link to .)
[1.236s] 
[1.236s] Installed /home/lmc/aiot_robot_project/project_lee/build/turtle_lee
[1.236s] running symlink_data
[1.236s] creating /home/lmc/aiot_robot_project/project_lee/install/turtle_lee/share/ament_index
[1.237s] creating /home/lmc/aiot_robot_project/project_lee/install/turtle_lee/share/ament_index/resource_index
[1.243s] creating /home/lmc/aiot_robot_project/project_lee/install/turtle_lee/share/ament_index/resource_index/packages
[1.244s] symbolically linking /home/lmc/aiot_robot_project/project_lee/build/turtle_lee/resource/turtle_lee -> /home/lmc/aiot_robot_project/project_lee/install/turtle_lee/share/ament_index/resource_index/packages
[1.245s] symbolically linking /home/lmc/aiot_robot_project/project_lee/build/turtle_lee/package.xml -> /home/lmc/aiot_robot_project/project_lee/install/turtle_lee/share/turtle_lee
[1.289s] Invoked command in '/home/lmc/aiot_robot_project/project_lee/build/turtle_lee' returned '0': PYTHONPATH=/home/lmc/aiot_robot_project/project_lee/build/turtle_lee/prefix_override:/usr/lib/python3/dist-packages/colcon_core/task/python/colcon_distutils_commands:/home/lmc/aiot_robot_project/project_lee/install/turtle_lee/lib/python3.10/site-packages:${PYTHONPATH} /usr/bin/python3 -W ignore:setup.py install is deprecated setup.py develop --editable --build-directory /home/lmc/aiot_robot_project/project_lee/build/turtle_lee/build --no-deps symlink_data
