[0.056s] Invoking command in '/home/user/aiot_robot_project/project_shin/build/moveit_planners_chomp': AMENT_PREFIX_PATH=/home/user/aiot_robot_project/project_shin/install/chomp_motion_planner:/home/user/aiot_robot_project/project_shin/install/moveit_core:/home/user/aiot_robot_project/project_shin/install/moveit_resources_panda_moveit_config:/home/user/aiot_robot_project/project_shin/install/srdfdom:/home/user/aiot_robot_project/project_shin/install/moveit_resources_pr2_description:/home/user/aiot_robot_project/project_shin/install/moveit_resources_panda_description:/home/user/aiot_robot_project/project_shin/install/moveit_common:${AMENT_PREFIX_PATH} CMAKE_PREFIX_PATH=/home/user/aiot_robot_project/project_shin/install/chomp_motion_planner:/home/user/aiot_robot_project/project_shin/install/moveit_core:/home/user/aiot_robot_project/project_shin/install/moveit_resources_panda_moveit_config:/home/user/aiot_robot_project/project_shin/install/srdfdom:/home/user/aiot_robot_project/project_shin/install/moveit_resources_pr2_description:/home/user/aiot_robot_project/project_shin/install/moveit_resources_panda_description:/home/user/aiot_robot_project/project_shin/install/moveit_common:/opt/ros/humble LD_LIBRARY_PATH=/home/user/aiot_robot_project/project_shin/install/chomp_motion_planner/lib:/home/user/aiot_robot_project/project_shin/install/moveit_core/lib:/home/user/aiot_robot_project/project_shin/install/srdfdom/lib:${LD_LIBRARY_PATH} PATH=/home/user/aiot_robot_project/project_shin/install/moveit_core/bin:${PATH} PYTHONPATH=/home/user/aiot_robot_project/project_shin/install/srdfdom/local/lib/python3.10/dist-packages:${PYTHONPATH} /usr/bin/cmake /home/user/aiot_robot_project/project_shin/src/moveit2/moveit_planners/chomp/chomp_interface -DCMAKE_BUILD_TYPE=Release -DCMAKE_INSTALL_PREFIX=/home/user/aiot_robot_project/project_shin/install/moveit_planners_chomp
[0.240s] -- The C compiler identification is GNU 11.4.0
[0.435s] -- The CXX compiler identification is GNU 11.4.0
[0.454s] -- Detecting C compiler ABI info
[0.680s] -- Detecting C compiler ABI info - done
[0.699s] -- Check for working C compiler: /usr/bin/cc - skipped
[0.701s] -- Detecting C compile features
[0.703s] -- Detecting C compile features - done
[0.710s] -- Detecting CXX compiler ABI info
[1.012s] -- Detecting CXX compiler ABI info - done
[1.033s] -- Check for working CXX compiler: /usr/bin/c++ - skipped
[1.034s] -- Detecting CXX compile features
[1.038s] -- Detecting CXX compile features - done
[1.043s] -- Found moveit_common: 2.5.6 (/home/user/aiot_robot_project/project_shin/install/moveit_common/share/moveit_common/cmake)
[1.052s] -- Found ament_cmake: 1.3.10 (/opt/ros/humble/share/ament_cmake/cmake)
[1.515s] -- Found Python3: /usr/bin/python3 (found version "3.10.12") found components: Interpreter 
[1.977s] -- Found moveit_core: 2.5.6 (/home/user/aiot_robot_project/project_shin/install/moveit_core/share/moveit_core/cmake)
[2.567s] -- Found Boost: /usr/lib/x86_64-linux-gnu/cmake/Boost-1.74.0/BoostConfig.cmake (found version "1.74.0") found components: chrono date_time filesystem iostreams program_options regex serialization system thread 
[2.710s] -- Found parameter_traits: 0.3.9 (/opt/ros/humble/share/parameter_traits/cmake)
[2.819s] -- Found rosidl_generator_c: 3.1.5 (/opt/ros/humble/share/rosidl_generator_c/cmake)
[2.836s] -- Found rosidl_adapter: 3.1.5 (/opt/ros/humble/share/rosidl_adapter/cmake)
[2.861s] -- Found rosidl_generator_cpp: 3.1.5 (/opt/ros/humble/share/rosidl_generator_cpp/cmake)
[2.897s] -- Using all available rosidl_typesupport_c: rosidl_typesupport_fastrtps_c;rosidl_typesupport_introspection_c
[2.945s] -- Using all available rosidl_typesupport_cpp: rosidl_typesupport_fastrtps_cpp;rosidl_typesupport_introspection_cpp
[3.073s] -- Found rmw_implementation_cmake: 6.1.2 (/opt/ros/humble/share/rmw_implementation_cmake/cmake)
[3.081s] -- Found rmw_fastrtps_cpp: 6.2.7 (/opt/ros/humble/share/rmw_fastrtps_cpp/cmake)
[3.311s] -- Found OpenSSL: /usr/lib/x86_64-linux-gnu/libcrypto.so (found version "3.0.2")  
[3.363s] -- Found FastRTPS: /opt/ros/humble/include  
[3.453s] -- Using RMW implementation 'rmw_fastrtps_cpp' as default
[3.480s] -- Found Threads: TRUE  
[3.636s] -- Found Eigen3: TRUE (found version "3.4.0") 
[3.643s] -- Found rclcpp_lifecycle: 16.0.10 (/opt/ros/humble/share/rclcpp_lifecycle/cmake)
[3.709s] -- Found Boost: /usr/lib/x86_64-linux-gnu/cmake/Boost-1.74.0/BoostConfig.cmake (found version "1.74.0") found components: filesystem 
[3.982s] -- library: /usr/lib/x86_64-linux-gnu/libcurl.so
[4.154s] -- Ensuring Eigen3 include directory is part of orocos-kdl CMake target
[4.773s] -- Found chomp_motion_planner: 2.5.6 (/home/user/aiot_robot_project/project_shin/install/chomp_motion_planner/share/chomp_motion_planner/cmake)
[4.802s] -- Found ament_lint_auto: 0.12.11 (/opt/ros/humble/share/ament_lint_auto/cmake)
[4.845s] -- Added test 'cppcheck' to perform static code analysis on C / C++ code
[4.845s] -- Configured cppcheck include dirs: /home/user/aiot_robot_project/project_shin/src/moveit2/moveit_planners/chomp/chomp_interface/include
[4.846s] -- Configured cppcheck exclude dirs and/or files: 
[4.849s] -- Added test 'xmllint' to check XML markup files
[4.849s] -- Configuring done
[4.990s] -- Generating done
[5.019s] -- Build files have been written to: /home/user/aiot_robot_project/project_shin/build/moveit_planners_chomp
[5.061s] Invoked command in '/home/user/aiot_robot_project/project_shin/build/moveit_planners_chomp' returned '0': AMENT_PREFIX_PATH=/home/user/aiot_robot_project/project_shin/install/chomp_motion_planner:/home/user/aiot_robot_project/project_shin/install/moveit_core:/home/user/aiot_robot_project/project_shin/install/moveit_resources_panda_moveit_config:/home/user/aiot_robot_project/project_shin/install/srdfdom:/home/user/aiot_robot_project/project_shin/install/moveit_resources_pr2_description:/home/user/aiot_robot_project/project_shin/install/moveit_resources_panda_description:/home/user/aiot_robot_project/project_shin/install/moveit_common:${AMENT_PREFIX_PATH} CMAKE_PREFIX_PATH=/home/user/aiot_robot_project/project_shin/install/chomp_motion_planner:/home/user/aiot_robot_project/project_shin/install/moveit_core:/home/user/aiot_robot_project/project_shin/install/moveit_resources_panda_moveit_config:/home/user/aiot_robot_project/project_shin/install/srdfdom:/home/user/aiot_robot_project/project_shin/install/moveit_resources_pr2_description:/home/user/aiot_robot_project/project_shin/install/moveit_resources_panda_description:/home/user/aiot_robot_project/project_shin/install/moveit_common:/opt/ros/humble LD_LIBRARY_PATH=/home/user/aiot_robot_project/project_shin/install/chomp_motion_planner/lib:/home/user/aiot_robot_project/project_shin/install/moveit_core/lib:/home/user/aiot_robot_project/project_shin/install/srdfdom/lib:${LD_LIBRARY_PATH} PATH=/home/user/aiot_robot_project/project_shin/install/moveit_core/bin:${PATH} PYTHONPATH=/home/user/aiot_robot_project/project_shin/install/srdfdom/local/lib/python3.10/dist-packages:${PYTHONPATH} /usr/bin/cmake /home/user/aiot_robot_project/project_shin/src/moveit2/moveit_planners/chomp/chomp_interface -DCMAKE_BUILD_TYPE=Release -DCMAKE_INSTALL_PREFIX=/home/user/aiot_robot_project/project_shin/install/moveit_planners_chomp
[5.067s] Invoking command in '/home/user/aiot_robot_project/project_shin/build/moveit_planners_chomp': AMENT_PREFIX_PATH=/home/user/aiot_robot_project/project_shin/install/chomp_motion_planner:/home/user/aiot_robot_project/project_shin/install/moveit_core:/home/user/aiot_robot_project/project_shin/install/moveit_resources_panda_moveit_config:/home/user/aiot_robot_project/project_shin/install/srdfdom:/home/user/aiot_robot_project/project_shin/install/moveit_resources_pr2_description:/home/user/aiot_robot_project/project_shin/install/moveit_resources_panda_description:/home/user/aiot_robot_project/project_shin/install/moveit_common:${AMENT_PREFIX_PATH} CMAKE_PREFIX_PATH=/home/user/aiot_robot_project/project_shin/install/chomp_motion_planner:/home/user/aiot_robot_project/project_shin/install/moveit_core:/home/user/aiot_robot_project/project_shin/install/moveit_resources_panda_moveit_config:/home/user/aiot_robot_project/project_shin/install/srdfdom:/home/user/aiot_robot_project/project_shin/install/moveit_resources_pr2_description:/home/user/aiot_robot_project/project_shin/install/moveit_resources_panda_description:/home/user/aiot_robot_project/project_shin/install/moveit_common:/opt/ros/humble LD_LIBRARY_PATH=/home/user/aiot_robot_project/project_shin/install/chomp_motion_planner/lib:/home/user/aiot_robot_project/project_shin/install/moveit_core/lib:/home/user/aiot_robot_project/project_shin/install/srdfdom/lib:${LD_LIBRARY_PATH} PATH=/home/user/aiot_robot_project/project_shin/install/moveit_core/bin:${PATH} PYTHONPATH=/home/user/aiot_robot_project/project_shin/install/srdfdom/local/lib/python3.10/dist-packages:${PYTHONPATH} /usr/bin/cmake --build /home/user/aiot_robot_project/project_shin/build/moveit_planners_chomp -- -j4 -l4
[5.209s] [ 20%] [32mBuilding CXX object CMakeFiles/moveit_chomp_interface.dir/src/chomp_interface.cpp.o[0m
[31.028s] [ 40%] [32mBuilding CXX object CMakeFiles/moveit_chomp_interface.dir/src/chomp_planning_context.cpp.o[0m
[56.034s] [ 60%] [32m[1mLinking CXX shared library libmoveit_chomp_interface.so[0m
[56.664s] [ 60%] Built target moveit_chomp_interface
[56.724s] [ 80%] [32mBuilding CXX object CMakeFiles/moveit_chomp_planner_plugin.dir/src/chomp_plugin.cpp.o[0m
[84.820s] [100%] [32m[1mLinking CXX shared library libmoveit_chomp_planner_plugin.so[0m
[85.521s] [100%] Built target moveit_chomp_planner_plugin
[85.554s] Invoked command in '/home/user/aiot_robot_project/project_shin/build/moveit_planners_chomp' returned '0': AMENT_PREFIX_PATH=/home/user/aiot_robot_project/project_shin/install/chomp_motion_planner:/home/user/aiot_robot_project/project_shin/install/moveit_core:/home/user/aiot_robot_project/project_shin/install/moveit_resources_panda_moveit_config:/home/user/aiot_robot_project/project_shin/install/srdfdom:/home/user/aiot_robot_project/project_shin/install/moveit_resources_pr2_description:/home/user/aiot_robot_project/project_shin/install/moveit_resources_panda_description:/home/user/aiot_robot_project/project_shin/install/moveit_common:${AMENT_PREFIX_PATH} CMAKE_PREFIX_PATH=/home/user/aiot_robot_project/project_shin/install/chomp_motion_planner:/home/user/aiot_robot_project/project_shin/install/moveit_core:/home/user/aiot_robot_project/project_shin/install/moveit_resources_panda_moveit_config:/home/user/aiot_robot_project/project_shin/install/srdfdom:/home/user/aiot_robot_project/project_shin/install/moveit_resources_pr2_description:/home/user/aiot_robot_project/project_shin/install/moveit_resources_panda_description:/home/user/aiot_robot_project/project_shin/install/moveit_common:/opt/ros/humble LD_LIBRARY_PATH=/home/user/aiot_robot_project/project_shin/install/chomp_motion_planner/lib:/home/user/aiot_robot_project/project_shin/install/moveit_core/lib:/home/user/aiot_robot_project/project_shin/install/srdfdom/lib:${LD_LIBRARY_PATH} PATH=/home/user/aiot_robot_project/project_shin/install/moveit_core/bin:${PATH} PYTHONPATH=/home/user/aiot_robot_project/project_shin/install/srdfdom/local/lib/python3.10/dist-packages:${PYTHONPATH} /usr/bin/cmake --build /home/user/aiot_robot_project/project_shin/build/moveit_planners_chomp -- -j4 -l4
[85.558s] Invoking command in '/home/user/aiot_robot_project/project_shin/build/moveit_planners_chomp': AMENT_PREFIX_PATH=/home/user/aiot_robot_project/project_shin/install/chomp_motion_planner:/home/user/aiot_robot_project/project_shin/install/moveit_core:/home/user/aiot_robot_project/project_shin/install/moveit_resources_panda_moveit_config:/home/user/aiot_robot_project/project_shin/install/srdfdom:/home/user/aiot_robot_project/project_shin/install/moveit_resources_pr2_description:/home/user/aiot_robot_project/project_shin/install/moveit_resources_panda_description:/home/user/aiot_robot_project/project_shin/install/moveit_common:${AMENT_PREFIX_PATH} CMAKE_PREFIX_PATH=/home/user/aiot_robot_project/project_shin/install/chomp_motion_planner:/home/user/aiot_robot_project/project_shin/install/moveit_core:/home/user/aiot_robot_project/project_shin/install/moveit_resources_panda_moveit_config:/home/user/aiot_robot_project/project_shin/install/srdfdom:/home/user/aiot_robot_project/project_shin/install/moveit_resources_pr2_description:/home/user/aiot_robot_project/project_shin/install/moveit_resources_panda_description:/home/user/aiot_robot_project/project_shin/install/moveit_common:/opt/ros/humble LD_LIBRARY_PATH=/home/user/aiot_robot_project/project_shin/install/chomp_motion_planner/lib:/home/user/aiot_robot_project/project_shin/install/moveit_core/lib:/home/user/aiot_robot_project/project_shin/install/srdfdom/lib:${LD_LIBRARY_PATH} PATH=/home/user/aiot_robot_project/project_shin/install/moveit_core/bin:${PATH} PYTHONPATH=/home/user/aiot_robot_project/project_shin/install/srdfdom/local/lib/python3.10/dist-packages:${PYTHONPATH} /usr/bin/cmake --install /home/user/aiot_robot_project/project_shin/build/moveit_planners_chomp
[85.578s] -- Install configuration: "Release"
[85.580s] -- Installing: /home/user/aiot_robot_project/project_shin/install/moveit_planners_chomp/lib/libmoveit_chomp_interface.so.2.5.6
[85.580s] -- Set runtime path of "/home/user/aiot_robot_project/project_shin/install/moveit_planners_chomp/lib/libmoveit_chomp_interface.so.2.5.6" to ""
[85.581s] -- Installing: /home/user/aiot_robot_project/project_shin/install/moveit_planners_chomp/lib/libmoveit_chomp_interface.so
[85.581s] -- Installing: /home/user/aiot_robot_project/project_shin/install/moveit_planners_chomp/lib/libmoveit_chomp_planner_plugin.so
[85.583s] -- Set runtime path of "/home/user/aiot_robot_project/project_shin/install/moveit_planners_chomp/lib/libmoveit_chomp_planner_plugin.so" to ""
[85.584s] -- Installing: /home/user/aiot_robot_project/project_shin/install/moveit_planners_chomp/share/moveit_planners_chomp/environment/library_path.sh
[85.584s] -- Installing: /home/user/aiot_robot_project/project_shin/install/moveit_planners_chomp/share/moveit_planners_chomp/environment/library_path.dsv
[85.584s] -- Installing: /home/user/aiot_robot_project/project_shin/install/moveit_planners_chomp/share/moveit_planners_chomp/chomp_interface_plugin_description.xml
[85.615s] -- Installing: /home/user/aiot_robot_project/project_shin/install/moveit_planners_chomp/share/ament_index/resource_index/package_run_dependencies/moveit_planners_chomp
[85.616s] -- Installing: /home/user/aiot_robot_project/project_shin/install/moveit_planners_chomp/share/ament_index/resource_index/parent_prefix_path/moveit_planners_chomp
[85.616s] -- Installing: /home/user/aiot_robot_project/project_shin/install/moveit_planners_chomp/share/moveit_planners_chomp/environment/ament_prefix_path.sh
[85.616s] -- Installing: /home/user/aiot_robot_project/project_shin/install/moveit_planners_chomp/share/moveit_planners_chomp/environment/ament_prefix_path.dsv
[85.617s] -- Installing: /home/user/aiot_robot_project/project_shin/install/moveit_planners_chomp/share/moveit_planners_chomp/environment/path.sh
[85.617s] -- Installing: /home/user/aiot_robot_project/project_shin/install/moveit_planners_chomp/share/moveit_planners_chomp/environment/path.dsv
[85.618s] -- Installing: /home/user/aiot_robot_project/project_shin/install/moveit_planners_chomp/share/moveit_planners_chomp/local_setup.bash
[85.618s] -- Installing: /home/user/aiot_robot_project/project_shin/install/moveit_planners_chomp/share/moveit_planners_chomp/local_setup.sh
[85.619s] -- Installing: /home/user/aiot_robot_project/project_shin/install/moveit_planners_chomp/share/moveit_planners_chomp/local_setup.zsh
[85.619s] -- Installing: /home/user/aiot_robot_project/project_shin/install/moveit_planners_chomp/share/moveit_planners_chomp/local_setup.dsv
[85.619s] -- Installing: /home/user/aiot_robot_project/project_shin/install/moveit_planners_chomp/share/moveit_planners_chomp/package.dsv
[85.620s] -- Installing: /home/user/aiot_robot_project/project_shin/install/moveit_planners_chomp/share/ament_index/resource_index/packages/moveit_planners_chomp
[85.620s] -- Installing: /home/user/aiot_robot_project/project_shin/install/moveit_planners_chomp/share/ament_index/resource_index/moveit_core__pluginlib__plugin/moveit_planners_chomp
[85.621s] -- Installing: /home/user/aiot_robot_project/project_shin/install/moveit_planners_chomp/share/moveit_planners_chomp/cmake/moveit_planners_chompTargetsExport.cmake
[85.621s] -- Installing: /home/user/aiot_robot_project/project_shin/install/moveit_planners_chomp/share/moveit_planners_chomp/cmake/moveit_planners_chompTargetsExport-release.cmake
[85.622s] -- Installing: /home/user/aiot_robot_project/project_shin/install/moveit_planners_chomp/share/moveit_planners_chomp/cmake/ament_cmake_export_targets-extras.cmake
[85.622s] -- Installing: /home/user/aiot_robot_project/project_shin/install/moveit_planners_chomp/share/moveit_planners_chomp/cmake/ament_cmake_export_dependencies-extras.cmake
[85.623s] -- Installing: /home/user/aiot_robot_project/project_shin/install/moveit_planners_chomp/share/moveit_planners_chomp/cmake/moveit_planners_chompConfig.cmake
[85.623s] -- Installing: /home/user/aiot_robot_project/project_shin/install/moveit_planners_chomp/share/moveit_planners_chomp/cmake/moveit_planners_chompConfig-version.cmake
[85.623s] -- Installing: /home/user/aiot_robot_project/project_shin/install/moveit_planners_chomp/share/moveit_planners_chomp/package.xml
[85.629s] Invoked command in '/home/user/aiot_robot_project/project_shin/build/moveit_planners_chomp' returned '0': AMENT_PREFIX_PATH=/home/user/aiot_robot_project/project_shin/install/chomp_motion_planner:/home/user/aiot_robot_project/project_shin/install/moveit_core:/home/user/aiot_robot_project/project_shin/install/moveit_resources_panda_moveit_config:/home/user/aiot_robot_project/project_shin/install/srdfdom:/home/user/aiot_robot_project/project_shin/install/moveit_resources_pr2_description:/home/user/aiot_robot_project/project_shin/install/moveit_resources_panda_description:/home/user/aiot_robot_project/project_shin/install/moveit_common:${AMENT_PREFIX_PATH} CMAKE_PREFIX_PATH=/home/user/aiot_robot_project/project_shin/install/chomp_motion_planner:/home/user/aiot_robot_project/project_shin/install/moveit_core:/home/user/aiot_robot_project/project_shin/install/moveit_resources_panda_moveit_config:/home/user/aiot_robot_project/project_shin/install/srdfdom:/home/user/aiot_robot_project/project_shin/install/moveit_resources_pr2_description:/home/user/aiot_robot_project/project_shin/install/moveit_resources_panda_description:/home/user/aiot_robot_project/project_shin/install/moveit_common:/opt/ros/humble LD_LIBRARY_PATH=/home/user/aiot_robot_project/project_shin/install/chomp_motion_planner/lib:/home/user/aiot_robot_project/project_shin/install/moveit_core/lib:/home/user/aiot_robot_project/project_shin/install/srdfdom/lib:${LD_LIBRARY_PATH} PATH=/home/user/aiot_robot_project/project_shin/install/moveit_core/bin:${PATH} PYTHONPATH=/home/user/aiot_robot_project/project_shin/install/srdfdom/local/lib/python3.10/dist-packages:${PYTHONPATH} /usr/bin/cmake --install /home/user/aiot_robot_project/project_shin/build/moveit_planners_chomp
