[0.046s] Invoking command in '/home/user/aiot_robot_project/project_shin/build/moveit_ros_planning': AMENT_PREFIX_PATH=/home/user/aiot_robot_project/project_shin/install/moveit_ros_occupancy_map_monitor:/home/user/aiot_robot_project/project_shin/install/moveit_core:/home/user/aiot_robot_project/project_shin/install/moveit_resources_panda_moveit_config:/home/user/aiot_robot_project/project_shin/install/moveit_configs_utils:/home/user/aiot_robot_project/project_shin/install/srdfdom:/home/user/aiot_robot_project/project_shin/install/moveit_resources_pr2_description:/home/user/aiot_robot_project/project_shin/install/moveit_resources_panda_description:/home/user/aiot_robot_project/project_shin/install/moveit_common:/home/user/aiot_robot_project/project_shin/install/launch_param_builder:${AMENT_PREFIX_PATH} CMAKE_PREFIX_PATH=/home/user/aiot_robot_project/project_shin/install/moveit_ros_occupancy_map_monitor:/home/user/aiot_robot_project/project_shin/install/moveit_core:/home/user/aiot_robot_project/project_shin/install/moveit_resources_panda_moveit_config:/home/user/aiot_robot_project/project_shin/install/srdfdom:/home/user/aiot_robot_project/project_shin/install/moveit_resources_pr2_description:/home/user/aiot_robot_project/project_shin/install/moveit_resources_panda_description:/home/user/aiot_robot_project/project_shin/install/moveit_common:/opt/ros/humble LD_LIBRARY_PATH=/home/user/aiot_robot_project/project_shin/install/moveit_ros_occupancy_map_monitor/lib:/home/user/aiot_robot_project/project_shin/install/moveit_core/lib:/home/user/aiot_robot_project/project_shin/install/srdfdom/lib:${LD_LIBRARY_PATH} PATH=/home/user/aiot_robot_project/project_shin/install/moveit_core/bin:${PATH} PYTHONPATH=/home/user/aiot_robot_project/project_shin/install/moveit_configs_utils/lib/python3.10/site-packages:/home/user/aiot_robot_project/project_shin/install/srdfdom/local/lib/python3.10/dist-packages:/home/user/aiot_robot_project/project_shin/install/launch_param_builder/lib/python3.10/site-packages:${PYTHONPATH} /usr/bin/cmake /home/user/aiot_robot_project/project_shin/src/moveit2/moveit_ros/planning -DCMAKE_BUILD_TYPE=Release -DCMAKE_INSTALL_PREFIX=/home/user/aiot_robot_project/project_shin/install/moveit_ros_planning
[0.231s] -- The C compiler identification is GNU 11.4.0
[0.420s] -- The CXX compiler identification is GNU 11.4.0
[0.439s] -- Detecting C compiler ABI info
[0.669s] -- Detecting C compiler ABI info - done
[0.688s] -- Check for working C compiler: /usr/bin/cc - skipped
[0.692s] -- Detecting C compile features
[0.692s] -- Detecting C compile features - done
[0.697s] -- Detecting CXX compiler ABI info
[0.944s] -- Detecting CXX compiler ABI info - done
[0.964s] -- Check for working CXX compiler: /usr/bin/c++ - skipped
[0.965s] -- Detecting CXX compile features
[0.966s] -- Detecting CXX compile features - done
[0.972s] -- Found moveit_common: 2.5.6 (/home/user/aiot_robot_project/project_shin/install/moveit_common/share/moveit_common/cmake)
[0.978s] -- Found ament_cmake: 1.3.10 (/opt/ros/humble/share/ament_cmake/cmake)
[1.400s] -- Found Python3: /usr/bin/python3 (found version "3.10.12") found components: Interpreter 
[1.851s] -- Found moveit_msgs: 2.2.1 (/opt/ros/humble/share/moveit_msgs/cmake)
[1.959s] -- Found rosidl_generator_c: 3.1.5 (/opt/ros/humble/share/rosidl_generator_c/cmake)
[1.976s] -- Found rosidl_adapter: 3.1.5 (/opt/ros/humble/share/rosidl_adapter/cmake)
[2.000s] -- Found rosidl_generator_cpp: 3.1.5 (/opt/ros/humble/share/rosidl_generator_cpp/cmake)
[2.039s] -- Using all available rosidl_typesupport_c: rosidl_typesupport_fastrtps_c;rosidl_typesupport_introspection_c
[2.089s] -- Using all available rosidl_typesupport_cpp: rosidl_typesupport_fastrtps_cpp;rosidl_typesupport_introspection_cpp
[2.577s] -- Found pluginlib: 5.1.0 (/opt/ros/humble/share/pluginlib/cmake)
[2.644s] -- Found rclcpp: 16.0.10 (/opt/ros/humble/share/rclcpp/cmake)
[2.751s] -- Found rmw_implementation_cmake: 6.1.2 (/opt/ros/humble/share/rmw_implementation_cmake/cmake)
[2.760s] -- Found rmw_fastrtps_cpp: 6.2.7 (/opt/ros/humble/share/rmw_fastrtps_cpp/cmake)
[2.833s] -- Found TinyXML2 via Config file: TinyXML2_DIR-NOTFOUND
[2.980s] -- Found OpenSSL: /usr/lib/x86_64-linux-gnu/libcrypto.so (found version "3.0.2")  
[2.987s] -- Found TinyXML2 via Config file: TinyXML2_DIR-NOTFOUND
[3.030s] -- Found FastRTPS: /opt/ros/humble/include  
[3.038s] -- Found TinyXML2 via Config file: TinyXML2_DIR-NOTFOUND
[3.061s] -- Found TinyXML2 via Config file: TinyXML2_DIR-NOTFOUND
[3.089s] -- Using RMW implementation 'rmw_fastrtps_cpp' as default
[3.117s] -- Looking for pthread.h
[3.363s] -- Looking for pthread.h - found
[3.363s] -- Performing Test CMAKE_HAVE_LIBC_PTHREAD
[3.612s] -- Performing Test CMAKE_HAVE_LIBC_PTHREAD - Success
[3.613s] -- Found Threads: TRUE  
[3.720s] -- Found message_filters: 4.3.5 (/opt/ros/humble/share/message_filters/cmake)
[3.730s] -- Found srdfdom: 2.0.7 (/home/user/aiot_robot_project/project_shin/install/srdfdom/share/srdfdom/cmake)
[3.772s] -- Found tf2: 0.25.8 (/opt/ros/humble/share/tf2/cmake)
[3.785s] -- Found tf2_geometry_msgs: 0.25.8 (/opt/ros/humble/share/tf2_geometry_msgs/cmake)
[3.821s] -- Found eigen3_cmake_module: 0.1.1 (/opt/ros/humble/share/eigen3_cmake_module/cmake)
[3.824s] -- Found Eigen3: TRUE (found version "3.4.0") 
[3.825s] -- Ensuring Eigen3 include directory is part of orocos-kdl CMake target
[3.994s] -- Found tf2_eigen: 0.25.8 (/opt/ros/humble/share/tf2_eigen/cmake)
[4.005s] -- Found moveit_core: 2.5.6 (/home/user/aiot_robot_project/project_shin/install/moveit_core/share/moveit_core/cmake)
[4.101s] -- Found Boost: /usr/lib/x86_64-linux-gnu/cmake/Boost-1.74.0/BoostConfig.cmake (found version "1.74.0") found components: chrono date_time filesystem iostreams program_options regex serialization system thread 
[4.210s] -- Found parameter_traits: 0.3.9 (/opt/ros/humble/share/parameter_traits/cmake)
[4.250s] -- Found rclcpp_lifecycle: 16.0.10 (/opt/ros/humble/share/rclcpp_lifecycle/cmake)
[4.315s] -- Found Boost: /usr/lib/x86_64-linux-gnu/cmake/Boost-1.74.0/BoostConfig.cmake (found version "1.74.0") found components: filesystem 
[4.548s] -- library: /usr/lib/x86_64-linux-gnu/libcurl.so
[4.681s] -- Found moveit_ros_occupancy_map_monitor: 2.5.6 (/home/user/aiot_robot_project/project_shin/install/moveit_ros_occupancy_map_monitor/share/moveit_ros_occupancy_map_monitor/cmake)
[4.733s] -- Found Boost: /usr/lib/x86_64-linux-gnu/cmake/Boost-1.74.0/BoostConfig.cmake (found version "1.74.0") found components: system filesystem date_time program_options thread chrono 
[4.834s] -- Performing Test COMPILER_HAS_HIDDEN_VISIBILITY
[5.078s] -- Performing Test COMPILER_HAS_HIDDEN_VISIBILITY - Success
[5.079s] -- Performing Test COMPILER_HAS_HIDDEN_INLINE_VISIBILITY
[5.347s] -- Performing Test COMPILER_HAS_HIDDEN_INLINE_VISIBILITY - Success
[5.348s] -- Performing Test COMPILER_HAS_DEPRECATED_ATTR
[5.605s] -- Performing Test COMPILER_HAS_DEPRECATED_ATTR - Success
[5.711s] -- Found ament_cmake_gtest: 1.3.10 (/opt/ros/humble/share/ament_cmake_gtest/cmake)
[5.719s] -- Found ament_cmake_gmock: 1.3.10 (/opt/ros/humble/share/ament_cmake_gmock/cmake)
[5.727s] -- Found ros_testing: 0.4.0 (/opt/ros/humble/share/ros_testing/cmake)
[5.732s] -- Found launch_testing_ament_cmake: 1.0.6 (/opt/ros/humble/share/launch_testing_ament_cmake/cmake)
[5.739s] -- Found python_cmake_module: 0.10.0 (/opt/ros/humble/share/python_cmake_module/cmake)
[5.797s] -- Found PythonInterp: /usr/bin/python3 (found suitable version "3.10.12", minimum required is "3.6") 
[5.810s] -- Found PythonLibs: /usr/lib/x86_64-linux-gnu/libpython3.10.so (found suitable version "3.10.12", minimum required is "3.5") 
[5.811s] -- Using PYTHON_EXECUTABLE: /usr/bin/python3
[5.811s] -- Using PYTHON_INCLUDE_DIRS: /usr/include/python3.10
[5.811s] -- Using PYTHON_LIBRARIES: /usr/lib/x86_64-linux-gnu/libpython3.10.so
[5.867s] -- Found PythonExtra: .so  
[5.875s] -- Found gmock sources under '/opt/ros/humble/src/gmock_vendor': C++ tests using 'Google Mock' will be built
[5.891s] -- Found gtest sources under '/opt/ros/humble/src/gtest_vendor': C++ tests using 'Google Test' will be built
[6.012s] -- Found ament_lint_auto: 0.12.11 (/opt/ros/humble/share/ament_lint_auto/cmake)
[6.068s] -- Found launch_testing_ament_cmake: 1.0.6 (/opt/ros/humble/share/launch_testing_ament_cmake/cmake)
[6.069s] -- Found python_cmake_module: 0.10.0 (/opt/ros/humble/share/python_cmake_module/cmake)
[6.130s] -- Using PYTHON_EXECUTABLE: /usr/bin/python3
[6.130s] -- Using PYTHON_INCLUDE_DIRS: /usr/include/python3.10
[6.130s] -- Using PYTHON_LIBRARIES: /usr/lib/x86_64-linux-gnu/libpython3.10.so
[6.178s] -- Added test 'cppcheck' to perform static code analysis on C / C++ code
[6.179s] -- Configured cppcheck include dirs: /home/user/aiot_robot_project/project_shin/src/moveit2/moveit_ros/planning/rdf_loader/include;/home/user/aiot_robot_project/project_shin/src/moveit2/moveit_ros/planning/kinematics_plugin_loader/include;/home/user/aiot_robot_project/project_shin/src/moveit2/moveit_ros/planning/robot_model_loader/include;/home/user/aiot_robot_project/project_shin/src/moveit2/moveit_ros/planning/constraint_sampler_manager_loader/include;/home/user/aiot_robot_project/project_shin/src/moveit2/moveit_ros/planning/planning_pipeline/include;/home/user/aiot_robot_project/project_shin/src/moveit2/moveit_ros/planning/planning_scene_monitor/include;/home/user/aiot_robot_project/project_shin/src/moveit2/moveit_ros/planning/trajectory_execution_manager/include;/home/user/aiot_robot_project/project_shin/src/moveit2/moveit_ros/planning/plan_execution/include;/home/user/aiot_robot_project/project_shin/src/moveit2/moveit_ros/planning/collision_plugin_loader/include;/home/user/aiot_robot_project/project_shin/src/moveit2/moveit_ros/planning/moveit_cpp/include
[6.179s] -- Configured cppcheck exclude dirs and/or files: 
[6.189s] -- Added test 'lint_cmake' to check CMake code style
[6.195s] -- Added test 'pep257' to check Python code against some of the docstring style conventions in PEP 257
[6.200s] -- Added test 'xmllint' to check XML markup files
[6.209s] -- Configuring done
[7.536s] -- Generating done
[7.821s] -- Build files have been written to: /home/user/aiot_robot_project/project_shin/build/moveit_ros_planning
[7.904s] Invoked command in '/home/user/aiot_robot_project/project_shin/build/moveit_ros_planning' returned '0': AMENT_PREFIX_PATH=/home/user/aiot_robot_project/project_shin/install/moveit_ros_occupancy_map_monitor:/home/user/aiot_robot_project/project_shin/install/moveit_core:/home/user/aiot_robot_project/project_shin/install/moveit_resources_panda_moveit_config:/home/user/aiot_robot_project/project_shin/install/moveit_configs_utils:/home/user/aiot_robot_project/project_shin/install/srdfdom:/home/user/aiot_robot_project/project_shin/install/moveit_resources_pr2_description:/home/user/aiot_robot_project/project_shin/install/moveit_resources_panda_description:/home/user/aiot_robot_project/project_shin/install/moveit_common:/home/user/aiot_robot_project/project_shin/install/launch_param_builder:${AMENT_PREFIX_PATH} CMAKE_PREFIX_PATH=/home/user/aiot_robot_project/project_shin/install/moveit_ros_occupancy_map_monitor:/home/user/aiot_robot_project/project_shin/install/moveit_core:/home/user/aiot_robot_project/project_shin/install/moveit_resources_panda_moveit_config:/home/user/aiot_robot_project/project_shin/install/srdfdom:/home/user/aiot_robot_project/project_shin/install/moveit_resources_pr2_description:/home/user/aiot_robot_project/project_shin/install/moveit_resources_panda_description:/home/user/aiot_robot_project/project_shin/install/moveit_common:/opt/ros/humble LD_LIBRARY_PATH=/home/user/aiot_robot_project/project_shin/install/moveit_ros_occupancy_map_monitor/lib:/home/user/aiot_robot_project/project_shin/install/moveit_core/lib:/home/user/aiot_robot_project/project_shin/install/srdfdom/lib:${LD_LIBRARY_PATH} PATH=/home/user/aiot_robot_project/project_shin/install/moveit_core/bin:${PATH} PYTHONPATH=/home/user/aiot_robot_project/project_shin/install/moveit_configs_utils/lib/python3.10/site-packages:/home/user/aiot_robot_project/project_shin/install/srdfdom/local/lib/python3.10/dist-packages:/home/user/aiot_robot_project/project_shin/install/launch_param_builder/lib/python3.10/site-packages:${PYTHONPATH} /usr/bin/cmake /home/user/aiot_robot_project/project_shin/src/moveit2/moveit_ros/planning -DCMAKE_BUILD_TYPE=Release -DCMAKE_INSTALL_PREFIX=/home/user/aiot_robot_project/project_shin/install/moveit_ros_planning
[7.905s] Invoking command in '/home/user/aiot_robot_project/project_shin/build/moveit_ros_planning': AMENT_PREFIX_PATH=/home/user/aiot_robot_project/project_shin/install/moveit_ros_occupancy_map_monitor:/home/user/aiot_robot_project/project_shin/install/moveit_core:/home/user/aiot_robot_project/project_shin/install/moveit_resources_panda_moveit_config:/home/user/aiot_robot_project/project_shin/install/moveit_configs_utils:/home/user/aiot_robot_project/project_shin/install/srdfdom:/home/user/aiot_robot_project/project_shin/install/moveit_resources_pr2_description:/home/user/aiot_robot_project/project_shin/install/moveit_resources_panda_description:/home/user/aiot_robot_project/project_shin/install/moveit_common:/home/user/aiot_robot_project/project_shin/install/launch_param_builder:${AMENT_PREFIX_PATH} CMAKE_PREFIX_PATH=/home/user/aiot_robot_project/project_shin/install/moveit_ros_occupancy_map_monitor:/home/user/aiot_robot_project/project_shin/install/moveit_core:/home/user/aiot_robot_project/project_shin/install/moveit_resources_panda_moveit_config:/home/user/aiot_robot_project/project_shin/install/srdfdom:/home/user/aiot_robot_project/project_shin/install/moveit_resources_pr2_description:/home/user/aiot_robot_project/project_shin/install/moveit_resources_panda_description:/home/user/aiot_robot_project/project_shin/install/moveit_common:/opt/ros/humble LD_LIBRARY_PATH=/home/user/aiot_robot_project/project_shin/install/moveit_ros_occupancy_map_monitor/lib:/home/user/aiot_robot_project/project_shin/install/moveit_core/lib:/home/user/aiot_robot_project/project_shin/install/srdfdom/lib:${LD_LIBRARY_PATH} PATH=/home/user/aiot_robot_project/project_shin/install/moveit_core/bin:${PATH} PYTHONPATH=/home/user/aiot_robot_project/project_shin/install/moveit_configs_utils/lib/python3.10/site-packages:/home/user/aiot_robot_project/project_shin/install/srdfdom/local/lib/python3.10/dist-packages:/home/user/aiot_robot_project/project_shin/install/launch_param_builder/lib/python3.10/site-packages:${PYTHONPATH} /usr/bin/cmake --build /home/user/aiot_robot_project/project_shin/build/moveit_ros_planning -- -j4 -l4
[8.058s] [  1%] [32mBuilding CXX object rdf_loader/CMakeFiles/moveit_rdf_loader.dir/src/rdf_loader.cpp.o[0m
[19.410s] [  2%] [32mBuilding CXX object rdf_loader/CMakeFiles/moveit_rdf_loader.dir/src/synchronized_string_parameter.cpp.o[0m
[23.152s] [  4%] [32mBuilding CXX object planning_request_adapter_plugins/CMakeFiles/moveit_default_planning_request_adapter_plugins.dir/src/empty.cpp.o[0m
[25.254s] [  5%] [32mBuilding CXX object planning_pipeline/CMakeFiles/moveit_planning_pipeline.dir/src/planning_pipeline.cpp.o[0m
[27.332s] [  7%] [32mBuilding CXX object collision_plugin_loader/CMakeFiles/moveit_collision_plugin_loader.dir/src/collision_plugin_loader.cpp.o[0m
[55.242s] [  8%] [32mBuilding CXX object planning_request_adapter_plugins/CMakeFiles/moveit_default_planning_request_adapter_plugins.dir/src/fix_start_state_bounds.cpp.o[0m
[62.985s] [ 10%] [32m[1mLinking CXX shared library libmoveit_collision_plugin_loader.so[0m
[64.493s] [ 10%] Built target moveit_collision_plugin_loader
[69.067s] [ 11%] [32m[1mLinking CXX shared library libmoveit_rdf_loader.so[0m
[70.176s] [ 11%] Built target moveit_rdf_loader
[89.613s] [ 13%] [32mBuilding CXX object planning_request_adapter_plugins/CMakeFiles/moveit_default_planning_request_adapter_plugins.dir/src/fix_start_state_collision.cpp.o[0m
[94.152s] [ 14%] [32m[1mLinking CXX shared library libmoveit_planning_pipeline.so[0m
[95.245s] [ 14%] Built target moveit_planning_pipeline
[108.315s] [ 16%] [32mBuilding CXX object gmock/CMakeFiles/gmock.dir/opt/ros/humble/src/gtest_vendor/src/gtest-all.cc.o[0m
[109.410s] [ 17%] [32mBuilding CXX object gmock/CMakeFiles/gmock_main.dir/src/gmock_main.cc.o[0m
[111.484s] [ 19%] [32mBuilding CXX object planning_request_adapter_plugins/CMakeFiles/moveit_list_request_adapter_plugins.dir/src/list.cpp.o[0m
[115.867s] [ 20%] [32m[1mLinking CXX static library libgmock_main.a[0m
[116.098s] [ 20%] Built target gmock_main
[118.920s] [ 22%] [32mBuilding CXX object planning_request_adapter_plugins/CMakeFiles/moveit_default_planning_request_adapter_plugins.dir/src/fix_start_state_path_constraints.cpp.o[0m
[137.368s] [ 23%] [32mBuilding CXX object gmock/CMakeFiles/gmock.dir/src/gmock-all.cc.o[0m
[146.858s] [ 25%] [32m[1mLinking CXX static library libgmock.a[0m
[147.058s] [ 25%] Built target gmock
[151.244s] [ 26%] [32mBuilding CXX object planning_request_adapter_plugins/CMakeFiles/moveit_default_planning_request_adapter_plugins.dir/src/add_time_parameterization.cpp.o[0m
[154.542s] [ 27%] [32m[1mLinking CXX executable moveit_list_request_adapter_plugins[0m
[155.291s] [ 27%] Built target moveit_list_request_adapter_plugins
[158.273s] [ 29%] [32mBuilding CXX object planning_request_adapter_plugins/CMakeFiles/moveit_default_planning_request_adapter_plugins.dir/src/fix_workspace_bounds.cpp.o[0m
[171.065s] [ 30%] [32mBuilding CXX object planning_request_adapter_plugins/CMakeFiles/moveit_default_planning_request_adapter_plugins.dir/src/add_ruckig_traj_smoothing.cpp.o[0m
[181.505s] [ 32%] [32mBuilding CXX object planning_request_adapter_plugins/CMakeFiles/moveit_default_planning_request_adapter_plugins.dir/src/add_iterative_spline_parameterization.cpp.o[0m
[190.850s] [ 33%] [32mBuilding CXX object planning_request_adapter_plugins/CMakeFiles/moveit_default_planning_request_adapter_plugins.dir/src/add_time_optimal_parameterization.cpp.o[0m
[200.506s] [ 35%] [32mBuilding CXX object planning_request_adapter_plugins/CMakeFiles/moveit_default_planning_request_adapter_plugins.dir/src/resolve_constraint_frames.cpp.o[0m
[221.557s] [ 36%] [32m[1mLinking CXX shared library libmoveit_default_planning_request_adapter_plugins.so[0m
[222.254s] [ 36%] Built target moveit_default_planning_request_adapter_plugins
[222.307s] [ 39%] [32mBuilding CXX object gtest/CMakeFiles/gtest_main.dir/src/gtest_main.cc.o[0m
[222.307s] [ 39%] [32mBuilding CXX object gtest/CMakeFiles/gtest.dir/src/gtest-all.cc.o[0m
[222.310s] [ 42%] [32mBuilding CXX object kinematics_plugin_loader/CMakeFiles/moveit_kinematics_plugin_loader.dir/src/kinematics_plugin_loader.cpp.o[0m
[222.311s] [ 42%] [32mBuilding CXX object constraint_sampler_manager_loader/CMakeFiles/moveit_constraint_sampler_manager_loader.dir/src/constraint_sampler_manager_loader.cpp.o[0m
[225.065s] [ 44%] [32m[1mLinking CXX static library libgtest_main.a[0m
[225.167s] [ 44%] Built target gtest_main
[241.067s] [ 45%] [32m[1mLinking CXX static library libgtest.a[0m
[241.189s] [ 45%] Built target gtest
[253.406s] [ 47%] [32m[1mLinking CXX shared library libmoveit_kinematics_plugin_loader.so[0m
[254.135s] [ 47%] Built target moveit_kinematics_plugin_loader
[254.191s] [ 48%] [32mBuilding CXX object robot_model_loader/CMakeFiles/moveit_robot_model_loader.dir/src/robot_model_loader.cpp.o[0m
[255.851s] [ 50%] [32m[1mLinking CXX shared library libmoveit_constraint_sampler_manager_loader.so[0m
[256.660s] [ 50%] Built target moveit_constraint_sampler_manager_loader
[270.740s] [ 51%] [32m[1mLinking CXX shared library libmoveit_robot_model_loader.so[0m
[271.409s] [ 51%] Built target moveit_robot_model_loader
[271.467s] [ 54%] [32mBuilding CXX object planning_scene_monitor/CMakeFiles/moveit_planning_scene_monitor.dir/src/current_state_monitor_middleware_handle.cpp.o[0m
[271.467s] [ 54%] [32mBuilding CXX object planning_scene_monitor/CMakeFiles/moveit_planning_scene_monitor.dir/src/current_state_monitor.cpp.o[0m
[271.474s] [ 55%] [32mBuilding CXX object planning_scene_monitor/CMakeFiles/moveit_planning_scene_monitor.dir/src/planning_scene_monitor.cpp.o[0m
[271.479s] [ 57%] [32mBuilding CXX object planning_components_tools/CMakeFiles/moveit_print_planning_model_info.dir/src/print_planning_model_info.cpp.o[0m
[288.250s] [ 58%] [32m[1mLinking CXX executable moveit_print_planning_model_info[0m
[289.318s] [ 58%] Built target moveit_print_planning_model_info
[289.345s] [ 60%] [32mBuilding CXX object planning_scene_monitor/CMakeFiles/moveit_planning_scene_monitor.dir/src/trajectory_monitor.cpp.o[0m
[302.778s] [ 61%] [32mBuilding CXX object planning_scene_monitor/CMakeFiles/moveit_planning_scene_monitor.dir/src/trajectory_monitor_middleware_handle.cpp.o[0m
[358.860s] [ 63%] [32m[1mLinking CXX shared library libmoveit_planning_scene_monitor.so[0m
[360.440s] [ 63%] Built target moveit_planning_scene_monitor
[360.498s] [ 69%] [32mBuilding CXX object planning_scene_monitor/CMakeFiles/trajectory_monitor_tests.dir/test/trajectory_monitor_tests.cpp.o[0m
[360.500s] [ 69%] [32mBuilding CXX object planning_scene_monitor/CMakeFiles/planning_scene_monitor_test.dir/test/planning_scene_monitor_test.cpp.o[0m
[360.500s] [ 69%] [32mBuilding CXX object planning_scene_monitor/CMakeFiles/demo_scene.dir/demos/demo_scene.cpp.o[0m
[360.500s] [ 69%] [32mBuilding CXX object planning_scene_monitor/CMakeFiles/current_state_monitor_tests.dir/test/current_state_monitor_tests.cpp.o[0m
[398.005s] [ 70%] [32m[1mLinking CXX executable demo_scene[0m
[399.026s] [ 70%] Built target demo_scene
[399.094s] [ 72%] [32mBuilding CXX object planning_components_tools/CMakeFiles/moveit_print_planning_scene_info.dir/src/print_planning_scene_info.cpp.o[0m
[402.438s] [ 73%] [32m[1mLinking CXX executable trajectory_monitor_tests[0m
[402.605s] [ 75%] [32m[1mLinking CXX executable planning_scene_monitor_test[0m
[403.327s] [ 76%] [32m[1mLinking CXX executable current_state_monitor_tests[0m
[404.327s] [ 76%] Built target planning_scene_monitor_test
[404.396s] [ 77%] [32mBuilding CXX object planning_components_tools/CMakeFiles/moveit_display_random_state.dir/src/display_random_state.cpp.o[0m
[404.714s] [ 77%] Built target trajectory_monitor_tests
[404.777s] [ 79%] [32mBuilding CXX object planning_components_tools/CMakeFiles/moveit_visualize_robot_collision_volume.dir/src/visualize_robot_collision_volume.cpp.o[0m
[405.591s] [ 79%] Built target current_state_monitor_tests
[405.656s] [ 80%] [32mBuilding CXX object planning_components_tools/CMakeFiles/moveit_evaluate_collision_checking_speed.dir/src/evaluate_collision_checking_speed.cpp.o[0m
[429.987s] [ 82%] [32m[1mLinking CXX executable moveit_print_planning_scene_info[0m
[431.705s] [ 82%] Built target moveit_print_planning_scene_info
[431.771s] [ 83%] [32mBuilding CXX object planning_components_tools/CMakeFiles/moveit_publish_scene_from_text.dir/src/publish_scene_from_text.cpp.o[0m
[442.670s] [ 85%] [32m[1mLinking CXX executable moveit_evaluate_collision_checking_speed[0m
[443.573s] [ 86%] [32m[1mLinking CXX executable moveit_visualize_robot_collision_volume[0m
[444.055s] [ 88%] [32m[1mLinking CXX executable moveit_display_random_state[0m
[444.504s] [ 88%] Built target moveit_evaluate_collision_checking_speed
[444.578s] [ 89%] [32mBuilding CXX object trajectory_execution_manager/CMakeFiles/moveit_trajectory_execution_manager.dir/src/trajectory_execution_manager.cpp.o[0m
[445.424s] [ 89%] Built target moveit_visualize_robot_collision_volume
[445.824s] [ 89%] Built target moveit_display_random_state
[468.766s] [ 91%] [32m[1mLinking CXX executable moveit_publish_scene_from_text[0m
[470.233s] [ 91%] Built target moveit_publish_scene_from_text
[506.891s] [ 92%] [32m[1mLinking CXX shared library libmoveit_trajectory_execution_manager.so[0m
[507.991s] [ 92%] Built target moveit_trajectory_execution_manager
[508.049s] [ 95%] [32mBuilding CXX object plan_execution/CMakeFiles/moveit_plan_execution.dir/src/plan_execution.cpp.o[0m
[508.049s] [ 95%] [32mBuilding CXX object moveit_cpp/CMakeFiles/moveit_cpp.dir/src/moveit_cpp.cpp.o[0m
[508.050s] [ 97%] [32mBuilding CXX object moveit_cpp/CMakeFiles/moveit_cpp.dir/src/planning_component.cpp.o[0m
[540.119s] [ 98%] [32m[1mLinking CXX shared library libmoveit_plan_execution.so[0m
[541.363s] [ 98%] Built target moveit_plan_execution
[550.664s] [100%] [32m[1mLinking CXX shared library libmoveit_cpp.so[0m
[551.836s] [100%] Built target moveit_cpp
[551.870s] Invoked command in '/home/user/aiot_robot_project/project_shin/build/moveit_ros_planning' returned '0': AMENT_PREFIX_PATH=/home/user/aiot_robot_project/project_shin/install/moveit_ros_occupancy_map_monitor:/home/user/aiot_robot_project/project_shin/install/moveit_core:/home/user/aiot_robot_project/project_shin/install/moveit_resources_panda_moveit_config:/home/user/aiot_robot_project/project_shin/install/moveit_configs_utils:/home/user/aiot_robot_project/project_shin/install/srdfdom:/home/user/aiot_robot_project/project_shin/install/moveit_resources_pr2_description:/home/user/aiot_robot_project/project_shin/install/moveit_resources_panda_description:/home/user/aiot_robot_project/project_shin/install/moveit_common:/home/user/aiot_robot_project/project_shin/install/launch_param_builder:${AMENT_PREFIX_PATH} CMAKE_PREFIX_PATH=/home/user/aiot_robot_project/project_shin/install/moveit_ros_occupancy_map_monitor:/home/user/aiot_robot_project/project_shin/install/moveit_core:/home/user/aiot_robot_project/project_shin/install/moveit_resources_panda_moveit_config:/home/user/aiot_robot_project/project_shin/install/srdfdom:/home/user/aiot_robot_project/project_shin/install/moveit_resources_pr2_description:/home/user/aiot_robot_project/project_shin/install/moveit_resources_panda_description:/home/user/aiot_robot_project/project_shin/install/moveit_common:/opt/ros/humble LD_LIBRARY_PATH=/home/user/aiot_robot_project/project_shin/install/moveit_ros_occupancy_map_monitor/lib:/home/user/aiot_robot_project/project_shin/install/moveit_core/lib:/home/user/aiot_robot_project/project_shin/install/srdfdom/lib:${LD_LIBRARY_PATH} PATH=/home/user/aiot_robot_project/project_shin/install/moveit_core/bin:${PATH} PYTHONPATH=/home/user/aiot_robot_project/project_shin/install/moveit_configs_utils/lib/python3.10/site-packages:/home/user/aiot_robot_project/project_shin/install/srdfdom/local/lib/python3.10/dist-packages:/home/user/aiot_robot_project/project_shin/install/launch_param_builder/lib/python3.10/site-packages:${PYTHONPATH} /usr/bin/cmake --build /home/user/aiot_robot_project/project_shin/build/moveit_ros_planning -- -j4 -l4
[551.873s] Invoking command in '/home/user/aiot_robot_project/project_shin/build/moveit_ros_planning': AMENT_PREFIX_PATH=/home/user/aiot_robot_project/project_shin/install/moveit_ros_occupancy_map_monitor:/home/user/aiot_robot_project/project_shin/install/moveit_core:/home/user/aiot_robot_project/project_shin/install/moveit_resources_panda_moveit_config:/home/user/aiot_robot_project/project_shin/install/moveit_configs_utils:/home/user/aiot_robot_project/project_shin/install/srdfdom:/home/user/aiot_robot_project/project_shin/install/moveit_resources_pr2_description:/home/user/aiot_robot_project/project_shin/install/moveit_resources_panda_description:/home/user/aiot_robot_project/project_shin/install/moveit_common:/home/user/aiot_robot_project/project_shin/install/launch_param_builder:${AMENT_PREFIX_PATH} CMAKE_PREFIX_PATH=/home/user/aiot_robot_project/project_shin/install/moveit_ros_occupancy_map_monitor:/home/user/aiot_robot_project/project_shin/install/moveit_core:/home/user/aiot_robot_project/project_shin/install/moveit_resources_panda_moveit_config:/home/user/aiot_robot_project/project_shin/install/srdfdom:/home/user/aiot_robot_project/project_shin/install/moveit_resources_pr2_description:/home/user/aiot_robot_project/project_shin/install/moveit_resources_panda_description:/home/user/aiot_robot_project/project_shin/install/moveit_common:/opt/ros/humble LD_LIBRARY_PATH=/home/user/aiot_robot_project/project_shin/install/moveit_ros_occupancy_map_monitor/lib:/home/user/aiot_robot_project/project_shin/install/moveit_core/lib:/home/user/aiot_robot_project/project_shin/install/srdfdom/lib:${LD_LIBRARY_PATH} PATH=/home/user/aiot_robot_project/project_shin/install/moveit_core/bin:${PATH} PYTHONPATH=/home/user/aiot_robot_project/project_shin/install/moveit_configs_utils/lib/python3.10/site-packages:/home/user/aiot_robot_project/project_shin/install/srdfdom/local/lib/python3.10/dist-packages:/home/user/aiot_robot_project/project_shin/install/launch_param_builder/lib/python3.10/site-packages:${PYTHONPATH} /usr/bin/cmake --install /home/user/aiot_robot_project/project_shin/build/moveit_ros_planning
[551.894s] -- Install configuration: "Release"
[551.895s] -- Installing: /home/user/aiot_robot_project/project_shin/install/moveit_ros_planning/include
[551.895s] -- Installing: /home/user/aiot_robot_project/project_shin/install/moveit_ros_planning/include/moveit
[551.895s] -- Installing: /home/user/aiot_robot_project/project_shin/install/moveit_ros_planning/include/moveit/rdf_loader
[551.896s] -- Installing: /home/user/aiot_robot_project/project_shin/install/moveit_ros_planning/include/moveit/rdf_loader/rdf_loader.h
[551.896s] -- Installing: /home/user/aiot_robot_project/project_shin/install/moveit_ros_planning/include/moveit/rdf_loader/synchronized_string_parameter.h
[551.896s] -- Installing: /home/user/aiot_robot_project/project_shin/install/moveit_ros_planning/share/moveit_ros_planning/rdf_loader/test/data
[551.896s] -- Installing: /home/user/aiot_robot_project/project_shin/install/moveit_ros_planning/share/moveit_ros_planning/rdf_loader/test/data/gonzo.urdf
[551.898s] -- Installing: /home/user/aiot_robot_project/project_shin/install/moveit_ros_planning/share/moveit_ros_planning/rdf_loader/test/data/gonzo.srdf
[551.899s] -- Installing: /home/user/aiot_robot_project/project_shin/install/moveit_ros_planning/share/moveit_ros_planning/rdf_loader/test/data/kermit.srdf
[551.899s] -- Installing: /home/user/aiot_robot_project/project_shin/install/moveit_ros_planning/share/moveit_ros_planning/rdf_loader/test/data/kermit.urdf
[551.900s] -- Installing: /home/user/aiot_robot_project/project_shin/install/moveit_ros_planning/share/moveit_ros_planning/rdf_loader/test/data/robin.srdf.xacro
[551.900s] -- Installing: /home/user/aiot_robot_project/project_shin/install/moveit_ros_planning/share/moveit_ros_planning/rdf_loader/test/launch
[551.900s] -- Installing: /home/user/aiot_robot_project/project_shin/install/moveit_ros_planning/share/moveit_ros_planning/rdf_loader/test/launch/test_rdf_integration.test.py
[551.901s] -- Up-to-date: /home/user/aiot_robot_project/project_shin/install/moveit_ros_planning/include
[551.901s] -- Up-to-date: /home/user/aiot_robot_project/project_shin/install/moveit_ros_planning/include/moveit
[551.902s] -- Installing: /home/user/aiot_robot_project/project_shin/install/moveit_ros_planning/include/moveit/collision_plugin_loader
[551.902s] -- Installing: /home/user/aiot_robot_project/project_shin/install/moveit_ros_planning/include/moveit/collision_plugin_loader/collision_plugin_loader.h
[551.902s] -- Up-to-date: /home/user/aiot_robot_project/project_shin/install/moveit_ros_planning/include
[551.902s] -- Up-to-date: /home/user/aiot_robot_project/project_shin/install/moveit_ros_planning/include/moveit
[551.903s] -- Installing: /home/user/aiot_robot_project/project_shin/install/moveit_ros_planning/include/moveit/kinematics_plugin_loader
[551.903s] -- Installing: /home/user/aiot_robot_project/project_shin/install/moveit_ros_planning/include/moveit/kinematics_plugin_loader/kinematics_plugin_loader.h
[551.903s] -- Up-to-date: /home/user/aiot_robot_project/project_shin/install/moveit_ros_planning/include
[551.903s] -- Up-to-date: /home/user/aiot_robot_project/project_shin/install/moveit_ros_planning/include/moveit
[551.904s] -- Installing: /home/user/aiot_robot_project/project_shin/install/moveit_ros_planning/include/moveit/robot_model_loader
[551.904s] -- Installing: /home/user/aiot_robot_project/project_shin/install/moveit_ros_planning/include/moveit/robot_model_loader/robot_model_loader.h
[551.904s] -- Up-to-date: /home/user/aiot_robot_project/project_shin/install/moveit_ros_planning/include
[551.904s] -- Up-to-date: /home/user/aiot_robot_project/project_shin/install/moveit_ros_planning/include/moveit
[551.904s] -- Installing: /home/user/aiot_robot_project/project_shin/install/moveit_ros_planning/include/moveit/constraint_sampler_manager_loader
[551.905s] -- Installing: /home/user/aiot_robot_project/project_shin/install/moveit_ros_planning/include/moveit/constraint_sampler_manager_loader/constraint_sampler_manager_loader.h
[551.905s] -- Up-to-date: /home/user/aiot_robot_project/project_shin/install/moveit_ros_planning/include
[551.905s] -- Up-to-date: /home/user/aiot_robot_project/project_shin/install/moveit_ros_planning/include/moveit
[551.905s] -- Installing: /home/user/aiot_robot_project/project_shin/install/moveit_ros_planning/include/moveit/planning_pipeline
[551.906s] -- Installing: /home/user/aiot_robot_project/project_shin/install/moveit_ros_planning/include/moveit/planning_pipeline/planning_pipeline.h
[551.906s] -- Installing: /home/user/aiot_robot_project/project_shin/install/moveit_ros_planning/include/moveit_planning_pipeline_export.h
[551.906s] -- Installing: /home/user/aiot_robot_project/project_shin/install/moveit_ros_planning/lib/moveit_ros_planning/moveit_list_request_adapter_plugins
[551.909s] -- Set runtime path of "/home/user/aiot_robot_project/project_shin/install/moveit_ros_planning/lib/moveit_ros_planning/moveit_list_request_adapter_plugins" to ""
[551.909s] -- Installing: /home/user/aiot_robot_project/project_shin/install/moveit_ros_planning/lib/moveit_ros_planning/demo_scene
[551.912s] -- Set runtime path of "/home/user/aiot_robot_project/project_shin/install/moveit_ros_planning/lib/moveit_ros_planning/demo_scene" to ""
[551.912s] -- Up-to-date: /home/user/aiot_robot_project/project_shin/install/moveit_ros_planning/include
[551.912s] -- Up-to-date: /home/user/aiot_robot_project/project_shin/install/moveit_ros_planning/include/moveit
[551.912s] -- Installing: /home/user/aiot_robot_project/project_shin/install/moveit_ros_planning/include/moveit/planning_scene_monitor
[551.913s] -- Installing: /home/user/aiot_robot_project/project_shin/install/moveit_ros_planning/include/moveit/planning_scene_monitor/current_state_monitor_middleware_handle.hpp
[551.913s] -- Installing: /home/user/aiot_robot_project/project_shin/install/moveit_ros_planning/include/moveit/planning_scene_monitor/trajectory_monitor_middleware_handle.hpp
[551.913s] -- Installing: /home/user/aiot_robot_project/project_shin/install/moveit_ros_planning/include/moveit/planning_scene_monitor/trajectory_monitor.h
[551.913s] -- Installing: /home/user/aiot_robot_project/project_shin/install/moveit_ros_planning/include/moveit/planning_scene_monitor/planning_scene_monitor.h
[551.914s] -- Installing: /home/user/aiot_robot_project/project_shin/install/moveit_ros_planning/include/moveit/planning_scene_monitor/current_state_monitor.h
[551.914s] -- Installing: /home/user/aiot_robot_project/project_shin/install/moveit_ros_planning/include/moveit_planning_scene_monitor_export.h
[551.915s] -- Installing: /home/user/aiot_robot_project/project_shin/install/moveit_ros_planning/lib/moveit_ros_planning/moveit_print_planning_model_info
[551.917s] -- Set runtime path of "/home/user/aiot_robot_project/project_shin/install/moveit_ros_planning/lib/moveit_ros_planning/moveit_print_planning_model_info" to ""
[551.917s] -- Installing: /home/user/aiot_robot_project/project_shin/install/moveit_ros_planning/lib/moveit_ros_planning/moveit_print_planning_scene_info
[551.919s] -- Set runtime path of "/home/user/aiot_robot_project/project_shin/install/moveit_ros_planning/lib/moveit_ros_planning/moveit_print_planning_scene_info" to ""
[551.919s] -- Installing: /home/user/aiot_robot_project/project_shin/install/moveit_ros_planning/lib/moveit_ros_planning/moveit_display_random_state
[551.921s] -- Set runtime path of "/home/user/aiot_robot_project/project_shin/install/moveit_ros_planning/lib/moveit_ros_planning/moveit_display_random_state" to ""
[551.921s] -- Installing: /home/user/aiot_robot_project/project_shin/install/moveit_ros_planning/lib/moveit_ros_planning/moveit_visualize_robot_collision_volume
[551.924s] -- Set runtime path of "/home/user/aiot_robot_project/project_shin/install/moveit_ros_planning/lib/moveit_ros_planning/moveit_visualize_robot_collision_volume" to ""
[551.924s] -- Installing: /home/user/aiot_robot_project/project_shin/install/moveit_ros_planning/lib/moveit_ros_planning/moveit_evaluate_collision_checking_speed
[551.926s] -- Set runtime path of "/home/user/aiot_robot_project/project_shin/install/moveit_ros_planning/lib/moveit_ros_planning/moveit_evaluate_collision_checking_speed" to ""
[551.926s] -- Installing: /home/user/aiot_robot_project/project_shin/install/moveit_ros_planning/lib/moveit_ros_planning/moveit_publish_scene_from_text
[551.928s] -- Set runtime path of "/home/user/aiot_robot_project/project_shin/install/moveit_ros_planning/lib/moveit_ros_planning/moveit_publish_scene_from_text" to ""
[551.929s] -- Up-to-date: /home/user/aiot_robot_project/project_shin/install/moveit_ros_planning/include
[551.930s] -- Up-to-date: /home/user/aiot_robot_project/project_shin/install/moveit_ros_planning/include/moveit
[551.930s] -- Installing: /home/user/aiot_robot_project/project_shin/install/moveit_ros_planning/include/moveit/trajectory_execution_manager
[551.930s] -- Installing: /home/user/aiot_robot_project/project_shin/install/moveit_ros_planning/include/moveit/trajectory_execution_manager/trajectory_execution_manager.h
[551.930s] -- Installing: /home/user/aiot_robot_project/project_shin/install/moveit_ros_planning/include/moveit_trajectory_execution_manager_export.h
[551.930s] -- Up-to-date: /home/user/aiot_robot_project/project_shin/install/moveit_ros_planning/include
[551.931s] -- Up-to-date: /home/user/aiot_robot_project/project_shin/install/moveit_ros_planning/include/moveit
[551.931s] -- Installing: /home/user/aiot_robot_project/project_shin/install/moveit_ros_planning/include/moveit/plan_execution
[551.931s] -- Installing: /home/user/aiot_robot_project/project_shin/install/moveit_ros_planning/include/moveit/plan_execution/plan_representation.h
[551.931s] -- Installing: /home/user/aiot_robot_project/project_shin/install/moveit_ros_planning/include/moveit/plan_execution/plan_execution.h
[551.932s] -- Up-to-date: /home/user/aiot_robot_project/project_shin/install/moveit_ros_planning/include
[551.932s] -- Up-to-date: /home/user/aiot_robot_project/project_shin/install/moveit_ros_planning/include/moveit
[551.932s] -- Installing: /home/user/aiot_robot_project/project_shin/install/moveit_ros_planning/include/moveit/moveit_cpp
[551.933s] -- Installing: /home/user/aiot_robot_project/project_shin/install/moveit_ros_planning/include/moveit/moveit_cpp/planning_component.h
[551.933s] -- Installing: /home/user/aiot_robot_project/project_shin/install/moveit_ros_planning/include/moveit/moveit_cpp/moveit_cpp.h
[551.933s] -- Installing: /home/user/aiot_robot_project/project_shin/install/moveit_ros_planning/lib/libmoveit_rdf_loader.so.2.5.6
[551.941s] -- Set runtime path of "/home/user/aiot_robot_project/project_shin/install/moveit_ros_planning/lib/libmoveit_rdf_loader.so.2.5.6" to ""
[551.941s] -- Installing: /home/user/aiot_robot_project/project_shin/install/moveit_ros_planning/lib/libmoveit_rdf_loader.so
[551.942s] -- Installing: /home/user/aiot_robot_project/project_shin/install/moveit_ros_planning/lib/libmoveit_kinematics_plugin_loader.so.2.5.6
[551.942s] -- Set runtime path of "/home/user/aiot_robot_project/project_shin/install/moveit_ros_planning/lib/libmoveit_kinematics_plugin_loader.so.2.5.6" to ""
[551.942s] -- Installing: /home/user/aiot_robot_project/project_shin/install/moveit_ros_planning/lib/libmoveit_kinematics_plugin_loader.so
[551.943s] -- Installing: /home/user/aiot_robot_project/project_shin/install/moveit_ros_planning/lib/libmoveit_robot_model_loader.so.2.5.6
[551.944s] -- Set runtime path of "/home/user/aiot_robot_project/project_shin/install/moveit_ros_planning/lib/libmoveit_robot_model_loader.so.2.5.6" to ""
[551.945s] -- Installing: /home/user/aiot_robot_project/project_shin/install/moveit_ros_planning/lib/libmoveit_robot_model_loader.so
[551.945s] -- Installing: /home/user/aiot_robot_project/project_shin/install/moveit_ros_planning/lib/libmoveit_constraint_sampler_manager_loader.so.2.5.6
[551.948s] -- Set runtime path of "/home/user/aiot_robot_project/project_shin/install/moveit_ros_planning/lib/libmoveit_constraint_sampler_manager_loader.so.2.5.6" to ""
[551.948s] -- Installing: /home/user/aiot_robot_project/project_shin/install/moveit_ros_planning/lib/libmoveit_constraint_sampler_manager_loader.so
[551.948s] -- Installing: /home/user/aiot_robot_project/project_shin/install/moveit_ros_planning/lib/libmoveit_planning_pipeline.so.2.5.6
[551.953s] -- Set runtime path of "/home/user/aiot_robot_project/project_shin/install/moveit_ros_planning/lib/libmoveit_planning_pipeline.so.2.5.6" to ""
[551.954s] -- Installing: /home/user/aiot_robot_project/project_shin/install/moveit_ros_planning/lib/libmoveit_planning_pipeline.so
[551.954s] -- Installing: /home/user/aiot_robot_project/project_shin/install/moveit_ros_planning/lib/libmoveit_trajectory_execution_manager.so.2.5.6
[551.961s] -- Set runtime path of "/home/user/aiot_robot_project/project_shin/install/moveit_ros_planning/lib/libmoveit_trajectory_execution_manager.so.2.5.6" to ""
[551.961s] -- Installing: /home/user/aiot_robot_project/project_shin/install/moveit_ros_planning/lib/libmoveit_trajectory_execution_manager.so
[551.961s] -- Installing: /home/user/aiot_robot_project/project_shin/install/moveit_ros_planning/lib/libmoveit_plan_execution.so.2.5.6
[551.963s] -- Set runtime path of "/home/user/aiot_robot_project/project_shin/install/moveit_ros_planning/lib/libmoveit_plan_execution.so.2.5.6" to ""
[551.963s] -- Installing: /home/user/aiot_robot_project/project_shin/install/moveit_ros_planning/lib/libmoveit_plan_execution.so
[551.964s] -- Installing: /home/user/aiot_robot_project/project_shin/install/moveit_ros_planning/lib/libmoveit_planning_scene_monitor.so.2.5.6
[551.980s] -- Set runtime path of "/home/user/aiot_robot_project/project_shin/install/moveit_ros_planning/lib/libmoveit_planning_scene_monitor.so.2.5.6" to ""
[551.981s] -- Installing: /home/user/aiot_robot_project/project_shin/install/moveit_ros_planning/lib/libmoveit_planning_scene_monitor.so
[551.981s] -- Installing: /home/user/aiot_robot_project/project_shin/install/moveit_ros_planning/lib/libmoveit_collision_plugin_loader.so.2.5.6
[551.982s] -- Set runtime path of "/home/user/aiot_robot_project/project_shin/install/moveit_ros_planning/lib/libmoveit_collision_plugin_loader.so.2.5.6" to ""
[551.983s] -- Installing: /home/user/aiot_robot_project/project_shin/install/moveit_ros_planning/lib/libmoveit_collision_plugin_loader.so
[551.983s] -- Installing: /home/user/aiot_robot_project/project_shin/install/moveit_ros_planning/lib/libmoveit_default_planning_request_adapter_plugins.so.2.5.6
[551.985s] -- Set runtime path of "/home/user/aiot_robot_project/project_shin/install/moveit_ros_planning/lib/libmoveit_default_planning_request_adapter_plugins.so.2.5.6" to ""
[551.986s] -- Installing: /home/user/aiot_robot_project/project_shin/install/moveit_ros_planning/lib/libmoveit_default_planning_request_adapter_plugins.so
[551.986s] -- Installing: /home/user/aiot_robot_project/project_shin/install/moveit_ros_planning/lib/libmoveit_cpp.so.2.5.6
[551.990s] -- Set runtime path of "/home/user/aiot_robot_project/project_shin/install/moveit_ros_planning/lib/libmoveit_cpp.so.2.5.6" to ""
[551.990s] -- Installing: /home/user/aiot_robot_project/project_shin/install/moveit_ros_planning/lib/libmoveit_cpp.so
[551.990s] -- Installing: /home/user/aiot_robot_project/project_shin/install/moveit_ros_planning/share/moveit_ros_planning/environment/library_path.sh
[551.990s] -- Installing: /home/user/aiot_robot_project/project_shin/install/moveit_ros_planning/share/moveit_ros_planning/environment/library_path.dsv
[551.991s] -- Installing: /home/user/aiot_robot_project/project_shin/install/moveit_ros_planning/share/moveit_ros_planning/planning_request_adapters_plugin_description.xml
[552.010s] -- Installing: /home/user/aiot_robot_project/project_shin/install/moveit_ros_planning/share/ament_index/resource_index/package_run_dependencies/moveit_ros_planning
[552.010s] -- Installing: /home/user/aiot_robot_project/project_shin/install/moveit_ros_planning/share/ament_index/resource_index/parent_prefix_path/moveit_ros_planning
[552.010s] -- Installing: /home/user/aiot_robot_project/project_shin/install/moveit_ros_planning/share/moveit_ros_planning/environment/ament_prefix_path.sh
[552.011s] -- Installing: /home/user/aiot_robot_project/project_shin/install/moveit_ros_planning/share/moveit_ros_planning/environment/ament_prefix_path.dsv
[552.011s] -- Installing: /home/user/aiot_robot_project/project_shin/install/moveit_ros_planning/share/moveit_ros_planning/environment/path.sh
[552.011s] -- Installing: /home/user/aiot_robot_project/project_shin/install/moveit_ros_planning/share/moveit_ros_planning/environment/path.dsv
[552.012s] -- Installing: /home/user/aiot_robot_project/project_shin/install/moveit_ros_planning/share/moveit_ros_planning/local_setup.bash
[552.012s] -- Installing: /home/user/aiot_robot_project/project_shin/install/moveit_ros_planning/share/moveit_ros_planning/local_setup.sh
[552.012s] -- Installing: /home/user/aiot_robot_project/project_shin/install/moveit_ros_planning/share/moveit_ros_planning/local_setup.zsh
[552.013s] -- Installing: /home/user/aiot_robot_project/project_shin/install/moveit_ros_planning/share/moveit_ros_planning/local_setup.dsv
[552.013s] -- Installing: /home/user/aiot_robot_project/project_shin/install/moveit_ros_planning/share/moveit_ros_planning/package.dsv
[552.014s] -- Installing: /home/user/aiot_robot_project/project_shin/install/moveit_ros_planning/share/ament_index/resource_index/packages/moveit_ros_planning
[552.014s] -- Installing: /home/user/aiot_robot_project/project_shin/install/moveit_ros_planning/share/ament_index/resource_index/moveit_core__pluginlib__plugin/moveit_ros_planning
[552.015s] -- Installing: /home/user/aiot_robot_project/project_shin/install/moveit_ros_planning/share/moveit_ros_planning/cmake/export_moveit_ros_planningExport.cmake
[552.015s] -- Installing: /home/user/aiot_robot_project/project_shin/install/moveit_ros_planning/share/moveit_ros_planning/cmake/export_moveit_ros_planningExport-release.cmake
[552.015s] -- Installing: /home/user/aiot_robot_project/project_shin/install/moveit_ros_planning/share/moveit_ros_planning/cmake/ConfigExtras.cmake
[552.016s] -- Installing: /home/user/aiot_robot_project/project_shin/install/moveit_ros_planning/share/moveit_ros_planning/cmake/ament_cmake_export_targets-extras.cmake
[552.016s] -- Installing: /home/user/aiot_robot_project/project_shin/install/moveit_ros_planning/share/moveit_ros_planning/cmake/ament_cmake_export_dependencies-extras.cmake
[552.016s] -- Installing: /home/user/aiot_robot_project/project_shin/install/moveit_ros_planning/share/moveit_ros_planning/cmake/moveit_ros_planningConfig.cmake
[552.017s] -- Installing: /home/user/aiot_robot_project/project_shin/install/moveit_ros_planning/share/moveit_ros_planning/cmake/moveit_ros_planningConfig-version.cmake
[552.017s] -- Installing: /home/user/aiot_robot_project/project_shin/install/moveit_ros_planning/share/moveit_ros_planning/package.xml
[552.022s] Invoked command in '/home/user/aiot_robot_project/project_shin/build/moveit_ros_planning' returned '0': AMENT_PREFIX_PATH=/home/user/aiot_robot_project/project_shin/install/moveit_ros_occupancy_map_monitor:/home/user/aiot_robot_project/project_shin/install/moveit_core:/home/user/aiot_robot_project/project_shin/install/moveit_resources_panda_moveit_config:/home/user/aiot_robot_project/project_shin/install/moveit_configs_utils:/home/user/aiot_robot_project/project_shin/install/srdfdom:/home/user/aiot_robot_project/project_shin/install/moveit_resources_pr2_description:/home/user/aiot_robot_project/project_shin/install/moveit_resources_panda_description:/home/user/aiot_robot_project/project_shin/install/moveit_common:/home/user/aiot_robot_project/project_shin/install/launch_param_builder:${AMENT_PREFIX_PATH} CMAKE_PREFIX_PATH=/home/user/aiot_robot_project/project_shin/install/moveit_ros_occupancy_map_monitor:/home/user/aiot_robot_project/project_shin/install/moveit_core:/home/user/aiot_robot_project/project_shin/install/moveit_resources_panda_moveit_config:/home/user/aiot_robot_project/project_shin/install/srdfdom:/home/user/aiot_robot_project/project_shin/install/moveit_resources_pr2_description:/home/user/aiot_robot_project/project_shin/install/moveit_resources_panda_description:/home/user/aiot_robot_project/project_shin/install/moveit_common:/opt/ros/humble LD_LIBRARY_PATH=/home/user/aiot_robot_project/project_shin/install/moveit_ros_occupancy_map_monitor/lib:/home/user/aiot_robot_project/project_shin/install/moveit_core/lib:/home/user/aiot_robot_project/project_shin/install/srdfdom/lib:${LD_LIBRARY_PATH} PATH=/home/user/aiot_robot_project/project_shin/install/moveit_core/bin:${PATH} PYTHONPATH=/home/user/aiot_robot_project/project_shin/install/moveit_configs_utils/lib/python3.10/site-packages:/home/user/aiot_robot_project/project_shin/install/srdfdom/local/lib/python3.10/dist-packages:/home/user/aiot_robot_project/project_shin/install/launch_param_builder/lib/python3.10/site-packages:${PYTHONPATH} /usr/bin/cmake --install /home/user/aiot_robot_project/project_shin/build/moveit_ros_planning
