[0.054s] Invoking command in '/home/user/aiot_robot_project/project_shin/build/moveit_resources_prbt_support': CMAKE_PREFIX_PATH=/opt/ros/humble /usr/bin/cmake /home/user/aiot_robot_project/project_shin/src/moveit2/moveit_planners/test_configs/prbt_support -DCMAKE_BUILD_TYPE=Release -DCMAKE_INSTALL_PREFIX=/home/user/aiot_robot_project/project_shin/install/moveit_resources_prbt_support
[0.326s] -- The C compiler identification is GNU 11.4.0
[0.604s] -- The CXX compiler identification is GNU 11.4.0
[0.640s] -- Detecting C compiler ABI info
[0.944s] -- Detecting C compiler ABI info - done
[0.990s] -- Check for working C compiler: /usr/bin/cc - skipped
[0.990s] -- Detecting C compile features
[0.994s] -- Detecting C compile features - done
[1.009s] -- Detecting CXX compiler ABI info
[1.419s] -- Detecting CXX compiler ABI info - done
[1.484s] -- Check for working CXX compiler: /usr/bin/c++ - skipped
[1.487s] -- Detecting CXX compile features
[1.491s] -- Detecting CXX compile features - done
[1.513s] -- Found ament_cmake: 1.3.10 (/opt/ros/humble/share/ament_cmake/cmake)
[2.334s] -- Found Python3: /usr/bin/python3 (found version "3.10.12") found components: Interpreter 
[3.233s] -- Configuring done
[3.263s] -- Generating done
[3.279s] -- Build files have been written to: /home/user/aiot_robot_project/project_shin/build/moveit_resources_prbt_support
[3.317s] Invoked command in '/home/user/aiot_robot_project/project_shin/build/moveit_resources_prbt_support' returned '0': CMAKE_PREFIX_PATH=/opt/ros/humble /usr/bin/cmake /home/user/aiot_robot_project/project_shin/src/moveit2/moveit_planners/test_configs/prbt_support -DCMAKE_BUILD_TYPE=Release -DCMAKE_INSTALL_PREFIX=/home/user/aiot_robot_project/project_shin/install/moveit_resources_prbt_support
[3.318s] Invoking command in '/home/user/aiot_robot_project/project_shin/build/moveit_resources_prbt_support': CMAKE_PREFIX_PATH=/opt/ros/humble /usr/bin/cmake --build /home/user/aiot_robot_project/project_shin/build/moveit_resources_prbt_support -- -j4 -l4
[3.515s] Invoked command in '/home/user/aiot_robot_project/project_shin/build/moveit_resources_prbt_support' returned '0': CMAKE_PREFIX_PATH=/opt/ros/humble /usr/bin/cmake --build /home/user/aiot_robot_project/project_shin/build/moveit_resources_prbt_support -- -j4 -l4
[3.519s] Invoking command in '/home/user/aiot_robot_project/project_shin/build/moveit_resources_prbt_support': CMAKE_PREFIX_PATH=/opt/ros/humble /usr/bin/cmake --install /home/user/aiot_robot_project/project_shin/build/moveit_resources_prbt_support
[3.574s] -- Install configuration: "Release"
[3.576s] -- Installing: /home/user/aiot_robot_project/project_shin/install/moveit_resources_prbt_support/share/ament_index/resource_index/package_run_dependencies/moveit_resources_prbt_support
[3.583s] -- Installing: /home/user/aiot_robot_project/project_shin/install/moveit_resources_prbt_support/share/ament_index/resource_index/parent_prefix_path/moveit_resources_prbt_support
[3.583s] -- Installing: /home/user/aiot_robot_project/project_shin/install/moveit_resources_prbt_support/share/moveit_resources_prbt_support/environment/ament_prefix_path.sh
[3.584s] -- Installing: /home/user/aiot_robot_project/project_shin/install/moveit_resources_prbt_support/share/moveit_resources_prbt_support/environment/ament_prefix_path.dsv
[3.593s] -- Installing: /home/user/aiot_robot_project/project_shin/install/moveit_resources_prbt_support/share/moveit_resources_prbt_support/environment/path.sh
[3.593s] -- Installing: /home/user/aiot_robot_project/project_shin/install/moveit_resources_prbt_support/share/moveit_resources_prbt_support/environment/path.dsv
[3.593s] -- Installing: /home/user/aiot_robot_project/project_shin/install/moveit_resources_prbt_support/share/moveit_resources_prbt_support/local_setup.bash
[3.593s] -- Installing: /home/user/aiot_robot_project/project_shin/install/moveit_resources_prbt_support/share/moveit_resources_prbt_support/local_setup.sh
[3.593s] -- Installing: /home/user/aiot_robot_project/project_shin/install/moveit_resources_prbt_support/share/moveit_resources_prbt_support/local_setup.zsh
[3.594s] -- Installing: /home/user/aiot_robot_project/project_shin/install/moveit_resources_prbt_support/share/moveit_resources_prbt_support/local_setup.dsv
[3.594s] -- Installing: /home/user/aiot_robot_project/project_shin/install/moveit_resources_prbt_support/share/moveit_resources_prbt_support/package.dsv
[3.604s] -- Installing: /home/user/aiot_robot_project/project_shin/install/moveit_resources_prbt_support/share/ament_index/resource_index/packages/moveit_resources_prbt_support
[3.604s] -- Installing: /home/user/aiot_robot_project/project_shin/install/moveit_resources_prbt_support/share/moveit_resources_prbt_support/cmake/moveit_resources_prbt_supportConfig.cmake
[3.604s] -- Installing: /home/user/aiot_robot_project/project_shin/install/moveit_resources_prbt_support/share/moveit_resources_prbt_support/cmake/moveit_resources_prbt_supportConfig-version.cmake
[3.607s] -- Installing: /home/user/aiot_robot_project/project_shin/install/moveit_resources_prbt_support/share/moveit_resources_prbt_support/package.xml
[3.608s] -- Installing: /home/user/aiot_robot_project/project_shin/install/moveit_resources_prbt_support/share/moveit_resources_prbt_support/urdf
[3.609s] -- Installing: /home/user/aiot_robot_project/project_shin/install/moveit_resources_prbt_support/share/moveit_resources_prbt_support/urdf/prbt_macro.xacro
[3.614s] -- Installing: /home/user/aiot_robot_project/project_shin/install/moveit_resources_prbt_support/share/moveit_resources_prbt_support/urdf/prbt.ros2_control.xacro
[3.615s] -- Installing: /home/user/aiot_robot_project/project_shin/install/moveit_resources_prbt_support/share/moveit_resources_prbt_support/urdf/simple_gripper_brackets.urdf.xacro
[3.615s] -- Installing: /home/user/aiot_robot_project/project_shin/install/moveit_resources_prbt_support/share/moveit_resources_prbt_support/urdf/prbt.xacro
[3.616s] -- Installing: /home/user/aiot_robot_project/project_shin/install/moveit_resources_prbt_support/share/moveit_resources_prbt_support/meshes
[3.617s] -- Installing: /home/user/aiot_robot_project/project_shin/install/moveit_resources_prbt_support/share/moveit_resources_prbt_support/meshes/link_4.dae
[3.639s] -- Installing: /home/user/aiot_robot_project/project_shin/install/moveit_resources_prbt_support/share/moveit_resources_prbt_support/meshes/flange.stl
[3.640s] -- Installing: /home/user/aiot_robot_project/project_shin/install/moveit_resources_prbt_support/share/moveit_resources_prbt_support/meshes/link_1.stl
[3.640s] -- Installing: /home/user/aiot_robot_project/project_shin/install/moveit_resources_prbt_support/share/moveit_resources_prbt_support/meshes/link_1.dae
[3.659s] -- Installing: /home/user/aiot_robot_project/project_shin/install/moveit_resources_prbt_support/share/moveit_resources_prbt_support/meshes/link_3.dae
[3.665s] -- Installing: /home/user/aiot_robot_project/project_shin/install/moveit_resources_prbt_support/share/moveit_resources_prbt_support/meshes/link_2.dae
[3.699s] -- Installing: /home/user/aiot_robot_project/project_shin/install/moveit_resources_prbt_support/share/moveit_resources_prbt_support/meshes/link_5.dae
[3.710s] -- Installing: /home/user/aiot_robot_project/project_shin/install/moveit_resources_prbt_support/share/moveit_resources_prbt_support/meshes/link_5.stl
[3.710s] -- Installing: /home/user/aiot_robot_project/project_shin/install/moveit_resources_prbt_support/share/moveit_resources_prbt_support/meshes/flange.dae
[3.710s] -- Installing: /home/user/aiot_robot_project/project_shin/install/moveit_resources_prbt_support/share/moveit_resources_prbt_support/meshes/link_2.stl
[3.710s] -- Installing: /home/user/aiot_robot_project/project_shin/install/moveit_resources_prbt_support/share/moveit_resources_prbt_support/meshes/link_4.stl
[3.710s] -- Installing: /home/user/aiot_robot_project/project_shin/install/moveit_resources_prbt_support/share/moveit_resources_prbt_support/meshes/link_3.stl
[3.713s] -- Installing: /home/user/aiot_robot_project/project_shin/install/moveit_resources_prbt_support/share/moveit_resources_prbt_support/meshes/foot.stl
[3.714s] -- Installing: /home/user/aiot_robot_project/project_shin/install/moveit_resources_prbt_support/share/moveit_resources_prbt_support/meshes/foot.dae
[3.714s] -- Installing: /home/user/aiot_robot_project/project_shin/install/moveit_resources_prbt_support/share/moveit_resources_prbt_support/config
[3.717s] -- Installing: /home/user/aiot_robot_project/project_shin/install/moveit_resources_prbt_support/share/moveit_resources_prbt_support/config/manipulator_controller.yaml
[3.718s] -- Installing: /home/user/aiot_robot_project/project_shin/install/moveit_resources_prbt_support/share/moveit_resources_prbt_support/config/manipulator_driver.yaml
[3.718s] -- Installing: /home/user/aiot_robot_project/project_shin/install/moveit_resources_prbt_support/share/moveit_resources_prbt_support/config/prbt_0_1.dcf
[3.733s] Invoked command in '/home/user/aiot_robot_project/project_shin/build/moveit_resources_prbt_support' returned '0': CMAKE_PREFIX_PATH=/opt/ros/humble /usr/bin/cmake --install /home/user/aiot_robot_project/project_shin/build/moveit_resources_prbt_support
