[0.045s] Invoking command in '/home/user/aiot_robot_project/project_shin/build/moveit_simple_controller_manager': AMENT_PREFIX_PATH=/home/user/aiot_robot_project/project_shin/install/moveit_core:/home/user/aiot_robot_project/project_shin/install/moveit_resources_panda_moveit_config:/home/user/aiot_robot_project/project_shin/install/srdfdom:/home/user/aiot_robot_project/project_shin/install/moveit_resources_pr2_description:/home/user/aiot_robot_project/project_shin/install/moveit_resources_panda_description:/home/user/aiot_robot_project/project_shin/install/moveit_common:${AMENT_PREFIX_PATH} CMAKE_PREFIX_PATH=/home/user/aiot_robot_project/project_shin/install/moveit_core:/home/user/aiot_robot_project/project_shin/install/moveit_resources_panda_moveit_config:/home/user/aiot_robot_project/project_shin/install/srdfdom:/home/user/aiot_robot_project/project_shin/install/moveit_resources_pr2_description:/home/user/aiot_robot_project/project_shin/install/moveit_resources_panda_description:/home/user/aiot_robot_project/project_shin/install/moveit_common:/opt/ros/humble LD_LIBRARY_PATH=/home/user/aiot_robot_project/project_shin/install/moveit_core/lib:/home/user/aiot_robot_project/project_shin/install/srdfdom/lib:${LD_LIBRARY_PATH} PATH=/home/user/aiot_robot_project/project_shin/install/moveit_core/bin:${PATH} PYTHONPATH=/home/user/aiot_robot_project/project_shin/install/srdfdom/local/lib/python3.10/dist-packages:${PYTHONPATH} /usr/bin/cmake /home/user/aiot_robot_project/project_shin/src/moveit2/moveit_plugins/moveit_simple_controller_manager -DCMAKE_BUILD_TYPE=Release -DCMAKE_INSTALL_PREFIX=/home/user/aiot_robot_project/project_shin/install/moveit_simple_controller_manager
[0.234s] -- The C compiler identification is GNU 11.4.0
[0.423s] -- The CXX compiler identification is GNU 11.4.0
[0.439s] -- Detecting C compiler ABI info
[0.646s] -- Detecting C compiler ABI info - done
[0.684s] -- Check for working C compiler: /usr/bin/cc - skipped
[0.684s] -- Detecting C compile features
[0.684s] -- Detecting C compile features - done
[0.688s] -- Detecting CXX compiler ABI info
[0.932s] -- Detecting CXX compiler ABI info - done
[0.951s] -- Check for working CXX compiler: /usr/bin/c++ - skipped
[0.952s] -- Detecting CXX compile features
[0.953s] -- Detecting CXX compile features - done
[0.958s] -- Found moveit_common: 2.5.6 (/home/user/aiot_robot_project/project_shin/install/moveit_common/share/moveit_common/cmake)
[0.965s] -- Found ament_cmake: 1.3.10 (/opt/ros/humble/share/ament_cmake/cmake)
[1.429s] -- Found Python3: /usr/bin/python3 (found version "3.10.12") found components: Interpreter 
[1.891s] -- Found moveit_core: 2.5.6 (/home/user/aiot_robot_project/project_shin/install/moveit_core/share/moveit_core/cmake)
[2.477s] -- Found Boost: /usr/lib/x86_64-linux-gnu/cmake/Boost-1.74.0/BoostConfig.cmake (found version "1.74.0") found components: chrono date_time filesystem iostreams program_options regex serialization system thread 
[2.627s] -- Found parameter_traits: 0.3.9 (/opt/ros/humble/share/parameter_traits/cmake)
[2.729s] -- Found rosidl_generator_c: 3.1.5 (/opt/ros/humble/share/rosidl_generator_c/cmake)
[2.746s] -- Found rosidl_adapter: 3.1.5 (/opt/ros/humble/share/rosidl_adapter/cmake)
[2.770s] -- Found rosidl_generator_cpp: 3.1.5 (/opt/ros/humble/share/rosidl_generator_cpp/cmake)
[2.805s] -- Using all available rosidl_typesupport_c: rosidl_typesupport_fastrtps_c;rosidl_typesupport_introspection_c
[2.862s] -- Using all available rosidl_typesupport_cpp: rosidl_typesupport_fastrtps_cpp;rosidl_typesupport_introspection_cpp
[2.993s] -- Found rmw_implementation_cmake: 6.1.2 (/opt/ros/humble/share/rmw_implementation_cmake/cmake)
[3.001s] -- Found rmw_fastrtps_cpp: 6.2.7 (/opt/ros/humble/share/rmw_fastrtps_cpp/cmake)
[3.254s] -- Found OpenSSL: /usr/lib/x86_64-linux-gnu/libcrypto.so (found version "3.0.2")  
[3.305s] -- Found FastRTPS: /opt/ros/humble/include  
[3.399s] -- Using RMW implementation 'rmw_fastrtps_cpp' as default
[3.425s] -- Found Threads: TRUE  
[3.574s] -- Found Eigen3: TRUE (found version "3.4.0") 
[3.580s] -- Found rclcpp_lifecycle: 16.0.10 (/opt/ros/humble/share/rclcpp_lifecycle/cmake)
[3.646s] -- Found Boost: /usr/lib/x86_64-linux-gnu/cmake/Boost-1.74.0/BoostConfig.cmake (found version "1.74.0") found components: filesystem 
[3.911s] -- library: /usr/lib/x86_64-linux-gnu/libcurl.so
[4.079s] -- Ensuring Eigen3 include directory is part of orocos-kdl CMake target
[4.686s] -- Found control_msgs: 4.6.0 (/opt/ros/humble/share/control_msgs/cmake)
[4.761s] -- Found Boost: /usr/lib/x86_64-linux-gnu/cmake/Boost-1.74.0/BoostConfig.cmake (found version "1.74.0") found components: thread 
[4.778s] -- Found ament_lint_auto: 0.12.11 (/opt/ros/humble/share/ament_lint_auto/cmake)
[4.827s] -- Added test 'cppcheck' to perform static code analysis on C / C++ code
[4.827s] -- Configured cppcheck include dirs: /home/user/aiot_robot_project/project_shin/src/moveit2/moveit_plugins/moveit_simple_controller_manager/include
[4.827s] -- Configured cppcheck exclude dirs and/or files: 
[4.828s] -- Added test 'lint_cmake' to check CMake code style
[4.830s] -- Added test 'xmllint' to check XML markup files
[4.853s] -- Configuring done
[4.948s] -- Generating done
[4.968s] -- Build files have been written to: /home/user/aiot_robot_project/project_shin/build/moveit_simple_controller_manager
[5.019s] Invoked command in '/home/user/aiot_robot_project/project_shin/build/moveit_simple_controller_manager' returned '0': AMENT_PREFIX_PATH=/home/user/aiot_robot_project/project_shin/install/moveit_core:/home/user/aiot_robot_project/project_shin/install/moveit_resources_panda_moveit_config:/home/user/aiot_robot_project/project_shin/install/srdfdom:/home/user/aiot_robot_project/project_shin/install/moveit_resources_pr2_description:/home/user/aiot_robot_project/project_shin/install/moveit_resources_panda_description:/home/user/aiot_robot_project/project_shin/install/moveit_common:${AMENT_PREFIX_PATH} CMAKE_PREFIX_PATH=/home/user/aiot_robot_project/project_shin/install/moveit_core:/home/user/aiot_robot_project/project_shin/install/moveit_resources_panda_moveit_config:/home/user/aiot_robot_project/project_shin/install/srdfdom:/home/user/aiot_robot_project/project_shin/install/moveit_resources_pr2_description:/home/user/aiot_robot_project/project_shin/install/moveit_resources_panda_description:/home/user/aiot_robot_project/project_shin/install/moveit_common:/opt/ros/humble LD_LIBRARY_PATH=/home/user/aiot_robot_project/project_shin/install/moveit_core/lib:/home/user/aiot_robot_project/project_shin/install/srdfdom/lib:${LD_LIBRARY_PATH} PATH=/home/user/aiot_robot_project/project_shin/install/moveit_core/bin:${PATH} PYTHONPATH=/home/user/aiot_robot_project/project_shin/install/srdfdom/local/lib/python3.10/dist-packages:${PYTHONPATH} /usr/bin/cmake /home/user/aiot_robot_project/project_shin/src/moveit2/moveit_plugins/moveit_simple_controller_manager -DCMAKE_BUILD_TYPE=Release -DCMAKE_INSTALL_PREFIX=/home/user/aiot_robot_project/project_shin/install/moveit_simple_controller_manager
[5.021s] Invoking command in '/home/user/aiot_robot_project/project_shin/build/moveit_simple_controller_manager': AMENT_PREFIX_PATH=/home/user/aiot_robot_project/project_shin/install/moveit_core:/home/user/aiot_robot_project/project_shin/install/moveit_resources_panda_moveit_config:/home/user/aiot_robot_project/project_shin/install/srdfdom:/home/user/aiot_robot_project/project_shin/install/moveit_resources_pr2_description:/home/user/aiot_robot_project/project_shin/install/moveit_resources_panda_description:/home/user/aiot_robot_project/project_shin/install/moveit_common:${AMENT_PREFIX_PATH} CMAKE_PREFIX_PATH=/home/user/aiot_robot_project/project_shin/install/moveit_core:/home/user/aiot_robot_project/project_shin/install/moveit_resources_panda_moveit_config:/home/user/aiot_robot_project/project_shin/install/srdfdom:/home/user/aiot_robot_project/project_shin/install/moveit_resources_pr2_description:/home/user/aiot_robot_project/project_shin/install/moveit_resources_panda_description:/home/user/aiot_robot_project/project_shin/install/moveit_common:/opt/ros/humble LD_LIBRARY_PATH=/home/user/aiot_robot_project/project_shin/install/moveit_core/lib:/home/user/aiot_robot_project/project_shin/install/srdfdom/lib:${LD_LIBRARY_PATH} PATH=/home/user/aiot_robot_project/project_shin/install/moveit_core/bin:${PATH} PYTHONPATH=/home/user/aiot_robot_project/project_shin/install/srdfdom/local/lib/python3.10/dist-packages:${PYTHONPATH} /usr/bin/cmake --build /home/user/aiot_robot_project/project_shin/build/moveit_simple_controller_manager -- -j4 -l4
[5.225s] [ 33%] [32mBuilding CXX object CMakeFiles/moveit_simple_controller_manager.dir/src/follow_joint_trajectory_controller_handle.cpp.o[0m
[5.242s] [ 66%] [32mBuilding CXX object CMakeFiles/moveit_simple_controller_manager.dir/src/moveit_simple_controller_manager.cpp.o[0m
[66.771s] [100%] [32m[1mLinking CXX shared library libmoveit_simple_controller_manager.so[0m
[68.173s] [100%] Built target moveit_simple_controller_manager
[68.237s] Invoked command in '/home/user/aiot_robot_project/project_shin/build/moveit_simple_controller_manager' returned '0': AMENT_PREFIX_PATH=/home/user/aiot_robot_project/project_shin/install/moveit_core:/home/user/aiot_robot_project/project_shin/install/moveit_resources_panda_moveit_config:/home/user/aiot_robot_project/project_shin/install/srdfdom:/home/user/aiot_robot_project/project_shin/install/moveit_resources_pr2_description:/home/user/aiot_robot_project/project_shin/install/moveit_resources_panda_description:/home/user/aiot_robot_project/project_shin/install/moveit_common:${AMENT_PREFIX_PATH} CMAKE_PREFIX_PATH=/home/user/aiot_robot_project/project_shin/install/moveit_core:/home/user/aiot_robot_project/project_shin/install/moveit_resources_panda_moveit_config:/home/user/aiot_robot_project/project_shin/install/srdfdom:/home/user/aiot_robot_project/project_shin/install/moveit_resources_pr2_description:/home/user/aiot_robot_project/project_shin/install/moveit_resources_panda_description:/home/user/aiot_robot_project/project_shin/install/moveit_common:/opt/ros/humble LD_LIBRARY_PATH=/home/user/aiot_robot_project/project_shin/install/moveit_core/lib:/home/user/aiot_robot_project/project_shin/install/srdfdom/lib:${LD_LIBRARY_PATH} PATH=/home/user/aiot_robot_project/project_shin/install/moveit_core/bin:${PATH} PYTHONPATH=/home/user/aiot_robot_project/project_shin/install/srdfdom/local/lib/python3.10/dist-packages:${PYTHONPATH} /usr/bin/cmake --build /home/user/aiot_robot_project/project_shin/build/moveit_simple_controller_manager -- -j4 -l4
[68.238s] Invoking command in '/home/user/aiot_robot_project/project_shin/build/moveit_simple_controller_manager': AMENT_PREFIX_PATH=/home/user/aiot_robot_project/project_shin/install/moveit_core:/home/user/aiot_robot_project/project_shin/install/moveit_resources_panda_moveit_config:/home/user/aiot_robot_project/project_shin/install/srdfdom:/home/user/aiot_robot_project/project_shin/install/moveit_resources_pr2_description:/home/user/aiot_robot_project/project_shin/install/moveit_resources_panda_description:/home/user/aiot_robot_project/project_shin/install/moveit_common:${AMENT_PREFIX_PATH} CMAKE_PREFIX_PATH=/home/user/aiot_robot_project/project_shin/install/moveit_core:/home/user/aiot_robot_project/project_shin/install/moveit_resources_panda_moveit_config:/home/user/aiot_robot_project/project_shin/install/srdfdom:/home/user/aiot_robot_project/project_shin/install/moveit_resources_pr2_description:/home/user/aiot_robot_project/project_shin/install/moveit_resources_panda_description:/home/user/aiot_robot_project/project_shin/install/moveit_common:/opt/ros/humble LD_LIBRARY_PATH=/home/user/aiot_robot_project/project_shin/install/moveit_core/lib:/home/user/aiot_robot_project/project_shin/install/srdfdom/lib:${LD_LIBRARY_PATH} PATH=/home/user/aiot_robot_project/project_shin/install/moveit_core/bin:${PATH} PYTHONPATH=/home/user/aiot_robot_project/project_shin/install/srdfdom/local/lib/python3.10/dist-packages:${PYTHONPATH} /usr/bin/cmake --install /home/user/aiot_robot_project/project_shin/build/moveit_simple_controller_manager
[68.269s] -- Install configuration: "Release"
[68.271s] -- Installing: /home/user/aiot_robot_project/project_shin/install/moveit_simple_controller_manager/lib/libmoveit_simple_controller_manager.so.2.5.6
[68.289s] -- Set runtime path of "/home/user/aiot_robot_project/project_shin/install/moveit_simple_controller_manager/lib/libmoveit_simple_controller_manager.so.2.5.6" to ""
[68.292s] -- Installing: /home/user/aiot_robot_project/project_shin/install/moveit_simple_controller_manager/lib/libmoveit_simple_controller_manager.so
[68.293s] -- Installing: /home/user/aiot_robot_project/project_shin/install/moveit_simple_controller_manager/include
[68.293s] -- Installing: /home/user/aiot_robot_project/project_shin/install/moveit_simple_controller_manager/include/moveit_simple_controller_manager
[68.293s] -- Installing: /home/user/aiot_robot_project/project_shin/install/moveit_simple_controller_manager/include/moveit_simple_controller_manager/action_based_controller_handle.h
[68.295s] -- Installing: /home/user/aiot_robot_project/project_shin/install/moveit_simple_controller_manager/include/moveit_simple_controller_manager/gripper_controller_handle.h
[68.318s] -- Installing: /home/user/aiot_robot_project/project_shin/install/moveit_simple_controller_manager/include/moveit_simple_controller_manager/follow_joint_trajectory_controller_handle.h
[68.318s] -- Installing: /home/user/aiot_robot_project/project_shin/install/moveit_simple_controller_manager/include/moveit_simple_controller_manager/empty_controller_handle.h
[68.319s] -- Installing: /home/user/aiot_robot_project/project_shin/install/moveit_simple_controller_manager/share/moveit_simple_controller_manager/environment/library_path.sh
[68.319s] -- Installing: /home/user/aiot_robot_project/project_shin/install/moveit_simple_controller_manager/share/moveit_simple_controller_manager/environment/library_path.dsv
[68.321s] -- Installing: /home/user/aiot_robot_project/project_shin/install/moveit_simple_controller_manager/share/moveit_simple_controller_manager/moveit_simple_controller_manager_plugin_description.xml
[68.321s] -- Installing: /home/user/aiot_robot_project/project_shin/install/moveit_simple_controller_manager/share/ament_index/resource_index/package_run_dependencies/moveit_simple_controller_manager
[68.322s] -- Installing: /home/user/aiot_robot_project/project_shin/install/moveit_simple_controller_manager/share/ament_index/resource_index/parent_prefix_path/moveit_simple_controller_manager
[68.323s] -- Installing: /home/user/aiot_robot_project/project_shin/install/moveit_simple_controller_manager/share/moveit_simple_controller_manager/environment/ament_prefix_path.sh
[68.323s] -- Installing: /home/user/aiot_robot_project/project_shin/install/moveit_simple_controller_manager/share/moveit_simple_controller_manager/environment/ament_prefix_path.dsv
[68.323s] -- Installing: /home/user/aiot_robot_project/project_shin/install/moveit_simple_controller_manager/share/moveit_simple_controller_manager/environment/path.sh
[68.331s] -- Installing: /home/user/aiot_robot_project/project_shin/install/moveit_simple_controller_manager/share/moveit_simple_controller_manager/environment/path.dsv
[68.331s] -- Installing: /home/user/aiot_robot_project/project_shin/install/moveit_simple_controller_manager/share/moveit_simple_controller_manager/local_setup.bash
[68.332s] -- Installing: /home/user/aiot_robot_project/project_shin/install/moveit_simple_controller_manager/share/moveit_simple_controller_manager/local_setup.sh
[68.332s] -- Installing: /home/user/aiot_robot_project/project_shin/install/moveit_simple_controller_manager/share/moveit_simple_controller_manager/local_setup.zsh
[68.332s] -- Installing: /home/user/aiot_robot_project/project_shin/install/moveit_simple_controller_manager/share/moveit_simple_controller_manager/local_setup.dsv
[68.332s] -- Installing: /home/user/aiot_robot_project/project_shin/install/moveit_simple_controller_manager/share/moveit_simple_controller_manager/package.dsv
[68.336s] -- Installing: /home/user/aiot_robot_project/project_shin/install/moveit_simple_controller_manager/share/ament_index/resource_index/packages/moveit_simple_controller_manager
[68.336s] -- Installing: /home/user/aiot_robot_project/project_shin/install/moveit_simple_controller_manager/share/ament_index/resource_index/moveit_core__pluginlib__plugin/moveit_simple_controller_manager
[68.336s] -- Installing: /home/user/aiot_robot_project/project_shin/install/moveit_simple_controller_manager/share/moveit_simple_controller_manager/cmake/export_moveit_simple_controller_managerExport.cmake
[68.336s] -- Installing: /home/user/aiot_robot_project/project_shin/install/moveit_simple_controller_manager/share/moveit_simple_controller_manager/cmake/export_moveit_simple_controller_managerExport-release.cmake
[68.337s] -- Installing: /home/user/aiot_robot_project/project_shin/install/moveit_simple_controller_manager/share/moveit_simple_controller_manager/cmake/ConfigExtras.cmake
[68.346s] -- Installing: /home/user/aiot_robot_project/project_shin/install/moveit_simple_controller_manager/share/moveit_simple_controller_manager/cmake/ament_cmake_export_targets-extras.cmake
[68.346s] -- Installing: /home/user/aiot_robot_project/project_shin/install/moveit_simple_controller_manager/share/moveit_simple_controller_manager/cmake/ament_cmake_export_dependencies-extras.cmake
[68.346s] -- Installing: /home/user/aiot_robot_project/project_shin/install/moveit_simple_controller_manager/share/moveit_simple_controller_manager/cmake/moveit_simple_controller_managerConfig.cmake
[68.347s] -- Installing: /home/user/aiot_robot_project/project_shin/install/moveit_simple_controller_manager/share/moveit_simple_controller_manager/cmake/moveit_simple_controller_managerConfig-version.cmake
[68.347s] -- Installing: /home/user/aiot_robot_project/project_shin/install/moveit_simple_controller_manager/share/moveit_simple_controller_manager/package.xml
[68.360s] Invoked command in '/home/user/aiot_robot_project/project_shin/build/moveit_simple_controller_manager' returned '0': AMENT_PREFIX_PATH=/home/user/aiot_robot_project/project_shin/install/moveit_core:/home/user/aiot_robot_project/project_shin/install/moveit_resources_panda_moveit_config:/home/user/aiot_robot_project/project_shin/install/srdfdom:/home/user/aiot_robot_project/project_shin/install/moveit_resources_pr2_description:/home/user/aiot_robot_project/project_shin/install/moveit_resources_panda_description:/home/user/aiot_robot_project/project_shin/install/moveit_common:${AMENT_PREFIX_PATH} CMAKE_PREFIX_PATH=/home/user/aiot_robot_project/project_shin/install/moveit_core:/home/user/aiot_robot_project/project_shin/install/moveit_resources_panda_moveit_config:/home/user/aiot_robot_project/project_shin/install/srdfdom:/home/user/aiot_robot_project/project_shin/install/moveit_resources_pr2_description:/home/user/aiot_robot_project/project_shin/install/moveit_resources_panda_description:/home/user/aiot_robot_project/project_shin/install/moveit_common:/opt/ros/humble LD_LIBRARY_PATH=/home/user/aiot_robot_project/project_shin/install/moveit_core/lib:/home/user/aiot_robot_project/project_shin/install/srdfdom/lib:${LD_LIBRARY_PATH} PATH=/home/user/aiot_robot_project/project_shin/install/moveit_core/bin:${PATH} PYTHONPATH=/home/user/aiot_robot_project/project_shin/install/srdfdom/local/lib/python3.10/dist-packages:${PYTHONPATH} /usr/bin/cmake --install /home/user/aiot_robot_project/project_shin/build/moveit_simple_controller_manager
