[0.053s] Invoking command in '/home/user/aiot_robot_project/project_shin/build/moveit_ros_control_interface': AMENT_PREFIX_PATH=/home/user/aiot_robot_project/project_shin/install/moveit_simple_controller_manager:/home/user/aiot_robot_project/project_shin/install/moveit_core:/home/user/aiot_robot_project/project_shin/install/moveit_resources_panda_moveit_config:/home/user/aiot_robot_project/project_shin/install/srdfdom:/home/user/aiot_robot_project/project_shin/install/moveit_resources_pr2_description:/home/user/aiot_robot_project/project_shin/install/moveit_resources_panda_description:/home/user/aiot_robot_project/project_shin/install/moveit_common:${AMENT_PREFIX_PATH} CMAKE_PREFIX_PATH=/home/user/aiot_robot_project/project_shin/install/moveit_simple_controller_manager:/home/user/aiot_robot_project/project_shin/install/moveit_core:/home/user/aiot_robot_project/project_shin/install/moveit_resources_panda_moveit_config:/home/user/aiot_robot_project/project_shin/install/srdfdom:/home/user/aiot_robot_project/project_shin/install/moveit_resources_pr2_description:/home/user/aiot_robot_project/project_shin/install/moveit_resources_panda_description:/home/user/aiot_robot_project/project_shin/install/moveit_common:/opt/ros/humble LD_LIBRARY_PATH=/home/user/aiot_robot_project/project_shin/install/moveit_simple_controller_manager/lib:/home/user/aiot_robot_project/project_shin/install/moveit_core/lib:/home/user/aiot_robot_project/project_shin/install/srdfdom/lib:${LD_LIBRARY_PATH} PATH=/home/user/aiot_robot_project/project_shin/install/moveit_core/bin:${PATH} PYTHONPATH=/home/user/aiot_robot_project/project_shin/install/srdfdom/local/lib/python3.10/dist-packages:${PYTHONPATH} /usr/bin/cmake /home/user/aiot_robot_project/project_shin/src/moveit2/moveit_plugins/moveit_ros_control_interface -DCMAKE_BUILD_TYPE=Release -DCMAKE_INSTALL_PREFIX=/home/user/aiot_robot_project/project_shin/install/moveit_ros_control_interface
[0.291s] -- The C compiler identification is GNU 11.4.0
[0.518s] -- The CXX compiler identification is GNU 11.4.0
[0.540s] -- Detecting C compiler ABI info
[0.826s] -- Detecting C compiler ABI info - done
[0.868s] -- Check for working C compiler: /usr/bin/cc - skipped
[0.869s] -- Detecting C compile features
[0.875s] -- Detecting C compile features - done
[0.882s] -- Detecting CXX compiler ABI info
[1.216s] -- Detecting CXX compiler ABI info - done
[1.240s] -- Check for working CXX compiler: /usr/bin/c++ - skipped
[1.241s] -- Detecting CXX compile features
[1.248s] -- Detecting CXX compile features - done
[1.255s] -- Found ament_cmake: 1.3.10 (/opt/ros/humble/share/ament_cmake/cmake)
[1.724s] -- Found Python3: /usr/bin/python3 (found version "3.10.12") found components: Interpreter 
[2.006s] -- Found rclcpp_action: 16.0.10 (/opt/ros/humble/share/rclcpp_action/cmake)
[2.126s] -- Found rosidl_generator_c: 3.1.5 (/opt/ros/humble/share/rosidl_generator_c/cmake)
[2.144s] -- Found rosidl_adapter: 3.1.5 (/opt/ros/humble/share/rosidl_adapter/cmake)
[2.174s] -- Found rosidl_generator_cpp: 3.1.5 (/opt/ros/humble/share/rosidl_generator_cpp/cmake)
[2.219s] -- Using all available rosidl_typesupport_c: rosidl_typesupport_fastrtps_c;rosidl_typesupport_introspection_c
[2.273s] -- Using all available rosidl_typesupport_cpp: rosidl_typesupport_fastrtps_cpp;rosidl_typesupport_introspection_cpp
[2.516s] -- Found rmw_implementation_cmake: 6.1.2 (/opt/ros/humble/share/rmw_implementation_cmake/cmake)
[2.526s] -- Found rmw_fastrtps_cpp: 6.2.7 (/opt/ros/humble/share/rmw_fastrtps_cpp/cmake)
[2.834s] -- Found OpenSSL: /usr/lib/x86_64-linux-gnu/libcrypto.so (found version "3.0.2")  
[2.900s] -- Found FastRTPS: /opt/ros/humble/include  
[3.002s] -- Using RMW implementation 'rmw_fastrtps_cpp' as default
[3.030s] -- Looking for pthread.h
[3.300s] -- Looking for pthread.h - found
[3.301s] -- Performing Test CMAKE_HAVE_LIBC_PTHREAD
[3.563s] -- Performing Test CMAKE_HAVE_LIBC_PTHREAD - Success
[3.569s] -- Found Threads: TRUE  
[3.765s] -- Found controller_manager_msgs: 2.43.1 (/opt/ros/humble/share/controller_manager_msgs/cmake)
[3.844s] -- Found moveit_core: 2.5.6 (/home/user/aiot_robot_project/project_shin/install/moveit_core/share/moveit_core/cmake)
[3.954s] -- Found Boost: /usr/lib/x86_64-linux-gnu/cmake/Boost-1.74.0/BoostConfig.cmake (found version "1.74.0") found components: chrono date_time filesystem iostreams program_options regex serialization system thread 
[4.097s] -- Found parameter_traits: 0.3.9 (/opt/ros/humble/share/parameter_traits/cmake)
[4.134s] -- Found Eigen3: TRUE (found version "3.4.0") 
[4.145s] -- Found rclcpp_lifecycle: 16.0.10 (/opt/ros/humble/share/rclcpp_lifecycle/cmake)
[4.185s] -- Found Boost: /usr/lib/x86_64-linux-gnu/cmake/Boost-1.74.0/BoostConfig.cmake (found version "1.74.0") found components: filesystem 
[4.476s] -- library: /usr/lib/x86_64-linux-gnu/libcurl.so
[4.652s] -- Ensuring Eigen3 include directory is part of orocos-kdl CMake target
[5.189s] -- Found moveit_simple_controller_manager: 2.5.6 (/home/user/aiot_robot_project/project_shin/install/moveit_simple_controller_manager/share/moveit_simple_controller_manager/cmake)
[5.197s] -- Found Boost: /usr/lib/x86_64-linux-gnu/cmake/Boost-1.74.0/BoostConfig.cmake (found version "1.74.0") found components: thread 
[5.294s] -- Found moveit_common: 2.5.6 (/home/user/aiot_robot_project/project_shin/install/moveit_common/share/moveit_common/cmake)
[5.503s] -- Found Boost: /usr/lib/x86_64-linux-gnu/cmake/Boost-1.74.0/BoostConfig.cmake (found version "1.74.0") found components: system thread 
[5.564s] -- Found ament_lint_auto: 0.12.11 (/opt/ros/humble/share/ament_lint_auto/cmake)
[5.616s] -- Added test 'cppcheck' to perform static code analysis on C / C++ code
[5.618s] -- Configured cppcheck include dirs: /home/user/aiot_robot_project/project_shin/src/moveit2/moveit_plugins/moveit_ros_control_interface/include
[5.618s] -- Configured cppcheck exclude dirs and/or files: 
[5.621s] -- Added test 'lint_cmake' to check CMake code style
[5.623s] -- Added test 'xmllint' to check XML markup files
[5.635s] -- Configuring done
[5.886s] -- Generating done
[5.940s] -- Build files have been written to: /home/user/aiot_robot_project/project_shin/build/moveit_ros_control_interface
[5.988s] Invoked command in '/home/user/aiot_robot_project/project_shin/build/moveit_ros_control_interface' returned '0': AMENT_PREFIX_PATH=/home/user/aiot_robot_project/project_shin/install/moveit_simple_controller_manager:/home/user/aiot_robot_project/project_shin/install/moveit_core:/home/user/aiot_robot_project/project_shin/install/moveit_resources_panda_moveit_config:/home/user/aiot_robot_project/project_shin/install/srdfdom:/home/user/aiot_robot_project/project_shin/install/moveit_resources_pr2_description:/home/user/aiot_robot_project/project_shin/install/moveit_resources_panda_description:/home/user/aiot_robot_project/project_shin/install/moveit_common:${AMENT_PREFIX_PATH} CMAKE_PREFIX_PATH=/home/user/aiot_robot_project/project_shin/install/moveit_simple_controller_manager:/home/user/aiot_robot_project/project_shin/install/moveit_core:/home/user/aiot_robot_project/project_shin/install/moveit_resources_panda_moveit_config:/home/user/aiot_robot_project/project_shin/install/srdfdom:/home/user/aiot_robot_project/project_shin/install/moveit_resources_pr2_description:/home/user/aiot_robot_project/project_shin/install/moveit_resources_panda_description:/home/user/aiot_robot_project/project_shin/install/moveit_common:/opt/ros/humble LD_LIBRARY_PATH=/home/user/aiot_robot_project/project_shin/install/moveit_simple_controller_manager/lib:/home/user/aiot_robot_project/project_shin/install/moveit_core/lib:/home/user/aiot_robot_project/project_shin/install/srdfdom/lib:${LD_LIBRARY_PATH} PATH=/home/user/aiot_robot_project/project_shin/install/moveit_core/bin:${PATH} PYTHONPATH=/home/user/aiot_robot_project/project_shin/install/srdfdom/local/lib/python3.10/dist-packages:${PYTHONPATH} /usr/bin/cmake /home/user/aiot_robot_project/project_shin/src/moveit2/moveit_plugins/moveit_ros_control_interface -DCMAKE_BUILD_TYPE=Release -DCMAKE_INSTALL_PREFIX=/home/user/aiot_robot_project/project_shin/install/moveit_ros_control_interface
[5.989s] Invoking command in '/home/user/aiot_robot_project/project_shin/build/moveit_ros_control_interface': AMENT_PREFIX_PATH=/home/user/aiot_robot_project/project_shin/install/moveit_simple_controller_manager:/home/user/aiot_robot_project/project_shin/install/moveit_core:/home/user/aiot_robot_project/project_shin/install/moveit_resources_panda_moveit_config:/home/user/aiot_robot_project/project_shin/install/srdfdom:/home/user/aiot_robot_project/project_shin/install/moveit_resources_pr2_description:/home/user/aiot_robot_project/project_shin/install/moveit_resources_panda_description:/home/user/aiot_robot_project/project_shin/install/moveit_common:${AMENT_PREFIX_PATH} CMAKE_PREFIX_PATH=/home/user/aiot_robot_project/project_shin/install/moveit_simple_controller_manager:/home/user/aiot_robot_project/project_shin/install/moveit_core:/home/user/aiot_robot_project/project_shin/install/moveit_resources_panda_moveit_config:/home/user/aiot_robot_project/project_shin/install/srdfdom:/home/user/aiot_robot_project/project_shin/install/moveit_resources_pr2_description:/home/user/aiot_robot_project/project_shin/install/moveit_resources_panda_description:/home/user/aiot_robot_project/project_shin/install/moveit_common:/opt/ros/humble LD_LIBRARY_PATH=/home/user/aiot_robot_project/project_shin/install/moveit_simple_controller_manager/lib:/home/user/aiot_robot_project/project_shin/install/moveit_core/lib:/home/user/aiot_robot_project/project_shin/install/srdfdom/lib:${LD_LIBRARY_PATH} PATH=/home/user/aiot_robot_project/project_shin/install/moveit_core/bin:${PATH} PYTHONPATH=/home/user/aiot_robot_project/project_shin/install/srdfdom/local/lib/python3.10/dist-packages:${PYTHONPATH} /usr/bin/cmake --build /home/user/aiot_robot_project/project_shin/build/moveit_ros_control_interface -- -j4 -l4
[6.136s] [ 12%] [32mBuilding CXX object CMakeFiles/moveit_ros_control_interface_plugin.dir/src/controller_manager_plugin.cpp.o[0m
[40.508s] [ 25%] [32m[1mLinking CXX shared library libmoveit_ros_control_interface_plugin.so[0m
[41.317s] [ 25%] Built target moveit_ros_control_interface_plugin
[41.373s] [ 37%] [32mBuilding CXX object CMakeFiles/moveit_ros_control_interface_empty_plugin.dir/src/empty_controller_plugin.cpp.o[0m
[50.850s] [ 50%] [32m[1mLinking CXX shared library libmoveit_ros_control_interface_empty_plugin.so[0m
[51.580s] [ 50%] Built target moveit_ros_control_interface_empty_plugin
[51.639s] [ 62%] [32mBuilding CXX object CMakeFiles/moveit_ros_control_interface_gripper_plugin.dir/src/gripper_controller_plugin.cpp.o[0m
[71.996s] [ 75%] [32m[1mLinking CXX shared library libmoveit_ros_control_interface_gripper_plugin.so[0m
[73.489s] [ 75%] Built target moveit_ros_control_interface_gripper_plugin
[73.623s] [ 87%] [32mBuilding CXX object CMakeFiles/moveit_ros_control_interface_trajectory_plugin.dir/src/joint_trajectory_controller_plugin.cpp.o[0m
[100.440s] [100%] [32m[1mLinking CXX shared library libmoveit_ros_control_interface_trajectory_plugin.so[0m
[101.655s] [100%] Built target moveit_ros_control_interface_trajectory_plugin
[101.722s] Invoked command in '/home/user/aiot_robot_project/project_shin/build/moveit_ros_control_interface' returned '0': AMENT_PREFIX_PATH=/home/user/aiot_robot_project/project_shin/install/moveit_simple_controller_manager:/home/user/aiot_robot_project/project_shin/install/moveit_core:/home/user/aiot_robot_project/project_shin/install/moveit_resources_panda_moveit_config:/home/user/aiot_robot_project/project_shin/install/srdfdom:/home/user/aiot_robot_project/project_shin/install/moveit_resources_pr2_description:/home/user/aiot_robot_project/project_shin/install/moveit_resources_panda_description:/home/user/aiot_robot_project/project_shin/install/moveit_common:${AMENT_PREFIX_PATH} CMAKE_PREFIX_PATH=/home/user/aiot_robot_project/project_shin/install/moveit_simple_controller_manager:/home/user/aiot_robot_project/project_shin/install/moveit_core:/home/user/aiot_robot_project/project_shin/install/moveit_resources_panda_moveit_config:/home/user/aiot_robot_project/project_shin/install/srdfdom:/home/user/aiot_robot_project/project_shin/install/moveit_resources_pr2_description:/home/user/aiot_robot_project/project_shin/install/moveit_resources_panda_description:/home/user/aiot_robot_project/project_shin/install/moveit_common:/opt/ros/humble LD_LIBRARY_PATH=/home/user/aiot_robot_project/project_shin/install/moveit_simple_controller_manager/lib:/home/user/aiot_robot_project/project_shin/install/moveit_core/lib:/home/user/aiot_robot_project/project_shin/install/srdfdom/lib:${LD_LIBRARY_PATH} PATH=/home/user/aiot_robot_project/project_shin/install/moveit_core/bin:${PATH} PYTHONPATH=/home/user/aiot_robot_project/project_shin/install/srdfdom/local/lib/python3.10/dist-packages:${PYTHONPATH} /usr/bin/cmake --build /home/user/aiot_robot_project/project_shin/build/moveit_ros_control_interface -- -j4 -l4
[101.731s] Invoking command in '/home/user/aiot_robot_project/project_shin/build/moveit_ros_control_interface': AMENT_PREFIX_PATH=/home/user/aiot_robot_project/project_shin/install/moveit_simple_controller_manager:/home/user/aiot_robot_project/project_shin/install/moveit_core:/home/user/aiot_robot_project/project_shin/install/moveit_resources_panda_moveit_config:/home/user/aiot_robot_project/project_shin/install/srdfdom:/home/user/aiot_robot_project/project_shin/install/moveit_resources_pr2_description:/home/user/aiot_robot_project/project_shin/install/moveit_resources_panda_description:/home/user/aiot_robot_project/project_shin/install/moveit_common:${AMENT_PREFIX_PATH} CMAKE_PREFIX_PATH=/home/user/aiot_robot_project/project_shin/install/moveit_simple_controller_manager:/home/user/aiot_robot_project/project_shin/install/moveit_core:/home/user/aiot_robot_project/project_shin/install/moveit_resources_panda_moveit_config:/home/user/aiot_robot_project/project_shin/install/srdfdom:/home/user/aiot_robot_project/project_shin/install/moveit_resources_pr2_description:/home/user/aiot_robot_project/project_shin/install/moveit_resources_panda_description:/home/user/aiot_robot_project/project_shin/install/moveit_common:/opt/ros/humble LD_LIBRARY_PATH=/home/user/aiot_robot_project/project_shin/install/moveit_simple_controller_manager/lib:/home/user/aiot_robot_project/project_shin/install/moveit_core/lib:/home/user/aiot_robot_project/project_shin/install/srdfdom/lib:${LD_LIBRARY_PATH} PATH=/home/user/aiot_robot_project/project_shin/install/moveit_core/bin:${PATH} PYTHONPATH=/home/user/aiot_robot_project/project_shin/install/srdfdom/local/lib/python3.10/dist-packages:${PYTHONPATH} /usr/bin/cmake --install /home/user/aiot_robot_project/project_shin/build/moveit_ros_control_interface
[101.778s] -- Install configuration: "Release"
[101.778s] -- Installing: /home/user/aiot_robot_project/project_shin/install/moveit_ros_control_interface/lib/libmoveit_ros_control_interface_plugin.so.2.5.6
[101.786s] -- Set runtime path of "/home/user/aiot_robot_project/project_shin/install/moveit_ros_control_interface/lib/libmoveit_ros_control_interface_plugin.so.2.5.6" to ""
[101.789s] -- Installing: /home/user/aiot_robot_project/project_shin/install/moveit_ros_control_interface/lib/libmoveit_ros_control_interface_plugin.so
[101.794s] -- Installing: /home/user/aiot_robot_project/project_shin/install/moveit_ros_control_interface/lib/libmoveit_ros_control_interface_trajectory_plugin.so.2.5.6
[101.798s] -- Set runtime path of "/home/user/aiot_robot_project/project_shin/install/moveit_ros_control_interface/lib/libmoveit_ros_control_interface_trajectory_plugin.so.2.5.6" to ""
[101.798s] -- Installing: /home/user/aiot_robot_project/project_shin/install/moveit_ros_control_interface/lib/libmoveit_ros_control_interface_trajectory_plugin.so
[101.798s] -- Installing: /home/user/aiot_robot_project/project_shin/install/moveit_ros_control_interface/lib/libmoveit_ros_control_interface_gripper_plugin.so.2.5.6
[101.806s] -- Set runtime path of "/home/user/aiot_robot_project/project_shin/install/moveit_ros_control_interface/lib/libmoveit_ros_control_interface_gripper_plugin.so.2.5.6" to ""
[101.807s] -- Installing: /home/user/aiot_robot_project/project_shin/install/moveit_ros_control_interface/lib/libmoveit_ros_control_interface_gripper_plugin.so
[101.807s] -- Installing: /home/user/aiot_robot_project/project_shin/install/moveit_ros_control_interface/lib/libmoveit_ros_control_interface_empty_plugin.so.2.5.6
[101.808s] -- Set runtime path of "/home/user/aiot_robot_project/project_shin/install/moveit_ros_control_interface/lib/libmoveit_ros_control_interface_empty_plugin.so.2.5.6" to ""
[101.809s] -- Installing: /home/user/aiot_robot_project/project_shin/install/moveit_ros_control_interface/lib/libmoveit_ros_control_interface_empty_plugin.so
[101.809s] -- Installing: /home/user/aiot_robot_project/project_shin/install/moveit_ros_control_interface/include
[101.809s] -- Installing: /home/user/aiot_robot_project/project_shin/install/moveit_ros_control_interface/include/moveit_ros_control_interface
[101.810s] -- Installing: /home/user/aiot_robot_project/project_shin/install/moveit_ros_control_interface/include/moveit_ros_control_interface/ControllerHandle.h
[101.815s] -- Installing: /home/user/aiot_robot_project/project_shin/install/moveit_ros_control_interface/share/moveit_ros_control_interface/moveit_core_plugins.xml
[101.833s] -- Installing: /home/user/aiot_robot_project/project_shin/install/moveit_ros_control_interface/share/moveit_ros_control_interface/moveit_ros_control_interface_plugins.xml
[101.834s] -- Installing: /home/user/aiot_robot_project/project_shin/install/moveit_ros_control_interface/share/moveit_ros_control_interface/environment/library_path.sh
[101.834s] -- Installing: /home/user/aiot_robot_project/project_shin/install/moveit_ros_control_interface/share/moveit_ros_control_interface/environment/library_path.dsv
[101.834s] -- Installing: /home/user/aiot_robot_project/project_shin/install/moveit_ros_control_interface/share/ament_index/resource_index/package_run_dependencies/moveit_ros_control_interface
[101.839s] -- Installing: /home/user/aiot_robot_project/project_shin/install/moveit_ros_control_interface/share/ament_index/resource_index/parent_prefix_path/moveit_ros_control_interface
[101.839s] -- Installing: /home/user/aiot_robot_project/project_shin/install/moveit_ros_control_interface/share/moveit_ros_control_interface/environment/ament_prefix_path.sh
[101.840s] -- Installing: /home/user/aiot_robot_project/project_shin/install/moveit_ros_control_interface/share/moveit_ros_control_interface/environment/ament_prefix_path.dsv
[101.840s] -- Installing: /home/user/aiot_robot_project/project_shin/install/moveit_ros_control_interface/share/moveit_ros_control_interface/environment/path.sh
[101.842s] -- Installing: /home/user/aiot_robot_project/project_shin/install/moveit_ros_control_interface/share/moveit_ros_control_interface/environment/path.dsv
[101.843s] -- Installing: /home/user/aiot_robot_project/project_shin/install/moveit_ros_control_interface/share/moveit_ros_control_interface/local_setup.bash
[101.845s] -- Installing: /home/user/aiot_robot_project/project_shin/install/moveit_ros_control_interface/share/moveit_ros_control_interface/local_setup.sh
[101.845s] -- Installing: /home/user/aiot_robot_project/project_shin/install/moveit_ros_control_interface/share/moveit_ros_control_interface/local_setup.zsh
[101.846s] -- Installing: /home/user/aiot_robot_project/project_shin/install/moveit_ros_control_interface/share/moveit_ros_control_interface/local_setup.dsv
[101.846s] -- Installing: /home/user/aiot_robot_project/project_shin/install/moveit_ros_control_interface/share/moveit_ros_control_interface/package.dsv
[101.847s] -- Installing: /home/user/aiot_robot_project/project_shin/install/moveit_ros_control_interface/share/ament_index/resource_index/packages/moveit_ros_control_interface
[101.851s] -- Installing: /home/user/aiot_robot_project/project_shin/install/moveit_ros_control_interface/share/ament_index/resource_index/moveit_core__pluginlib__plugin/moveit_ros_control_interface
[101.851s] -- Installing: /home/user/aiot_robot_project/project_shin/install/moveit_ros_control_interface/share/ament_index/resource_index/moveit_ros_control_interface__pluginlib__plugin/moveit_ros_control_interface
[101.852s] -- Installing: /home/user/aiot_robot_project/project_shin/install/moveit_ros_control_interface/share/moveit_ros_control_interface/cmake/export_moveit_ros_control_interfaceExport.cmake
[101.852s] -- Installing: /home/user/aiot_robot_project/project_shin/install/moveit_ros_control_interface/share/moveit_ros_control_interface/cmake/export_moveit_ros_control_interfaceExport-release.cmake
[101.853s] -- Installing: /home/user/aiot_robot_project/project_shin/install/moveit_ros_control_interface/share/moveit_ros_control_interface/cmake/ConfigExtras.cmake
[101.856s] -- Installing: /home/user/aiot_robot_project/project_shin/install/moveit_ros_control_interface/share/moveit_ros_control_interface/cmake/ament_cmake_export_targets-extras.cmake
[101.856s] -- Installing: /home/user/aiot_robot_project/project_shin/install/moveit_ros_control_interface/share/moveit_ros_control_interface/cmake/ament_cmake_export_dependencies-extras.cmake
[101.860s] -- Installing: /home/user/aiot_robot_project/project_shin/install/moveit_ros_control_interface/share/moveit_ros_control_interface/cmake/moveit_ros_control_interfaceConfig.cmake
[101.860s] -- Installing: /home/user/aiot_robot_project/project_shin/install/moveit_ros_control_interface/share/moveit_ros_control_interface/cmake/moveit_ros_control_interfaceConfig-version.cmake
[101.860s] -- Installing: /home/user/aiot_robot_project/project_shin/install/moveit_ros_control_interface/share/moveit_ros_control_interface/package.xml
[101.872s] Invoked command in '/home/user/aiot_robot_project/project_shin/build/moveit_ros_control_interface' returned '0': AMENT_PREFIX_PATH=/home/user/aiot_robot_project/project_shin/install/moveit_simple_controller_manager:/home/user/aiot_robot_project/project_shin/install/moveit_core:/home/user/aiot_robot_project/project_shin/install/moveit_resources_panda_moveit_config:/home/user/aiot_robot_project/project_shin/install/srdfdom:/home/user/aiot_robot_project/project_shin/install/moveit_resources_pr2_description:/home/user/aiot_robot_project/project_shin/install/moveit_resources_panda_description:/home/user/aiot_robot_project/project_shin/install/moveit_common:${AMENT_PREFIX_PATH} CMAKE_PREFIX_PATH=/home/user/aiot_robot_project/project_shin/install/moveit_simple_controller_manager:/home/user/aiot_robot_project/project_shin/install/moveit_core:/home/user/aiot_robot_project/project_shin/install/moveit_resources_panda_moveit_config:/home/user/aiot_robot_project/project_shin/install/srdfdom:/home/user/aiot_robot_project/project_shin/install/moveit_resources_pr2_description:/home/user/aiot_robot_project/project_shin/install/moveit_resources_panda_description:/home/user/aiot_robot_project/project_shin/install/moveit_common:/opt/ros/humble LD_LIBRARY_PATH=/home/user/aiot_robot_project/project_shin/install/moveit_simple_controller_manager/lib:/home/user/aiot_robot_project/project_shin/install/moveit_core/lib:/home/user/aiot_robot_project/project_shin/install/srdfdom/lib:${LD_LIBRARY_PATH} PATH=/home/user/aiot_robot_project/project_shin/install/moveit_core/bin:${PATH} PYTHONPATH=/home/user/aiot_robot_project/project_shin/install/srdfdom/local/lib/python3.10/dist-packages:${PYTHONPATH} /usr/bin/cmake --install /home/user/aiot_robot_project/project_shin/build/moveit_ros_control_interface
