[0.058s] Invoking command in '/home/user/aiot_robot_project/project_shin/build/moveit_chomp_optimizer_adapter': AMENT_PREFIX_PATH=/home/user/aiot_robot_project/project_shin/install/chomp_motion_planner:/home/user/aiot_robot_project/project_shin/install/moveit_core:/home/user/aiot_robot_project/project_shin/install/moveit_resources_panda_moveit_config:/home/user/aiot_robot_project/project_shin/install/srdfdom:/home/user/aiot_robot_project/project_shin/install/moveit_resources_pr2_description:/home/user/aiot_robot_project/project_shin/install/moveit_resources_panda_description:/home/user/aiot_robot_project/project_shin/install/moveit_common:${AMENT_PREFIX_PATH} CMAKE_PREFIX_PATH=/home/user/aiot_robot_project/project_shin/install/chomp_motion_planner:/home/user/aiot_robot_project/project_shin/install/moveit_core:/home/user/aiot_robot_project/project_shin/install/moveit_resources_panda_moveit_config:/home/user/aiot_robot_project/project_shin/install/srdfdom:/home/user/aiot_robot_project/project_shin/install/moveit_resources_pr2_description:/home/user/aiot_robot_project/project_shin/install/moveit_resources_panda_description:/home/user/aiot_robot_project/project_shin/install/moveit_common:/opt/ros/humble LD_LIBRARY_PATH=/home/user/aiot_robot_project/project_shin/install/chomp_motion_planner/lib:/home/user/aiot_robot_project/project_shin/install/moveit_core/lib:/home/user/aiot_robot_project/project_shin/install/srdfdom/lib:${LD_LIBRARY_PATH} PATH=/home/user/aiot_robot_project/project_shin/install/moveit_core/bin:${PATH} PYTHONPATH=/home/user/aiot_robot_project/project_shin/install/srdfdom/local/lib/python3.10/dist-packages:${PYTHONPATH} /usr/bin/cmake /home/user/aiot_robot_project/project_shin/src/moveit2/moveit_planners/chomp/chomp_optimizer_adapter -DCMAKE_BUILD_TYPE=Release -DCMAKE_INSTALL_PREFIX=/home/user/aiot_robot_project/project_shin/install/moveit_chomp_optimizer_adapter
[0.243s] -- The C compiler identification is GNU 11.4.0
[0.446s] -- The CXX compiler identification is GNU 11.4.0
[0.466s] -- Detecting C compiler ABI info
[0.687s] -- Detecting C compiler ABI info - done
[0.723s] -- Check for working C compiler: /usr/bin/cc - skipped
[0.723s] -- Detecting C compile features
[0.725s] -- Detecting C compile features - done
[0.739s] -- Detecting CXX compiler ABI info
[1.017s] -- Detecting CXX compiler ABI info - done
[1.054s] -- Check for working CXX compiler: /usr/bin/c++ - skipped
[1.055s] -- Detecting CXX compile features
[1.055s] -- Detecting CXX compile features - done
[1.062s] -- Found moveit_common: 2.5.6 (/home/user/aiot_robot_project/project_shin/install/moveit_common/share/moveit_common/cmake)
[1.070s] -- Found ament_cmake: 1.3.10 (/opt/ros/humble/share/ament_cmake/cmake)
[1.523s] -- Found Python3: /usr/bin/python3 (found version "3.10.12") found components: Interpreter 
[2.023s] -- Found chomp_motion_planner: 2.5.6 (/home/user/aiot_robot_project/project_shin/install/chomp_motion_planner/share/chomp_motion_planner/cmake)
[2.026s] -- Found moveit_core: 2.5.6 (/home/user/aiot_robot_project/project_shin/install/moveit_core/share/moveit_core/cmake)
[2.587s] -- Found Boost: /usr/lib/x86_64-linux-gnu/cmake/Boost-1.74.0/BoostConfig.cmake (found version "1.74.0") found components: chrono date_time filesystem iostreams program_options regex serialization system thread 
[2.731s] -- Found parameter_traits: 0.3.9 (/opt/ros/humble/share/parameter_traits/cmake)
[2.840s] -- Found rosidl_generator_c: 3.1.5 (/opt/ros/humble/share/rosidl_generator_c/cmake)
[2.857s] -- Found rosidl_adapter: 3.1.5 (/opt/ros/humble/share/rosidl_adapter/cmake)
[2.882s] -- Found rosidl_generator_cpp: 3.1.5 (/opt/ros/humble/share/rosidl_generator_cpp/cmake)
[2.918s] -- Using all available rosidl_typesupport_c: rosidl_typesupport_fastrtps_c;rosidl_typesupport_introspection_c
[2.965s] -- Using all available rosidl_typesupport_cpp: rosidl_typesupport_fastrtps_cpp;rosidl_typesupport_introspection_cpp
[3.093s] -- Found rmw_implementation_cmake: 6.1.2 (/opt/ros/humble/share/rmw_implementation_cmake/cmake)
[3.102s] -- Found rmw_fastrtps_cpp: 6.2.7 (/opt/ros/humble/share/rmw_fastrtps_cpp/cmake)
[3.331s] -- Found OpenSSL: /usr/lib/x86_64-linux-gnu/libcrypto.so (found version "3.0.2")  
[3.384s] -- Found FastRTPS: /opt/ros/humble/include  
[3.474s] -- Using RMW implementation 'rmw_fastrtps_cpp' as default
[3.501s] -- Found Threads: TRUE  
[3.656s] -- Found Eigen3: TRUE (found version "3.4.0") 
[3.664s] -- Found rclcpp_lifecycle: 16.0.10 (/opt/ros/humble/share/rclcpp_lifecycle/cmake)
[3.728s] -- Found Boost: /usr/lib/x86_64-linux-gnu/cmake/Boost-1.74.0/BoostConfig.cmake (found version "1.74.0") found components: filesystem 
[4.000s] -- library: /usr/lib/x86_64-linux-gnu/libcurl.so
[4.175s] -- Ensuring Eigen3 include directory is part of orocos-kdl CMake target
[4.811s] -- Found ament_lint_auto: 0.12.11 (/opt/ros/humble/share/ament_lint_auto/cmake)
[4.847s] -- Added test 'cppcheck' to perform static code analysis on C / C++ code
[4.849s] -- Configured cppcheck include dirs: 
[4.849s] -- Configured cppcheck exclude dirs and/or files: 
[4.850s] -- Added test 'xmllint' to check XML markup files
[4.855s] -- Configuring done
[4.945s] -- Generating done
[4.977s] -- Build files have been written to: /home/user/aiot_robot_project/project_shin/build/moveit_chomp_optimizer_adapter
[5.018s] Invoked command in '/home/user/aiot_robot_project/project_shin/build/moveit_chomp_optimizer_adapter' returned '0': AMENT_PREFIX_PATH=/home/user/aiot_robot_project/project_shin/install/chomp_motion_planner:/home/user/aiot_robot_project/project_shin/install/moveit_core:/home/user/aiot_robot_project/project_shin/install/moveit_resources_panda_moveit_config:/home/user/aiot_robot_project/project_shin/install/srdfdom:/home/user/aiot_robot_project/project_shin/install/moveit_resources_pr2_description:/home/user/aiot_robot_project/project_shin/install/moveit_resources_panda_description:/home/user/aiot_robot_project/project_shin/install/moveit_common:${AMENT_PREFIX_PATH} CMAKE_PREFIX_PATH=/home/user/aiot_robot_project/project_shin/install/chomp_motion_planner:/home/user/aiot_robot_project/project_shin/install/moveit_core:/home/user/aiot_robot_project/project_shin/install/moveit_resources_panda_moveit_config:/home/user/aiot_robot_project/project_shin/install/srdfdom:/home/user/aiot_robot_project/project_shin/install/moveit_resources_pr2_description:/home/user/aiot_robot_project/project_shin/install/moveit_resources_panda_description:/home/user/aiot_robot_project/project_shin/install/moveit_common:/opt/ros/humble LD_LIBRARY_PATH=/home/user/aiot_robot_project/project_shin/install/chomp_motion_planner/lib:/home/user/aiot_robot_project/project_shin/install/moveit_core/lib:/home/user/aiot_robot_project/project_shin/install/srdfdom/lib:${LD_LIBRARY_PATH} PATH=/home/user/aiot_robot_project/project_shin/install/moveit_core/bin:${PATH} PYTHONPATH=/home/user/aiot_robot_project/project_shin/install/srdfdom/local/lib/python3.10/dist-packages:${PYTHONPATH} /usr/bin/cmake /home/user/aiot_robot_project/project_shin/src/moveit2/moveit_planners/chomp/chomp_optimizer_adapter -DCMAKE_BUILD_TYPE=Release -DCMAKE_INSTALL_PREFIX=/home/user/aiot_robot_project/project_shin/install/moveit_chomp_optimizer_adapter
[5.023s] Invoking command in '/home/user/aiot_robot_project/project_shin/build/moveit_chomp_optimizer_adapter': AMENT_PREFIX_PATH=/home/user/aiot_robot_project/project_shin/install/chomp_motion_planner:/home/user/aiot_robot_project/project_shin/install/moveit_core:/home/user/aiot_robot_project/project_shin/install/moveit_resources_panda_moveit_config:/home/user/aiot_robot_project/project_shin/install/srdfdom:/home/user/aiot_robot_project/project_shin/install/moveit_resources_pr2_description:/home/user/aiot_robot_project/project_shin/install/moveit_resources_panda_description:/home/user/aiot_robot_project/project_shin/install/moveit_common:${AMENT_PREFIX_PATH} CMAKE_PREFIX_PATH=/home/user/aiot_robot_project/project_shin/install/chomp_motion_planner:/home/user/aiot_robot_project/project_shin/install/moveit_core:/home/user/aiot_robot_project/project_shin/install/moveit_resources_panda_moveit_config:/home/user/aiot_robot_project/project_shin/install/srdfdom:/home/user/aiot_robot_project/project_shin/install/moveit_resources_pr2_description:/home/user/aiot_robot_project/project_shin/install/moveit_resources_panda_description:/home/user/aiot_robot_project/project_shin/install/moveit_common:/opt/ros/humble LD_LIBRARY_PATH=/home/user/aiot_robot_project/project_shin/install/chomp_motion_planner/lib:/home/user/aiot_robot_project/project_shin/install/moveit_core/lib:/home/user/aiot_robot_project/project_shin/install/srdfdom/lib:${LD_LIBRARY_PATH} PATH=/home/user/aiot_robot_project/project_shin/install/moveit_core/bin:${PATH} PYTHONPATH=/home/user/aiot_robot_project/project_shin/install/srdfdom/local/lib/python3.10/dist-packages:${PYTHONPATH} /usr/bin/cmake --build /home/user/aiot_robot_project/project_shin/build/moveit_chomp_optimizer_adapter -- -j4 -l4
[5.165s] [ 50%] [32mBuilding CXX object CMakeFiles/moveit_chomp_optimizer_adapter.dir/src/chomp_optimizer_adapter.cpp.o[0m
[41.642s] [100%] [32m[1mLinking CXX shared library libmoveit_chomp_optimizer_adapter.so[0m
[42.830s] [100%] Built target moveit_chomp_optimizer_adapter
[42.905s] Invoked command in '/home/user/aiot_robot_project/project_shin/build/moveit_chomp_optimizer_adapter' returned '0': AMENT_PREFIX_PATH=/home/user/aiot_robot_project/project_shin/install/chomp_motion_planner:/home/user/aiot_robot_project/project_shin/install/moveit_core:/home/user/aiot_robot_project/project_shin/install/moveit_resources_panda_moveit_config:/home/user/aiot_robot_project/project_shin/install/srdfdom:/home/user/aiot_robot_project/project_shin/install/moveit_resources_pr2_description:/home/user/aiot_robot_project/project_shin/install/moveit_resources_panda_description:/home/user/aiot_robot_project/project_shin/install/moveit_common:${AMENT_PREFIX_PATH} CMAKE_PREFIX_PATH=/home/user/aiot_robot_project/project_shin/install/chomp_motion_planner:/home/user/aiot_robot_project/project_shin/install/moveit_core:/home/user/aiot_robot_project/project_shin/install/moveit_resources_panda_moveit_config:/home/user/aiot_robot_project/project_shin/install/srdfdom:/home/user/aiot_robot_project/project_shin/install/moveit_resources_pr2_description:/home/user/aiot_robot_project/project_shin/install/moveit_resources_panda_description:/home/user/aiot_robot_project/project_shin/install/moveit_common:/opt/ros/humble LD_LIBRARY_PATH=/home/user/aiot_robot_project/project_shin/install/chomp_motion_planner/lib:/home/user/aiot_robot_project/project_shin/install/moveit_core/lib:/home/user/aiot_robot_project/project_shin/install/srdfdom/lib:${LD_LIBRARY_PATH} PATH=/home/user/aiot_robot_project/project_shin/install/moveit_core/bin:${PATH} PYTHONPATH=/home/user/aiot_robot_project/project_shin/install/srdfdom/local/lib/python3.10/dist-packages:${PYTHONPATH} /usr/bin/cmake --build /home/user/aiot_robot_project/project_shin/build/moveit_chomp_optimizer_adapter -- -j4 -l4
[42.906s] Invoking command in '/home/user/aiot_robot_project/project_shin/build/moveit_chomp_optimizer_adapter': AMENT_PREFIX_PATH=/home/user/aiot_robot_project/project_shin/install/chomp_motion_planner:/home/user/aiot_robot_project/project_shin/install/moveit_core:/home/user/aiot_robot_project/project_shin/install/moveit_resources_panda_moveit_config:/home/user/aiot_robot_project/project_shin/install/srdfdom:/home/user/aiot_robot_project/project_shin/install/moveit_resources_pr2_description:/home/user/aiot_robot_project/project_shin/install/moveit_resources_panda_description:/home/user/aiot_robot_project/project_shin/install/moveit_common:${AMENT_PREFIX_PATH} CMAKE_PREFIX_PATH=/home/user/aiot_robot_project/project_shin/install/chomp_motion_planner:/home/user/aiot_robot_project/project_shin/install/moveit_core:/home/user/aiot_robot_project/project_shin/install/moveit_resources_panda_moveit_config:/home/user/aiot_robot_project/project_shin/install/srdfdom:/home/user/aiot_robot_project/project_shin/install/moveit_resources_pr2_description:/home/user/aiot_robot_project/project_shin/install/moveit_resources_panda_description:/home/user/aiot_robot_project/project_shin/install/moveit_common:/opt/ros/humble LD_LIBRARY_PATH=/home/user/aiot_robot_project/project_shin/install/chomp_motion_planner/lib:/home/user/aiot_robot_project/project_shin/install/moveit_core/lib:/home/user/aiot_robot_project/project_shin/install/srdfdom/lib:${LD_LIBRARY_PATH} PATH=/home/user/aiot_robot_project/project_shin/install/moveit_core/bin:${PATH} PYTHONPATH=/home/user/aiot_robot_project/project_shin/install/srdfdom/local/lib/python3.10/dist-packages:${PYTHONPATH} /usr/bin/cmake --install /home/user/aiot_robot_project/project_shin/build/moveit_chomp_optimizer_adapter
[42.946s] -- Install configuration: "Release"
[42.951s] -- Installing: /home/user/aiot_robot_project/project_shin/install/moveit_chomp_optimizer_adapter/lib/libmoveit_chomp_optimizer_adapter.so.2.5.6
[42.952s] -- Set runtime path of "/home/user/aiot_robot_project/project_shin/install/moveit_chomp_optimizer_adapter/lib/libmoveit_chomp_optimizer_adapter.so.2.5.6" to ""
[42.957s] -- Installing: /home/user/aiot_robot_project/project_shin/install/moveit_chomp_optimizer_adapter/lib/libmoveit_chomp_optimizer_adapter.so
[42.958s] -- Installing: /home/user/aiot_robot_project/project_shin/install/moveit_chomp_optimizer_adapter/share/moveit_chomp_optimizer_adapter/environment/library_path.sh
[42.958s] -- Installing: /home/user/aiot_robot_project/project_shin/install/moveit_chomp_optimizer_adapter/share/moveit_chomp_optimizer_adapter/environment/library_path.dsv
[42.958s] -- Installing: /home/user/aiot_robot_project/project_shin/install/moveit_chomp_optimizer_adapter/share/moveit_chomp_optimizer_adapter/chomp_optimizer_adapter_plugin_description.xml
[42.982s] -- Installing: /home/user/aiot_robot_project/project_shin/install/moveit_chomp_optimizer_adapter/share/ament_index/resource_index/package_run_dependencies/moveit_chomp_optimizer_adapter
[42.983s] -- Installing: /home/user/aiot_robot_project/project_shin/install/moveit_chomp_optimizer_adapter/share/ament_index/resource_index/parent_prefix_path/moveit_chomp_optimizer_adapter
[42.983s] -- Installing: /home/user/aiot_robot_project/project_shin/install/moveit_chomp_optimizer_adapter/share/moveit_chomp_optimizer_adapter/environment/ament_prefix_path.sh
[42.983s] -- Installing: /home/user/aiot_robot_project/project_shin/install/moveit_chomp_optimizer_adapter/share/moveit_chomp_optimizer_adapter/environment/ament_prefix_path.dsv
[42.984s] -- Installing: /home/user/aiot_robot_project/project_shin/install/moveit_chomp_optimizer_adapter/share/moveit_chomp_optimizer_adapter/environment/path.sh
[42.984s] -- Installing: /home/user/aiot_robot_project/project_shin/install/moveit_chomp_optimizer_adapter/share/moveit_chomp_optimizer_adapter/environment/path.dsv
[42.987s] -- Installing: /home/user/aiot_robot_project/project_shin/install/moveit_chomp_optimizer_adapter/share/moveit_chomp_optimizer_adapter/local_setup.bash
[42.988s] -- Installing: /home/user/aiot_robot_project/project_shin/install/moveit_chomp_optimizer_adapter/share/moveit_chomp_optimizer_adapter/local_setup.sh
[42.988s] -- Installing: /home/user/aiot_robot_project/project_shin/install/moveit_chomp_optimizer_adapter/share/moveit_chomp_optimizer_adapter/local_setup.zsh
[42.988s] -- Installing: /home/user/aiot_robot_project/project_shin/install/moveit_chomp_optimizer_adapter/share/moveit_chomp_optimizer_adapter/local_setup.dsv
[42.988s] -- Installing: /home/user/aiot_robot_project/project_shin/install/moveit_chomp_optimizer_adapter/share/moveit_chomp_optimizer_adapter/package.dsv
[42.991s] -- Installing: /home/user/aiot_robot_project/project_shin/install/moveit_chomp_optimizer_adapter/share/ament_index/resource_index/packages/moveit_chomp_optimizer_adapter
[42.991s] -- Installing: /home/user/aiot_robot_project/project_shin/install/moveit_chomp_optimizer_adapter/share/ament_index/resource_index/moveit_core__pluginlib__plugin/moveit_chomp_optimizer_adapter
[42.992s] -- Installing: /home/user/aiot_robot_project/project_shin/install/moveit_chomp_optimizer_adapter/share/moveit_chomp_optimizer_adapter/cmake/moveit_chomp_optimizer_adapterTargetsExport.cmake
[42.995s] -- Installing: /home/user/aiot_robot_project/project_shin/install/moveit_chomp_optimizer_adapter/share/moveit_chomp_optimizer_adapter/cmake/moveit_chomp_optimizer_adapterTargetsExport-release.cmake
[42.996s] -- Installing: /home/user/aiot_robot_project/project_shin/install/moveit_chomp_optimizer_adapter/share/moveit_chomp_optimizer_adapter/cmake/ament_cmake_export_targets-extras.cmake
[42.997s] -- Installing: /home/user/aiot_robot_project/project_shin/install/moveit_chomp_optimizer_adapter/share/moveit_chomp_optimizer_adapter/cmake/moveit_chomp_optimizer_adapterConfig.cmake
[42.997s] -- Installing: /home/user/aiot_robot_project/project_shin/install/moveit_chomp_optimizer_adapter/share/moveit_chomp_optimizer_adapter/cmake/moveit_chomp_optimizer_adapterConfig-version.cmake
[42.998s] -- Installing: /home/user/aiot_robot_project/project_shin/install/moveit_chomp_optimizer_adapter/share/moveit_chomp_optimizer_adapter/package.xml
[43.005s] Invoked command in '/home/user/aiot_robot_project/project_shin/build/moveit_chomp_optimizer_adapter' returned '0': AMENT_PREFIX_PATH=/home/user/aiot_robot_project/project_shin/install/chomp_motion_planner:/home/user/aiot_robot_project/project_shin/install/moveit_core:/home/user/aiot_robot_project/project_shin/install/moveit_resources_panda_moveit_config:/home/user/aiot_robot_project/project_shin/install/srdfdom:/home/user/aiot_robot_project/project_shin/install/moveit_resources_pr2_description:/home/user/aiot_robot_project/project_shin/install/moveit_resources_panda_description:/home/user/aiot_robot_project/project_shin/install/moveit_common:${AMENT_PREFIX_PATH} CMAKE_PREFIX_PATH=/home/user/aiot_robot_project/project_shin/install/chomp_motion_planner:/home/user/aiot_robot_project/project_shin/install/moveit_core:/home/user/aiot_robot_project/project_shin/install/moveit_resources_panda_moveit_config:/home/user/aiot_robot_project/project_shin/install/srdfdom:/home/user/aiot_robot_project/project_shin/install/moveit_resources_pr2_description:/home/user/aiot_robot_project/project_shin/install/moveit_resources_panda_description:/home/user/aiot_robot_project/project_shin/install/moveit_common:/opt/ros/humble LD_LIBRARY_PATH=/home/user/aiot_robot_project/project_shin/install/chomp_motion_planner/lib:/home/user/aiot_robot_project/project_shin/install/moveit_core/lib:/home/user/aiot_robot_project/project_shin/install/srdfdom/lib:${LD_LIBRARY_PATH} PATH=/home/user/aiot_robot_project/project_shin/install/moveit_core/bin:${PATH} PYTHONPATH=/home/user/aiot_robot_project/project_shin/install/srdfdom/local/lib/python3.10/dist-packages:${PYTHONPATH} /usr/bin/cmake --install /home/user/aiot_robot_project/project_shin/build/moveit_chomp_optimizer_adapter
