[0.076s] Invoking command in '/home/user/aiot_robot_project/project_shin/build/chomp_motion_planner': AMENT_PREFIX_PATH=/home/user/aiot_robot_project/project_shin/install/moveit_core:/home/user/aiot_robot_project/project_shin/install/moveit_resources_panda_moveit_config:/home/user/aiot_robot_project/project_shin/install/srdfdom:/home/user/aiot_robot_project/project_shin/install/moveit_resources_pr2_description:/home/user/aiot_robot_project/project_shin/install/moveit_resources_panda_description:/home/user/aiot_robot_project/project_shin/install/moveit_common:${AMENT_PREFIX_PATH} CMAKE_PREFIX_PATH=/home/user/aiot_robot_project/project_shin/install/moveit_core:/home/user/aiot_robot_project/project_shin/install/moveit_resources_panda_moveit_config:/home/user/aiot_robot_project/project_shin/install/srdfdom:/home/user/aiot_robot_project/project_shin/install/moveit_resources_pr2_description:/home/user/aiot_robot_project/project_shin/install/moveit_resources_panda_description:/home/user/aiot_robot_project/project_shin/install/moveit_common:/opt/ros/humble LD_LIBRARY_PATH=/home/user/aiot_robot_project/project_shin/install/moveit_core/lib:/home/user/aiot_robot_project/project_shin/install/srdfdom/lib:${LD_LIBRARY_PATH} PATH=/home/user/aiot_robot_project/project_shin/install/moveit_core/bin:${PATH} PYTHONPATH=/home/user/aiot_robot_project/project_shin/install/srdfdom/local/lib/python3.10/dist-packages:${PYTHONPATH} /usr/bin/cmake /home/user/aiot_robot_project/project_shin/src/moveit2/moveit_planners/chomp/chomp_motion_planner -DCMAKE_BUILD_TYPE=Release -DCMAKE_INSTALL_PREFIX=/home/user/aiot_robot_project/project_shin/install/chomp_motion_planner
[0.335s] -- The C compiler identification is GNU 11.4.0
[0.528s] -- The CXX compiler identification is GNU 11.4.0
[0.549s] -- Detecting C compiler ABI info
[0.861s] -- Detecting C compiler ABI info - done
[0.879s] -- Check for working C compiler: /usr/bin/cc - skipped
[0.881s] -- Detecting C compile features
[0.883s] -- Detecting C compile features - done
[0.894s] -- Detecting CXX compiler ABI info
[1.190s] -- Detecting CXX compiler ABI info - done
[1.202s] -- Check for working CXX compiler: /usr/bin/c++ - skipped
[1.203s] -- Detecting CXX compile features
[1.204s] -- Detecting CXX compile features - done
[1.213s] -- Found moveit_common: 2.5.6 (/home/user/aiot_robot_project/project_shin/install/moveit_common/share/moveit_common/cmake)
[1.219s] -- Found ament_cmake: 1.3.10 (/opt/ros/humble/share/ament_cmake/cmake)
[1.654s] -- Found Python3: /usr/bin/python3 (found version "3.10.12") found components: Interpreter 
[2.124s] -- Found moveit_core: 2.5.6 (/home/user/aiot_robot_project/project_shin/install/moveit_core/share/moveit_core/cmake)
[2.883s] -- Found Boost: /usr/lib/x86_64-linux-gnu/cmake/Boost-1.74.0/BoostConfig.cmake (found version "1.74.0") found components: chrono date_time filesystem iostreams program_options regex serialization system thread 
[3.061s] -- Found parameter_traits: 0.3.9 (/opt/ros/humble/share/parameter_traits/cmake)
[3.188s] -- Found rosidl_generator_c: 3.1.5 (/opt/ros/humble/share/rosidl_generator_c/cmake)
[3.208s] -- Found rosidl_adapter: 3.1.5 (/opt/ros/humble/share/rosidl_adapter/cmake)
[3.236s] -- Found rosidl_generator_cpp: 3.1.5 (/opt/ros/humble/share/rosidl_generator_cpp/cmake)
[3.283s] -- Using all available rosidl_typesupport_c: rosidl_typesupport_fastrtps_c;rosidl_typesupport_introspection_c
[3.337s] -- Using all available rosidl_typesupport_cpp: rosidl_typesupport_fastrtps_cpp;rosidl_typesupport_introspection_cpp
[3.521s] -- Found rmw_implementation_cmake: 6.1.2 (/opt/ros/humble/share/rmw_implementation_cmake/cmake)
[3.530s] -- Found rmw_fastrtps_cpp: 6.2.7 (/opt/ros/humble/share/rmw_fastrtps_cpp/cmake)
[3.813s] -- Found OpenSSL: /usr/lib/x86_64-linux-gnu/libcrypto.so (found version "3.0.2")  
[3.894s] -- Found FastRTPS: /opt/ros/humble/include  
[4.019s] -- Using RMW implementation 'rmw_fastrtps_cpp' as default
[4.065s] -- Found Threads: TRUE  
[4.235s] -- Found Eigen3: TRUE (found version "3.4.0") 
[4.244s] -- Found rclcpp_lifecycle: 16.0.10 (/opt/ros/humble/share/rclcpp_lifecycle/cmake)
[4.332s] -- Found Boost: /usr/lib/x86_64-linux-gnu/cmake/Boost-1.74.0/BoostConfig.cmake (found version "1.74.0") found components: filesystem 
[4.633s] -- library: /usr/lib/x86_64-linux-gnu/libcurl.so
[4.851s] -- Ensuring Eigen3 include directory is part of orocos-kdl CMake target
[5.684s] -- Found ament_lint_auto: 0.12.11 (/opt/ros/humble/share/ament_lint_auto/cmake)
[5.739s] -- Added test 'cppcheck' to perform static code analysis on C / C++ code
[5.739s] -- Configured cppcheck include dirs: /home/user/aiot_robot_project/project_shin/src/moveit2/moveit_planners/chomp/chomp_motion_planner/include
[5.739s] -- Configured cppcheck exclude dirs and/or files: 
[5.742s] -- Added test 'xmllint' to check XML markup files
[5.759s] -- Configuring done
[5.896s] -- Generating done
[5.950s] -- Build files have been written to: /home/user/aiot_robot_project/project_shin/build/chomp_motion_planner
[5.998s] Invoked command in '/home/user/aiot_robot_project/project_shin/build/chomp_motion_planner' returned '0': AMENT_PREFIX_PATH=/home/user/aiot_robot_project/project_shin/install/moveit_core:/home/user/aiot_robot_project/project_shin/install/moveit_resources_panda_moveit_config:/home/user/aiot_robot_project/project_shin/install/srdfdom:/home/user/aiot_robot_project/project_shin/install/moveit_resources_pr2_description:/home/user/aiot_robot_project/project_shin/install/moveit_resources_panda_description:/home/user/aiot_robot_project/project_shin/install/moveit_common:${AMENT_PREFIX_PATH} CMAKE_PREFIX_PATH=/home/user/aiot_robot_project/project_shin/install/moveit_core:/home/user/aiot_robot_project/project_shin/install/moveit_resources_panda_moveit_config:/home/user/aiot_robot_project/project_shin/install/srdfdom:/home/user/aiot_robot_project/project_shin/install/moveit_resources_pr2_description:/home/user/aiot_robot_project/project_shin/install/moveit_resources_panda_description:/home/user/aiot_robot_project/project_shin/install/moveit_common:/opt/ros/humble LD_LIBRARY_PATH=/home/user/aiot_robot_project/project_shin/install/moveit_core/lib:/home/user/aiot_robot_project/project_shin/install/srdfdom/lib:${LD_LIBRARY_PATH} PATH=/home/user/aiot_robot_project/project_shin/install/moveit_core/bin:${PATH} PYTHONPATH=/home/user/aiot_robot_project/project_shin/install/srdfdom/local/lib/python3.10/dist-packages:${PYTHONPATH} /usr/bin/cmake /home/user/aiot_robot_project/project_shin/src/moveit2/moveit_planners/chomp/chomp_motion_planner -DCMAKE_BUILD_TYPE=Release -DCMAKE_INSTALL_PREFIX=/home/user/aiot_robot_project/project_shin/install/chomp_motion_planner
[6.005s] Invoking command in '/home/user/aiot_robot_project/project_shin/build/chomp_motion_planner': AMENT_PREFIX_PATH=/home/user/aiot_robot_project/project_shin/install/moveit_core:/home/user/aiot_robot_project/project_shin/install/moveit_resources_panda_moveit_config:/home/user/aiot_robot_project/project_shin/install/srdfdom:/home/user/aiot_robot_project/project_shin/install/moveit_resources_pr2_description:/home/user/aiot_robot_project/project_shin/install/moveit_resources_panda_description:/home/user/aiot_robot_project/project_shin/install/moveit_common:${AMENT_PREFIX_PATH} CMAKE_PREFIX_PATH=/home/user/aiot_robot_project/project_shin/install/moveit_core:/home/user/aiot_robot_project/project_shin/install/moveit_resources_panda_moveit_config:/home/user/aiot_robot_project/project_shin/install/srdfdom:/home/user/aiot_robot_project/project_shin/install/moveit_resources_pr2_description:/home/user/aiot_robot_project/project_shin/install/moveit_resources_panda_description:/home/user/aiot_robot_project/project_shin/install/moveit_common:/opt/ros/humble LD_LIBRARY_PATH=/home/user/aiot_robot_project/project_shin/install/moveit_core/lib:/home/user/aiot_robot_project/project_shin/install/srdfdom/lib:${LD_LIBRARY_PATH} PATH=/home/user/aiot_robot_project/project_shin/install/moveit_core/bin:${PATH} PYTHONPATH=/home/user/aiot_robot_project/project_shin/install/srdfdom/local/lib/python3.10/dist-packages:${PYTHONPATH} /usr/bin/cmake --build /home/user/aiot_robot_project/project_shin/build/chomp_motion_planner -- -j4 -l4
[6.176s] [ 16%] [32mBuilding CXX object CMakeFiles/chomp_motion_planner.dir/src/chomp_cost.cpp.o[0m
[43.144s] [ 33%] [32mBuilding CXX object CMakeFiles/chomp_motion_planner.dir/src/chomp_optimizer.cpp.o[0m
[98.804s] [ 50%] [32mBuilding CXX object CMakeFiles/chomp_motion_planner.dir/src/chomp_planner.cpp.o[0m
[146.996s] [ 66%] [32mBuilding CXX object CMakeFiles/chomp_motion_planner.dir/src/chomp_trajectory.cpp.o[0m
[167.740s] [ 83%] [32mBuilding CXX object CMakeFiles/chomp_motion_planner.dir/src/chomp_parameters.cpp.o[0m
[169.258s] [100%] [32m[1mLinking CXX shared library libchomp_motion_planner.so[0m
[170.222s] [100%] Built target chomp_motion_planner
[170.250s] Invoked command in '/home/user/aiot_robot_project/project_shin/build/chomp_motion_planner' returned '0': AMENT_PREFIX_PATH=/home/user/aiot_robot_project/project_shin/install/moveit_core:/home/user/aiot_robot_project/project_shin/install/moveit_resources_panda_moveit_config:/home/user/aiot_robot_project/project_shin/install/srdfdom:/home/user/aiot_robot_project/project_shin/install/moveit_resources_pr2_description:/home/user/aiot_robot_project/project_shin/install/moveit_resources_panda_description:/home/user/aiot_robot_project/project_shin/install/moveit_common:${AMENT_PREFIX_PATH} CMAKE_PREFIX_PATH=/home/user/aiot_robot_project/project_shin/install/moveit_core:/home/user/aiot_robot_project/project_shin/install/moveit_resources_panda_moveit_config:/home/user/aiot_robot_project/project_shin/install/srdfdom:/home/user/aiot_robot_project/project_shin/install/moveit_resources_pr2_description:/home/user/aiot_robot_project/project_shin/install/moveit_resources_panda_description:/home/user/aiot_robot_project/project_shin/install/moveit_common:/opt/ros/humble LD_LIBRARY_PATH=/home/user/aiot_robot_project/project_shin/install/moveit_core/lib:/home/user/aiot_robot_project/project_shin/install/srdfdom/lib:${LD_LIBRARY_PATH} PATH=/home/user/aiot_robot_project/project_shin/install/moveit_core/bin:${PATH} PYTHONPATH=/home/user/aiot_robot_project/project_shin/install/srdfdom/local/lib/python3.10/dist-packages:${PYTHONPATH} /usr/bin/cmake --build /home/user/aiot_robot_project/project_shin/build/chomp_motion_planner -- -j4 -l4
[170.255s] Invoking command in '/home/user/aiot_robot_project/project_shin/build/chomp_motion_planner': AMENT_PREFIX_PATH=/home/user/aiot_robot_project/project_shin/install/moveit_core:/home/user/aiot_robot_project/project_shin/install/moveit_resources_panda_moveit_config:/home/user/aiot_robot_project/project_shin/install/srdfdom:/home/user/aiot_robot_project/project_shin/install/moveit_resources_pr2_description:/home/user/aiot_robot_project/project_shin/install/moveit_resources_panda_description:/home/user/aiot_robot_project/project_shin/install/moveit_common:${AMENT_PREFIX_PATH} CMAKE_PREFIX_PATH=/home/user/aiot_robot_project/project_shin/install/moveit_core:/home/user/aiot_robot_project/project_shin/install/moveit_resources_panda_moveit_config:/home/user/aiot_robot_project/project_shin/install/srdfdom:/home/user/aiot_robot_project/project_shin/install/moveit_resources_pr2_description:/home/user/aiot_robot_project/project_shin/install/moveit_resources_panda_description:/home/user/aiot_robot_project/project_shin/install/moveit_common:/opt/ros/humble LD_LIBRARY_PATH=/home/user/aiot_robot_project/project_shin/install/moveit_core/lib:/home/user/aiot_robot_project/project_shin/install/srdfdom/lib:${LD_LIBRARY_PATH} PATH=/home/user/aiot_robot_project/project_shin/install/moveit_core/bin:${PATH} PYTHONPATH=/home/user/aiot_robot_project/project_shin/install/srdfdom/local/lib/python3.10/dist-packages:${PYTHONPATH} /usr/bin/cmake --install /home/user/aiot_robot_project/project_shin/build/chomp_motion_planner
[170.274s] -- Install configuration: "Release"
[170.275s] -- Installing: /home/user/aiot_robot_project/project_shin/install/chomp_motion_planner/lib/libchomp_motion_planner.so.2.5.6
[170.278s] -- Set runtime path of "/home/user/aiot_robot_project/project_shin/install/chomp_motion_planner/lib/libchomp_motion_planner.so.2.5.6" to ""
[170.278s] -- Installing: /home/user/aiot_robot_project/project_shin/install/chomp_motion_planner/lib/libchomp_motion_planner.so
[170.278s] -- Installing: /home/user/aiot_robot_project/project_shin/install/chomp_motion_planner/include
[170.279s] -- Installing: /home/user/aiot_robot_project/project_shin/install/chomp_motion_planner/include/chomp_motion_planner
[170.279s] -- Installing: /home/user/aiot_robot_project/project_shin/install/chomp_motion_planner/include/chomp_motion_planner/multivariate_gaussian.h
[170.281s] -- Installing: /home/user/aiot_robot_project/project_shin/install/chomp_motion_planner/include/chomp_motion_planner/chomp_utils.h
[170.283s] -- Installing: /home/user/aiot_robot_project/project_shin/install/chomp_motion_planner/include/chomp_motion_planner/chomp_trajectory.h
[170.286s] -- Installing: /home/user/aiot_robot_project/project_shin/install/chomp_motion_planner/include/chomp_motion_planner/chomp_cost.h
[170.287s] -- Installing: /home/user/aiot_robot_project/project_shin/install/chomp_motion_planner/include/chomp_motion_planner/chomp_planner.h
[170.287s] -- Installing: /home/user/aiot_robot_project/project_shin/install/chomp_motion_planner/include/chomp_motion_planner/chomp_optimizer.h
[170.290s] -- Installing: /home/user/aiot_robot_project/project_shin/install/chomp_motion_planner/include/chomp_motion_planner/chomp_parameters.h
[170.290s] -- Installing: /home/user/aiot_robot_project/project_shin/install/chomp_motion_planner/share/chomp_motion_planner/environment/library_path.sh
[170.291s] -- Installing: /home/user/aiot_robot_project/project_shin/install/chomp_motion_planner/share/chomp_motion_planner/environment/library_path.dsv
[170.291s] -- Installing: /home/user/aiot_robot_project/project_shin/install/chomp_motion_planner/share/ament_index/resource_index/package_run_dependencies/chomp_motion_planner
[170.292s] -- Installing: /home/user/aiot_robot_project/project_shin/install/chomp_motion_planner/share/ament_index/resource_index/parent_prefix_path/chomp_motion_planner
[170.294s] -- Installing: /home/user/aiot_robot_project/project_shin/install/chomp_motion_planner/share/chomp_motion_planner/environment/ament_prefix_path.sh
[170.294s] -- Installing: /home/user/aiot_robot_project/project_shin/install/chomp_motion_planner/share/chomp_motion_planner/environment/ament_prefix_path.dsv
[170.294s] -- Installing: /home/user/aiot_robot_project/project_shin/install/chomp_motion_planner/share/chomp_motion_planner/environment/path.sh
[170.295s] -- Installing: /home/user/aiot_robot_project/project_shin/install/chomp_motion_planner/share/chomp_motion_planner/environment/path.dsv
[170.295s] -- Installing: /home/user/aiot_robot_project/project_shin/install/chomp_motion_planner/share/chomp_motion_planner/local_setup.bash
[170.296s] -- Installing: /home/user/aiot_robot_project/project_shin/install/chomp_motion_planner/share/chomp_motion_planner/local_setup.sh
[170.296s] -- Installing: /home/user/aiot_robot_project/project_shin/install/chomp_motion_planner/share/chomp_motion_planner/local_setup.zsh
[170.297s] -- Installing: /home/user/aiot_robot_project/project_shin/install/chomp_motion_planner/share/chomp_motion_planner/local_setup.dsv
[170.297s] -- Installing: /home/user/aiot_robot_project/project_shin/install/chomp_motion_planner/share/chomp_motion_planner/package.dsv
[170.297s] -- Installing: /home/user/aiot_robot_project/project_shin/install/chomp_motion_planner/share/ament_index/resource_index/packages/chomp_motion_planner
[170.298s] -- Installing: /home/user/aiot_robot_project/project_shin/install/chomp_motion_planner/share/chomp_motion_planner/cmake/chomp_motion_plannerTargetsExport.cmake
[170.298s] -- Installing: /home/user/aiot_robot_project/project_shin/install/chomp_motion_planner/share/chomp_motion_planner/cmake/chomp_motion_plannerTargetsExport-release.cmake
[170.299s] -- Installing: /home/user/aiot_robot_project/project_shin/install/chomp_motion_planner/share/chomp_motion_planner/cmake/ament_cmake_export_targets-extras.cmake
[170.299s] -- Installing: /home/user/aiot_robot_project/project_shin/install/chomp_motion_planner/share/chomp_motion_planner/cmake/chomp_motion_plannerConfig.cmake
[170.299s] -- Installing: /home/user/aiot_robot_project/project_shin/install/chomp_motion_planner/share/chomp_motion_planner/cmake/chomp_motion_plannerConfig-version.cmake
[170.300s] -- Installing: /home/user/aiot_robot_project/project_shin/install/chomp_motion_planner/share/chomp_motion_planner/package.xml
[170.304s] Invoked command in '/home/user/aiot_robot_project/project_shin/build/chomp_motion_planner' returned '0': AMENT_PREFIX_PATH=/home/user/aiot_robot_project/project_shin/install/moveit_core:/home/user/aiot_robot_project/project_shin/install/moveit_resources_panda_moveit_config:/home/user/aiot_robot_project/project_shin/install/srdfdom:/home/user/aiot_robot_project/project_shin/install/moveit_resources_pr2_description:/home/user/aiot_robot_project/project_shin/install/moveit_resources_panda_description:/home/user/aiot_robot_project/project_shin/install/moveit_common:${AMENT_PREFIX_PATH} CMAKE_PREFIX_PATH=/home/user/aiot_robot_project/project_shin/install/moveit_core:/home/user/aiot_robot_project/project_shin/install/moveit_resources_panda_moveit_config:/home/user/aiot_robot_project/project_shin/install/srdfdom:/home/user/aiot_robot_project/project_shin/install/moveit_resources_pr2_description:/home/user/aiot_robot_project/project_shin/install/moveit_resources_panda_description:/home/user/aiot_robot_project/project_shin/install/moveit_common:/opt/ros/humble LD_LIBRARY_PATH=/home/user/aiot_robot_project/project_shin/install/moveit_core/lib:/home/user/aiot_robot_project/project_shin/install/srdfdom/lib:${LD_LIBRARY_PATH} PATH=/home/user/aiot_robot_project/project_shin/install/moveit_core/bin:${PATH} PYTHONPATH=/home/user/aiot_robot_project/project_shin/install/srdfdom/local/lib/python3.10/dist-packages:${PYTHONPATH} /usr/bin/cmake --install /home/user/aiot_robot_project/project_shin/build/chomp_motion_planner
