[0.034s] Invoking command in '/home/user/aiot_robot_project/project_shin/build/moveit_core': AMENT_PREFIX_PATH=/home/user/aiot_robot_project/project_shin/install/moveit_resources_panda_moveit_config:/home/user/aiot_robot_project/project_shin/install/srdfdom:/home/user/aiot_robot_project/project_shin/install/moveit_resources_pr2_description:/home/user/aiot_robot_project/project_shin/install/moveit_resources_panda_description:/home/user/aiot_robot_project/project_shin/install/moveit_common:${AMENT_PREFIX_PATH} CMAKE_PREFIX_PATH=/home/user/aiot_robot_project/project_shin/install/moveit_resources_panda_moveit_config:/home/user/aiot_robot_project/project_shin/install/srdfdom:/home/user/aiot_robot_project/project_shin/install/moveit_resources_pr2_description:/home/user/aiot_robot_project/project_shin/install/moveit_resources_panda_description:/home/user/aiot_robot_project/project_shin/install/moveit_common:/opt/ros/humble LD_LIBRARY_PATH=/home/user/aiot_robot_project/project_shin/install/srdfdom/lib:${LD_LIBRARY_PATH} PYTHONPATH=/home/user/aiot_robot_project/project_shin/install/srdfdom/local/lib/python3.10/dist-packages:${PYTHONPATH} /usr/bin/cmake /home/user/aiot_robot_project/project_shin/src/moveit2/moveit_core -DCMAKE_BUILD_TYPE=Release -DCMAKE_INSTALL_PREFIX=/home/user/aiot_robot_project/project_shin/install/moveit_core
[0.272s] -- The CXX compiler identification is GNU 11.4.0
[0.295s] -- Detecting CXX compiler ABI info
[0.611s] -- Detecting CXX compiler ABI info - done
[0.632s] -- Check for working CXX compiler: /usr/bin/c++ - skipped
[0.633s] -- Detecting CXX compile features
[0.636s] -- Detecting CXX compile features - done
[0.645s] -- Found moveit_common: 2.5.6 (/home/user/aiot_robot_project/project_shin/install/moveit_common/share/moveit_common/cmake)
[0.651s] -- Found ament_cmake: 1.3.10 (/opt/ros/humble/share/ament_cmake/cmake)
[1.127s] -- Found Python3: /usr/bin/python3 (found version "3.10.12") found components: Interpreter 
[1.623s] -- Found angles: 1.15.0 (/opt/ros/humble/share/angles/cmake)
[1.703s] -- Found Bullet: /usr/lib/x86_64-linux-gnu/libBulletDynamics.so (Required is at least version "2.87") 
[1.728s] -- Found common_interfaces: 4.2.4 (/opt/ros/humble/share/common_interfaces/cmake)
[1.732s] -- Found eigen_stl_containers: 1.0.0 (/opt/ros/humble/share/eigen_stl_containers/cmake)
[1.757s] -- Found eigen3_cmake_module: 0.1.1 (/opt/ros/humble/share/eigen3_cmake_module/cmake)
[1.774s] -- Found Eigen3: TRUE (found version "3.4.0") 
[1.787s] -- Found generate_parameter_library: 0.3.9 (/opt/ros/humble/share/generate_parameter_library/cmake)
[1.804s] -- Found parameter_traits: 0.3.9 (/opt/ros/humble/share/parameter_traits/cmake)
[1.925s] -- Found rosidl_generator_c: 3.1.5 (/opt/ros/humble/share/rosidl_generator_c/cmake)
[1.943s] -- Found rosidl_adapter: 3.1.5 (/opt/ros/humble/share/rosidl_adapter/cmake)
[1.971s] -- Found rosidl_generator_cpp: 3.1.5 (/opt/ros/humble/share/rosidl_generator_cpp/cmake)
[2.015s] -- Using all available rosidl_typesupport_c: rosidl_typesupport_fastrtps_c;rosidl_typesupport_introspection_c
[2.070s] -- Using all available rosidl_typesupport_cpp: rosidl_typesupport_fastrtps_cpp;rosidl_typesupport_introspection_cpp
[2.227s] -- Found rmw_implementation_cmake: 6.1.2 (/opt/ros/humble/share/rmw_implementation_cmake/cmake)
[2.237s] -- Found rmw_fastrtps_cpp: 6.2.7 (/opt/ros/humble/share/rmw_fastrtps_cpp/cmake)
[2.497s] -- Found OpenSSL: /usr/lib/x86_64-linux-gnu/libcrypto.so (found version "3.0.2")  
[2.559s] -- Found FastRTPS: /opt/ros/humble/include  
[2.669s] -- Using RMW implementation 'rmw_fastrtps_cpp' as default
[2.730s] -- Looking for C++ include pthread.h
[3.212s] -- Looking for C++ include pthread.h - found
[3.217s] -- Performing Test CMAKE_HAVE_LIBC_PTHREAD
[3.570s] -- Performing Test CMAKE_HAVE_LIBC_PTHREAD - Success
[3.578s] -- Found Threads: TRUE  
[3.783s] -- Found rclcpp_lifecycle: 16.0.10 (/opt/ros/humble/share/rclcpp_lifecycle/cmake)
[3.855s] -- Found geometric_shapes: 2.1.3 (/opt/ros/humble/share/geometric_shapes/cmake)
[3.884s] -- Found Boost: /usr/lib/x86_64-linux-gnu/cmake/Boost-1.74.0/BoostConfig.cmake (found version "1.74.0") found components: filesystem 
[4.175s] -- library: /usr/lib/x86_64-linux-gnu/libcurl.so
[4.338s] -- Found kdl_parser: 2.6.4 (/opt/ros/humble/share/kdl_parser/cmake)
[4.360s] -- Ensuring Eigen3 include directory is part of orocos-kdl CMake target
[4.372s] -- Found moveit_msgs: 2.2.1 (/opt/ros/humble/share/moveit_msgs/cmake)
[4.661s] -- Found pluginlib: 5.1.0 (/opt/ros/humble/share/pluginlib/cmake)
[4.707s] -- Found srdfdom: 2.0.7 (/home/user/aiot_robot_project/project_shin/install/srdfdom/share/srdfdom/cmake)
[4.739s] -- Found tf2_eigen: 0.25.8 (/opt/ros/humble/share/tf2_eigen/cmake)
[4.945s] -- Found tf2_geometry_msgs: 0.25.8 (/opt/ros/humble/share/tf2_geometry_msgs/cmake)
[4.958s] -- Found tf2_kdl: 0.25.8 (/opt/ros/humble/share/tf2_kdl/cmake)
[5.068s] -- Found Boost: /usr/lib/x86_64-linux-gnu/cmake/Boost-1.74.0/BoostConfig.cmake (found version "1.74.0") found components: chrono date_time filesystem iostreams program_options regex serialization system thread 
[5.072s] --  *** Building MoveIt 2.5.6-Alpha ***
[5.085s] -- Performing Test COMPILER_HAS_HIDDEN_VISIBILITY
[5.357s] -- Performing Test COMPILER_HAS_HIDDEN_VISIBILITY - Success
[5.358s] -- Performing Test COMPILER_HAS_HIDDEN_INLINE_VISIBILITY
[5.594s] -- Performing Test COMPILER_HAS_HIDDEN_INLINE_VISIBILITY - Success
[5.595s] -- Performing Test COMPILER_HAS_DEPRECATED_ATTR
[5.853s] -- Performing Test COMPILER_HAS_DEPRECATED_ATTR - Success
[5.867s] -- Found ament_cmake_gtest: 1.3.10 (/opt/ros/humble/share/ament_cmake_gtest/cmake)
[5.877s] -- Found gtest sources under '/opt/ros/humble/src/gtest_vendor': C++ tests using 'Google Test' will be built
[6.043s] -- The C compiler identification is GNU 11.4.0
[6.062s] -- Detecting C compiler ABI info
[6.308s] -- Detecting C compiler ABI info - done
[6.331s] -- Check for working C compiler: /usr/bin/cc - skipped
[6.332s] -- Detecting C compile features
[6.333s] -- Detecting C compile features - done
[6.368s] -- Found ament_cmake_gmock: 1.3.10 (/opt/ros/humble/share/ament_cmake_gmock/cmake)
[6.400s] -- Found gmock sources under '/opt/ros/humble/src/gmock_vendor': C++ tests using 'Google Mock' will be built
[6.410s] -- Found ament_cmake_gtest: 1.3.10 (/opt/ros/humble/share/ament_cmake_gtest/cmake)
[6.412s] -- Found gtest sources under '/opt/ros/humble/src/gtest_vendor': C++ tests using 'Google Test' will be built
[6.437s] -- Found ament_cmake_gtest: 1.3.10 (/opt/ros/humble/share/ament_cmake_gtest/cmake)
[6.439s] -- Found gtest sources under '/opt/ros/humble/src/gtest_vendor': C++ tests using 'Google Test' will be built
[6.501s] -- Found ament_cmake_gtest: 1.3.10 (/opt/ros/humble/share/ament_cmake_gtest/cmake)
[6.503s] -- Found gtest sources under '/opt/ros/humble/src/gtest_vendor': C++ tests using 'Google Test' will be built
[6.546s] -- Found ament_lint_auto: 0.12.11 (/opt/ros/humble/share/ament_lint_auto/cmake)
[6.549s] -- Found ament_cmake_gtest: 1.3.10 (/opt/ros/humble/share/ament_cmake_gtest/cmake)
[6.551s] -- Found gtest sources under '/opt/ros/humble/src/gtest_vendor': C++ tests using 'Google Test' will be built
[6.596s] -- Found ament_cmake_gtest: 1.3.10 (/opt/ros/humble/share/ament_cmake_gtest/cmake)
[6.598s] -- Found gtest sources under '/opt/ros/humble/src/gtest_vendor': C++ tests using 'Google Test' will be built
[6.628s] -- Found ament_cmake_gtest: 1.3.10 (/opt/ros/humble/share/ament_cmake_gtest/cmake)
[6.630s] -- Found gtest sources under '/opt/ros/humble/src/gtest_vendor': C++ tests using 'Google Test' will be built
[6.650s] -- Found ament_cmake_gtest: 1.3.10 (/opt/ros/humble/share/ament_cmake_gtest/cmake)
[6.654s] -- Found gtest sources under '/opt/ros/humble/src/gtest_vendor': C++ tests using 'Google Test' will be built
[6.685s] -- Found gtest sources under '/opt/ros/humble/src/gtest_vendor': C++ tests using 'Google Test' will be built
[6.711s] -- Found gtest sources under '/opt/ros/humble/src/gtest_vendor': C++ tests using 'Google Test' will be built
[6.741s] -- Found ament_cmake_gtest: 1.3.10 (/opt/ros/humble/share/ament_cmake_gtest/cmake)
[6.743s] -- Found gtest sources under '/opt/ros/humble/src/gtest_vendor': C++ tests using 'Google Test' will be built
[6.794s] -- Found gtest sources under '/opt/ros/humble/src/gtest_vendor': C++ tests using 'Google Test' will be built
[6.830s] -- Found gtest sources under '/opt/ros/humble/src/gtest_vendor': C++ tests using 'Google Test' will be built
[6.861s] -- Found gtest sources under '/opt/ros/humble/src/gtest_vendor': C++ tests using 'Google Test' will be built
[6.879s] -- Found ament_lint_auto: 0.12.11 (/opt/ros/humble/share/ament_lint_auto/cmake)
[6.996s] -- Added test 'cppcheck' to perform static code analysis on C / C++ code
[7.000s] -- Configured cppcheck include dirs: /home/user/aiot_robot_project/project_shin/src/moveit2/moveit_core/exceptions/include;/home/user/aiot_robot_project/project_shin/src/moveit2/moveit_core/collision_detection/include;/home/user/aiot_robot_project/project_shin/src/moveit2/moveit_core/collision_detection_fcl/include;/home/user/aiot_robot_project/project_shin/src/moveit2/moveit_core/collision_detection_bullet/include;/home/user/aiot_robot_project/project_shin/src/moveit2/moveit_core/constraint_samplers/include;/home/user/aiot_robot_project/project_shin/src/moveit2/moveit_core/controller_manager/include;/home/user/aiot_robot_project/project_shin/src/moveit2/moveit_core/distance_field/include;/home/user/aiot_robot_project/project_shin/src/moveit2/moveit_core/collision_distance_field/include;/home/user/aiot_robot_project/project_shin/src/moveit2/moveit_core/dynamics_solver/include;/home/user/aiot_robot_project/project_shin/src/moveit2/moveit_core/kinematics_base/include;/home/user/aiot_robot_project/project_shin/src/moveit2/moveit_core/kinematics_metrics/include;/home/user/aiot_robot_project/project_shin/src/moveit2/moveit_core/robot_model/include;/home/user/aiot_robot_project/project_shin/src/moveit2/moveit_core/transforms/include;/home/user/aiot_robot_project/project_shin/src/moveit2/moveit_core/robot_state/include;/home/user/aiot_robot_project/project_shin/src/moveit2/moveit_core/robot_trajectory/include;/home/user/aiot_robot_project/project_shin/src/moveit2/moveit_core/kinematic_constraints/include;/home/user/aiot_robot_project/project_shin/src/moveit2/moveit_core/macros/include;/home/user/aiot_robot_project/project_shin/src/moveit2/moveit_core/online_signal_smoothing/include;/home/user/aiot_robot_project/project_shin/src/moveit2/moveit_core/planning_interface/include;/home/user/aiot_robot_project/project_shin/src/moveit2/moveit_core/planning_request_adapter/include;/home/user/aiot_robot_project/project_shin/src/moveit2/moveit_core/planning_scene/include;/home/user/aiot_robot_project/project_shin/src/moveit2/moveit_core/sensor_manager/include;/home/user/aiot_robot_project/project_shin/src/moveit2/moveit_core/trajectory_processing/include;/home/user/aiot_robot_project/project_shin/src/moveit2/moveit_core/utils/include
[7.001s] -- Configured cppcheck exclude dirs and/or files: 
[7.012s] -- Added test 'pep257' to check Python code against some of the docstring style conventions in PEP 257
[7.023s] -- Added test 'xmllint' to check XML markup files
[7.033s] -- Configuring done
[9.806s] -- Generating done
[10.368s] -- Build files have been written to: /home/user/aiot_robot_project/project_shin/build/moveit_core
[10.475s] Invoked command in '/home/user/aiot_robot_project/project_shin/build/moveit_core' returned '0': AMENT_PREFIX_PATH=/home/user/aiot_robot_project/project_shin/install/moveit_resources_panda_moveit_config:/home/user/aiot_robot_project/project_shin/install/srdfdom:/home/user/aiot_robot_project/project_shin/install/moveit_resources_pr2_description:/home/user/aiot_robot_project/project_shin/install/moveit_resources_panda_description:/home/user/aiot_robot_project/project_shin/install/moveit_common:${AMENT_PREFIX_PATH} CMAKE_PREFIX_PATH=/home/user/aiot_robot_project/project_shin/install/moveit_resources_panda_moveit_config:/home/user/aiot_robot_project/project_shin/install/srdfdom:/home/user/aiot_robot_project/project_shin/install/moveit_resources_pr2_description:/home/user/aiot_robot_project/project_shin/install/moveit_resources_panda_description:/home/user/aiot_robot_project/project_shin/install/moveit_common:/opt/ros/humble LD_LIBRARY_PATH=/home/user/aiot_robot_project/project_shin/install/srdfdom/lib:${LD_LIBRARY_PATH} PYTHONPATH=/home/user/aiot_robot_project/project_shin/install/srdfdom/local/lib/python3.10/dist-packages:${PYTHONPATH} /usr/bin/cmake /home/user/aiot_robot_project/project_shin/src/moveit2/moveit_core -DCMAKE_BUILD_TYPE=Release -DCMAKE_INSTALL_PREFIX=/home/user/aiot_robot_project/project_shin/install/moveit_core
[10.479s] Invoking command in '/home/user/aiot_robot_project/project_shin/build/moveit_core': AMENT_PREFIX_PATH=/home/user/aiot_robot_project/project_shin/install/moveit_resources_panda_moveit_config:/home/user/aiot_robot_project/project_shin/install/srdfdom:/home/user/aiot_robot_project/project_shin/install/moveit_resources_pr2_description:/home/user/aiot_robot_project/project_shin/install/moveit_resources_panda_description:/home/user/aiot_robot_project/project_shin/install/moveit_common:${AMENT_PREFIX_PATH} CMAKE_PREFIX_PATH=/home/user/aiot_robot_project/project_shin/install/moveit_resources_panda_moveit_config:/home/user/aiot_robot_project/project_shin/install/srdfdom:/home/user/aiot_robot_project/project_shin/install/moveit_resources_pr2_description:/home/user/aiot_robot_project/project_shin/install/moveit_resources_panda_description:/home/user/aiot_robot_project/project_shin/install/moveit_common:/opt/ros/humble LD_LIBRARY_PATH=/home/user/aiot_robot_project/project_shin/install/srdfdom/lib:${LD_LIBRARY_PATH} PYTHONPATH=/home/user/aiot_robot_project/project_shin/install/srdfdom/local/lib/python3.10/dist-packages:${PYTHONPATH} /usr/bin/cmake --build /home/user/aiot_robot_project/project_shin/build/moveit_core -- -j4 -l4
[10.628s] [  0%] [32mBuilding CXX object transforms/CMakeFiles/moveit_transforms.dir/src/transforms.cpp.o[0m
[29.258s] [  1%] [32m[1mLinking CXX shared library libmoveit_transforms.so[0m
[29.830s] [  1%] Built target moveit_transforms
[29.880s] [  2%] [32mBuilding CXX object distance_field/CMakeFiles/moveit_distance_field.dir/src/distance_field.cpp.o[0m
[47.596s] [  2%] [32mBuilding CXX object distance_field/CMakeFiles/moveit_distance_field.dir/src/find_internal_points.cpp.o[0m
[51.704s] [  3%] [32mBuilding CXX object distance_field/CMakeFiles/moveit_distance_field.dir/src/propagation_distance_field.cpp.o[0m
[61.940s] [  4%] [32mBuilding CXX object utils/CMakeFiles/moveit_utils.dir/src/lexical_casts.cpp.o[0m
[62.970s] [  4%] [32mBuilding CXX object kinematics_base/CMakeFiles/moveit_kinematics_base.dir/src/kinematics_base.cpp.o[0m
[63.179s] [  4%] [32mBuilding CXX object utils/CMakeFiles/moveit_utils.dir/src/message_checks.cpp.o[0m
[64.062s] [  4%] [32mBuilding CXX object exceptions/CMakeFiles/moveit_exceptions.dir/src/exceptions.cpp.o[0m
[66.276s] [  5%] [32m[1mLinking CXX shared library libmoveit_exceptions.so[0m
[66.299s] [  6%] [32mBuilding CXX object utils/CMakeFiles/moveit_utils.dir/src/rclcpp_utils.cpp.o[0m
[66.767s] [  6%] Built target moveit_exceptions
[66.823s] [  6%] [32mBuilding CXX object gtest/CMakeFiles/gtest.dir/src/gtest-all.cc.o[0m
[67.128s] [  6%] [32m[1mLinking CXX shared library libmoveit_utils.so[0m
[69.249s] [  6%] Built target moveit_utils
[69.361s] [  7%] [32mBuilding CXX object gtest/CMakeFiles/gtest_main.dir/src/gtest_main.cc.o[0m
[71.383s] [  7%] [32m[1mLinking CXX shared library libmoveit_distance_field.so[0m
[72.128s] [  7%] Built target moveit_distance_field
[72.230s] [  7%] [32mBuilding CXX object gmock/CMakeFiles/gmock.dir/opt/ros/humble/src/gtest_vendor/src/gtest-all.cc.o[0m
[72.549s] [  7%] [32m[1mLinking CXX static library libgtest_main.a[0m
[72.648s] [  7%] Built target gtest_main
[72.672s] [  8%] [32mBuilding CXX object gmock/CMakeFiles/gmock.dir/src/gmock-all.cc.o[0m
[77.819s] [  9%] [32m[1mLinking CXX shared library libmoveit_kinematics_base.so[0m
[78.400s] [  9%] Built target moveit_kinematics_base
[78.465s] [  9%] [32mBuilding CXX object gmock/CMakeFiles/gmock_main.dir/src/gmock_main.cc.o[0m
[83.360s] [  9%] [32mBuilding CXX object online_signal_smoothing/CMakeFiles/moveit_smoothing_base.dir/src/smoothing_base_class.cpp.o[0m
[83.900s] [ 10%] [32m[1mLinking CXX static library libgmock_main.a[0m
[84.006s] [ 10%] Built target gmock_main
[84.064s] [ 11%] [34m[1mRunning `/opt/ros/humble/bin/generate_parameter_library_cpp /home/user/aiot_robot_project/project_shin/build/moveit_core/online_signal_smoothing/moveit_butterworth_parameters/include//moveit_butterworth_parameters.hpp /home/user/aiot_robot_project/project_shin/src/moveit2/moveit_core/online_signal_smoothing/src/butterworth_parameters.yaml `[0m
[84.670s] [ 11%] Built target moveit_butterworth_parameters
[84.784s] [ 12%] [32mBuilding CXX object version/CMakeFiles/moveit_version.dir/version.cpp.o[0m
[85.033s] [ 13%] [32m[1mLinking CXX executable moveit_version[0m
[85.377s] [ 13%] Built target moveit_version
[85.508s] [ 14%] [32mBuilding CXX object robot_model/CMakeFiles/moveit_robot_model.dir/src/aabb.cpp.o[0m
[89.536s] [ 15%] [32m[1mLinking CXX static library libgtest.a[0m
[89.764s] [ 15%] Built target gtest
[89.903s] [ 16%] [32mBuilding CXX object distance_field/CMakeFiles/test_voxel_grid.dir/test/test_voxel_grid.cpp.o[0m
[92.826s] [ 16%] [32mBuilding CXX object robot_model/CMakeFiles/moveit_robot_model.dir/src/fixed_joint_model.cpp.o[0m
[93.461s] [ 17%] [32m[1mLinking CXX shared library libmoveit_smoothing_base.so[0m
[93.946s] [ 17%] Built target moveit_smoothing_base
[93.972s] [ 18%] [32mBuilding CXX object robot_model/CMakeFiles/moveit_robot_model.dir/src/floating_joint_model.cpp.o[0m
[95.667s] [ 19%] [32m[1mLinking CXX static library libgmock.a[0m
[95.921s] [ 19%] Built target gmock
[95.970s] [ 20%] [32mBuilding CXX object robot_model/CMakeFiles/moveit_robot_model.dir/src/joint_model.cpp.o[0m
[98.242s] [ 20%] [32mBuilding CXX object robot_model/CMakeFiles/moveit_robot_model.dir/src/joint_model_group.cpp.o[0m
[105.458s] [ 21%] [32mBuilding CXX object robot_model/CMakeFiles/moveit_robot_model.dir/src/link_model.cpp.o[0m
[108.324s] [ 21%] [32m[1mLinking CXX executable test_voxel_grid[0m
[108.958s] [ 21%] Built target test_voxel_grid
[112.011s] [ 22%] [32mBuilding CXX object robot_model/CMakeFiles/moveit_robot_model.dir/src/prismatic_joint_model.cpp.o[0m
[114.064s] [ 22%] [32mBuilding CXX object robot_model/CMakeFiles/moveit_robot_model.dir/src/planar_joint_model.cpp.o[0m
[117.594s] [ 22%] [32mBuilding CXX object distance_field/CMakeFiles/test_distance_field.dir/test/test_distance_field.cpp.o[0m
[120.386s] [ 23%] [32mBuilding CXX object robot_model/CMakeFiles/moveit_robot_model.dir/src/revolute_joint_model.cpp.o[0m
[128.797s] [ 23%] [32mBuilding CXX object robot_model/CMakeFiles/moveit_robot_model.dir/src/robot_model.cpp.o[0m
[144.770s] [ 24%] [32m[1mLinking CXX executable test_distance_field[0m
[145.597s] [ 24%] Built target test_distance_field
[145.649s] [ 24%] [32mBuilding CXX object transforms/CMakeFiles/test_transforms.dir/test/test_transforms.cpp.o[0m
[152.176s] [ 25%] [32m[1mLinking CXX shared library libmoveit_robot_model.so[0m
[152.789s] [ 25%] Built target moveit_robot_model
[152.844s] [ 25%] [32mBuilding CXX object robot_state/CMakeFiles/moveit_robot_state.dir/src/attached_body.cpp.o[0m
[152.847s] [ 27%] [32mBuilding CXX object utils/CMakeFiles/moveit_test_utils.dir/src/robot_model_test_utils.cpp.o[0m
[152.847s] [ 27%] [32mBuilding CXX object online_signal_smoothing/CMakeFiles/moveit_butterworth_filter.dir/src/butterworth_filter.cpp.o[0m
[153.913s] [ 28%] [32m[1mLinking CXX executable test_transforms[0m
[154.420s] [ 28%] Built target test_transforms
[154.446s] [ 29%] [32mBuilding CXX object robot_state/CMakeFiles/moveit_robot_state.dir/src/conversions.cpp.o[0m
[163.084s] [ 30%] [32mBuilding CXX object robot_state/CMakeFiles/moveit_robot_state.dir/src/robot_state.cpp.o[0m
[172.439s] [ 30%] [32m[1mLinking CXX shared library libmoveit_butterworth_filter.so[0m
[173.163s] [ 30%] Built target moveit_butterworth_filter
[173.194s] [ 30%] [32mBuilding CXX object robot_state/CMakeFiles/moveit_robot_state.dir/src/cartesian_interpolator.cpp.o[0m
[179.715s] [ 30%] [32m[1mLinking CXX shared library libmoveit_test_utils.so[0m
[180.464s] [ 30%] Built target moveit_test_utils
[180.530s] [ 30%] [32mBuilding CXX object online_signal_smoothing/CMakeFiles/test_butterworth_filter.dir/test/test_butterworth_filter.cpp.o[0m
[185.169s] [ 31%] [32mBuilding CXX object robot_model/CMakeFiles/test_robot_model.dir/test/test.cpp.o[0m
[202.216s] [ 31%] [32m[1mLinking CXX executable test_robot_model[0m
[203.085s] [ 31%] Built target test_robot_model
[204.146s] [ 32%] [32m[1mLinking CXX executable test_butterworth_filter[0m
[204.686s] [ 32%] Built target test_butterworth_filter
[224.486s] [ 33%] [32m[1mLinking CXX shared library libmoveit_robot_state.so[0m
[225.125s] [ 33%] Built target moveit_robot_state
[225.180s] [ 33%] [32mBuilding CXX object kinematics_metrics/CMakeFiles/moveit_kinematics_metrics.dir/src/kinematics_metrics.cpp.o[0m
[225.180s] [ 34%] [32mBuilding CXX object collision_detection/CMakeFiles/moveit_collision_detection.dir/src/allvalid/collision_env_allvalid.cpp.o[0m
[225.180s] [ 35%] [32mBuilding CXX object dynamics_solver/CMakeFiles/moveit_dynamics_solver.dir/src/dynamics_solver.cpp.o[0m
[225.182s] [ 35%] [32mBuilding CXX object robot_trajectory/CMakeFiles/moveit_robot_trajectory.dir/src/robot_trajectory.cpp.o[0m
[241.285s] [ 35%] [32mBuilding CXX object collision_detection/CMakeFiles/moveit_collision_detection.dir/src/collision_common.cpp.o[0m
[243.994s] [ 36%] [32m[1mLinking CXX shared library libmoveit_dynamics_solver.so[0m
[244.784s] [ 36%] Built target moveit_dynamics_solver
[244.810s] [ 37%] [32mBuilding CXX object collision_detection/CMakeFiles/moveit_collision_detection.dir/src/collision_matrix.cpp.o[0m
[252.766s] [ 38%] [32m[1mLinking CXX shared library libmoveit_robot_trajectory.so[0m
[253.500s] [ 38%] Built target moveit_robot_trajectory
[253.526s] [ 38%] [32mBuilding CXX object collision_detection/CMakeFiles/moveit_collision_detection.dir/src/collision_octomap_filter.cpp.o[0m
[256.570s] [ 39%] [32mBuilding CXX object collision_detection/CMakeFiles/moveit_collision_detection.dir/src/collision_tools.cpp.o[0m
[263.785s] [ 40%] [32mBuilding CXX object collision_detection/CMakeFiles/moveit_collision_detection.dir/src/world.cpp.o[0m
[272.219s] [ 40%] [32mBuilding CXX object collision_detection/CMakeFiles/moveit_collision_detection.dir/src/world_diff.cpp.o[0m
[277.087s] [ 41%] [32mBuilding CXX object collision_detection/CMakeFiles/moveit_collision_detection.dir/src/collision_env.cpp.o[0m
[279.765s] [ 41%] [32mBuilding CXX object collision_detection/CMakeFiles/moveit_collision_detection.dir/src/collision_plugin_cache.cpp.o[0m
[280.763s] [ 42%] [32mBuilding CXX object robot_state/CMakeFiles/test_robot_state.dir/test/robot_state_test.cpp.o[0m
[283.225s] [ 43%] [32m[1mLinking CXX shared library libmoveit_kinematics_metrics.so[0m
[283.950s] [ 43%] Built target moveit_kinematics_metrics
[284.021s] [ 43%] [32mBuilding CXX object robot_state/CMakeFiles/test_robot_state_benchmark.dir/test/robot_state_benchmark.cpp.o[0m
[296.355s] [ 43%] [32mBuilding CXX object robot_state/CMakeFiles/test_robot_state_complex.dir/test/test_kinematic_complex.cpp.o[0m
[307.582s] [ 44%] [32m[1mLinking CXX executable test_robot_state_benchmark[0m
[308.620s] [ 44%] Built target test_robot_state_benchmark
[308.684s] [ 44%] [32mBuilding CXX object robot_state/CMakeFiles/test_aabb.dir/test/test_aabb.cpp.o[0m
[314.343s] [ 45%] [32m[1mLinking CXX executable test_robot_state[0m
[315.412s] [ 45%] Built target test_robot_state
[315.478s] [ 45%] [32mBuilding CXX object robot_state/CMakeFiles/test_cartesian_interpolator.dir/test/test_cartesian_interpolator.cpp.o[0m
[319.530s] [ 46%] [32m[1mLinking CXX shared library libmoveit_collision_detection.so[0m
[320.507s] [ 46%] Built target moveit_collision_detection
[322.633s] [ 47%] [32mBuilding CXX object robot_trajectory/CMakeFiles/test_robot_trajectory.dir/test/test_robot_trajectory.cpp.o[0m
[325.020s] [ 48%] [32m[1mLinking CXX executable test_robot_state_complex[0m
[326.141s] [ 48%] Built target test_robot_state_complex
[326.209s] [ 49%] [32mBuilding CXX object collision_detection/CMakeFiles/test_world.dir/test/test_world.cpp.o[0m
[335.782s] [ 50%] [32m[1mLinking CXX executable test_aabb[0m
[336.592s] [ 51%] [32m[1mLinking CXX executable test_cartesian_interpolator[0m
[336.868s] [ 51%] Built target test_aabb
[336.935s] [ 52%] [32mBuilding CXX object collision_detection/CMakeFiles/test_world_diff.dir/test/test_world_diff.cpp.o[0m
[337.595s] [ 52%] Built target test_cartesian_interpolator
[337.652s] [ 52%] [32mBuilding CXX object collision_detection/CMakeFiles/test_all_valid.dir/test/test_all_valid.cpp.o[0m
[349.136s] [ 52%] [32m[1mLinking CXX executable test_world[0m
[350.111s] [ 52%] Built target test_world
[350.179s] [ 53%] [32mBuilding CXX object collision_detection_bullet/CMakeFiles/moveit_collision_detection_bullet.dir/src/bullet_integration/bullet_utils.cpp.o[0m
[352.483s] [ 53%] [32m[1mLinking CXX executable test_robot_trajectory[0m
[353.752s] [ 53%] Built target test_robot_trajectory
[354.951s] [ 54%] [32m[1mLinking CXX executable test_world_diff[0m
[355.797s] [ 54%] Built target test_world_diff
[357.780s] [ 54%] [32mBuilding CXX object collision_detection_bullet/CMakeFiles/moveit_collision_detection_bullet.dir/src/bullet_integration/bullet_discrete_bvh_manager.cpp.o[0m
[357.854s] [ 54%] [32mBuilding CXX object collision_detection_fcl/CMakeFiles/moveit_collision_detection_fcl.dir/src/collision_common.cpp.o[0m
[362.346s] [ 55%] [32m[1mLinking CXX executable test_all_valid[0m
[363.533s] [ 55%] Built target test_all_valid
[363.556s] [ 56%] [32mBuilding CXX object collision_detection_fcl/CMakeFiles/moveit_collision_detection_fcl.dir/src/collision_env_fcl.cpp.o[0m
[374.232s] [ 57%] [32mBuilding CXX object trajectory_processing/CMakeFiles/moveit_trajectory_processing.dir/src/iterative_time_parameterization.cpp.o[0m
[375.181s] [ 58%] [32mBuilding CXX object collision_detection_bullet/CMakeFiles/moveit_collision_detection_bullet.dir/src/bullet_integration/bullet_cast_bvh_manager.cpp.o[0m
[388.478s] [ 59%] [32m[1mLinking CXX shared library libmoveit_collision_detection_fcl.so[0m
[389.693s] [ 59%] Built target moveit_collision_detection_fcl
[389.719s] [ 59%] [32mBuilding CXX object trajectory_processing/CMakeFiles/moveit_trajectory_processing.dir/src/iterative_spline_parameterization.cpp.o[0m
[389.751s] [ 60%] [32mBuilding CXX object planning_interface/CMakeFiles/moveit_planning_interface.dir/src/planning_interface.cpp.o[0m
[393.016s] [ 60%] [32mBuilding CXX object collision_detection_bullet/CMakeFiles/moveit_collision_detection_bullet.dir/src/collision_env_bullet.cpp.o[0m
[396.368s] [ 60%] [32mBuilding CXX object planning_interface/CMakeFiles/moveit_planning_interface.dir/src/planning_response.cpp.o[0m
[413.549s] [ 61%] [32mBuilding CXX object trajectory_processing/CMakeFiles/moveit_trajectory_processing.dir/src/ruckig_traj_smoothing.cpp.o[0m
[416.888s] [ 62%] [32mBuilding CXX object collision_detection_bullet/CMakeFiles/moveit_collision_detection_bullet.dir/src/bullet_integration/bullet_bvh_manager.cpp.o[0m
[418.394s] [ 63%] [32m[1mLinking CXX shared library libmoveit_planning_interface.so[0m
[418.956s] [ 63%] Built target moveit_planning_interface
[421.988s] [ 64%] [32mBuilding CXX object trajectory_processing/CMakeFiles/moveit_trajectory_processing.dir/src/trajectory_tools.cpp.o[0m
[422.019s] [ 64%] [32mBuilding CXX object kinematic_constraints/CMakeFiles/moveit_kinematic_constraints.dir/src/kinematic_constraint.cpp.o[0m
[424.284s] [ 65%] [32mBuilding CXX object collision_detection_fcl/CMakeFiles/test_fcl_collision_env.dir/test/test_fcl_env.cpp.o[0m
[433.075s] [ 66%] [32mBuilding CXX object collision_detection_bullet/CMakeFiles/moveit_collision_detection_bullet.dir/src/bullet_integration/contact_checker_common.cpp.o[0m
[442.577s] [ 66%] [32mBuilding CXX object trajectory_processing/CMakeFiles/moveit_trajectory_processing.dir/src/time_optimal_trajectory_generation.cpp.o[0m
[449.762s] [ 66%] [32mBuilding CXX object collision_detection_bullet/CMakeFiles/moveit_collision_detection_bullet.dir/src/bullet_integration/ros_bullet_utils.cpp.o[0m
[461.030s] [ 67%] [32m[1mLinking CXX executable test_fcl_collision_env[0m
[462.568s] [ 67%] Built target test_fcl_collision_env
[466.633s] [ 68%] [32mBuilding CXX object kinematic_constraints/CMakeFiles/moveit_kinematic_constraints.dir/src/utils.cpp.o[0m
[467.164s] [ 69%] [32m[1mLinking CXX shared library libmoveit_collision_detection_bullet.so[0m
[467.700s] [ 70%] [32mBuilding CXX object collision_detection_fcl/CMakeFiles/test_fcl_collision_detection.dir/test/test_fcl_collision_detection_pr2.cpp.o[0m
[468.330s] [ 70%] Built target moveit_collision_detection_bullet
[468.454s] [ 71%] [32mBuilding CXX object collision_detection_fcl/CMakeFiles/test_fcl_collision_detection_panda.dir/test/test_fcl_collision_detection_panda.cpp.o[0m
[469.149s] [ 72%] [32m[1mLinking CXX shared library libmoveit_trajectory_processing.so[0m
[469.852s] [ 72%] Built target moveit_trajectory_processing
[469.912s] [ 72%] [32mBuilding CXX object trajectory_processing/CMakeFiles/test_time_parameterization.dir/test/test_time_parameterization.cpp.o[0m
[498.440s] [ 73%] [32m[1mLinking CXX executable test_time_parameterization[0m
[499.646s] [ 73%] Built target test_time_parameterization
[499.710s] [ 74%] [32mBuilding CXX object trajectory_processing/CMakeFiles/test_time_optimal_trajectory_generation.dir/test/test_time_optimal_trajectory_generation.cpp.o[0m
[499.799s] [ 75%] [32m[1mLinking CXX shared library libmoveit_kinematic_constraints.so[0m
[500.703s] [ 75%] Built target moveit_kinematic_constraints
[500.766s] [ 76%] [32mBuilding CXX object trajectory_processing/CMakeFiles/test_ruckig_traj_smoothing.dir/test/test_ruckig_traj_smoothing.cpp.o[0m
[501.328s] [ 76%] [32m[1mLinking CXX executable test_fcl_collision_detection_panda[0m
[502.389s] [ 76%] [32m[1mLinking CXX executable test_fcl_collision_detection[0m
[502.498s] [ 76%] Built target test_fcl_collision_detection_panda
[502.563s] [ 77%] [32mBuilding CXX object collision_detection_bullet/CMakeFiles/test_bullet_collision_detection.dir/test/test_bullet_collision_detection_pr2.cpp.o[0m
[503.764s] [ 77%] Built target test_fcl_collision_detection
[503.827s] [ 78%] [32mBuilding CXX object collision_detection_bullet/CMakeFiles/test_bullet_collision_detection_panda.dir/test/test_bullet_collision_detection_panda.cpp.o[0m
[529.233s] [ 78%] [32m[1mLinking CXX executable test_ruckig_traj_smoothing[0m
[530.457s] [ 78%] Built target test_ruckig_traj_smoothing
[530.605s] [ 78%] [32m[1mLinking CXX executable test_bullet_collision_detection_panda[0m
[531.652s] [ 78%] Built target test_bullet_collision_detection_panda
[532.563s] [ 79%] [32m[1mLinking CXX executable test_time_optimal_trajectory_generation[0m
[532.710s] [ 80%] [32mBuilding CXX object planning_scene/CMakeFiles/moveit_planning_scene.dir/src/planning_scene.cpp.o[0m
[533.592s] [ 80%] Built target test_time_optimal_trajectory_generation
[533.619s] [ 81%] [32mBuilding CXX object collision_detection_bullet/CMakeFiles/test_bullet_continuous_collision_checking.dir/test/test_bullet_continuous_collision_checking.cpp.o[0m
[533.641s] [ 81%] [32mBuilding CXX object kinematic_constraints/CMakeFiles/test_constraints.dir/test/test_constraints.cpp.o[0m
[533.812s] [ 81%] [32m[1mLinking CXX executable test_bullet_collision_detection[0m
[534.934s] [ 81%] Built target test_bullet_collision_detection
[534.991s] [ 81%] [32mBuilding CXX object kinematic_constraints/CMakeFiles/test_orientation_constraints.dir/test/test_orientation_constraints.cpp.o[0m
[567.847s] [ 82%] [32m[1mLinking CXX executable test_orientation_constraints[0m
[569.026s] [ 82%] Built target test_orientation_constraints
[569.937s] [ 83%] [32m[1mLinking CXX executable test_bullet_continuous_collision_checking[0m
[571.193s] [ 83%] Built target test_bullet_continuous_collision_checking
[571.366s] [ 84%] [32m[1mLinking CXX executable test_constraints[0m
[572.379s] [ 84%] Built target test_constraints
[584.602s] [ 84%] [32m[1mLinking CXX shared library libmoveit_planning_scene.so[0m
[585.305s] [ 84%] Built target moveit_planning_scene
[585.358s] [ 84%] [32mBuilding CXX object planning_request_adapter/CMakeFiles/moveit_planning_request_adapter.dir/src/planning_request_adapter.cpp.o[0m
[585.360s] [ 84%] [32mBuilding CXX object constraint_samplers/CMakeFiles/moveit_constraint_samplers.dir/src/constraint_sampler.cpp.o[0m
[585.361s] [ 84%] [32mBuilding CXX object collision_distance_field/CMakeFiles/moveit_collision_distance_field.dir/src/collision_distance_field_types.cpp.o[0m
[585.391s] [ 85%] [32mBuilding CXX object planning_scene/CMakeFiles/test_planning_scene.dir/test/test_planning_scene.cpp.o[0m
[605.915s] [ 86%] [32mBuilding CXX object collision_distance_field/CMakeFiles/moveit_collision_distance_field.dir/src/collision_common_distance_field.cpp.o[0m
[607.352s] [ 87%] [32mBuilding CXX object constraint_samplers/CMakeFiles/moveit_constraint_samplers.dir/src/constraint_sampler_manager.cpp.o[0m
[608.226s] [ 88%] [32m[1mLinking CXX shared library libmoveit_planning_request_adapter.so[0m
[609.010s] [ 88%] Built target moveit_planning_request_adapter
[609.030s] [ 88%] [32mBuilding CXX object collision_distance_field/CMakeFiles/moveit_collision_distance_field.dir/src/collision_env_distance_field.cpp.o[0m
[634.158s] [ 89%] [32mBuilding CXX object collision_distance_field/CMakeFiles/moveit_collision_distance_field.dir/src/collision_env_hybrid.cpp.o[0m
[635.208s] [ 89%] [32mBuilding CXX object constraint_samplers/CMakeFiles/moveit_constraint_samplers.dir/src/constraint_sampler_tools.cpp.o[0m
[635.726s] [ 89%] [32m[1mLinking CXX executable test_planning_scene[0m
[637.018s] [ 89%] Built target test_planning_scene
[637.043s] [ 90%] [32mBuilding CXX object constraint_samplers/CMakeFiles/moveit_constraint_samplers.dir/src/default_constraint_samplers.cpp.o[0m
[653.783s] [ 90%] [32mBuilding CXX object constraint_samplers/CMakeFiles/moveit_constraint_samplers.dir/src/union_constraint_sampler.cpp.o[0m
[659.224s] [ 91%] [32mBuilding CXX object planning_scene/CMakeFiles/test_collision_objects.dir/test/test_collision_objects.cpp.o[0m
[664.793s] [ 92%] [32m[1mLinking CXX shared library libmoveit_collision_distance_field.so[0m
[665.818s] [ 92%] Built target moveit_collision_distance_field
[677.159s] [ 92%] [32mBuilding CXX object collision_detection_bullet/CMakeFiles/collision_detector_bullet_plugin.dir/src/collision_detector_bullet_plugin_loader.cpp.o[0m
[677.325s] [ 93%] [32m[1mLinking CXX shared library libmoveit_constraint_samplers.so[0m
[677.992s] [ 93%] Built target moveit_constraint_samplers
[678.010s] [ 93%] [32mBuilding CXX object planning_scene/CMakeFiles/test_multi_threaded.dir/test/test_multi_threaded.cpp.o[0m
[678.056s] [ 93%] [32mBuilding CXX object collision_detection_fcl/CMakeFiles/collision_detector_fcl_plugin.dir/src/collision_detector_fcl_plugin_loader.cpp.o[0m
[694.979s] [ 93%] [32m[1mLinking CXX executable test_collision_objects[0m
[696.150s] [ 93%] Built target test_collision_objects
[697.295s] [ 94%] [32mBuilding CXX object collision_distance_field/CMakeFiles/test_collision_distance_field.dir/test/test_collision_distance_field.cpp.o[0m
[701.405s] [ 95%] [32m[1mLinking CXX shared library libcollision_detector_bullet_plugin.so[0m
[702.045s] [ 95%] Built target collision_detector_bullet_plugin
[702.108s] [ 96%] [32mBuilding CXX object constraint_samplers/CMakeFiles/test_constraint_samplers.dir/test/test_constraint_samplers.cpp.o[0m
[706.195s] [ 97%] [32m[1mLinking CXX shared library libcollision_detector_fcl_plugin.so[0m
[706.675s] [ 98%] [32m[1mLinking CXX executable test_multi_threaded[0m
[706.803s] [ 98%] Built target collision_detector_fcl_plugin
[706.829s] [ 99%] [32mBuilding CXX object constraint_samplers/CMakeFiles/test_constraint_samplers.dir/test/pr2_arm_kinematics_plugin.cpp.o[0m
[707.771s] [ 99%] Built target test_multi_threaded
[726.407s] [ 99%] [32mBuilding CXX object constraint_samplers/CMakeFiles/test_constraint_samplers.dir/test/pr2_arm_ik.cpp.o[0m
[730.783s] [ 99%] [32m[1mLinking CXX executable test_collision_distance_field[0m
[731.902s] [ 99%] Built target test_collision_distance_field
[743.237s] [100%] [32m[1mLinking CXX executable test_constraint_samplers[0m
[744.358s] [100%] Built target test_constraint_samplers
[744.392s] Invoked command in '/home/user/aiot_robot_project/project_shin/build/moveit_core' returned '0': AMENT_PREFIX_PATH=/home/user/aiot_robot_project/project_shin/install/moveit_resources_panda_moveit_config:/home/user/aiot_robot_project/project_shin/install/srdfdom:/home/user/aiot_robot_project/project_shin/install/moveit_resources_pr2_description:/home/user/aiot_robot_project/project_shin/install/moveit_resources_panda_description:/home/user/aiot_robot_project/project_shin/install/moveit_common:${AMENT_PREFIX_PATH} CMAKE_PREFIX_PATH=/home/user/aiot_robot_project/project_shin/install/moveit_resources_panda_moveit_config:/home/user/aiot_robot_project/project_shin/install/srdfdom:/home/user/aiot_robot_project/project_shin/install/moveit_resources_pr2_description:/home/user/aiot_robot_project/project_shin/install/moveit_resources_panda_description:/home/user/aiot_robot_project/project_shin/install/moveit_common:/opt/ros/humble LD_LIBRARY_PATH=/home/user/aiot_robot_project/project_shin/install/srdfdom/lib:${LD_LIBRARY_PATH} PYTHONPATH=/home/user/aiot_robot_project/project_shin/install/srdfdom/local/lib/python3.10/dist-packages:${PYTHONPATH} /usr/bin/cmake --build /home/user/aiot_robot_project/project_shin/build/moveit_core -- -j4 -l4
[744.396s] Invoking command in '/home/user/aiot_robot_project/project_shin/build/moveit_core': AMENT_PREFIX_PATH=/home/user/aiot_robot_project/project_shin/install/moveit_resources_panda_moveit_config:/home/user/aiot_robot_project/project_shin/install/srdfdom:/home/user/aiot_robot_project/project_shin/install/moveit_resources_pr2_description:/home/user/aiot_robot_project/project_shin/install/moveit_resources_panda_description:/home/user/aiot_robot_project/project_shin/install/moveit_common:${AMENT_PREFIX_PATH} CMAKE_PREFIX_PATH=/home/user/aiot_robot_project/project_shin/install/moveit_resources_panda_moveit_config:/home/user/aiot_robot_project/project_shin/install/srdfdom:/home/user/aiot_robot_project/project_shin/install/moveit_resources_pr2_description:/home/user/aiot_robot_project/project_shin/install/moveit_resources_panda_description:/home/user/aiot_robot_project/project_shin/install/moveit_common:/opt/ros/humble LD_LIBRARY_PATH=/home/user/aiot_robot_project/project_shin/install/srdfdom/lib:${LD_LIBRARY_PATH} PYTHONPATH=/home/user/aiot_robot_project/project_shin/install/srdfdom/local/lib/python3.10/dist-packages:${PYTHONPATH} /usr/bin/cmake --install /home/user/aiot_robot_project/project_shin/build/moveit_core
[744.418s] -- Install configuration: "Release"
[744.418s] -- Installing: /home/user/aiot_robot_project/project_shin/install/moveit_core/include/moveit/version.h
[744.419s] -- Up-to-date: /home/user/aiot_robot_project/project_shin/install/moveit_core/include
[744.419s] -- Up-to-date: /home/user/aiot_robot_project/project_shin/install/moveit_core/include/moveit
[744.420s] -- Installing: /home/user/aiot_robot_project/project_shin/install/moveit_core/include/moveit/collision_distance_field
[744.420s] -- Installing: /home/user/aiot_robot_project/project_shin/install/moveit_core/include/moveit/collision_distance_field/collision_distance_field_types.h
[744.420s] -- Installing: /home/user/aiot_robot_project/project_shin/install/moveit_core/include/moveit/collision_distance_field/collision_env_hybrid.h
[744.420s] -- Installing: /home/user/aiot_robot_project/project_shin/install/moveit_core/include/moveit/collision_distance_field/collision_common_distance_field.h
[744.421s] -- Installing: /home/user/aiot_robot_project/project_shin/install/moveit_core/include/moveit/collision_distance_field/collision_env_distance_field.h
[744.421s] -- Installing: /home/user/aiot_robot_project/project_shin/install/moveit_core/include/moveit/collision_distance_field/collision_detector_allocator_hybrid.h
[744.421s] -- Installing: /home/user/aiot_robot_project/project_shin/install/moveit_core/include/moveit/collision_distance_field/collision_detector_allocator_distance_field.h
[744.422s] -- Installing: /home/user/aiot_robot_project/project_shin/install/moveit_core/include/moveit_collision_distance_field_export.h
[744.422s] -- Up-to-date: /home/user/aiot_robot_project/project_shin/install/moveit_core/include
[744.423s] -- Up-to-date: /home/user/aiot_robot_project/project_shin/install/moveit_core/include/moveit
[744.423s] -- Installing: /home/user/aiot_robot_project/project_shin/install/moveit_core/include/moveit/constraint_samplers
[744.423s] -- Installing: /home/user/aiot_robot_project/project_shin/install/moveit_core/include/moveit/constraint_samplers/constraint_sampler_allocator.h
[744.423s] -- Installing: /home/user/aiot_robot_project/project_shin/install/moveit_core/include/moveit/constraint_samplers/default_constraint_samplers.h
[744.424s] -- Installing: /home/user/aiot_robot_project/project_shin/install/moveit_core/include/moveit/constraint_samplers/constraint_sampler_manager.h
[744.424s] -- Installing: /home/user/aiot_robot_project/project_shin/install/moveit_core/include/moveit/constraint_samplers/constraint_sampler_tools.h
[744.424s] -- Installing: /home/user/aiot_robot_project/project_shin/install/moveit_core/include/moveit/constraint_samplers/union_constraint_sampler.h
[744.424s] -- Installing: /home/user/aiot_robot_project/project_shin/install/moveit_core/include/moveit/constraint_samplers/constraint_sampler.h
[744.425s] -- Up-to-date: /home/user/aiot_robot_project/project_shin/install/moveit_core/include
[744.425s] -- Up-to-date: /home/user/aiot_robot_project/project_shin/install/moveit_core/include/moveit
[744.426s] -- Installing: /home/user/aiot_robot_project/project_shin/install/moveit_core/include/moveit/controller_manager
[744.426s] -- Installing: /home/user/aiot_robot_project/project_shin/install/moveit_core/include/moveit/controller_manager/controller_manager.h
[744.426s] -- Up-to-date: /home/user/aiot_robot_project/project_shin/install/moveit_core/include
[744.426s] -- Up-to-date: /home/user/aiot_robot_project/project_shin/install/moveit_core/include/moveit
[744.427s] -- Installing: /home/user/aiot_robot_project/project_shin/install/moveit_core/include/moveit/distance_field
[744.427s] -- Installing: /home/user/aiot_robot_project/project_shin/install/moveit_core/include/moveit/distance_field/voxel_grid.h
[744.427s] -- Installing: /home/user/aiot_robot_project/project_shin/install/moveit_core/include/moveit/distance_field/distance_field.h
[744.427s] -- Installing: /home/user/aiot_robot_project/project_shin/install/moveit_core/include/moveit/distance_field/propagation_distance_field.h
[744.428s] -- Installing: /home/user/aiot_robot_project/project_shin/install/moveit_core/include/moveit/distance_field/find_internal_points.h
[744.428s] -- Up-to-date: /home/user/aiot_robot_project/project_shin/install/moveit_core/include
[744.428s] -- Up-to-date: /home/user/aiot_robot_project/project_shin/install/moveit_core/include/moveit
[744.429s] -- Installing: /home/user/aiot_robot_project/project_shin/install/moveit_core/include/moveit/dynamics_solver
[744.429s] -- Installing: /home/user/aiot_robot_project/project_shin/install/moveit_core/include/moveit/dynamics_solver/dynamics_solver.h
[744.429s] -- Up-to-date: /home/user/aiot_robot_project/project_shin/install/moveit_core/include
[744.429s] -- Up-to-date: /home/user/aiot_robot_project/project_shin/install/moveit_core/include/moveit
[744.430s] -- Installing: /home/user/aiot_robot_project/project_shin/install/moveit_core/include/moveit/exceptions
[744.430s] -- Installing: /home/user/aiot_robot_project/project_shin/install/moveit_core/include/moveit/exceptions/exceptions.h
[744.430s] -- Up-to-date: /home/user/aiot_robot_project/project_shin/install/moveit_core/include
[744.431s] -- Up-to-date: /home/user/aiot_robot_project/project_shin/install/moveit_core/include/moveit
[744.431s] -- Installing: /home/user/aiot_robot_project/project_shin/install/moveit_core/include/moveit/kinematics_base
[744.431s] -- Installing: /home/user/aiot_robot_project/project_shin/install/moveit_core/include/moveit/kinematics_base/kinematics_base.h
[744.431s] -- Installing: /home/user/aiot_robot_project/project_shin/install/moveit_core/include/moveit_kinematics_base_export.h
[744.432s] -- Up-to-date: /home/user/aiot_robot_project/project_shin/install/moveit_core/include
[744.432s] -- Up-to-date: /home/user/aiot_robot_project/project_shin/install/moveit_core/include/moveit
[744.432s] -- Installing: /home/user/aiot_robot_project/project_shin/install/moveit_core/include/moveit/kinematic_constraints
[744.432s] -- Installing: /home/user/aiot_robot_project/project_shin/install/moveit_core/include/moveit/kinematic_constraints/utils.h
[744.432s] -- Installing: /home/user/aiot_robot_project/project_shin/install/moveit_core/include/moveit/kinematic_constraints/kinematic_constraint.h
[744.433s] -- Up-to-date: /home/user/aiot_robot_project/project_shin/install/moveit_core/include
[744.433s] -- Up-to-date: /home/user/aiot_robot_project/project_shin/install/moveit_core/include/moveit
[744.433s] -- Installing: /home/user/aiot_robot_project/project_shin/install/moveit_core/include/moveit/kinematics_metrics
[744.433s] -- Installing: /home/user/aiot_robot_project/project_shin/install/moveit_core/include/moveit/kinematics_metrics/kinematics_metrics.h
[744.434s] -- Up-to-date: /home/user/aiot_robot_project/project_shin/install/moveit_core/include
[744.434s] -- Up-to-date: /home/user/aiot_robot_project/project_shin/install/moveit_core/include/moveit
[744.434s] -- Installing: /home/user/aiot_robot_project/project_shin/install/moveit_core/include/moveit/macros
[744.434s] -- Installing: /home/user/aiot_robot_project/project_shin/install/moveit_core/include/moveit/macros/deprecation.h
[744.435s] -- Installing: /home/user/aiot_robot_project/project_shin/install/moveit_core/include/moveit/macros/console_colors.h
[744.435s] -- Installing: /home/user/aiot_robot_project/project_shin/install/moveit_core/include/moveit/macros/class_forward.h
[744.435s] -- Installing: /home/user/aiot_robot_project/project_shin/install/moveit_core/include/moveit/macros/declare_ptr.h
[744.436s] -- Installing: /home/user/aiot_robot_project/project_shin/install/moveit_core/include/moveit_butterworth_parameters
[744.436s] -- Installing: /home/user/aiot_robot_project/project_shin/install/moveit_core/include/moveit_butterworth_parameters/moveit_butterworth_parameters.hpp
[744.436s] -- Up-to-date: /home/user/aiot_robot_project/project_shin/install/moveit_core/include
[744.437s] -- Up-to-date: /home/user/aiot_robot_project/project_shin/install/moveit_core/include/moveit
[744.437s] -- Installing: /home/user/aiot_robot_project/project_shin/install/moveit_core/include/moveit/online_signal_smoothing
[744.437s] -- Installing: /home/user/aiot_robot_project/project_shin/install/moveit_core/include/moveit/online_signal_smoothing/butterworth_filter.h
[744.437s] -- Installing: /home/user/aiot_robot_project/project_shin/install/moveit_core/include/moveit/online_signal_smoothing/smoothing_base_class.h
[744.438s] -- Installing: /home/user/aiot_robot_project/project_shin/install/moveit_core/include/moveit_smoothing_base_export.h
[744.438s] -- Installing: /home/user/aiot_robot_project/project_shin/install/moveit_core/include/moveit_butterworth_filter_export.h
[744.439s] -- Up-to-date: /home/user/aiot_robot_project/project_shin/install/moveit_core/include
[744.439s] -- Up-to-date: /home/user/aiot_robot_project/project_shin/install/moveit_core/include/moveit
[744.439s] -- Installing: /home/user/aiot_robot_project/project_shin/install/moveit_core/include/moveit/planning_interface
[744.439s] -- Installing: /home/user/aiot_robot_project/project_shin/install/moveit_core/include/moveit/planning_interface/planning_request.h
[744.439s] -- Installing: /home/user/aiot_robot_project/project_shin/install/moveit_core/include/moveit/planning_interface/planning_interface.h
[744.440s] -- Installing: /home/user/aiot_robot_project/project_shin/install/moveit_core/include/moveit/planning_interface/planning_response.h
[744.440s] -- Up-to-date: /home/user/aiot_robot_project/project_shin/install/moveit_core/include
[744.440s] -- Up-to-date: /home/user/aiot_robot_project/project_shin/install/moveit_core/include/moveit
[744.441s] -- Installing: /home/user/aiot_robot_project/project_shin/install/moveit_core/include/moveit/planning_request_adapter
[744.441s] -- Installing: /home/user/aiot_robot_project/project_shin/install/moveit_core/include/moveit/planning_request_adapter/planning_request_adapter.h
[744.441s] -- Up-to-date: /home/user/aiot_robot_project/project_shin/install/moveit_core/include
[744.441s] -- Up-to-date: /home/user/aiot_robot_project/project_shin/install/moveit_core/include/moveit
[744.442s] -- Installing: /home/user/aiot_robot_project/project_shin/install/moveit_core/include/moveit/planning_scene
[744.442s] -- Installing: /home/user/aiot_robot_project/project_shin/install/moveit_core/include/moveit/planning_scene/planning_scene.h
[744.442s] -- Installing: /home/user/aiot_robot_project/project_shin/install/moveit_core/include/moveit_planning_scene_export.h
[744.443s] -- Up-to-date: /home/user/aiot_robot_project/project_shin/install/moveit_core/include
[744.443s] -- Up-to-date: /home/user/aiot_robot_project/project_shin/install/moveit_core/include/moveit
[744.443s] -- Installing: /home/user/aiot_robot_project/project_shin/install/moveit_core/include/moveit/robot_model
[744.443s] -- Installing: /home/user/aiot_robot_project/project_shin/install/moveit_core/include/moveit/robot_model/link_model.h
[744.443s] -- Installing: /home/user/aiot_robot_project/project_shin/install/moveit_core/include/moveit/robot_model/revolute_joint_model.h
[744.444s] -- Installing: /home/user/aiot_robot_project/project_shin/install/moveit_core/include/moveit/robot_model/joint_model.h
[744.444s] -- Installing: /home/user/aiot_robot_project/project_shin/install/moveit_core/include/moveit/robot_model/joint_model_group.h
[744.444s] -- Installing: /home/user/aiot_robot_project/project_shin/install/moveit_core/include/moveit/robot_model/aabb.h
[744.445s] -- Installing: /home/user/aiot_robot_project/project_shin/install/moveit_core/include/moveit/robot_model/fixed_joint_model.h
[744.445s] -- Installing: /home/user/aiot_robot_project/project_shin/install/moveit_core/include/moveit/robot_model/prismatic_joint_model.h
[744.445s] -- Installing: /home/user/aiot_robot_project/project_shin/install/moveit_core/include/moveit/robot_model/robot_model.h
[744.445s] -- Installing: /home/user/aiot_robot_project/project_shin/install/moveit_core/include/moveit/robot_model/planar_joint_model.h
[744.446s] -- Installing: /home/user/aiot_robot_project/project_shin/install/moveit_core/include/moveit/robot_model/floating_joint_model.h
[744.446s] -- Up-to-date: /home/user/aiot_robot_project/project_shin/install/moveit_core/include
[744.447s] -- Up-to-date: /home/user/aiot_robot_project/project_shin/install/moveit_core/include/moveit
[744.447s] -- Installing: /home/user/aiot_robot_project/project_shin/install/moveit_core/include/moveit/robot_state
[744.447s] -- Installing: /home/user/aiot_robot_project/project_shin/install/moveit_core/include/moveit/robot_state/conversions.h
[744.447s] -- Installing: /home/user/aiot_robot_project/project_shin/install/moveit_core/include/moveit/robot_state/robot_state.h
[744.448s] -- Installing: /home/user/aiot_robot_project/project_shin/install/moveit_core/include/moveit/robot_state/attached_body.h
[744.448s] -- Installing: /home/user/aiot_robot_project/project_shin/install/moveit_core/include/moveit/robot_state/cartesian_interpolator.h
[744.449s] -- Up-to-date: /home/user/aiot_robot_project/project_shin/install/moveit_core/include
[744.449s] -- Up-to-date: /home/user/aiot_robot_project/project_shin/install/moveit_core/include/moveit
[744.449s] -- Installing: /home/user/aiot_robot_project/project_shin/install/moveit_core/include/moveit/robot_trajectory
[744.449s] -- Installing: /home/user/aiot_robot_project/project_shin/install/moveit_core/include/moveit/robot_trajectory/robot_trajectory.h
[744.450s] -- Up-to-date: /home/user/aiot_robot_project/project_shin/install/moveit_core/include
[744.450s] -- Up-to-date: /home/user/aiot_robot_project/project_shin/install/moveit_core/include/moveit
[744.450s] -- Installing: /home/user/aiot_robot_project/project_shin/install/moveit_core/include/moveit/sensor_manager
[744.450s] -- Installing: /home/user/aiot_robot_project/project_shin/install/moveit_core/include/moveit/sensor_manager/sensor_manager.h
[744.451s] -- Up-to-date: /home/user/aiot_robot_project/project_shin/install/moveit_core/include
[744.451s] -- Up-to-date: /home/user/aiot_robot_project/project_shin/install/moveit_core/include/moveit
[744.451s] -- Installing: /home/user/aiot_robot_project/project_shin/install/moveit_core/include/moveit/trajectory_processing
[744.451s] -- Installing: /home/user/aiot_robot_project/project_shin/install/moveit_core/include/moveit/trajectory_processing/time_optimal_trajectory_generation.h
[744.451s] -- Installing: /home/user/aiot_robot_project/project_shin/install/moveit_core/include/moveit/trajectory_processing/iterative_spline_parameterization.h
[744.452s] -- Installing: /home/user/aiot_robot_project/project_shin/install/moveit_core/include/moveit/trajectory_processing/ruckig_traj_smoothing.h
[744.452s] -- Installing: /home/user/aiot_robot_project/project_shin/install/moveit_core/include/moveit/trajectory_processing/iterative_time_parameterization.h
[744.452s] -- Installing: /home/user/aiot_robot_project/project_shin/install/moveit_core/include/moveit/trajectory_processing/trajectory_tools.h
[744.452s] -- Installing: /home/user/aiot_robot_project/project_shin/install/moveit_core/include/moveit/trajectory_processing/time_parameterization.h
[744.453s] -- Up-to-date: /home/user/aiot_robot_project/project_shin/install/moveit_core/include
[744.453s] -- Up-to-date: /home/user/aiot_robot_project/project_shin/install/moveit_core/include/moveit
[744.453s] -- Installing: /home/user/aiot_robot_project/project_shin/install/moveit_core/include/moveit/transforms
[744.454s] -- Installing: /home/user/aiot_robot_project/project_shin/install/moveit_core/include/moveit/transforms/transforms.h
[744.454s] -- Up-to-date: /home/user/aiot_robot_project/project_shin/install/moveit_core/include
[744.454s] -- Up-to-date: /home/user/aiot_robot_project/project_shin/install/moveit_core/include/moveit
[744.454s] -- Installing: /home/user/aiot_robot_project/project_shin/install/moveit_core/include/moveit/utils
[744.455s] -- Installing: /home/user/aiot_robot_project/project_shin/install/moveit_core/include/moveit/utils/moveit_error_code.h
[744.455s] -- Installing: /home/user/aiot_robot_project/project_shin/install/moveit_core/include/moveit/utils/lexical_casts.h
[744.455s] -- Installing: /home/user/aiot_robot_project/project_shin/install/moveit_core/include/moveit/utils/message_checks.h
[744.455s] -- Installing: /home/user/aiot_robot_project/project_shin/install/moveit_core/include/moveit/utils/rclcpp_utils.h
[744.456s] -- Installing: /home/user/aiot_robot_project/project_shin/install/moveit_core/include/moveit/utils/robot_model_test_utils.h
[744.456s] -- Installing: /home/user/aiot_robot_project/project_shin/install/moveit_core/bin/moveit_version
[744.457s] -- Up-to-date: /home/user/aiot_robot_project/project_shin/install/moveit_core/include
[744.457s] -- Up-to-date: /home/user/aiot_robot_project/project_shin/install/moveit_core/include/moveit
[744.457s] -- Installing: /home/user/aiot_robot_project/project_shin/install/moveit_core/include/moveit/collision_detection
[744.458s] -- Installing: /home/user/aiot_robot_project/project_shin/install/moveit_core/include/moveit/collision_detection/collision_plugin_cache.h
[744.458s] -- Installing: /home/user/aiot_robot_project/project_shin/install/moveit_core/include/moveit/collision_detection/occupancy_map.h
[744.458s] -- Installing: /home/user/aiot_robot_project/project_shin/install/moveit_core/include/moveit/collision_detection/test_collision_common_pr2.h
[744.458s] -- Installing: /home/user/aiot_robot_project/project_shin/install/moveit_core/include/moveit/collision_detection/collision_common.h
[744.459s] -- Installing: /home/user/aiot_robot_project/project_shin/install/moveit_core/include/moveit/collision_detection/test_collision_common_panda.h
[744.459s] -- Installing: /home/user/aiot_robot_project/project_shin/install/moveit_core/include/moveit/collision_detection/collision_env.h
[744.459s] -- Installing: /home/user/aiot_robot_project/project_shin/install/moveit_core/include/moveit/collision_detection/collision_matrix.h
[744.460s] -- Installing: /home/user/aiot_robot_project/project_shin/install/moveit_core/include/moveit/collision_detection/world.h
[744.460s] -- Installing: /home/user/aiot_robot_project/project_shin/install/moveit_core/include/moveit/collision_detection/collision_plugin.h
[744.460s] -- Installing: /home/user/aiot_robot_project/project_shin/install/moveit_core/include/moveit/collision_detection/collision_detector_allocator.h
[744.461s] -- Installing: /home/user/aiot_robot_project/project_shin/install/moveit_core/include/moveit/collision_detection/allvalid
[744.461s] -- Installing: /home/user/aiot_robot_project/project_shin/install/moveit_core/include/moveit/collision_detection/allvalid/collision_env_allvalid.h
[744.461s] -- Installing: /home/user/aiot_robot_project/project_shin/install/moveit_core/include/moveit/collision_detection/allvalid/collision_detector_allocator_allvalid.h
[744.461s] -- Installing: /home/user/aiot_robot_project/project_shin/install/moveit_core/include/moveit/collision_detection/world_diff.h
[744.462s] -- Installing: /home/user/aiot_robot_project/project_shin/install/moveit_core/include/moveit/collision_detection/collision_octomap_filter.h
[744.462s] -- Installing: /home/user/aiot_robot_project/project_shin/install/moveit_core/include/moveit/collision_detection/collision_tools.h
[744.462s] -- Installing: /home/user/aiot_robot_project/project_shin/install/moveit_core/include/moveit_collision_detection_export.h
[744.463s] -- Up-to-date: /home/user/aiot_robot_project/project_shin/install/moveit_core/include
[744.463s] -- Up-to-date: /home/user/aiot_robot_project/project_shin/install/moveit_core/include/moveit
[744.463s] -- Installing: /home/user/aiot_robot_project/project_shin/install/moveit_core/include/moveit/collision_detection_bullet
[744.464s] -- Installing: /home/user/aiot_robot_project/project_shin/install/moveit_core/include/moveit/collision_detection_bullet/collision_detector_allocator_bullet.h
[744.464s] -- Installing: /home/user/aiot_robot_project/project_shin/install/moveit_core/include/moveit/collision_detection_bullet/bullet_integration
[744.464s] -- Installing: /home/user/aiot_robot_project/project_shin/install/moveit_core/include/moveit/collision_detection_bullet/bullet_integration/basic_types.h
[744.464s] -- Installing: /home/user/aiot_robot_project/project_shin/install/moveit_core/include/moveit/collision_detection_bullet/bullet_integration/bullet_bvh_manager.h
[744.465s] -- Installing: /home/user/aiot_robot_project/project_shin/install/moveit_core/include/moveit/collision_detection_bullet/bullet_integration/bullet_utils.h
[744.465s] -- Installing: /home/user/aiot_robot_project/project_shin/install/moveit_core/include/moveit/collision_detection_bullet/bullet_integration/bullet_discrete_bvh_manager.h
[744.465s] -- Installing: /home/user/aiot_robot_project/project_shin/install/moveit_core/include/moveit/collision_detection_bullet/bullet_integration/bullet_cast_bvh_manager.h
[744.465s] -- Installing: /home/user/aiot_robot_project/project_shin/install/moveit_core/include/moveit/collision_detection_bullet/bullet_integration/contact_checker_common.h
[744.466s] -- Installing: /home/user/aiot_robot_project/project_shin/install/moveit_core/include/moveit/collision_detection_bullet/bullet_integration/ros_bullet_utils.h
[744.466s] -- Installing: /home/user/aiot_robot_project/project_shin/install/moveit_core/include/moveit/collision_detection_bullet/collision_env_bullet.h
[744.466s] -- Installing: /home/user/aiot_robot_project/project_shin/install/moveit_core/include/moveit/collision_detection_bullet/collision_detector_bullet_plugin_loader.h
[744.467s] -- Installing: /home/user/aiot_robot_project/project_shin/install/moveit_core/include/moveit_collision_detection_bullet_export.h
[744.467s] -- Up-to-date: /home/user/aiot_robot_project/project_shin/install/moveit_core/include
[744.468s] -- Up-to-date: /home/user/aiot_robot_project/project_shin/install/moveit_core/include/moveit
[744.468s] -- Installing: /home/user/aiot_robot_project/project_shin/install/moveit_core/include/moveit/collision_detection_fcl
[744.468s] -- Installing: /home/user/aiot_robot_project/project_shin/install/moveit_core/include/moveit/collision_detection_fcl/fcl_compat.h
[744.468s] -- Installing: /home/user/aiot_robot_project/project_shin/install/moveit_core/include/moveit/collision_detection_fcl/collision_common.h
[744.469s] -- Installing: /home/user/aiot_robot_project/project_shin/install/moveit_core/include/moveit/collision_detection_fcl/collision_detector_allocator_fcl.h
[744.469s] -- Installing: /home/user/aiot_robot_project/project_shin/install/moveit_core/include/moveit/collision_detection_fcl/collision_detector_fcl_plugin_loader.h
[744.469s] -- Installing: /home/user/aiot_robot_project/project_shin/install/moveit_core/include/moveit/collision_detection_fcl/collision_env_fcl.h
[744.469s] -- Installing: /home/user/aiot_robot_project/project_shin/install/moveit_core/include/moveit_collision_detection_fcl_export.h
[744.470s] -- Installing: /home/user/aiot_robot_project/project_shin/install/moveit_core/lib/libcollision_detector_bullet_plugin.so.2.5.6
[744.472s] -- Set runtime path of "/home/user/aiot_robot_project/project_shin/install/moveit_core/lib/libcollision_detector_bullet_plugin.so.2.5.6" to ""
[744.472s] -- Installing: /home/user/aiot_robot_project/project_shin/install/moveit_core/lib/libcollision_detector_bullet_plugin.so
[744.472s] -- Installing: /home/user/aiot_robot_project/project_shin/install/moveit_core/lib/libmoveit_butterworth_filter.so.2.5.6
[744.474s] -- Set runtime path of "/home/user/aiot_robot_project/project_shin/install/moveit_core/lib/libmoveit_butterworth_filter.so.2.5.6" to ""
[744.474s] -- Installing: /home/user/aiot_robot_project/project_shin/install/moveit_core/lib/libmoveit_butterworth_filter.so
[744.474s] -- Installing: /home/user/aiot_robot_project/project_shin/install/moveit_core/lib/libmoveit_collision_distance_field.so.2.5.6
[744.477s] -- Set runtime path of "/home/user/aiot_robot_project/project_shin/install/moveit_core/lib/libmoveit_collision_distance_field.so.2.5.6" to ""
[744.478s] -- Installing: /home/user/aiot_robot_project/project_shin/install/moveit_core/lib/libmoveit_collision_distance_field.so
[744.478s] -- Installing: /home/user/aiot_robot_project/project_shin/install/moveit_core/lib/libmoveit_collision_detection.so.2.5.6
[744.482s] -- Set runtime path of "/home/user/aiot_robot_project/project_shin/install/moveit_core/lib/libmoveit_collision_detection.so.2.5.6" to ""
[744.482s] -- Installing: /home/user/aiot_robot_project/project_shin/install/moveit_core/lib/libmoveit_collision_detection.so
[744.482s] -- Installing: /home/user/aiot_robot_project/project_shin/install/moveit_core/lib/libmoveit_collision_detection_fcl.so.2.5.6
[744.484s] -- Set runtime path of "/home/user/aiot_robot_project/project_shin/install/moveit_core/lib/libmoveit_collision_detection_fcl.so.2.5.6" to ""
[744.485s] -- Installing: /home/user/aiot_robot_project/project_shin/install/moveit_core/lib/libmoveit_collision_detection_fcl.so
[744.485s] -- Installing: /home/user/aiot_robot_project/project_shin/install/moveit_core/lib/libmoveit_collision_detection_bullet.so.2.5.6
[744.488s] -- Set runtime path of "/home/user/aiot_robot_project/project_shin/install/moveit_core/lib/libmoveit_collision_detection_bullet.so.2.5.6" to ""
[744.488s] -- Installing: /home/user/aiot_robot_project/project_shin/install/moveit_core/lib/libmoveit_collision_detection_bullet.so
[744.488s] -- Installing: /home/user/aiot_robot_project/project_shin/install/moveit_core/lib/libmoveit_dynamics_solver.so.2.5.6
[744.490s] -- Set runtime path of "/home/user/aiot_robot_project/project_shin/install/moveit_core/lib/libmoveit_dynamics_solver.so.2.5.6" to ""
[744.490s] -- Installing: /home/user/aiot_robot_project/project_shin/install/moveit_core/lib/libmoveit_dynamics_solver.so
[744.490s] -- Installing: /home/user/aiot_robot_project/project_shin/install/moveit_core/lib/libmoveit_constraint_samplers.so.2.5.6
[744.493s] -- Set runtime path of "/home/user/aiot_robot_project/project_shin/install/moveit_core/lib/libmoveit_constraint_samplers.so.2.5.6" to ""
[744.493s] -- Installing: /home/user/aiot_robot_project/project_shin/install/moveit_core/lib/libmoveit_constraint_samplers.so
[744.493s] -- Installing: /home/user/aiot_robot_project/project_shin/install/moveit_core/lib/libmoveit_distance_field.so.2.5.6
[744.496s] -- Set runtime path of "/home/user/aiot_robot_project/project_shin/install/moveit_core/lib/libmoveit_distance_field.so.2.5.6" to ""
[744.496s] -- Installing: /home/user/aiot_robot_project/project_shin/install/moveit_core/lib/libmoveit_distance_field.so
[744.496s] -- Installing: /home/user/aiot_robot_project/project_shin/install/moveit_core/lib/libmoveit_exceptions.so.2.5.6
[744.497s] -- Set runtime path of "/home/user/aiot_robot_project/project_shin/install/moveit_core/lib/libmoveit_exceptions.so.2.5.6" to ""
[744.498s] -- Installing: /home/user/aiot_robot_project/project_shin/install/moveit_core/lib/libmoveit_exceptions.so
[744.498s] -- Installing: /home/user/aiot_robot_project/project_shin/install/moveit_core/lib/libmoveit_kinematics_base.so
[744.499s] -- Set runtime path of "/home/user/aiot_robot_project/project_shin/install/moveit_core/lib/libmoveit_kinematics_base.so" to ""
[744.499s] -- Installing: /home/user/aiot_robot_project/project_shin/install/moveit_core/lib/libmoveit_kinematic_constraints.so.2.5.6
[744.502s] -- Set runtime path of "/home/user/aiot_robot_project/project_shin/install/moveit_core/lib/libmoveit_kinematic_constraints.so.2.5.6" to ""
[744.502s] -- Installing: /home/user/aiot_robot_project/project_shin/install/moveit_core/lib/libmoveit_kinematic_constraints.so
[744.503s] -- Installing: /home/user/aiot_robot_project/project_shin/install/moveit_core/lib/libmoveit_kinematics_metrics.so.2.5.6
[744.505s] -- Set runtime path of "/home/user/aiot_robot_project/project_shin/install/moveit_core/lib/libmoveit_kinematics_metrics.so.2.5.6" to ""
[744.505s] -- Installing: /home/user/aiot_robot_project/project_shin/install/moveit_core/lib/libmoveit_kinematics_metrics.so
[744.505s] -- Installing: /home/user/aiot_robot_project/project_shin/install/moveit_core/lib/libmoveit_planning_interface.so.2.5.6
[744.507s] -- Set runtime path of "/home/user/aiot_robot_project/project_shin/install/moveit_core/lib/libmoveit_planning_interface.so.2.5.6" to ""
[744.507s] -- Installing: /home/user/aiot_robot_project/project_shin/install/moveit_core/lib/libmoveit_planning_interface.so
[744.508s] -- Installing: /home/user/aiot_robot_project/project_shin/install/moveit_core/lib/libmoveit_planning_scene.so.2.5.6
[744.511s] -- Set runtime path of "/home/user/aiot_robot_project/project_shin/install/moveit_core/lib/libmoveit_planning_scene.so.2.5.6" to ""
[744.513s] -- Installing: /home/user/aiot_robot_project/project_shin/install/moveit_core/lib/libmoveit_planning_scene.so
[744.513s] -- Installing: /home/user/aiot_robot_project/project_shin/install/moveit_core/lib/libmoveit_planning_request_adapter.so.2.5.6
[744.513s] -- Set runtime path of "/home/user/aiot_robot_project/project_shin/install/moveit_core/lib/libmoveit_planning_request_adapter.so.2.5.6" to ""
[744.514s] -- Installing: /home/user/aiot_robot_project/project_shin/install/moveit_core/lib/libmoveit_planning_request_adapter.so
[744.514s] -- Installing: /home/user/aiot_robot_project/project_shin/install/moveit_core/lib/libmoveit_robot_model.so.2.5.6
[744.517s] -- Set runtime path of "/home/user/aiot_robot_project/project_shin/install/moveit_core/lib/libmoveit_robot_model.so.2.5.6" to ""
[744.517s] -- Installing: /home/user/aiot_robot_project/project_shin/install/moveit_core/lib/libmoveit_robot_model.so
[744.517s] -- Installing: /home/user/aiot_robot_project/project_shin/install/moveit_core/lib/libmoveit_robot_state.so.2.5.6
[744.521s] -- Set runtime path of "/home/user/aiot_robot_project/project_shin/install/moveit_core/lib/libmoveit_robot_state.so.2.5.6" to ""
[744.521s] -- Installing: /home/user/aiot_robot_project/project_shin/install/moveit_core/lib/libmoveit_robot_state.so
[744.522s] -- Installing: /home/user/aiot_robot_project/project_shin/install/moveit_core/lib/libmoveit_robot_trajectory.so.2.5.6
[744.523s] -- Set runtime path of "/home/user/aiot_robot_project/project_shin/install/moveit_core/lib/libmoveit_robot_trajectory.so.2.5.6" to ""
[744.523s] -- Installing: /home/user/aiot_robot_project/project_shin/install/moveit_core/lib/libmoveit_robot_trajectory.so
[744.524s] -- Installing: /home/user/aiot_robot_project/project_shin/install/moveit_core/lib/libmoveit_smoothing_base.so.2.5.6
[744.525s] -- Set runtime path of "/home/user/aiot_robot_project/project_shin/install/moveit_core/lib/libmoveit_smoothing_base.so.2.5.6" to ""
[744.525s] -- Installing: /home/user/aiot_robot_project/project_shin/install/moveit_core/lib/libmoveit_smoothing_base.so
[744.525s] -- Installing: /home/user/aiot_robot_project/project_shin/install/moveit_core/lib/libmoveit_test_utils.so.2.5.6
[744.527s] -- Set runtime path of "/home/user/aiot_robot_project/project_shin/install/moveit_core/lib/libmoveit_test_utils.so.2.5.6" to ""
[744.528s] -- Installing: /home/user/aiot_robot_project/project_shin/install/moveit_core/lib/libmoveit_test_utils.so
[744.528s] -- Installing: /home/user/aiot_robot_project/project_shin/install/moveit_core/lib/libmoveit_trajectory_processing.so.2.5.6
[744.530s] -- Set runtime path of "/home/user/aiot_robot_project/project_shin/install/moveit_core/lib/libmoveit_trajectory_processing.so.2.5.6" to ""
[744.531s] -- Installing: /home/user/aiot_robot_project/project_shin/install/moveit_core/lib/libmoveit_trajectory_processing.so
[744.531s] -- Installing: /home/user/aiot_robot_project/project_shin/install/moveit_core/lib/libmoveit_transforms.so.2.5.6
[744.532s] -- Set runtime path of "/home/user/aiot_robot_project/project_shin/install/moveit_core/lib/libmoveit_transforms.so.2.5.6" to ""
[744.533s] -- Installing: /home/user/aiot_robot_project/project_shin/install/moveit_core/lib/libmoveit_transforms.so
[744.533s] -- Installing: /home/user/aiot_robot_project/project_shin/install/moveit_core/lib/libmoveit_utils.so.2.5.6
[744.534s] -- Set runtime path of "/home/user/aiot_robot_project/project_shin/install/moveit_core/lib/libmoveit_utils.so.2.5.6" to ""
[744.534s] -- Installing: /home/user/aiot_robot_project/project_shin/install/moveit_core/lib/libmoveit_utils.so
[744.535s] -- Installing: /home/user/aiot_robot_project/project_shin/install/moveit_core/share/moveit_core/environment/library_path.sh
[744.535s] -- Installing: /home/user/aiot_robot_project/project_shin/install/moveit_core/share/moveit_core/environment/library_path.dsv
[744.535s] -- Installing: /home/user/aiot_robot_project/project_shin/install/moveit_core/share/moveit_core/collision_detector_fcl_description.xml
[744.536s] -- Installing: /home/user/aiot_robot_project/project_shin/install/moveit_core/share/moveit_core/collision_detector_bullet_description.xml
[744.536s] -- Installing: /home/user/aiot_robot_project/project_shin/install/moveit_core/share/moveit_core/filter_plugin_butterworth.xml
[744.537s] -- Installing: /home/user/aiot_robot_project/project_shin/install/moveit_core/share/ament_index/resource_index/package_run_dependencies/moveit_core
[744.537s] -- Installing: /home/user/aiot_robot_project/project_shin/install/moveit_core/share/ament_index/resource_index/parent_prefix_path/moveit_core
[744.537s] -- Installing: /home/user/aiot_robot_project/project_shin/install/moveit_core/share/moveit_core/environment/ament_prefix_path.sh
[744.538s] -- Installing: /home/user/aiot_robot_project/project_shin/install/moveit_core/share/moveit_core/environment/ament_prefix_path.dsv
[744.538s] -- Installing: /home/user/aiot_robot_project/project_shin/install/moveit_core/share/moveit_core/environment/path.sh
[744.538s] -- Installing: /home/user/aiot_robot_project/project_shin/install/moveit_core/share/moveit_core/environment/path.dsv
[744.539s] -- Installing: /home/user/aiot_robot_project/project_shin/install/moveit_core/share/moveit_core/local_setup.bash
[744.539s] -- Installing: /home/user/aiot_robot_project/project_shin/install/moveit_core/share/moveit_core/local_setup.sh
[744.540s] -- Installing: /home/user/aiot_robot_project/project_shin/install/moveit_core/share/moveit_core/local_setup.zsh
[744.540s] -- Installing: /home/user/aiot_robot_project/project_shin/install/moveit_core/share/moveit_core/local_setup.dsv
[744.540s] -- Installing: /home/user/aiot_robot_project/project_shin/install/moveit_core/share/moveit_core/package.dsv
[744.541s] -- Installing: /home/user/aiot_robot_project/project_shin/install/moveit_core/share/ament_index/resource_index/packages/moveit_core
[744.541s] -- Installing: /home/user/aiot_robot_project/project_shin/install/moveit_core/share/ament_index/resource_index/moveit_core__pluginlib__plugin/moveit_core
[744.542s] -- Installing: /home/user/aiot_robot_project/project_shin/install/moveit_core/share/moveit_core/cmake/export_moveit_coreExport.cmake
[744.542s] -- Installing: /home/user/aiot_robot_project/project_shin/install/moveit_core/share/moveit_core/cmake/export_moveit_coreExport-release.cmake
[744.542s] -- Installing: /home/user/aiot_robot_project/project_shin/install/moveit_core/share/moveit_core/cmake/ConfigExtras.cmake
[744.543s] -- Installing: /home/user/aiot_robot_project/project_shin/install/moveit_core/share/moveit_core/cmake/ament_cmake_export_targets-extras.cmake
[744.543s] -- Installing: /home/user/aiot_robot_project/project_shin/install/moveit_core/share/moveit_core/cmake/ament_cmake_export_dependencies-extras.cmake
[744.543s] -- Installing: /home/user/aiot_robot_project/project_shin/install/moveit_core/share/moveit_core/cmake/moveit_coreConfig.cmake
[744.544s] -- Installing: /home/user/aiot_robot_project/project_shin/install/moveit_core/share/moveit_core/cmake/moveit_coreConfig-version.cmake
[744.544s] -- Installing: /home/user/aiot_robot_project/project_shin/install/moveit_core/share/moveit_core/package.xml
[744.549s] Invoked command in '/home/user/aiot_robot_project/project_shin/build/moveit_core' returned '0': AMENT_PREFIX_PATH=/home/user/aiot_robot_project/project_shin/install/moveit_resources_panda_moveit_config:/home/user/aiot_robot_project/project_shin/install/srdfdom:/home/user/aiot_robot_project/project_shin/install/moveit_resources_pr2_description:/home/user/aiot_robot_project/project_shin/install/moveit_resources_panda_description:/home/user/aiot_robot_project/project_shin/install/moveit_common:${AMENT_PREFIX_PATH} CMAKE_PREFIX_PATH=/home/user/aiot_robot_project/project_shin/install/moveit_resources_panda_moveit_config:/home/user/aiot_robot_project/project_shin/install/srdfdom:/home/user/aiot_robot_project/project_shin/install/moveit_resources_pr2_description:/home/user/aiot_robot_project/project_shin/install/moveit_resources_panda_description:/home/user/aiot_robot_project/project_shin/install/moveit_common:/opt/ros/humble LD_LIBRARY_PATH=/home/user/aiot_robot_project/project_shin/install/srdfdom/lib:${LD_LIBRARY_PATH} PYTHONPATH=/home/user/aiot_robot_project/project_shin/install/srdfdom/local/lib/python3.10/dist-packages:${PYTHONPATH} /usr/bin/cmake --install /home/user/aiot_robot_project/project_shin/build/moveit_core
