[0.055s] Invoking command in '/home/user/aiot_robot_project/project_shin/build/moveit_resources_pr2_description': CMAKE_PREFIX_PATH=/opt/ros/humble /usr/bin/cmake /home/user/aiot_robot_project/project_shin/src/moveit_resources/pr2_description -DCMAKE_BUILD_TYPE=Release -DCMAKE_INSTALL_PREFIX=/home/user/aiot_robot_project/project_shin/install/moveit_resources_pr2_description
[0.532s] -- The C compiler identification is GNU 11.4.0
[0.712s] -- The CXX compiler identification is GNU 11.4.0
[0.741s] -- Detecting C compiler ABI info
[0.976s] -- Detecting C compiler ABI info - done
[0.998s] -- Check for working C compiler: /usr/bin/cc - skipped
[1.000s] -- Detecting C compile features
[1.001s] -- Detecting C compile features - done
[1.008s] -- Detecting CXX compiler ABI info
[1.300s] -- Detecting CXX compiler ABI info - done
[1.315s] -- Check for working CXX compiler: /usr/bin/c++ - skipped
[1.315s] -- Detecting CXX compile features
[1.316s] -- Detecting CXX compile features - done
[1.322s] -- Found ament_cmake: 1.3.10 (/opt/ros/humble/share/ament_cmake/cmake)
[1.720s] -- Found Python3: /usr/bin/python3 (found version "3.10.12") found components: Interpreter 
[2.132s] -- Configuring done
[2.151s] -- Generating done
[2.155s] -- Build files have been written to: /home/user/aiot_robot_project/project_shin/build/moveit_resources_pr2_description
[2.257s] Invoked command in '/home/user/aiot_robot_project/project_shin/build/moveit_resources_pr2_description' returned '0': CMAKE_PREFIX_PATH=/opt/ros/humble /usr/bin/cmake /home/user/aiot_robot_project/project_shin/src/moveit_resources/pr2_description -DCMAKE_BUILD_TYPE=Release -DCMAKE_INSTALL_PREFIX=/home/user/aiot_robot_project/project_shin/install/moveit_resources_pr2_description
[2.261s] Invoking command in '/home/user/aiot_robot_project/project_shin/build/moveit_resources_pr2_description': CMAKE_PREFIX_PATH=/opt/ros/humble /usr/bin/cmake --build /home/user/aiot_robot_project/project_shin/build/moveit_resources_pr2_description -- -j4 -l4
[2.368s] Invoked command in '/home/user/aiot_robot_project/project_shin/build/moveit_resources_pr2_description' returned '0': CMAKE_PREFIX_PATH=/opt/ros/humble /usr/bin/cmake --build /home/user/aiot_robot_project/project_shin/build/moveit_resources_pr2_description -- -j4 -l4
[2.369s] Invoking command in '/home/user/aiot_robot_project/project_shin/build/moveit_resources_pr2_description': CMAKE_PREFIX_PATH=/opt/ros/humble /usr/bin/cmake --install /home/user/aiot_robot_project/project_shin/build/moveit_resources_pr2_description
[2.387s] -- Install configuration: "Release"
[2.388s] -- Installing: /home/user/aiot_robot_project/project_shin/install/moveit_resources_pr2_description/share/ament_index/resource_index/package_run_dependencies/moveit_resources_pr2_description
[2.389s] -- Installing: /home/user/aiot_robot_project/project_shin/install/moveit_resources_pr2_description/share/ament_index/resource_index/parent_prefix_path/moveit_resources_pr2_description
[2.390s] -- Installing: /home/user/aiot_robot_project/project_shin/install/moveit_resources_pr2_description/share/moveit_resources_pr2_description/environment/ament_prefix_path.sh
[2.390s] -- Installing: /home/user/aiot_robot_project/project_shin/install/moveit_resources_pr2_description/share/moveit_resources_pr2_description/environment/ament_prefix_path.dsv
[2.391s] -- Installing: /home/user/aiot_robot_project/project_shin/install/moveit_resources_pr2_description/share/moveit_resources_pr2_description/environment/path.sh
[2.391s] -- Installing: /home/user/aiot_robot_project/project_shin/install/moveit_resources_pr2_description/share/moveit_resources_pr2_description/environment/path.dsv
[2.393s] -- Installing: /home/user/aiot_robot_project/project_shin/install/moveit_resources_pr2_description/share/moveit_resources_pr2_description/local_setup.bash
[2.393s] -- Installing: /home/user/aiot_robot_project/project_shin/install/moveit_resources_pr2_description/share/moveit_resources_pr2_description/local_setup.sh
[2.394s] -- Installing: /home/user/aiot_robot_project/project_shin/install/moveit_resources_pr2_description/share/moveit_resources_pr2_description/local_setup.zsh
[2.394s] -- Installing: /home/user/aiot_robot_project/project_shin/install/moveit_resources_pr2_description/share/moveit_resources_pr2_description/local_setup.dsv
[2.395s] -- Installing: /home/user/aiot_robot_project/project_shin/install/moveit_resources_pr2_description/share/moveit_resources_pr2_description/package.dsv
[2.395s] -- Installing: /home/user/aiot_robot_project/project_shin/install/moveit_resources_pr2_description/share/ament_index/resource_index/packages/moveit_resources_pr2_description
[2.395s] -- Installing: /home/user/aiot_robot_project/project_shin/install/moveit_resources_pr2_description/share/moveit_resources_pr2_description/cmake/moveit_resources_pr2_descriptionConfig.cmake
[2.395s] -- Installing: /home/user/aiot_robot_project/project_shin/install/moveit_resources_pr2_description/share/moveit_resources_pr2_description/cmake/moveit_resources_pr2_descriptionConfig-version.cmake
[2.399s] -- Installing: /home/user/aiot_robot_project/project_shin/install/moveit_resources_pr2_description/share/moveit_resources_pr2_description/package.xml
[2.399s] -- Installing: /home/user/aiot_robot_project/project_shin/install/moveit_resources_pr2_description/share/moveit_resources_pr2_description/srdf
[2.400s] -- Installing: /home/user/aiot_robot_project/project_shin/install/moveit_resources_pr2_description/share/moveit_resources_pr2_description/srdf/robot.xml
[2.400s] -- Installing: /home/user/aiot_robot_project/project_shin/install/moveit_resources_pr2_description/share/moveit_resources_pr2_description/urdf
[2.401s] -- Installing: /home/user/aiot_robot_project/project_shin/install/moveit_resources_pr2_description/share/moveit_resources_pr2_description/urdf/meshes
[2.401s] -- Installing: /home/user/aiot_robot_project/project_shin/install/moveit_resources_pr2_description/share/moveit_resources_pr2_description/urdf/meshes/tilting_laser_v0
[2.402s] -- Installing: /home/user/aiot_robot_project/project_shin/install/moveit_resources_pr2_description/share/moveit_resources_pr2_description/urdf/meshes/tilting_laser_v0/tilting_hokuyo.stl
[2.403s] -- Installing: /home/user/aiot_robot_project/project_shin/install/moveit_resources_pr2_description/share/moveit_resources_pr2_description/urdf/meshes/tilting_laser_v0/tilting_hokuyo_normals.tif
[2.409s] -- Installing: /home/user/aiot_robot_project/project_shin/install/moveit_resources_pr2_description/share/moveit_resources_pr2_description/urdf/meshes/tilting_laser_v0/tilting_hokuyo_color.tif
[2.409s] -- Installing: /home/user/aiot_robot_project/project_shin/install/moveit_resources_pr2_description/share/moveit_resources_pr2_description/urdf/meshes/tilting_laser_v0/hok_tilt.stl
[2.410s] -- Installing: /home/user/aiot_robot_project/project_shin/install/moveit_resources_pr2_description/share/moveit_resources_pr2_description/urdf/meshes/tilting_laser_v0/convex
[2.410s] -- Installing: /home/user/aiot_robot_project/project_shin/install/moveit_resources_pr2_description/share/moveit_resources_pr2_description/urdf/meshes/tilting_laser_v0/convex/tilting_hokuyo_L_convex.stlb
[2.410s] -- Installing: /home/user/aiot_robot_project/project_shin/install/moveit_resources_pr2_description/share/moveit_resources_pr2_description/urdf/meshes/tilting_laser_v0/convex/tilting_hokuyo_convex.stlb
[2.410s] -- Installing: /home/user/aiot_robot_project/project_shin/install/moveit_resources_pr2_description/share/moveit_resources_pr2_description/urdf/meshes/tilting_laser_v0/convex/tilting_hokuyo_L_convex.stla
[2.412s] -- Installing: /home/user/aiot_robot_project/project_shin/install/moveit_resources_pr2_description/share/moveit_resources_pr2_description/urdf/meshes/tilting_laser_v0/convex/hok_tilt.xml
[2.412s] -- Installing: /home/user/aiot_robot_project/project_shin/install/moveit_resources_pr2_description/share/moveit_resources_pr2_description/urdf/meshes/tilting_laser_v0/convex/hok_tilt_convex.stlb
[2.412s] -- Installing: /home/user/aiot_robot_project/project_shin/install/moveit_resources_pr2_description/share/moveit_resources_pr2_description/urdf/meshes/tilting_laser_v0/convex/tilting_hokuyo_L.xml
[2.413s] -- Installing: /home/user/aiot_robot_project/project_shin/install/moveit_resources_pr2_description/share/moveit_resources_pr2_description/urdf/meshes/tilting_laser_v0/convex/hok_tilt_convex.stla
[2.413s] -- Installing: /home/user/aiot_robot_project/project_shin/install/moveit_resources_pr2_description/share/moveit_resources_pr2_description/urdf/meshes/tilting_laser_v0/convex/tilting_hokuyo_convex.stla
[2.413s] -- Installing: /home/user/aiot_robot_project/project_shin/install/moveit_resources_pr2_description/share/moveit_resources_pr2_description/urdf/meshes/tilting_laser_v0/convex/tilting_hokuyo.xml
[2.413s] -- Installing: /home/user/aiot_robot_project/project_shin/install/moveit_resources_pr2_description/share/moveit_resources_pr2_description/urdf/meshes/tilting_laser_v0/convex/tilting_hokuyo_L.dae
[2.414s] -- Installing: /home/user/aiot_robot_project/project_shin/install/moveit_resources_pr2_description/share/moveit_resources_pr2_description/urdf/meshes/tilting_laser_v0/convex/hok_tilt.dae
[2.417s] -- Installing: /home/user/aiot_robot_project/project_shin/install/moveit_resources_pr2_description/share/moveit_resources_pr2_description/urdf/meshes/tilting_laser_v0/convex/tilting_hokuyo.dae
[2.417s] -- Installing: /home/user/aiot_robot_project/project_shin/install/moveit_resources_pr2_description/share/moveit_resources_pr2_description/urdf/meshes/tilting_laser_v0/tilting_hokuyo_L.stl
[2.419s] -- Installing: /home/user/aiot_robot_project/project_shin/install/moveit_resources_pr2_description/share/moveit_resources_pr2_description/urdf/meshes/tilting_laser_v0/tilting_hokuyo.dae
[2.419s] -- Installing: /home/user/aiot_robot_project/project_shin/install/moveit_resources_pr2_description/share/moveit_resources_pr2_description/urdf/meshes/sensors
[2.419s] -- Installing: /home/user/aiot_robot_project/project_shin/install/moveit_resources_pr2_description/share/moveit_resources_pr2_description/urdf/meshes/sensors/kinect_prosilica_v0
[2.419s] -- Installing: /home/user/aiot_robot_project/project_shin/install/moveit_resources_pr2_description/share/moveit_resources_pr2_description/urdf/meshes/sensors/kinect_prosilica_v0/115x100_swept_fwd_no_sensors--coarse.STL
[2.420s] -- Installing: /home/user/aiot_robot_project/project_shin/install/moveit_resources_pr2_description/share/moveit_resources_pr2_description/urdf/meshes/sensors/kinect_prosilica_v0/68-04546_Kinect_Sensor--coarse.STL
[2.420s] -- Installing: /home/user/aiot_robot_project/project_shin/install/moveit_resources_pr2_description/share/moveit_resources_pr2_description/urdf/meshes/sensors/kinect_prosilica_v0/115x100_swept_fwd--coarse.STL
[2.420s] -- Installing: /home/user/aiot_robot_project/project_shin/install/moveit_resources_pr2_description/share/moveit_resources_pr2_description/urdf/meshes/sensors/kinect_prosilica_v0/115x100_swept_back--coarse.STL
[2.420s] -- Installing: /home/user/aiot_robot_project/project_shin/install/moveit_resources_pr2_description/share/moveit_resources_pr2_description/urdf/meshes/sensors/kinect_prosilica_v0/115x100_swept_back_no_sensors--coarse.STL
[2.421s] -- Installing: /home/user/aiot_robot_project/project_shin/install/moveit_resources_pr2_description/share/moveit_resources_pr2_description/urdf/meshes/sensors/kinect_prosilica_v0/Prosilica_w_Lens--coarse.STL
[2.425s] -- Installing: /home/user/aiot_robot_project/project_shin/install/moveit_resources_pr2_description/share/moveit_resources_pr2_description/urdf/meshes/sensors/kinect_v0
[2.425s] -- Installing: /home/user/aiot_robot_project/project_shin/install/moveit_resources_pr2_description/share/moveit_resources_pr2_description/urdf/meshes/sensors/kinect_v0/kinect.tga
[2.426s] -- Installing: /home/user/aiot_robot_project/project_shin/install/moveit_resources_pr2_description/share/moveit_resources_pr2_description/urdf/meshes/sensors/kinect_v0/kinect_color.tga
[2.426s] -- Installing: /home/user/aiot_robot_project/project_shin/install/moveit_resources_pr2_description/share/moveit_resources_pr2_description/urdf/meshes/sensors/kinect_v0/kinect_mount.stl
[2.426s] -- Installing: /home/user/aiot_robot_project/project_shin/install/moveit_resources_pr2_description/share/moveit_resources_pr2_description/urdf/meshes/sensors/kinect_v0/kinect.dae
[2.427s] -- Installing: /home/user/aiot_robot_project/project_shin/install/moveit_resources_pr2_description/share/moveit_resources_pr2_description/urdf/meshes/torso_v0
[2.428s] -- Installing: /home/user/aiot_robot_project/project_shin/install/moveit_resources_pr2_description/share/moveit_resources_pr2_description/urdf/meshes/torso_v0/torso_lift_color.tif
[2.428s] -- Installing: /home/user/aiot_robot_project/project_shin/install/moveit_resources_pr2_description/share/moveit_resources_pr2_description/urdf/meshes/torso_v0/torso_lift_L.stl
[2.429s] -- Installing: /home/user/aiot_robot_project/project_shin/install/moveit_resources_pr2_description/share/moveit_resources_pr2_description/urdf/meshes/torso_v0/torso_lift.dae
[2.429s] -- Installing: /home/user/aiot_robot_project/project_shin/install/moveit_resources_pr2_description/share/moveit_resources_pr2_description/urdf/meshes/torso_v0/convex
[2.430s] -- Installing: /home/user/aiot_robot_project/project_shin/install/moveit_resources_pr2_description/share/moveit_resources_pr2_description/urdf/meshes/torso_v0/convex/torso.dae
[2.430s] -- Installing: /home/user/aiot_robot_project/project_shin/install/moveit_resources_pr2_description/share/moveit_resources_pr2_description/urdf/meshes/torso_v0/convex/torso_lift.xml
[2.431s] -- Installing: /home/user/aiot_robot_project/project_shin/install/moveit_resources_pr2_description/share/moveit_resources_pr2_description/urdf/meshes/torso_v0/convex/torso_lift.dae
[2.431s] -- Installing: /home/user/aiot_robot_project/project_shin/install/moveit_resources_pr2_description/share/moveit_resources_pr2_description/urdf/meshes/torso_v0/convex/torso_lift_L.xml
[2.432s] -- Installing: /home/user/aiot_robot_project/project_shin/install/moveit_resources_pr2_description/share/moveit_resources_pr2_description/urdf/meshes/torso_v0/convex/torso_convex.stla
[2.432s] -- Installing: /home/user/aiot_robot_project/project_shin/install/moveit_resources_pr2_description/share/moveit_resources_pr2_description/urdf/meshes/torso_v0/convex/torso_lift_convex.stla
[2.432s] -- Installing: /home/user/aiot_robot_project/project_shin/install/moveit_resources_pr2_description/share/moveit_resources_pr2_description/urdf/meshes/torso_v0/convex/torso_lift_convex.stlb
[2.433s] -- Installing: /home/user/aiot_robot_project/project_shin/install/moveit_resources_pr2_description/share/moveit_resources_pr2_description/urdf/meshes/torso_v0/convex/torso_lift_L_convex.stlb
[2.433s] -- Installing: /home/user/aiot_robot_project/project_shin/install/moveit_resources_pr2_description/share/moveit_resources_pr2_description/urdf/meshes/torso_v0/convex/torso_convex.stlb
[2.433s] -- Installing: /home/user/aiot_robot_project/project_shin/install/moveit_resources_pr2_description/share/moveit_resources_pr2_description/urdf/meshes/torso_v0/convex/torso.xml
[2.433s] -- Installing: /home/user/aiot_robot_project/project_shin/install/moveit_resources_pr2_description/share/moveit_resources_pr2_description/urdf/meshes/torso_v0/convex/torso_lift_L_convex.stla
[2.434s] -- Installing: /home/user/aiot_robot_project/project_shin/install/moveit_resources_pr2_description/share/moveit_resources_pr2_description/urdf/meshes/torso_v0/convex/torso_lift_L.dae
[2.434s] -- Installing: /home/user/aiot_robot_project/project_shin/install/moveit_resources_pr2_description/share/moveit_resources_pr2_description/urdf/meshes/torso_v0/torso.stl
[2.435s] -- Installing: /home/user/aiot_robot_project/project_shin/install/moveit_resources_pr2_description/share/moveit_resources_pr2_description/urdf/meshes/torso_v0/torso_lift_normals.tif
[2.439s] -- Installing: /home/user/aiot_robot_project/project_shin/install/moveit_resources_pr2_description/share/moveit_resources_pr2_description/urdf/meshes/torso_v0/torso_lift.stl
[2.439s] -- Installing: /home/user/aiot_robot_project/project_shin/install/moveit_resources_pr2_description/share/moveit_resources_pr2_description/urdf/meshes/gripper_v0
[2.439s] -- Installing: /home/user/aiot_robot_project/project_shin/install/moveit_resources_pr2_description/share/moveit_resources_pr2_description/urdf/meshes/gripper_v0/l_float_color.tif
[2.440s] -- Installing: /home/user/aiot_robot_project/project_shin/install/moveit_resources_pr2_description/share/moveit_resources_pr2_description/urdf/meshes/gripper_v0/gripper_palm_color.tif
[2.441s] -- Installing: /home/user/aiot_robot_project/project_shin/install/moveit_resources_pr2_description/share/moveit_resources_pr2_description/urdf/meshes/gripper_v0/upper_finger_r.stl
[2.441s] -- Installing: /home/user/aiot_robot_project/project_shin/install/moveit_resources_pr2_description/share/moveit_resources_pr2_description/urdf/meshes/gripper_v0/l_finger.stl
[2.441s] -- Installing: /home/user/aiot_robot_project/project_shin/install/moveit_resources_pr2_description/share/moveit_resources_pr2_description/urdf/meshes/gripper_v0/finger_tip_pad2_r.stl
[2.442s] -- Installing: /home/user/aiot_robot_project/project_shin/install/moveit_resources_pr2_description/share/moveit_resources_pr2_description/urdf/meshes/gripper_v0/gripper_palm.stl
[2.442s] -- Installing: /home/user/aiot_robot_project/project_shin/install/moveit_resources_pr2_description/share/moveit_resources_pr2_description/urdf/meshes/gripper_v0/finger_tip_r.stl
[2.443s] -- Installing: /home/user/aiot_robot_project/project_shin/install/moveit_resources_pr2_description/share/moveit_resources_pr2_description/urdf/meshes/gripper_v0/finger_tip_pad2_l.stl
[2.444s] -- Installing: /home/user/aiot_robot_project/project_shin/install/moveit_resources_pr2_description/share/moveit_resources_pr2_description/urdf/meshes/gripper_v0/convex
[2.445s] -- Installing: /home/user/aiot_robot_project/project_shin/install/moveit_resources_pr2_description/share/moveit_resources_pr2_description/urdf/meshes/gripper_v0/convex/l_floating_convex.stlb
[2.446s] -- Installing: /home/user/aiot_robot_project/project_shin/install/moveit_resources_pr2_description/share/moveit_resources_pr2_description/urdf/meshes/gripper_v0/convex/upper_finger_l.dae
[2.447s] -- Installing: /home/user/aiot_robot_project/project_shin/install/moveit_resources_pr2_description/share/moveit_resources_pr2_description/urdf/meshes/gripper_v0/convex/finger_tip_pad2_l.xml
[2.447s] -- Installing: /home/user/aiot_robot_project/project_shin/install/moveit_resources_pr2_description/share/moveit_resources_pr2_description/urdf/meshes/gripper_v0/convex/finger_tip_r.dae
[2.448s] -- Installing: /home/user/aiot_robot_project/project_shin/install/moveit_resources_pr2_description/share/moveit_resources_pr2_description/urdf/meshes/gripper_v0/convex/gripper_palm.xml
[2.448s] -- Installing: /home/user/aiot_robot_project/project_shin/install/moveit_resources_pr2_description/share/moveit_resources_pr2_description/urdf/meshes/gripper_v0/convex/upper_finger_r_convex.stla
[2.449s] -- Installing: /home/user/aiot_robot_project/project_shin/install/moveit_resources_pr2_description/share/moveit_resources_pr2_description/urdf/meshes/gripper_v0/convex/l_finger_convex.stlb
[2.450s] -- Installing: /home/user/aiot_robot_project/project_shin/install/moveit_resources_pr2_description/share/moveit_resources_pr2_description/urdf/meshes/gripper_v0/convex/upper_finger_l_convex.stla
[2.450s] -- Installing: /home/user/aiot_robot_project/project_shin/install/moveit_resources_pr2_description/share/moveit_resources_pr2_description/urdf/meshes/gripper_v0/convex/finger_tip_pad2_l.dae
[2.451s] -- Installing: /home/user/aiot_robot_project/project_shin/install/moveit_resources_pr2_description/share/moveit_resources_pr2_description/urdf/meshes/gripper_v0/convex/l_finger_tip_convex.stla
[2.452s] -- Installing: /home/user/aiot_robot_project/project_shin/install/moveit_resources_pr2_description/share/moveit_resources_pr2_description/urdf/meshes/gripper_v0/convex/upper_finger_r.xml
[2.452s] -- Installing: /home/user/aiot_robot_project/project_shin/install/moveit_resources_pr2_description/share/moveit_resources_pr2_description/urdf/meshes/gripper_v0/convex/finger_tip_l_convex.stla
[2.452s] -- Installing: /home/user/aiot_robot_project/project_shin/install/moveit_resources_pr2_description/share/moveit_resources_pr2_description/urdf/meshes/gripper_v0/convex/l_finger_tip.xml
[2.452s] -- Installing: /home/user/aiot_robot_project/project_shin/install/moveit_resources_pr2_description/share/moveit_resources_pr2_description/urdf/meshes/gripper_v0/convex/l_floating_convex.stla
[2.452s] -- Installing: /home/user/aiot_robot_project/project_shin/install/moveit_resources_pr2_description/share/moveit_resources_pr2_description/urdf/meshes/gripper_v0/convex/upper_finger_l.xml
[2.456s] -- Installing: /home/user/aiot_robot_project/project_shin/install/moveit_resources_pr2_description/share/moveit_resources_pr2_description/urdf/meshes/gripper_v0/convex/finger_tip_pad2_r.xml
[2.456s] -- Installing: /home/user/aiot_robot_project/project_shin/install/moveit_resources_pr2_description/share/moveit_resources_pr2_description/urdf/meshes/gripper_v0/convex/finger_tip_pad2_r.dae
[2.456s] -- Installing: /home/user/aiot_robot_project/project_shin/install/moveit_resources_pr2_description/share/moveit_resources_pr2_description/urdf/meshes/gripper_v0/convex/gripper_palm.dae
[2.457s] -- Installing: /home/user/aiot_robot_project/project_shin/install/moveit_resources_pr2_description/share/moveit_resources_pr2_description/urdf/meshes/gripper_v0/convex/finger_tip_r_convex.stlb
[2.457s] -- Installing: /home/user/aiot_robot_project/project_shin/install/moveit_resources_pr2_description/share/moveit_resources_pr2_description/urdf/meshes/gripper_v0/convex/finger_tip_r.xml
[2.457s] -- Installing: /home/user/aiot_robot_project/project_shin/install/moveit_resources_pr2_description/share/moveit_resources_pr2_description/urdf/meshes/gripper_v0/convex/l_finger.dae
[2.457s] -- Installing: /home/user/aiot_robot_project/project_shin/install/moveit_resources_pr2_description/share/moveit_resources_pr2_description/urdf/meshes/gripper_v0/convex/upper_finger_r_convex.stlb
[2.458s] -- Installing: /home/user/aiot_robot_project/project_shin/install/moveit_resources_pr2_description/share/moveit_resources_pr2_description/urdf/meshes/gripper_v0/convex/finger_tip_pad2_r_convex.stlb
[2.458s] -- Installing: /home/user/aiot_robot_project/project_shin/install/moveit_resources_pr2_description/share/moveit_resources_pr2_description/urdf/meshes/gripper_v0/convex/gripper_palm_convex.stla
[2.458s] -- Installing: /home/user/aiot_robot_project/project_shin/install/moveit_resources_pr2_description/share/moveit_resources_pr2_description/urdf/meshes/gripper_v0/convex/l_finger.xml
[2.458s] -- Installing: /home/user/aiot_robot_project/project_shin/install/moveit_resources_pr2_description/share/moveit_resources_pr2_description/urdf/meshes/gripper_v0/convex/l_finger_tip_convex.stlb
[2.458s] -- Installing: /home/user/aiot_robot_project/project_shin/install/moveit_resources_pr2_description/share/moveit_resources_pr2_description/urdf/meshes/gripper_v0/convex/finger_tip_l_convex.stlb
[2.459s] -- Installing: /home/user/aiot_robot_project/project_shin/install/moveit_resources_pr2_description/share/moveit_resources_pr2_description/urdf/meshes/gripper_v0/convex/upper_finger_l_convex.stlb
[2.459s] -- Installing: /home/user/aiot_robot_project/project_shin/install/moveit_resources_pr2_description/share/moveit_resources_pr2_description/urdf/meshes/gripper_v0/convex/l_floating.dae
[2.460s] -- Installing: /home/user/aiot_robot_project/project_shin/install/moveit_resources_pr2_description/share/moveit_resources_pr2_description/urdf/meshes/gripper_v0/convex/finger_tip_pad2_l_convex.stla
[2.460s] -- Installing: /home/user/aiot_robot_project/project_shin/install/moveit_resources_pr2_description/share/moveit_resources_pr2_description/urdf/meshes/gripper_v0/convex/finger_tip_l.dae
[2.460s] -- Installing: /home/user/aiot_robot_project/project_shin/install/moveit_resources_pr2_description/share/moveit_resources_pr2_description/urdf/meshes/gripper_v0/convex/gripper_palm_convex.stlb
[2.460s] -- Installing: /home/user/aiot_robot_project/project_shin/install/moveit_resources_pr2_description/share/moveit_resources_pr2_description/urdf/meshes/gripper_v0/convex/finger_tip_r_convex.stla
[2.460s] -- Installing: /home/user/aiot_robot_project/project_shin/install/moveit_resources_pr2_description/share/moveit_resources_pr2_description/urdf/meshes/gripper_v0/convex/finger_tip_pad2_r_convex.stla
[2.460s] -- Installing: /home/user/aiot_robot_project/project_shin/install/moveit_resources_pr2_description/share/moveit_resources_pr2_description/urdf/meshes/gripper_v0/convex/l_floating.xml
[2.461s] -- Installing: /home/user/aiot_robot_project/project_shin/install/moveit_resources_pr2_description/share/moveit_resources_pr2_description/urdf/meshes/gripper_v0/convex/finger_tip_pad2_l_convex.stlb
[2.461s] -- Installing: /home/user/aiot_robot_project/project_shin/install/moveit_resources_pr2_description/share/moveit_resources_pr2_description/urdf/meshes/gripper_v0/convex/l_finger_tip.dae
[2.461s] -- Installing: /home/user/aiot_robot_project/project_shin/install/moveit_resources_pr2_description/share/moveit_resources_pr2_description/urdf/meshes/gripper_v0/convex/l_finger_convex.stla
[2.461s] -- Installing: /home/user/aiot_robot_project/project_shin/install/moveit_resources_pr2_description/share/moveit_resources_pr2_description/urdf/meshes/gripper_v0/convex/upper_finger_r.dae
[2.461s] -- Installing: /home/user/aiot_robot_project/project_shin/install/moveit_resources_pr2_description/share/moveit_resources_pr2_description/urdf/meshes/gripper_v0/convex/finger_tip_l.xml
[2.462s] -- Installing: /home/user/aiot_robot_project/project_shin/install/moveit_resources_pr2_description/share/moveit_resources_pr2_description/urdf/meshes/gripper_v0/gripper_palm.dae
[2.466s] -- Installing: /home/user/aiot_robot_project/project_shin/install/moveit_resources_pr2_description/share/moveit_resources_pr2_description/urdf/meshes/gripper_v0/l_floating.stl
[2.466s] -- Installing: /home/user/aiot_robot_project/project_shin/install/moveit_resources_pr2_description/share/moveit_resources_pr2_description/urdf/meshes/gripper_v0/l_float_normals.tif
[2.471s] -- Installing: /home/user/aiot_robot_project/project_shin/install/moveit_resources_pr2_description/share/moveit_resources_pr2_description/urdf/meshes/gripper_v0/finger_tip_l.stl
[2.471s] -- Installing: /home/user/aiot_robot_project/project_shin/install/moveit_resources_pr2_description/share/moveit_resources_pr2_description/urdf/meshes/gripper_v0/finger_tip_H_UV_100430.dae
[2.483s] -- Installing: /home/user/aiot_robot_project/project_shin/install/moveit_resources_pr2_description/share/moveit_resources_pr2_description/urdf/meshes/gripper_v0/l_finger.dae
[2.483s] -- Installing: /home/user/aiot_robot_project/project_shin/install/moveit_resources_pr2_description/share/moveit_resources_pr2_description/urdf/meshes/gripper_v0/finger_H_Color_100430.tif
[2.483s] -- Installing: /home/user/aiot_robot_project/project_shin/install/moveit_resources_pr2_description/share/moveit_resources_pr2_description/urdf/meshes/gripper_v0/l_finger_normals.tif
[2.485s] -- Installing: /home/user/aiot_robot_project/project_shin/install/moveit_resources_pr2_description/share/moveit_resources_pr2_description/urdf/meshes/gripper_v0/l_finger_tip.stl
[2.485s] -- Installing: /home/user/aiot_robot_project/project_shin/install/moveit_resources_pr2_description/share/moveit_resources_pr2_description/urdf/meshes/gripper_v0/palm_H_UV_100430.dae
[2.489s] -- Installing: /home/user/aiot_robot_project/project_shin/install/moveit_resources_pr2_description/share/moveit_resources_pr2_description/urdf/meshes/gripper_v0/l_finger_color.tif
[2.490s] -- Installing: /home/user/aiot_robot_project/project_shin/install/moveit_resources_pr2_description/share/moveit_resources_pr2_description/urdf/meshes/gripper_v0/palm_H_Color_100430.tif
[2.490s] -- Installing: /home/user/aiot_robot_project/project_shin/install/moveit_resources_pr2_description/share/moveit_resources_pr2_description/urdf/meshes/gripper_v0/float_H_Color_100430.tif
[2.492s] -- Installing: /home/user/aiot_robot_project/project_shin/install/moveit_resources_pr2_description/share/moveit_resources_pr2_description/urdf/meshes/gripper_v0/l_finger_tip_color.tif
[2.493s] -- Installing: /home/user/aiot_robot_project/project_shin/install/moveit_resources_pr2_description/share/moveit_resources_pr2_description/urdf/meshes/gripper_v0/l_finger_tip_normals.tif
[2.498s] -- Installing: /home/user/aiot_robot_project/project_shin/install/moveit_resources_pr2_description/share/moveit_resources_pr2_description/urdf/meshes/gripper_v0/upper_finger_l.stl
[2.499s] -- Installing: /home/user/aiot_robot_project/project_shin/install/moveit_resources_pr2_description/share/moveit_resources_pr2_description/urdf/meshes/gripper_v0/l_float.dae
[2.499s] -- Installing: /home/user/aiot_robot_project/project_shin/install/moveit_resources_pr2_description/share/moveit_resources_pr2_description/urdf/meshes/gripper_v0/gripper_palm_normals.tif
[2.503s] -- Installing: /home/user/aiot_robot_project/project_shin/install/moveit_resources_pr2_description/share/moveit_resources_pr2_description/urdf/meshes/gripper_v0/l_finger_tip.dae
[2.506s] -- Installing: /home/user/aiot_robot_project/project_shin/install/moveit_resources_pr2_description/share/moveit_resources_pr2_description/urdf/meshes/gripper_v0/fingertip_H_Color_100430.tif
[2.507s] -- Installing: /home/user/aiot_robot_project/project_shin/install/moveit_resources_pr2_description/share/moveit_resources_pr2_description/urdf/meshes/gripper_v0/float_H_UV_100430.dae
[2.511s] -- Installing: /home/user/aiot_robot_project/project_shin/install/moveit_resources_pr2_description/share/moveit_resources_pr2_description/urdf/meshes/gripper_v0/finger_H_UV_100430.dae
[2.519s] -- Installing: /home/user/aiot_robot_project/project_shin/install/moveit_resources_pr2_description/share/moveit_resources_pr2_description/urdf/meshes/base_v0
[2.522s] -- Installing: /home/user/aiot_robot_project/project_shin/install/moveit_resources_pr2_description/share/moveit_resources_pr2_description/urdf/meshes/base_v0/wheel_normals.tif
[2.528s] -- Installing: /home/user/aiot_robot_project/project_shin/install/moveit_resources_pr2_description/share/moveit_resources_pr2_description/urdf/meshes/base_v0/wheel.dae
[2.530s] -- Installing: /home/user/aiot_robot_project/project_shin/install/moveit_resources_pr2_description/share/moveit_resources_pr2_description/urdf/meshes/base_v0/wheel_h.dae
[2.536s] -- Installing: /home/user/aiot_robot_project/project_shin/install/moveit_resources_pr2_description/share/moveit_resources_pr2_description/urdf/meshes/base_v0/wheel_h_color.tif
[2.537s] -- Installing: /home/user/aiot_robot_project/project_shin/install/moveit_resources_pr2_description/share/moveit_resources_pr2_description/urdf/meshes/base_v0/base.dae
[2.537s] -- Installing: /home/user/aiot_robot_project/project_shin/install/moveit_resources_pr2_description/share/moveit_resources_pr2_description/urdf/meshes/base_v0/base_L.stl
[2.537s] -- Installing: /home/user/aiot_robot_project/project_shin/install/moveit_resources_pr2_description/share/moveit_resources_pr2_description/urdf/meshes/base_v0/caster.stl
[2.549s] -- Installing: /home/user/aiot_robot_project/project_shin/install/moveit_resources_pr2_description/share/moveit_resources_pr2_description/urdf/meshes/base_v0/convex
[2.550s] -- Installing: /home/user/aiot_robot_project/project_shin/install/moveit_resources_pr2_description/share/moveit_resources_pr2_description/urdf/meshes/base_v0/convex/wheel_convex.stla
[2.550s] -- Installing: /home/user/aiot_robot_project/project_shin/install/moveit_resources_pr2_description/share/moveit_resources_pr2_description/urdf/meshes/base_v0/convex/wheel.dae
[2.550s] -- Installing: /home/user/aiot_robot_project/project_shin/install/moveit_resources_pr2_description/share/moveit_resources_pr2_description/urdf/meshes/base_v0/convex/caster_convex.stlb
[2.550s] -- Installing: /home/user/aiot_robot_project/project_shin/install/moveit_resources_pr2_description/share/moveit_resources_pr2_description/urdf/meshes/base_v0/convex/base.dae
[2.551s] -- Installing: /home/user/aiot_robot_project/project_shin/install/moveit_resources_pr2_description/share/moveit_resources_pr2_description/urdf/meshes/base_v0/convex/base_L_convex.stla
[2.551s] -- Installing: /home/user/aiot_robot_project/project_shin/install/moveit_resources_pr2_description/share/moveit_resources_pr2_description/urdf/meshes/base_v0/convex/pr2_wheel.dae
[2.551s] -- Installing: /home/user/aiot_robot_project/project_shin/install/moveit_resources_pr2_description/share/moveit_resources_pr2_description/urdf/meshes/base_v0/convex/caster_L.xml
[2.551s] -- Installing: /home/user/aiot_robot_project/project_shin/install/moveit_resources_pr2_description/share/moveit_resources_pr2_description/urdf/meshes/base_v0/convex/pr2_wheel_convex.stla
[2.552s] -- Installing: /home/user/aiot_robot_project/project_shin/install/moveit_resources_pr2_description/share/moveit_resources_pr2_description/urdf/meshes/base_v0/convex/base_convex.stla
[2.553s] -- Installing: /home/user/aiot_robot_project/project_shin/install/moveit_resources_pr2_description/share/moveit_resources_pr2_description/urdf/meshes/base_v0/convex/wheel.xml
[2.554s] -- Installing: /home/user/aiot_robot_project/project_shin/install/moveit_resources_pr2_description/share/moveit_resources_pr2_description/urdf/meshes/base_v0/convex/caster_L.dae
[2.554s] -- Installing: /home/user/aiot_robot_project/project_shin/install/moveit_resources_pr2_description/share/moveit_resources_pr2_description/urdf/meshes/base_v0/convex/wheel_convex.stlb
[2.554s] -- Installing: /home/user/aiot_robot_project/project_shin/install/moveit_resources_pr2_description/share/moveit_resources_pr2_description/urdf/meshes/base_v0/convex/pr2_wheel_convex.stlb
[2.555s] -- Installing: /home/user/aiot_robot_project/project_shin/install/moveit_resources_pr2_description/share/moveit_resources_pr2_description/urdf/meshes/base_v0/convex/base.xml
[2.555s] -- Installing: /home/user/aiot_robot_project/project_shin/install/moveit_resources_pr2_description/share/moveit_resources_pr2_description/urdf/meshes/base_v0/convex/base_L_convex.stlb
[2.555s] -- Installing: /home/user/aiot_robot_project/project_shin/install/moveit_resources_pr2_description/share/moveit_resources_pr2_description/urdf/meshes/base_v0/convex/base_convex.stlb
[2.555s] -- Installing: /home/user/aiot_robot_project/project_shin/install/moveit_resources_pr2_description/share/moveit_resources_pr2_description/urdf/meshes/base_v0/convex/caster_L_convex.stlb
[2.555s] -- Installing: /home/user/aiot_robot_project/project_shin/install/moveit_resources_pr2_description/share/moveit_resources_pr2_description/urdf/meshes/base_v0/convex/caster_convex.stla
[2.556s] -- Installing: /home/user/aiot_robot_project/project_shin/install/moveit_resources_pr2_description/share/moveit_resources_pr2_description/urdf/meshes/base_v0/convex/pr2_wheel.xml
[2.558s] -- Installing: /home/user/aiot_robot_project/project_shin/install/moveit_resources_pr2_description/share/moveit_resources_pr2_description/urdf/meshes/base_v0/convex/caster_L_convex.stla
[2.559s] -- Installing: /home/user/aiot_robot_project/project_shin/install/moveit_resources_pr2_description/share/moveit_resources_pr2_description/urdf/meshes/base_v0/convex/caster.dae
[2.559s] -- Installing: /home/user/aiot_robot_project/project_shin/install/moveit_resources_pr2_description/share/moveit_resources_pr2_description/urdf/meshes/base_v0/convex/caster.xml
[2.559s] -- Installing: /home/user/aiot_robot_project/project_shin/install/moveit_resources_pr2_description/share/moveit_resources_pr2_description/urdf/meshes/base_v0/convex/base_L.dae
[2.559s] -- Installing: /home/user/aiot_robot_project/project_shin/install/moveit_resources_pr2_description/share/moveit_resources_pr2_description/urdf/meshes/base_v0/convex/base_L.xml
[2.559s] -- Installing: /home/user/aiot_robot_project/project_shin/install/moveit_resources_pr2_description/share/moveit_resources_pr2_description/urdf/meshes/base_v0/wheel.stl
[2.560s] -- Installing: /home/user/aiot_robot_project/project_shin/install/moveit_resources_pr2_description/share/moveit_resources_pr2_description/urdf/meshes/base_v0/wheel_color.tif
[2.560s] -- Installing: /home/user/aiot_robot_project/project_shin/install/moveit_resources_pr2_description/share/moveit_resources_pr2_description/urdf/meshes/base_v0/base_color.tif
[2.560s] -- Installing: /home/user/aiot_robot_project/project_shin/install/moveit_resources_pr2_description/share/moveit_resources_pr2_description/urdf/meshes/base_v0/base.stl
[2.560s] -- Installing: /home/user/aiot_robot_project/project_shin/install/moveit_resources_pr2_description/share/moveit_resources_pr2_description/urdf/meshes/base_v0/caster_L.stl
[2.560s] -- Installing: /home/user/aiot_robot_project/project_shin/install/moveit_resources_pr2_description/share/moveit_resources_pr2_description/urdf/meshes/base_v0/pr2_wheel.stl
[2.561s] -- Installing: /home/user/aiot_robot_project/project_shin/install/moveit_resources_pr2_description/share/moveit_resources_pr2_description/urdf/meshes/base_v0/base_normals.tif
[2.561s] -- Installing: /home/user/aiot_robot_project/project_shin/install/moveit_resources_pr2_description/share/moveit_resources_pr2_description/urdf/meshes/forearm_v0
[2.561s] -- Installing: /home/user/aiot_robot_project/project_shin/install/moveit_resources_pr2_description/share/moveit_resources_pr2_description/urdf/meshes/forearm_v0/forearm.jpg
[2.561s] -- Installing: /home/user/aiot_robot_project/project_shin/install/moveit_resources_pr2_description/share/moveit_resources_pr2_description/urdf/meshes/forearm_v0/forearm_normals.tif
[2.563s] -- Installing: /home/user/aiot_robot_project/project_shin/install/moveit_resources_pr2_description/share/moveit_resources_pr2_description/urdf/meshes/forearm_v0/wrist_roll.stl
[2.565s] -- Installing: /home/user/aiot_robot_project/project_shin/install/moveit_resources_pr2_description/share/moveit_resources_pr2_description/urdf/meshes/forearm_v0/convex
[2.567s] -- Installing: /home/user/aiot_robot_project/project_shin/install/moveit_resources_pr2_description/share/moveit_resources_pr2_description/urdf/meshes/forearm_v0/convex/wrist_roll_L_convex.stlb
[2.567s] -- Installing: /home/user/aiot_robot_project/project_shin/install/moveit_resources_pr2_description/share/moveit_resources_pr2_description/urdf/meshes/forearm_v0/convex/forearm.xml
[2.567s] -- Installing: /home/user/aiot_robot_project/project_shin/install/moveit_resources_pr2_description/share/moveit_resources_pr2_description/urdf/meshes/forearm_v0/convex/wrist_roll_convex.stla
[2.567s] -- Installing: /home/user/aiot_robot_project/project_shin/install/moveit_resources_pr2_description/share/moveit_resources_pr2_description/urdf/meshes/forearm_v0/convex/wrist_roll.xml
[2.567s] -- Installing: /home/user/aiot_robot_project/project_shin/install/moveit_resources_pr2_description/share/moveit_resources_pr2_description/urdf/meshes/forearm_v0/convex/wrist_roll_L_convex.stla
[2.568s] -- Installing: /home/user/aiot_robot_project/project_shin/install/moveit_resources_pr2_description/share/moveit_resources_pr2_description/urdf/meshes/forearm_v0/convex/wrist_roll_L.xml
[2.568s] -- Installing: /home/user/aiot_robot_project/project_shin/install/moveit_resources_pr2_description/share/moveit_resources_pr2_description/urdf/meshes/forearm_v0/convex/wrist_flex.xml
[2.568s] -- Installing: /home/user/aiot_robot_project/project_shin/install/moveit_resources_pr2_description/share/moveit_resources_pr2_description/urdf/meshes/forearm_v0/convex/wrist_roll.dae
[2.568s] -- Installing: /home/user/aiot_robot_project/project_shin/install/moveit_resources_pr2_description/share/moveit_resources_pr2_description/urdf/meshes/forearm_v0/convex/forearm_convex.stlb
[2.569s] -- Installing: /home/user/aiot_robot_project/project_shin/install/moveit_resources_pr2_description/share/moveit_resources_pr2_description/urdf/meshes/forearm_v0/convex/wrist_flex_convex.stlb
[2.569s] -- Installing: /home/user/aiot_robot_project/project_shin/install/moveit_resources_pr2_description/share/moveit_resources_pr2_description/urdf/meshes/forearm_v0/convex/forearm_convex.stla
[2.569s] -- Installing: /home/user/aiot_robot_project/project_shin/install/moveit_resources_pr2_description/share/moveit_resources_pr2_description/urdf/meshes/forearm_v0/convex/wrist_roll_convex.stlb
[2.569s] -- Installing: /home/user/aiot_robot_project/project_shin/install/moveit_resources_pr2_description/share/moveit_resources_pr2_description/urdf/meshes/forearm_v0/convex/wrist_flex.dae
[2.570s] -- Installing: /home/user/aiot_robot_project/project_shin/install/moveit_resources_pr2_description/share/moveit_resources_pr2_description/urdf/meshes/forearm_v0/convex/forearm.dae
[2.571s] -- Installing: /home/user/aiot_robot_project/project_shin/install/moveit_resources_pr2_description/share/moveit_resources_pr2_description/urdf/meshes/forearm_v0/convex/wrist_roll_L.dae
[2.572s] -- Installing: /home/user/aiot_robot_project/project_shin/install/moveit_resources_pr2_description/share/moveit_resources_pr2_description/urdf/meshes/forearm_v0/convex/wrist_flex_convex.stla
[2.572s] -- Installing: /home/user/aiot_robot_project/project_shin/install/moveit_resources_pr2_description/share/moveit_resources_pr2_description/urdf/meshes/forearm_v0/wrist_flex.stl
[2.573s] -- Installing: /home/user/aiot_robot_project/project_shin/install/moveit_resources_pr2_description/share/moveit_resources_pr2_description/urdf/meshes/forearm_v0/wrist_normals.tif
[2.577s] -- Installing: /home/user/aiot_robot_project/project_shin/install/moveit_resources_pr2_description/share/moveit_resources_pr2_description/urdf/meshes/forearm_v0/wrist_flex.dae
[2.580s] -- Installing: /home/user/aiot_robot_project/project_shin/install/moveit_resources_pr2_description/share/moveit_resources_pr2_description/urdf/meshes/forearm_v0/forearm_color.tif
[2.589s] -- Installing: /home/user/aiot_robot_project/project_shin/install/moveit_resources_pr2_description/share/moveit_resources_pr2_description/urdf/meshes/forearm_v0/forearm.dae
[2.591s] -- Installing: /home/user/aiot_robot_project/project_shin/install/moveit_resources_pr2_description/share/moveit_resources_pr2_description/urdf/meshes/forearm_v0/forearm.stl
[2.593s] -- Installing: /home/user/aiot_robot_project/project_shin/install/moveit_resources_pr2_description/share/moveit_resources_pr2_description/urdf/meshes/forearm_v0/wrist_roll_L.stl
[2.593s] -- Installing: /home/user/aiot_robot_project/project_shin/install/moveit_resources_pr2_description/share/moveit_resources_pr2_description/urdf/meshes/forearm_v0/wrist_color.tif
[2.593s] -- Installing: /home/user/aiot_robot_project/project_shin/install/moveit_resources_pr2_description/share/moveit_resources_pr2_description/urdf/meshes/head_v0
[2.593s] -- Installing: /home/user/aiot_robot_project/project_shin/install/moveit_resources_pr2_description/share/moveit_resources_pr2_description/urdf/meshes/head_v0/head_tilt_color_red.tif
[2.594s] -- Installing: /home/user/aiot_robot_project/project_shin/install/moveit_resources_pr2_description/share/moveit_resources_pr2_description/urdf/meshes/head_v0/head_pan.dae
[2.595s] -- Installing: /home/user/aiot_robot_project/project_shin/install/moveit_resources_pr2_description/share/moveit_resources_pr2_description/urdf/meshes/head_v0/head_tilt_color.tif
[2.610s] -- Installing: /home/user/aiot_robot_project/project_shin/install/moveit_resources_pr2_description/share/moveit_resources_pr2_description/urdf/meshes/head_v0/head_pan.stl
[2.610s] -- Installing: /home/user/aiot_robot_project/project_shin/install/moveit_resources_pr2_description/share/moveit_resources_pr2_description/urdf/meshes/head_v0/head_pan_L.stl
[2.610s] -- Installing: /home/user/aiot_robot_project/project_shin/install/moveit_resources_pr2_description/share/moveit_resources_pr2_description/urdf/meshes/head_v0/head_tilt_L.stl
[2.610s] -- Installing: /home/user/aiot_robot_project/project_shin/install/moveit_resources_pr2_description/share/moveit_resources_pr2_description/urdf/meshes/head_v0/head_tilt_green.tif
[2.611s] -- Installing: /home/user/aiot_robot_project/project_shin/install/moveit_resources_pr2_description/share/moveit_resources_pr2_description/urdf/meshes/head_v0/head_tilt.stl
[2.612s] -- Installing: /home/user/aiot_robot_project/project_shin/install/moveit_resources_pr2_description/share/moveit_resources_pr2_description/urdf/meshes/head_v0/convex
[2.612s] -- Installing: /home/user/aiot_robot_project/project_shin/install/moveit_resources_pr2_description/share/moveit_resources_pr2_description/urdf/meshes/head_v0/convex/head_pan_L.xml
[2.612s] -- Installing: /home/user/aiot_robot_project/project_shin/install/moveit_resources_pr2_description/share/moveit_resources_pr2_description/urdf/meshes/head_v0/convex/head_pan.xml
[2.612s] -- Installing: /home/user/aiot_robot_project/project_shin/install/moveit_resources_pr2_description/share/moveit_resources_pr2_description/urdf/meshes/head_v0/convex/head_pan_L_convex.stlb
[2.613s] -- Installing: /home/user/aiot_robot_project/project_shin/install/moveit_resources_pr2_description/share/moveit_resources_pr2_description/urdf/meshes/head_v0/convex/head_pan.dae
[2.616s] -- Installing: /home/user/aiot_robot_project/project_shin/install/moveit_resources_pr2_description/share/moveit_resources_pr2_description/urdf/meshes/head_v0/convex/head_pan_convex.stlb
[2.616s] -- Installing: /home/user/aiot_robot_project/project_shin/install/moveit_resources_pr2_description/share/moveit_resources_pr2_description/urdf/meshes/head_v0/convex/head_pan_L_convex.stla
[2.616s] -- Installing: /home/user/aiot_robot_project/project_shin/install/moveit_resources_pr2_description/share/moveit_resources_pr2_description/urdf/meshes/head_v0/convex/head_tilt_convex.stlb
[2.617s] -- Installing: /home/user/aiot_robot_project/project_shin/install/moveit_resources_pr2_description/share/moveit_resources_pr2_description/urdf/meshes/head_v0/convex/head_pan_convex.stla
[2.617s] -- Installing: /home/user/aiot_robot_project/project_shin/install/moveit_resources_pr2_description/share/moveit_resources_pr2_description/urdf/meshes/head_v0/convex/head_pan_L.dae
[2.617s] -- Installing: /home/user/aiot_robot_project/project_shin/install/moveit_resources_pr2_description/share/moveit_resources_pr2_description/urdf/meshes/head_v0/convex/head_tilt.xml
[2.617s] -- Installing: /home/user/aiot_robot_project/project_shin/install/moveit_resources_pr2_description/share/moveit_resources_pr2_description/urdf/meshes/head_v0/convex/head_tilt_L_convex.stla
[2.618s] -- Installing: /home/user/aiot_robot_project/project_shin/install/moveit_resources_pr2_description/share/moveit_resources_pr2_description/urdf/meshes/head_v0/convex/head_tilt_L.dae
[2.618s] -- Installing: /home/user/aiot_robot_project/project_shin/install/moveit_resources_pr2_description/share/moveit_resources_pr2_description/urdf/meshes/head_v0/convex/head_tilt_convex.stla
[2.618s] -- Installing: /home/user/aiot_robot_project/project_shin/install/moveit_resources_pr2_description/share/moveit_resources_pr2_description/urdf/meshes/head_v0/convex/head_tilt.dae
[2.618s] -- Installing: /home/user/aiot_robot_project/project_shin/install/moveit_resources_pr2_description/share/moveit_resources_pr2_description/urdf/meshes/head_v0/convex/head_tilt_L_convex.stlb
[2.618s] -- Installing: /home/user/aiot_robot_project/project_shin/install/moveit_resources_pr2_description/share/moveit_resources_pr2_description/urdf/meshes/head_v0/convex/head_tilt_L.xml
[2.622s] -- Installing: /home/user/aiot_robot_project/project_shin/install/moveit_resources_pr2_description/share/moveit_resources_pr2_description/urdf/meshes/head_v0/head_tilt_normals.tif
[2.622s] -- Installing: /home/user/aiot_robot_project/project_shin/install/moveit_resources_pr2_description/share/moveit_resources_pr2_description/urdf/meshes/head_v0/head_tilt_color_yellow.tif
[2.622s] -- Installing: /home/user/aiot_robot_project/project_shin/install/moveit_resources_pr2_description/share/moveit_resources_pr2_description/urdf/meshes/head_v0/head_pan_color.tif
[2.623s] -- Installing: /home/user/aiot_robot_project/project_shin/install/moveit_resources_pr2_description/share/moveit_resources_pr2_description/urdf/meshes/head_v0/head_pan_normals.tif
[2.629s] -- Installing: /home/user/aiot_robot_project/project_shin/install/moveit_resources_pr2_description/share/moveit_resources_pr2_description/urdf/meshes/head_v0/head_tilt.dae
[2.629s] -- Installing: /home/user/aiot_robot_project/project_shin/install/moveit_resources_pr2_description/share/moveit_resources_pr2_description/urdf/meshes/shoulder_v0
[2.630s] -- Installing: /home/user/aiot_robot_project/project_shin/install/moveit_resources_pr2_description/share/moveit_resources_pr2_description/urdf/meshes/shoulder_v0/upper_arm_roll.dae
[2.632s] -- Installing: /home/user/aiot_robot_project/project_shin/install/moveit_resources_pr2_description/share/moveit_resources_pr2_description/urdf/meshes/shoulder_v0/shoulder_pan_color.tif
[2.642s] -- Installing: /home/user/aiot_robot_project/project_shin/install/moveit_resources_pr2_description/share/moveit_resources_pr2_description/urdf/meshes/shoulder_v0/convex
[2.643s] -- Installing: /home/user/aiot_robot_project/project_shin/install/moveit_resources_pr2_description/share/moveit_resources_pr2_description/urdf/meshes/shoulder_v0/convex/upper_arm_roll.dae
[2.643s] -- Installing: /home/user/aiot_robot_project/project_shin/install/moveit_resources_pr2_description/share/moveit_resources_pr2_description/urdf/meshes/shoulder_v0/convex/shoulder_lift_convex.stla
[2.644s] -- Installing: /home/user/aiot_robot_project/project_shin/install/moveit_resources_pr2_description/share/moveit_resources_pr2_description/urdf/meshes/shoulder_v0/convex/upper_arm_roll_L.xml
[2.647s] -- Installing: /home/user/aiot_robot_project/project_shin/install/moveit_resources_pr2_description/share/moveit_resources_pr2_description/urdf/meshes/shoulder_v0/convex/shoulder_yaw_convex.stla
[2.647s] -- Installing: /home/user/aiot_robot_project/project_shin/install/moveit_resources_pr2_description/share/moveit_resources_pr2_description/urdf/meshes/shoulder_v0/convex/shoulder_yaw.xml
[2.647s] -- Installing: /home/user/aiot_robot_project/project_shin/install/moveit_resources_pr2_description/share/moveit_resources_pr2_description/urdf/meshes/shoulder_v0/convex/shoulder_pan_convex.stlb
[2.648s] -- Installing: /home/user/aiot_robot_project/project_shin/install/moveit_resources_pr2_description/share/moveit_resources_pr2_description/urdf/meshes/shoulder_v0/convex/upper_arm_roll_L_convex.stla
[2.648s] -- Installing: /home/user/aiot_robot_project/project_shin/install/moveit_resources_pr2_description/share/moveit_resources_pr2_description/urdf/meshes/shoulder_v0/convex/shoulder_pan_convex.stla
[2.648s] -- Installing: /home/user/aiot_robot_project/project_shin/install/moveit_resources_pr2_description/share/moveit_resources_pr2_description/urdf/meshes/shoulder_v0/convex/shoulder_lift_convex.stlb
[2.648s] -- Installing: /home/user/aiot_robot_project/project_shin/install/moveit_resources_pr2_description/share/moveit_resources_pr2_description/urdf/meshes/shoulder_v0/convex/shoulder_pan.dae
[2.652s] -- Installing: /home/user/aiot_robot_project/project_shin/install/moveit_resources_pr2_description/share/moveit_resources_pr2_description/urdf/meshes/shoulder_v0/convex/upper_arm_roll_convex.stlb
[2.652s] -- Installing: /home/user/aiot_robot_project/project_shin/install/moveit_resources_pr2_description/share/moveit_resources_pr2_description/urdf/meshes/shoulder_v0/convex/shoulder_pan.xml
[2.652s] -- Installing: /home/user/aiot_robot_project/project_shin/install/moveit_resources_pr2_description/share/moveit_resources_pr2_description/urdf/meshes/shoulder_v0/convex/upper_arm_roll_convex.stla
[2.653s] -- Installing: /home/user/aiot_robot_project/project_shin/install/moveit_resources_pr2_description/share/moveit_resources_pr2_description/urdf/meshes/shoulder_v0/convex/shoulder_lift.dae
[2.653s] -- Installing: /home/user/aiot_robot_project/project_shin/install/moveit_resources_pr2_description/share/moveit_resources_pr2_description/urdf/meshes/shoulder_v0/convex/upper_arm_roll_L.dae
[2.653s] -- Installing: /home/user/aiot_robot_project/project_shin/install/moveit_resources_pr2_description/share/moveit_resources_pr2_description/urdf/meshes/shoulder_v0/convex/shoulder_yaw_convex.stlb
[2.653s] -- Installing: /home/user/aiot_robot_project/project_shin/install/moveit_resources_pr2_description/share/moveit_resources_pr2_description/urdf/meshes/shoulder_v0/convex/shoulder_yaw.dae
[2.653s] -- Installing: /home/user/aiot_robot_project/project_shin/install/moveit_resources_pr2_description/share/moveit_resources_pr2_description/urdf/meshes/shoulder_v0/convex/shoulder_lift.xml
[2.654s] -- Installing: /home/user/aiot_robot_project/project_shin/install/moveit_resources_pr2_description/share/moveit_resources_pr2_description/urdf/meshes/shoulder_v0/convex/upper_arm_roll.xml
[2.654s] -- Installing: /home/user/aiot_robot_project/project_shin/install/moveit_resources_pr2_description/share/moveit_resources_pr2_description/urdf/meshes/shoulder_v0/convex/upper_arm_roll_L_convex.stlb
[2.654s] -- Installing: /home/user/aiot_robot_project/project_shin/install/moveit_resources_pr2_description/share/moveit_resources_pr2_description/urdf/meshes/shoulder_v0/shoulder_pan.dae
[2.654s] -- Installing: /home/user/aiot_robot_project/project_shin/install/moveit_resources_pr2_description/share/moveit_resources_pr2_description/urdf/meshes/shoulder_v0/shoulder_pan_normals.tif
[2.661s] -- Installing: /home/user/aiot_robot_project/project_shin/install/moveit_resources_pr2_description/share/moveit_resources_pr2_description/urdf/meshes/shoulder_v0/shoulder_lift.dae
[2.661s] -- Installing: /home/user/aiot_robot_project/project_shin/install/moveit_resources_pr2_description/share/moveit_resources_pr2_description/urdf/meshes/shoulder_v0/shoulder_lift_color.tif
[2.661s] -- Installing: /home/user/aiot_robot_project/project_shin/install/moveit_resources_pr2_description/share/moveit_resources_pr2_description/urdf/meshes/shoulder_v0/upper_arm_roll.stl
[2.662s] -- Installing: /home/user/aiot_robot_project/project_shin/install/moveit_resources_pr2_description/share/moveit_resources_pr2_description/urdf/meshes/shoulder_v0/shoulder_lift.stl
[2.662s] -- Installing: /home/user/aiot_robot_project/project_shin/install/moveit_resources_pr2_description/share/moveit_resources_pr2_description/urdf/meshes/shoulder_v0/upper_arm_roll_color.tif
[2.663s] -- Installing: /home/user/aiot_robot_project/project_shin/install/moveit_resources_pr2_description/share/moveit_resources_pr2_description/urdf/meshes/shoulder_v0/upper_arm_roll_L.stl
[2.665s] -- Installing: /home/user/aiot_robot_project/project_shin/install/moveit_resources_pr2_description/share/moveit_resources_pr2_description/urdf/meshes/shoulder_v0/shoulder_lift_normals.tif
[2.668s] -- Installing: /home/user/aiot_robot_project/project_shin/install/moveit_resources_pr2_description/share/moveit_resources_pr2_description/urdf/meshes/shoulder_v0/upper_arm_roll_normals.tif
[2.670s] -- Installing: /home/user/aiot_robot_project/project_shin/install/moveit_resources_pr2_description/share/moveit_resources_pr2_description/urdf/meshes/shoulder_v0/shoulder_yaw.stl
[2.673s] -- Installing: /home/user/aiot_robot_project/project_shin/install/moveit_resources_pr2_description/share/moveit_resources_pr2_description/urdf/meshes/shoulder_v0/shoulder_pan.stl
[2.673s] -- Installing: /home/user/aiot_robot_project/project_shin/install/moveit_resources_pr2_description/share/moveit_resources_pr2_description/urdf/meshes/upper_arm_v0
[2.673s] -- Installing: /home/user/aiot_robot_project/project_shin/install/moveit_resources_pr2_description/share/moveit_resources_pr2_description/urdf/meshes/upper_arm_v0/elbow_flex_color.tif
[2.674s] -- Installing: /home/user/aiot_robot_project/project_shin/install/moveit_resources_pr2_description/share/moveit_resources_pr2_description/urdf/meshes/upper_arm_v0/upper_arm_normals.tif
[2.678s] -- Installing: /home/user/aiot_robot_project/project_shin/install/moveit_resources_pr2_description/share/moveit_resources_pr2_description/urdf/meshes/upper_arm_v0/elbow_flex_normals.tif
[2.686s] -- Installing: /home/user/aiot_robot_project/project_shin/install/moveit_resources_pr2_description/share/moveit_resources_pr2_description/urdf/meshes/upper_arm_v0/convex
[2.687s] -- Installing: /home/user/aiot_robot_project/project_shin/install/moveit_resources_pr2_description/share/moveit_resources_pr2_description/urdf/meshes/upper_arm_v0/convex/forearm_roll_convex.stla
[2.687s] -- Installing: /home/user/aiot_robot_project/project_shin/install/moveit_resources_pr2_description/share/moveit_resources_pr2_description/urdf/meshes/upper_arm_v0/convex/forearm_roll_L_convex.stla
[2.688s] -- Installing: /home/user/aiot_robot_project/project_shin/install/moveit_resources_pr2_description/share/moveit_resources_pr2_description/urdf/meshes/upper_arm_v0/convex/forearm_roll_L_convex.stlb
[2.688s] -- Installing: /home/user/aiot_robot_project/project_shin/install/moveit_resources_pr2_description/share/moveit_resources_pr2_description/urdf/meshes/upper_arm_v0/convex/elbow_flex.xml
[2.688s] -- Installing: /home/user/aiot_robot_project/project_shin/install/moveit_resources_pr2_description/share/moveit_resources_pr2_description/urdf/meshes/upper_arm_v0/convex/upper_arm.xml
[2.688s] -- Installing: /home/user/aiot_robot_project/project_shin/install/moveit_resources_pr2_description/share/moveit_resources_pr2_description/urdf/meshes/upper_arm_v0/convex/forearm_roll_L.dae
[2.688s] -- Installing: /home/user/aiot_robot_project/project_shin/install/moveit_resources_pr2_description/share/moveit_resources_pr2_description/urdf/meshes/upper_arm_v0/convex/forearm_roll.dae
[2.689s] -- Installing: /home/user/aiot_robot_project/project_shin/install/moveit_resources_pr2_description/share/moveit_resources_pr2_description/urdf/meshes/upper_arm_v0/convex/upper_arm_convex.stlb
[2.689s] -- Installing: /home/user/aiot_robot_project/project_shin/install/moveit_resources_pr2_description/share/moveit_resources_pr2_description/urdf/meshes/upper_arm_v0/convex/elbow_flex_convex.stla
[2.689s] -- Installing: /home/user/aiot_robot_project/project_shin/install/moveit_resources_pr2_description/share/moveit_resources_pr2_description/urdf/meshes/upper_arm_v0/convex/forearm_roll_L.xml
[2.689s] -- Installing: /home/user/aiot_robot_project/project_shin/install/moveit_resources_pr2_description/share/moveit_resources_pr2_description/urdf/meshes/upper_arm_v0/convex/forearm_roll_convex.stlb
[2.690s] -- Installing: /home/user/aiot_robot_project/project_shin/install/moveit_resources_pr2_description/share/moveit_resources_pr2_description/urdf/meshes/upper_arm_v0/convex/forearm_roll.xml
[2.690s] -- Installing: /home/user/aiot_robot_project/project_shin/install/moveit_resources_pr2_description/share/moveit_resources_pr2_description/urdf/meshes/upper_arm_v0/convex/upper_arm_convex.stla
[2.691s] -- Installing: /home/user/aiot_robot_project/project_shin/install/moveit_resources_pr2_description/share/moveit_resources_pr2_description/urdf/meshes/upper_arm_v0/convex/upper_arm.dae
[2.691s] -- Installing: /home/user/aiot_robot_project/project_shin/install/moveit_resources_pr2_description/share/moveit_resources_pr2_description/urdf/meshes/upper_arm_v0/convex/elbow_flex_convex.stlb
[2.692s] -- Installing: /home/user/aiot_robot_project/project_shin/install/moveit_resources_pr2_description/share/moveit_resources_pr2_description/urdf/meshes/upper_arm_v0/convex/elbow_flex.dae
[2.693s] -- Installing: /home/user/aiot_robot_project/project_shin/install/moveit_resources_pr2_description/share/moveit_resources_pr2_description/urdf/meshes/upper_arm_v0/upper_arm.stl
[2.694s] -- Installing: /home/user/aiot_robot_project/project_shin/install/moveit_resources_pr2_description/share/moveit_resources_pr2_description/urdf/meshes/upper_arm_v0/forearm_roll_L.stl
[2.694s] -- Installing: /home/user/aiot_robot_project/project_shin/install/moveit_resources_pr2_description/share/moveit_resources_pr2_description/urdf/meshes/upper_arm_v0/elbow_flex.stl
[2.695s] -- Installing: /home/user/aiot_robot_project/project_shin/install/moveit_resources_pr2_description/share/moveit_resources_pr2_description/urdf/meshes/upper_arm_v0/upper_arm.jpg
[2.697s] -- Installing: /home/user/aiot_robot_project/project_shin/install/moveit_resources_pr2_description/share/moveit_resources_pr2_description/urdf/meshes/upper_arm_v0/upper_arm.dae
[2.697s] -- Installing: /home/user/aiot_robot_project/project_shin/install/moveit_resources_pr2_description/share/moveit_resources_pr2_description/urdf/meshes/upper_arm_v0/elbow_flex.dae
[2.697s] -- Installing: /home/user/aiot_robot_project/project_shin/install/moveit_resources_pr2_description/share/moveit_resources_pr2_description/urdf/meshes/upper_arm_v0/upper_arm_color.tif
[2.698s] -- Installing: /home/user/aiot_robot_project/project_shin/install/moveit_resources_pr2_description/share/moveit_resources_pr2_description/urdf/meshes/upper_arm_v0/forearm_roll.stl
[2.699s] -- Installing: /home/user/aiot_robot_project/project_shin/install/moveit_resources_pr2_description/share/moveit_resources_pr2_description/urdf/materials
[2.699s] -- Installing: /home/user/aiot_robot_project/project_shin/install/moveit_resources_pr2_description/share/moveit_resources_pr2_description/urdf/materials/textures
[2.700s] -- Installing: /home/user/aiot_robot_project/project_shin/install/moveit_resources_pr2_description/share/moveit_resources_pr2_description/urdf/materials/textures/pr2_wheel_right.png
[2.701s] -- Installing: /home/user/aiot_robot_project/project_shin/install/moveit_resources_pr2_description/share/moveit_resources_pr2_description/urdf/materials/textures/pr2_wheel_left.png
[2.701s] -- Installing: /home/user/aiot_robot_project/project_shin/install/moveit_resources_pr2_description/share/moveit_resources_pr2_description/urdf/materials/textures/pr2_caster_texture.png
[2.702s] -- Installing: /home/user/aiot_robot_project/project_shin/install/moveit_resources_pr2_description/share/moveit_resources_pr2_description/urdf/robot.xml
[2.703s] -- Installing: /home/user/aiot_robot_project/project_shin/install/moveit_resources_pr2_description/share/moveit_resources_pr2_description/kinect.dae
[2.710s] Invoked command in '/home/user/aiot_robot_project/project_shin/build/moveit_resources_pr2_description' returned '0': CMAKE_PREFIX_PATH=/opt/ros/humble /usr/bin/cmake --install /home/user/aiot_robot_project/project_shin/build/moveit_resources_pr2_description
