[0.090s] Invoking command in '/home/user/aiot_robot_project/project_shin/build/moveit_ros_perception': AMENT_PREFIX_PATH=/home/user/aiot_robot_project/project_shin/install/moveit_ros_planning:/home/user/aiot_robot_project/project_shin/install/moveit_ros_occupancy_map_monitor:/home/user/aiot_robot_project/project_shin/install/moveit_core:/home/user/aiot_robot_project/project_shin/install/moveit_resources_panda_moveit_config:/home/user/aiot_robot_project/project_shin/install/moveit_configs_utils:/home/user/aiot_robot_project/project_shin/install/srdfdom:/home/user/aiot_robot_project/project_shin/install/moveit_resources_pr2_description:/home/user/aiot_robot_project/project_shin/install/moveit_resources_panda_description:/home/user/aiot_robot_project/project_shin/install/moveit_common:/home/user/aiot_robot_project/project_shin/install/launch_param_builder:${AMENT_PREFIX_PATH} CMAKE_PREFIX_PATH=/home/user/aiot_robot_project/project_shin/install/moveit_ros_planning:/home/user/aiot_robot_project/project_shin/install/moveit_ros_occupancy_map_monitor:/home/user/aiot_robot_project/project_shin/install/moveit_core:/home/user/aiot_robot_project/project_shin/install/moveit_resources_panda_moveit_config:/home/user/aiot_robot_project/project_shin/install/srdfdom:/home/user/aiot_robot_project/project_shin/install/moveit_resources_pr2_description:/home/user/aiot_robot_project/project_shin/install/moveit_resources_panda_description:/home/user/aiot_robot_project/project_shin/install/moveit_common:/opt/ros/humble LD_LIBRARY_PATH=/home/user/aiot_robot_project/project_shin/install/moveit_ros_planning/lib:/home/user/aiot_robot_project/project_shin/install/moveit_ros_occupancy_map_monitor/lib:/home/user/aiot_robot_project/project_shin/install/moveit_core/lib:/home/user/aiot_robot_project/project_shin/install/srdfdom/lib:${LD_LIBRARY_PATH} PATH=/home/user/aiot_robot_project/project_shin/install/moveit_core/bin:${PATH} PYTHONPATH=/home/user/aiot_robot_project/project_shin/install/moveit_configs_utils/lib/python3.10/site-packages:/home/user/aiot_robot_project/project_shin/install/srdfdom/local/lib/python3.10/dist-packages:/home/user/aiot_robot_project/project_shin/install/launch_param_builder/lib/python3.10/site-packages:${PYTHONPATH} /usr/bin/cmake /home/user/aiot_robot_project/project_shin/src/moveit2/moveit_ros/perception -DCMAKE_BUILD_TYPE=Release -DCMAKE_INSTALL_PREFIX=/home/user/aiot_robot_project/project_shin/install/moveit_ros_perception
[0.296s] -- The C compiler identification is GNU 11.4.0
[0.518s] -- The CXX compiler identification is GNU 11.4.0
[0.564s] -- Detecting C compiler ABI info
[0.804s] -- Detecting C compiler ABI info - done
[0.827s] -- Check for working C compiler: /usr/bin/cc - skipped
[0.846s] -- Detecting C compile features
[0.848s] -- Detecting C compile features - done
[0.865s] -- Detecting CXX compiler ABI info
[1.180s] -- Detecting CXX compiler ABI info - done
[1.202s] -- Check for working CXX compiler: /usr/bin/c++ - skipped
[1.202s] -- Detecting CXX compile features
[1.205s] -- Detecting CXX compile features - done
[1.233s] -- Found moveit_common: 2.5.6 (/home/user/aiot_robot_project/project_shin/install/moveit_common/share/moveit_common/cmake)
[1.250s] -- Found ament_cmake: 1.3.10 (/opt/ros/humble/share/ament_cmake/cmake)
[1.801s] -- Found Python3: /usr/bin/python3 (found version "3.10.12") found components: Interpreter 
[2.529s] -- Found OpenGL: /usr/lib/x86_64-linux-gnu/libOpenGL.so   
[2.665s] -- Found GLEW: /usr/include (found version "2.2.0") 
[2.683s] -- Found PkgConfig: /usr/bin/pkg-config (found version "0.29.2") 
[2.683s] -- Checking for module 'glut'
[2.695s] --   No package 'glut' found
[2.705s] -- Found GLUT: /usr/lib/x86_64-linux-gnu/libglut.so  
[2.716s] -- Found cv_bridge: 3.2.1 (/opt/ros/humble/share/cv_bridge/cmake)
[2.947s] -- Found rosidl_generator_c: 3.1.5 (/opt/ros/humble/share/rosidl_generator_c/cmake)
[2.985s] -- Found rosidl_adapter: 3.1.5 (/opt/ros/humble/share/rosidl_adapter/cmake)
[3.024s] -- Found rosidl_generator_cpp: 3.1.5 (/opt/ros/humble/share/rosidl_generator_cpp/cmake)
[3.086s] -- Using all available rosidl_typesupport_c: rosidl_typesupport_fastrtps_c;rosidl_typesupport_introspection_c
[3.154s] -- Using all available rosidl_typesupport_cpp: rosidl_typesupport_fastrtps_cpp;rosidl_typesupport_introspection_cpp
[3.379s] -- Found moveit_core: 2.5.6 (/home/user/aiot_robot_project/project_shin/install/moveit_core/share/moveit_core/cmake)
[4.163s] -- Found Boost: /usr/lib/x86_64-linux-gnu/cmake/Boost-1.74.0/BoostConfig.cmake (found version "1.74.0") found components: chrono date_time filesystem iostreams program_options regex serialization system thread 
[4.366s] -- Found parameter_traits: 0.3.9 (/opt/ros/humble/share/parameter_traits/cmake)
[4.537s] -- Found rmw_implementation_cmake: 6.1.2 (/opt/ros/humble/share/rmw_implementation_cmake/cmake)
[4.549s] -- Found rmw_fastrtps_cpp: 6.2.7 (/opt/ros/humble/share/rmw_fastrtps_cpp/cmake)
[4.843s] -- Found OpenSSL: /usr/lib/x86_64-linux-gnu/libcrypto.so (found version "3.0.2")  
[4.929s] -- Found FastRTPS: /opt/ros/humble/include  
[5.057s] -- Using RMW implementation 'rmw_fastrtps_cpp' as default
[5.111s] -- Found Threads: TRUE  
[5.287s] -- Found Eigen3: TRUE (found version "3.4.0") 
[5.298s] -- Found rclcpp_lifecycle: 16.0.10 (/opt/ros/humble/share/rclcpp_lifecycle/cmake)
[5.395s] -- Found Boost: /usr/lib/x86_64-linux-gnu/cmake/Boost-1.74.0/BoostConfig.cmake (found version "1.74.0") found components: filesystem 
[5.724s] -- library: /usr/lib/x86_64-linux-gnu/libcurl.so
[5.906s] -- Ensuring Eigen3 include directory is part of orocos-kdl CMake target
[6.811s] -- Found image_transport: 3.1.9 (/opt/ros/humble/share/image_transport/cmake)
[6.827s] -- Found moveit_ros_occupancy_map_monitor: 2.5.6 (/home/user/aiot_robot_project/project_shin/install/moveit_ros_occupancy_map_monitor/share/moveit_ros_occupancy_map_monitor/cmake)
[8.013s] -- Found OpenMP_C: -fopenmp (found version "4.5") 
[8.393s] -- Found OpenMP_CXX: -fopenmp (found version "4.5") 
[8.393s] -- Found OpenMP: TRUE (found version "4.5")  
[8.407s] -- Found OpenCV: /usr (found version "4.5.4") 
[8.437s] -- Found Boost: /usr/lib/x86_64-linux-gnu/cmake/Boost-1.74.0/BoostConfig.cmake (found version "1.74.0") found components: thread 
[8.530s] -- Performing Test COMPILER_HAS_HIDDEN_VISIBILITY
[8.860s] -- Performing Test COMPILER_HAS_HIDDEN_VISIBILITY - Success
[8.867s] -- Performing Test COMPILER_HAS_HIDDEN_INLINE_VISIBILITY
[9.278s] -- Performing Test COMPILER_HAS_HIDDEN_INLINE_VISIBILITY - Success
[9.278s] -- Performing Test COMPILER_HAS_DEPRECATED_ATTR
[9.628s] -- Performing Test COMPILER_HAS_DEPRECATED_ATTR - Success
[9.759s] -- Found ament_lint_auto: 0.12.11 (/opt/ros/humble/share/ament_lint_auto/cmake)
[9.878s] -- Added test 'cppcheck' to perform static code analysis on C / C++ code
[9.882s] -- Configured cppcheck include dirs: /home/user/aiot_robot_project/project_shin/src/moveit2/moveit_ros/perception/depth_image_octomap_updater/include;/home/user/aiot_robot_project/project_shin/src/moveit2/moveit_ros/perception/lazy_free_space_updater/include;/home/user/aiot_robot_project/project_shin/src/moveit2/moveit_ros/perception/mesh_filter/include;/home/user/aiot_robot_project/project_shin/src/moveit2/moveit_ros/perception/point_containment_filter/include;/home/user/aiot_robot_project/project_shin/src/moveit2/moveit_ros/perception/pointcloud_octomap_updater/include;/home/user/aiot_robot_project/project_shin/src/moveit2/moveit_ros/perception/semantic_world/include
[9.883s] -- Configured cppcheck exclude dirs and/or files: 
[9.892s] -- Added test 'lint_cmake' to check CMake code style
[9.903s] -- Added test 'xmllint' to check XML markup files
[9.923s] -- Configuring done
[10.671s] -- Generating done
[10.853s] -- Build files have been written to: /home/user/aiot_robot_project/project_shin/build/moveit_ros_perception
[10.929s] Invoked command in '/home/user/aiot_robot_project/project_shin/build/moveit_ros_perception' returned '0': AMENT_PREFIX_PATH=/home/user/aiot_robot_project/project_shin/install/moveit_ros_planning:/home/user/aiot_robot_project/project_shin/install/moveit_ros_occupancy_map_monitor:/home/user/aiot_robot_project/project_shin/install/moveit_core:/home/user/aiot_robot_project/project_shin/install/moveit_resources_panda_moveit_config:/home/user/aiot_robot_project/project_shin/install/moveit_configs_utils:/home/user/aiot_robot_project/project_shin/install/srdfdom:/home/user/aiot_robot_project/project_shin/install/moveit_resources_pr2_description:/home/user/aiot_robot_project/project_shin/install/moveit_resources_panda_description:/home/user/aiot_robot_project/project_shin/install/moveit_common:/home/user/aiot_robot_project/project_shin/install/launch_param_builder:${AMENT_PREFIX_PATH} CMAKE_PREFIX_PATH=/home/user/aiot_robot_project/project_shin/install/moveit_ros_planning:/home/user/aiot_robot_project/project_shin/install/moveit_ros_occupancy_map_monitor:/home/user/aiot_robot_project/project_shin/install/moveit_core:/home/user/aiot_robot_project/project_shin/install/moveit_resources_panda_moveit_config:/home/user/aiot_robot_project/project_shin/install/srdfdom:/home/user/aiot_robot_project/project_shin/install/moveit_resources_pr2_description:/home/user/aiot_robot_project/project_shin/install/moveit_resources_panda_description:/home/user/aiot_robot_project/project_shin/install/moveit_common:/opt/ros/humble LD_LIBRARY_PATH=/home/user/aiot_robot_project/project_shin/install/moveit_ros_planning/lib:/home/user/aiot_robot_project/project_shin/install/moveit_ros_occupancy_map_monitor/lib:/home/user/aiot_robot_project/project_shin/install/moveit_core/lib:/home/user/aiot_robot_project/project_shin/install/srdfdom/lib:${LD_LIBRARY_PATH} PATH=/home/user/aiot_robot_project/project_shin/install/moveit_core/bin:${PATH} PYTHONPATH=/home/user/aiot_robot_project/project_shin/install/moveit_configs_utils/lib/python3.10/site-packages:/home/user/aiot_robot_project/project_shin/install/srdfdom/local/lib/python3.10/dist-packages:/home/user/aiot_robot_project/project_shin/install/launch_param_builder/lib/python3.10/site-packages:${PYTHONPATH} /usr/bin/cmake /home/user/aiot_robot_project/project_shin/src/moveit2/moveit_ros/perception -DCMAKE_BUILD_TYPE=Release -DCMAKE_INSTALL_PREFIX=/home/user/aiot_robot_project/project_shin/install/moveit_ros_perception
[10.930s] Invoking command in '/home/user/aiot_robot_project/project_shin/build/moveit_ros_perception': AMENT_PREFIX_PATH=/home/user/aiot_robot_project/project_shin/install/moveit_ros_planning:/home/user/aiot_robot_project/project_shin/install/moveit_ros_occupancy_map_monitor:/home/user/aiot_robot_project/project_shin/install/moveit_core:/home/user/aiot_robot_project/project_shin/install/moveit_resources_panda_moveit_config:/home/user/aiot_robot_project/project_shin/install/moveit_configs_utils:/home/user/aiot_robot_project/project_shin/install/srdfdom:/home/user/aiot_robot_project/project_shin/install/moveit_resources_pr2_description:/home/user/aiot_robot_project/project_shin/install/moveit_resources_panda_description:/home/user/aiot_robot_project/project_shin/install/moveit_common:/home/user/aiot_robot_project/project_shin/install/launch_param_builder:${AMENT_PREFIX_PATH} CMAKE_PREFIX_PATH=/home/user/aiot_robot_project/project_shin/install/moveit_ros_planning:/home/user/aiot_robot_project/project_shin/install/moveit_ros_occupancy_map_monitor:/home/user/aiot_robot_project/project_shin/install/moveit_core:/home/user/aiot_robot_project/project_shin/install/moveit_resources_panda_moveit_config:/home/user/aiot_robot_project/project_shin/install/srdfdom:/home/user/aiot_robot_project/project_shin/install/moveit_resources_pr2_description:/home/user/aiot_robot_project/project_shin/install/moveit_resources_panda_description:/home/user/aiot_robot_project/project_shin/install/moveit_common:/opt/ros/humble LD_LIBRARY_PATH=/home/user/aiot_robot_project/project_shin/install/moveit_ros_planning/lib:/home/user/aiot_robot_project/project_shin/install/moveit_ros_occupancy_map_monitor/lib:/home/user/aiot_robot_project/project_shin/install/moveit_core/lib:/home/user/aiot_robot_project/project_shin/install/srdfdom/lib:${LD_LIBRARY_PATH} PATH=/home/user/aiot_robot_project/project_shin/install/moveit_core/bin:${PATH} PYTHONPATH=/home/user/aiot_robot_project/project_shin/install/moveit_configs_utils/lib/python3.10/site-packages:/home/user/aiot_robot_project/project_shin/install/srdfdom/local/lib/python3.10/dist-packages:/home/user/aiot_robot_project/project_shin/install/launch_param_builder/lib/python3.10/site-packages:${PYTHONPATH} /usr/bin/cmake --build /home/user/aiot_robot_project/project_shin/build/moveit_ros_perception -- -j4 -l4
[11.101s] [  5%] [32mBuilding CXX object lazy_free_space_updater/CMakeFiles/moveit_lazy_free_space_updater.dir/src/lazy_free_space_updater.cpp.o[0m
[17.359s] [ 10%] [32m[1mLinking CXX shared library libmoveit_lazy_free_space_updater.so[0m
[18.181s] [ 10%] Built target moveit_lazy_free_space_updater
[18.250s] [ 15%] [32mBuilding CXX object semantic_world/CMakeFiles/moveit_semantic_world.dir/src/semantic_world.cpp.o[0m
[82.801s] [ 20%] [32m[1mLinking CXX shared library libmoveit_semantic_world.so[0m
[85.049s] [ 20%] Built target moveit_semantic_world
[85.114s] [ 25%] [32mBuilding CXX object mesh_filter/CMakeFiles/moveit_mesh_filter.dir/src/mesh_filter_base.cpp.o[0m
[99.771s] [ 30%] [32mBuilding CXX object mesh_filter/CMakeFiles/moveit_mesh_filter.dir/src/stereo_camera_model.cpp.o[0m
