[0.072s] Invoking command in '/home/user/aiot_robot_project/project_shin/build/moveit_resources': AMENT_PREFIX_PATH=/home/user/aiot_robot_project/project_shin/install/moveit_resources_panda_moveit_config:/home/user/aiot_robot_project/project_shin/install/moveit_resources_fanuc_moveit_config:/home/user/aiot_robot_project/project_shin/install/moveit_resources_pr2_description:/home/user/aiot_robot_project/project_shin/install/moveit_resources_panda_description:/home/user/aiot_robot_project/project_shin/install/moveit_resources_fanuc_description:${AMENT_PREFIX_PATH} CMAKE_PREFIX_PATH=/home/user/aiot_robot_project/project_shin/install/moveit_resources_panda_moveit_config:/home/user/aiot_robot_project/project_shin/install/moveit_resources_fanuc_moveit_config:/home/user/aiot_robot_project/project_shin/install/moveit_resources_pr2_description:/home/user/aiot_robot_project/project_shin/install/moveit_resources_panda_description:/home/user/aiot_robot_project/project_shin/install/moveit_resources_fanuc_description:/opt/ros/humble /usr/bin/cmake /home/user/aiot_robot_project/project_shin/src/moveit_resources/moveit_resources -DCMAKE_BUILD_TYPE=Release -DCMAKE_INSTALL_PREFIX=/home/user/aiot_robot_project/project_shin/install/moveit_resources
[0.475s] -- The C compiler identification is GNU 11.4.0
[0.957s] -- The CXX compiler identification is GNU 11.4.0
[0.996s] -- Detecting C compiler ABI info
[1.487s] -- Detecting C compiler ABI info - done
[1.537s] -- Check for working C compiler: /usr/bin/cc - skipped
[1.538s] -- Detecting C compile features
[1.539s] -- Detecting C compile features - done
[1.563s] -- Detecting CXX compiler ABI info
[2.169s] -- Detecting CXX compiler ABI info - done
[2.225s] -- Check for working CXX compiler: /usr/bin/c++ - skipped
[2.227s] -- Detecting CXX compile features
[2.233s] -- Detecting CXX compile features - done
[2.250s] -- Found ament_cmake: 1.3.10 (/opt/ros/humble/share/ament_cmake/cmake)
[3.199s] -- Found Python3: /usr/bin/python3 (found version "3.10.12") found components: Interpreter 
[3.926s] -- Configuring done
[3.956s] -- Generating done
[3.977s] -- Build files have been written to: /home/user/aiot_robot_project/project_shin/build/moveit_resources
[4.020s] Invoked command in '/home/user/aiot_robot_project/project_shin/build/moveit_resources' returned '0': AMENT_PREFIX_PATH=/home/user/aiot_robot_project/project_shin/install/moveit_resources_panda_moveit_config:/home/user/aiot_robot_project/project_shin/install/moveit_resources_fanuc_moveit_config:/home/user/aiot_robot_project/project_shin/install/moveit_resources_pr2_description:/home/user/aiot_robot_project/project_shin/install/moveit_resources_panda_description:/home/user/aiot_robot_project/project_shin/install/moveit_resources_fanuc_description:${AMENT_PREFIX_PATH} CMAKE_PREFIX_PATH=/home/user/aiot_robot_project/project_shin/install/moveit_resources_panda_moveit_config:/home/user/aiot_robot_project/project_shin/install/moveit_resources_fanuc_moveit_config:/home/user/aiot_robot_project/project_shin/install/moveit_resources_pr2_description:/home/user/aiot_robot_project/project_shin/install/moveit_resources_panda_description:/home/user/aiot_robot_project/project_shin/install/moveit_resources_fanuc_description:/opt/ros/humble /usr/bin/cmake /home/user/aiot_robot_project/project_shin/src/moveit_resources/moveit_resources -DCMAKE_BUILD_TYPE=Release -DCMAKE_INSTALL_PREFIX=/home/user/aiot_robot_project/project_shin/install/moveit_resources
[4.021s] Invoking command in '/home/user/aiot_robot_project/project_shin/build/moveit_resources': AMENT_PREFIX_PATH=/home/user/aiot_robot_project/project_shin/install/moveit_resources_panda_moveit_config:/home/user/aiot_robot_project/project_shin/install/moveit_resources_fanuc_moveit_config:/home/user/aiot_robot_project/project_shin/install/moveit_resources_pr2_description:/home/user/aiot_robot_project/project_shin/install/moveit_resources_panda_description:/home/user/aiot_robot_project/project_shin/install/moveit_resources_fanuc_description:${AMENT_PREFIX_PATH} CMAKE_PREFIX_PATH=/home/user/aiot_robot_project/project_shin/install/moveit_resources_panda_moveit_config:/home/user/aiot_robot_project/project_shin/install/moveit_resources_fanuc_moveit_config:/home/user/aiot_robot_project/project_shin/install/moveit_resources_pr2_description:/home/user/aiot_robot_project/project_shin/install/moveit_resources_panda_description:/home/user/aiot_robot_project/project_shin/install/moveit_resources_fanuc_description:/opt/ros/humble /usr/bin/cmake --build /home/user/aiot_robot_project/project_shin/build/moveit_resources -- -j4 -l4
[4.257s] Invoked command in '/home/user/aiot_robot_project/project_shin/build/moveit_resources' returned '0': AMENT_PREFIX_PATH=/home/user/aiot_robot_project/project_shin/install/moveit_resources_panda_moveit_config:/home/user/aiot_robot_project/project_shin/install/moveit_resources_fanuc_moveit_config:/home/user/aiot_robot_project/project_shin/install/moveit_resources_pr2_description:/home/user/aiot_robot_project/project_shin/install/moveit_resources_panda_description:/home/user/aiot_robot_project/project_shin/install/moveit_resources_fanuc_description:${AMENT_PREFIX_PATH} CMAKE_PREFIX_PATH=/home/user/aiot_robot_project/project_shin/install/moveit_resources_panda_moveit_config:/home/user/aiot_robot_project/project_shin/install/moveit_resources_fanuc_moveit_config:/home/user/aiot_robot_project/project_shin/install/moveit_resources_pr2_description:/home/user/aiot_robot_project/project_shin/install/moveit_resources_panda_description:/home/user/aiot_robot_project/project_shin/install/moveit_resources_fanuc_description:/opt/ros/humble /usr/bin/cmake --build /home/user/aiot_robot_project/project_shin/build/moveit_resources -- -j4 -l4
[4.272s] Invoking command in '/home/user/aiot_robot_project/project_shin/build/moveit_resources': AMENT_PREFIX_PATH=/home/user/aiot_robot_project/project_shin/install/moveit_resources_panda_moveit_config:/home/user/aiot_robot_project/project_shin/install/moveit_resources_fanuc_moveit_config:/home/user/aiot_robot_project/project_shin/install/moveit_resources_pr2_description:/home/user/aiot_robot_project/project_shin/install/moveit_resources_panda_description:/home/user/aiot_robot_project/project_shin/install/moveit_resources_fanuc_description:${AMENT_PREFIX_PATH} CMAKE_PREFIX_PATH=/home/user/aiot_robot_project/project_shin/install/moveit_resources_panda_moveit_config:/home/user/aiot_robot_project/project_shin/install/moveit_resources_fanuc_moveit_config:/home/user/aiot_robot_project/project_shin/install/moveit_resources_pr2_description:/home/user/aiot_robot_project/project_shin/install/moveit_resources_panda_description:/home/user/aiot_robot_project/project_shin/install/moveit_resources_fanuc_description:/opt/ros/humble /usr/bin/cmake --install /home/user/aiot_robot_project/project_shin/build/moveit_resources
[4.308s] -- Install configuration: "Release"
[4.316s] -- Installing: /home/user/aiot_robot_project/project_shin/install/moveit_resources/share/ament_index/resource_index/package_run_dependencies/moveit_resources
[4.318s] -- Installing: /home/user/aiot_robot_project/project_shin/install/moveit_resources/share/ament_index/resource_index/parent_prefix_path/moveit_resources
[4.328s] -- Installing: /home/user/aiot_robot_project/project_shin/install/moveit_resources/share/moveit_resources/environment/ament_prefix_path.sh
[4.328s] -- Installing: /home/user/aiot_robot_project/project_shin/install/moveit_resources/share/moveit_resources/environment/ament_prefix_path.dsv
[4.329s] -- Installing: /home/user/aiot_robot_project/project_shin/install/moveit_resources/share/moveit_resources/environment/path.sh
[4.332s] -- Installing: /home/user/aiot_robot_project/project_shin/install/moveit_resources/share/moveit_resources/environment/path.dsv
[4.333s] -- Installing: /home/user/aiot_robot_project/project_shin/install/moveit_resources/share/moveit_resources/local_setup.bash
[4.344s] -- Installing: /home/user/aiot_robot_project/project_shin/install/moveit_resources/share/moveit_resources/local_setup.sh
[4.345s] -- Installing: /home/user/aiot_robot_project/project_shin/install/moveit_resources/share/moveit_resources/local_setup.zsh
[4.345s] -- Installing: /home/user/aiot_robot_project/project_shin/install/moveit_resources/share/moveit_resources/local_setup.dsv
[4.353s] -- Installing: /home/user/aiot_robot_project/project_shin/install/moveit_resources/share/moveit_resources/package.dsv
[4.362s] -- Installing: /home/user/aiot_robot_project/project_shin/install/moveit_resources/share/ament_index/resource_index/packages/moveit_resources
[4.362s] -- Installing: /home/user/aiot_robot_project/project_shin/install/moveit_resources/share/moveit_resources/cmake/moveit_resourcesConfig.cmake
[4.367s] -- Installing: /home/user/aiot_robot_project/project_shin/install/moveit_resources/share/moveit_resources/cmake/moveit_resourcesConfig-version.cmake
[4.367s] -- Installing: /home/user/aiot_robot_project/project_shin/install/moveit_resources/share/moveit_resources/package.xml
[4.374s] Invoked command in '/home/user/aiot_robot_project/project_shin/build/moveit_resources' returned '0': AMENT_PREFIX_PATH=/home/user/aiot_robot_project/project_shin/install/moveit_resources_panda_moveit_config:/home/user/aiot_robot_project/project_shin/install/moveit_resources_fanuc_moveit_config:/home/user/aiot_robot_project/project_shin/install/moveit_resources_pr2_description:/home/user/aiot_robot_project/project_shin/install/moveit_resources_panda_description:/home/user/aiot_robot_project/project_shin/install/moveit_resources_fanuc_description:${AMENT_PREFIX_PATH} CMAKE_PREFIX_PATH=/home/user/aiot_robot_project/project_shin/install/moveit_resources_panda_moveit_config:/home/user/aiot_robot_project/project_shin/install/moveit_resources_fanuc_moveit_config:/home/user/aiot_robot_project/project_shin/install/moveit_resources_pr2_description:/home/user/aiot_robot_project/project_shin/install/moveit_resources_panda_description:/home/user/aiot_robot_project/project_shin/install/moveit_resources_fanuc_description:/opt/ros/humble /usr/bin/cmake --install /home/user/aiot_robot_project/project_shin/build/moveit_resources
