[0.052s] Invoking command in '/home/user/aiot_robot_project/project_shin/build/moveit_ros_occupancy_map_monitor': AMENT_PREFIX_PATH=/home/user/aiot_robot_project/project_shin/install/moveit_core:/home/user/aiot_robot_project/project_shin/install/moveit_resources_panda_moveit_config:/home/user/aiot_robot_project/project_shin/install/srdfdom:/home/user/aiot_robot_project/project_shin/install/moveit_resources_pr2_description:/home/user/aiot_robot_project/project_shin/install/moveit_resources_panda_description:/home/user/aiot_robot_project/project_shin/install/moveit_common:${AMENT_PREFIX_PATH} CMAKE_PREFIX_PATH=/home/user/aiot_robot_project/project_shin/install/moveit_core:/home/user/aiot_robot_project/project_shin/install/moveit_resources_panda_moveit_config:/home/user/aiot_robot_project/project_shin/install/srdfdom:/home/user/aiot_robot_project/project_shin/install/moveit_resources_pr2_description:/home/user/aiot_robot_project/project_shin/install/moveit_resources_panda_description:/home/user/aiot_robot_project/project_shin/install/moveit_common:/opt/ros/humble LD_LIBRARY_PATH=/home/user/aiot_robot_project/project_shin/install/moveit_core/lib:/home/user/aiot_robot_project/project_shin/install/srdfdom/lib:${LD_LIBRARY_PATH} PATH=/home/user/aiot_robot_project/project_shin/install/moveit_core/bin:${PATH} PYTHONPATH=/home/user/aiot_robot_project/project_shin/install/srdfdom/local/lib/python3.10/dist-packages:${PYTHONPATH} /usr/bin/cmake /home/user/aiot_robot_project/project_shin/src/moveit2/moveit_ros/occupancy_map_monitor -DCMAKE_BUILD_TYPE=Release -DCMAKE_INSTALL_PREFIX=/home/user/aiot_robot_project/project_shin/install/moveit_ros_occupancy_map_monitor
[0.239s] -- The C compiler identification is GNU 11.4.0
[0.435s] -- The CXX compiler identification is GNU 11.4.0
[0.458s] -- Detecting C compiler ABI info
[0.680s] -- Detecting C compiler ABI info - done
[0.703s] -- Check for working C compiler: /usr/bin/cc - skipped
[0.703s] -- Detecting C compile features
[0.717s] -- Detecting C compile features - done
[0.717s] -- Detecting CXX compiler ABI info
[0.959s] -- Detecting CXX compiler ABI info - done
[0.992s] -- Check for working CXX compiler: /usr/bin/c++ - skipped
[0.993s] -- Detecting CXX compile features
[0.995s] -- Detecting CXX compile features - done
[1.003s] -- Found moveit_common: 2.5.6 (/home/user/aiot_robot_project/project_shin/install/moveit_common/share/moveit_common/cmake)
[1.010s] -- Found ament_cmake: 1.3.10 (/opt/ros/humble/share/ament_cmake/cmake)
[1.447s] -- Found Python3: /usr/bin/python3 (found version "3.10.12") found components: Interpreter 
[1.889s] -- Found moveit_core: 2.5.6 (/home/user/aiot_robot_project/project_shin/install/moveit_core/share/moveit_core/cmake)
[2.488s] -- Found Boost: /usr/lib/x86_64-linux-gnu/cmake/Boost-1.74.0/BoostConfig.cmake (found version "1.74.0") found components: chrono date_time filesystem iostreams program_options regex serialization system thread 
[2.639s] -- Found parameter_traits: 0.3.9 (/opt/ros/humble/share/parameter_traits/cmake)
[2.740s] -- Found rosidl_generator_c: 3.1.5 (/opt/ros/humble/share/rosidl_generator_c/cmake)
[2.755s] -- Found rosidl_adapter: 3.1.5 (/opt/ros/humble/share/rosidl_adapter/cmake)
[2.779s] -- Found rosidl_generator_cpp: 3.1.5 (/opt/ros/humble/share/rosidl_generator_cpp/cmake)
[2.815s] -- Using all available rosidl_typesupport_c: rosidl_typesupport_fastrtps_c;rosidl_typesupport_introspection_c
[2.864s] -- Using all available rosidl_typesupport_cpp: rosidl_typesupport_fastrtps_cpp;rosidl_typesupport_introspection_cpp
[2.990s] -- Found rmw_implementation_cmake: 6.1.2 (/opt/ros/humble/share/rmw_implementation_cmake/cmake)
[2.998s] -- Found rmw_fastrtps_cpp: 6.2.7 (/opt/ros/humble/share/rmw_fastrtps_cpp/cmake)
[3.246s] -- Found OpenSSL: /usr/lib/x86_64-linux-gnu/libcrypto.so (found version "3.0.2")  
[3.299s] -- Found FastRTPS: /opt/ros/humble/include  
[3.390s] -- Using RMW implementation 'rmw_fastrtps_cpp' as default
[3.413s] -- Found Threads: TRUE  
[3.560s] -- Found Eigen3: TRUE (found version "3.4.0") 
[3.568s] -- Found rclcpp_lifecycle: 16.0.10 (/opt/ros/humble/share/rclcpp_lifecycle/cmake)
[3.630s] -- Found Boost: /usr/lib/x86_64-linux-gnu/cmake/Boost-1.74.0/BoostConfig.cmake (found version "1.74.0") found components: filesystem 
[3.887s] -- library: /usr/lib/x86_64-linux-gnu/libcurl.so
[4.056s] -- Ensuring Eigen3 include directory is part of orocos-kdl CMake target
[4.706s] -- Found ament_lint_auto: 0.12.11 (/opt/ros/humble/share/ament_lint_auto/cmake)
[4.750s] -- Found gmock sources under '/opt/ros/humble/src/gmock_vendor': C++ tests using 'Google Mock' will be built
[4.767s] -- Found ament_cmake_gtest: 1.3.10 (/opt/ros/humble/share/ament_cmake_gtest/cmake)
[4.767s] -- Found gtest sources under '/opt/ros/humble/src/gtest_vendor': C++ tests using 'Google Test' will be built
[4.785s] -- Added test 'cppcheck' to perform static code analysis on C / C++ code
[4.786s] -- Configured cppcheck include dirs: /home/user/aiot_robot_project/project_shin/src/moveit2/moveit_ros/occupancy_map_monitor/include
[4.787s] -- Configured cppcheck exclude dirs and/or files: 
[4.789s] -- Added test 'lint_cmake' to check CMake code style
[4.793s] -- Added test 'xmllint' to check XML markup files
[4.797s] -- Configuring done
[5.012s] -- Generating done
[5.060s] -- Build files have been written to: /home/user/aiot_robot_project/project_shin/build/moveit_ros_occupancy_map_monitor
[5.105s] Invoked command in '/home/user/aiot_robot_project/project_shin/build/moveit_ros_occupancy_map_monitor' returned '0': AMENT_PREFIX_PATH=/home/user/aiot_robot_project/project_shin/install/moveit_core:/home/user/aiot_robot_project/project_shin/install/moveit_resources_panda_moveit_config:/home/user/aiot_robot_project/project_shin/install/srdfdom:/home/user/aiot_robot_project/project_shin/install/moveit_resources_pr2_description:/home/user/aiot_robot_project/project_shin/install/moveit_resources_panda_description:/home/user/aiot_robot_project/project_shin/install/moveit_common:${AMENT_PREFIX_PATH} CMAKE_PREFIX_PATH=/home/user/aiot_robot_project/project_shin/install/moveit_core:/home/user/aiot_robot_project/project_shin/install/moveit_resources_panda_moveit_config:/home/user/aiot_robot_project/project_shin/install/srdfdom:/home/user/aiot_robot_project/project_shin/install/moveit_resources_pr2_description:/home/user/aiot_robot_project/project_shin/install/moveit_resources_panda_description:/home/user/aiot_robot_project/project_shin/install/moveit_common:/opt/ros/humble LD_LIBRARY_PATH=/home/user/aiot_robot_project/project_shin/install/moveit_core/lib:/home/user/aiot_robot_project/project_shin/install/srdfdom/lib:${LD_LIBRARY_PATH} PATH=/home/user/aiot_robot_project/project_shin/install/moveit_core/bin:${PATH} PYTHONPATH=/home/user/aiot_robot_project/project_shin/install/srdfdom/local/lib/python3.10/dist-packages:${PYTHONPATH} /usr/bin/cmake /home/user/aiot_robot_project/project_shin/src/moveit2/moveit_ros/occupancy_map_monitor -DCMAKE_BUILD_TYPE=Release -DCMAKE_INSTALL_PREFIX=/home/user/aiot_robot_project/project_shin/install/moveit_ros_occupancy_map_monitor
[5.117s] Invoking command in '/home/user/aiot_robot_project/project_shin/build/moveit_ros_occupancy_map_monitor': AMENT_PREFIX_PATH=/home/user/aiot_robot_project/project_shin/install/moveit_core:/home/user/aiot_robot_project/project_shin/install/moveit_resources_panda_moveit_config:/home/user/aiot_robot_project/project_shin/install/srdfdom:/home/user/aiot_robot_project/project_shin/install/moveit_resources_pr2_description:/home/user/aiot_robot_project/project_shin/install/moveit_resources_panda_description:/home/user/aiot_robot_project/project_shin/install/moveit_common:${AMENT_PREFIX_PATH} CMAKE_PREFIX_PATH=/home/user/aiot_robot_project/project_shin/install/moveit_core:/home/user/aiot_robot_project/project_shin/install/moveit_resources_panda_moveit_config:/home/user/aiot_robot_project/project_shin/install/srdfdom:/home/user/aiot_robot_project/project_shin/install/moveit_resources_pr2_description:/home/user/aiot_robot_project/project_shin/install/moveit_resources_panda_description:/home/user/aiot_robot_project/project_shin/install/moveit_common:/opt/ros/humble LD_LIBRARY_PATH=/home/user/aiot_robot_project/project_shin/install/moveit_core/lib:/home/user/aiot_robot_project/project_shin/install/srdfdom/lib:${LD_LIBRARY_PATH} PATH=/home/user/aiot_robot_project/project_shin/install/moveit_core/bin:${PATH} PYTHONPATH=/home/user/aiot_robot_project/project_shin/install/srdfdom/local/lib/python3.10/dist-packages:${PYTHONPATH} /usr/bin/cmake --build /home/user/aiot_robot_project/project_shin/build/moveit_ros_occupancy_map_monitor -- -j4 -l4
[5.406s] [  7%] [32mBuilding CXX object CMakeFiles/moveit_ros_occupancy_map_monitor.dir/src/occupancy_map_monitor.cpp.o[0m
[5.418s] [ 15%] [32mBuilding CXX object CMakeFiles/moveit_ros_occupancy_map_monitor.dir/src/occupancy_map_monitor_middleware_handle.cpp.o[0m
[5.432s] [ 23%] [32mBuilding CXX object gmock/CMakeFiles/gmock.dir/opt/ros/humble/src/gtest_vendor/src/gtest-all.cc.o[0m
[5.456s] [ 30%] [32mBuilding CXX object gmock/CMakeFiles/gmock_main.dir/src/gmock_main.cc.o[0m
[17.245s] [ 38%] [32m[1mLinking CXX static library libgmock_main.a[0m
[17.586s] [ 38%] Built target gmock_main
[62.146s] [ 46%] [32mBuilding CXX object gmock/CMakeFiles/gmock.dir/src/gmock-all.cc.o[0m
[74.595s] [ 53%] [32m[1mLinking CXX static library libgmock.a[0m
[74.768s] [ 53%] Built target gmock
[76.401s] [ 61%] [32mBuilding CXX object CMakeFiles/moveit_ros_occupancy_map_monitor.dir/src/occupancy_map_updater.cpp.o[0m
[89.994s] [ 69%] [32m[1mLinking CXX shared library libmoveit_ros_occupancy_map_monitor.so[0m
[91.101s] [ 69%] Built target moveit_ros_occupancy_map_monitor
[91.166s] [ 76%] [32mBuilding CXX object CMakeFiles/moveit_ros_occupancy_map_server.dir/src/occupancy_map_server.cpp.o[0m
[127.474s] [ 84%] [32m[1mLinking CXX executable moveit_ros_occupancy_map_server[0m
[128.448s] [ 84%] Built target moveit_ros_occupancy_map_server
[128.502s] [ 92%] [32mBuilding CXX object CMakeFiles/occupancy_map_monitor_tests.dir/test/occupancy_map_monitor_tests.cpp.o[0m
[148.354s] [100%] [32m[1mLinking CXX executable occupancy_map_monitor_tests[0m
[149.259s] [100%] Built target occupancy_map_monitor_tests
[149.287s] Invoked command in '/home/user/aiot_robot_project/project_shin/build/moveit_ros_occupancy_map_monitor' returned '0': AMENT_PREFIX_PATH=/home/user/aiot_robot_project/project_shin/install/moveit_core:/home/user/aiot_robot_project/project_shin/install/moveit_resources_panda_moveit_config:/home/user/aiot_robot_project/project_shin/install/srdfdom:/home/user/aiot_robot_project/project_shin/install/moveit_resources_pr2_description:/home/user/aiot_robot_project/project_shin/install/moveit_resources_panda_description:/home/user/aiot_robot_project/project_shin/install/moveit_common:${AMENT_PREFIX_PATH} CMAKE_PREFIX_PATH=/home/user/aiot_robot_project/project_shin/install/moveit_core:/home/user/aiot_robot_project/project_shin/install/moveit_resources_panda_moveit_config:/home/user/aiot_robot_project/project_shin/install/srdfdom:/home/user/aiot_robot_project/project_shin/install/moveit_resources_pr2_description:/home/user/aiot_robot_project/project_shin/install/moveit_resources_panda_description:/home/user/aiot_robot_project/project_shin/install/moveit_common:/opt/ros/humble LD_LIBRARY_PATH=/home/user/aiot_robot_project/project_shin/install/moveit_core/lib:/home/user/aiot_robot_project/project_shin/install/srdfdom/lib:${LD_LIBRARY_PATH} PATH=/home/user/aiot_robot_project/project_shin/install/moveit_core/bin:${PATH} PYTHONPATH=/home/user/aiot_robot_project/project_shin/install/srdfdom/local/lib/python3.10/dist-packages:${PYTHONPATH} /usr/bin/cmake --build /home/user/aiot_robot_project/project_shin/build/moveit_ros_occupancy_map_monitor -- -j4 -l4
[149.291s] Invoking command in '/home/user/aiot_robot_project/project_shin/build/moveit_ros_occupancy_map_monitor': AMENT_PREFIX_PATH=/home/user/aiot_robot_project/project_shin/install/moveit_core:/home/user/aiot_robot_project/project_shin/install/moveit_resources_panda_moveit_config:/home/user/aiot_robot_project/project_shin/install/srdfdom:/home/user/aiot_robot_project/project_shin/install/moveit_resources_pr2_description:/home/user/aiot_robot_project/project_shin/install/moveit_resources_panda_description:/home/user/aiot_robot_project/project_shin/install/moveit_common:${AMENT_PREFIX_PATH} CMAKE_PREFIX_PATH=/home/user/aiot_robot_project/project_shin/install/moveit_core:/home/user/aiot_robot_project/project_shin/install/moveit_resources_panda_moveit_config:/home/user/aiot_robot_project/project_shin/install/srdfdom:/home/user/aiot_robot_project/project_shin/install/moveit_resources_pr2_description:/home/user/aiot_robot_project/project_shin/install/moveit_resources_panda_description:/home/user/aiot_robot_project/project_shin/install/moveit_common:/opt/ros/humble LD_LIBRARY_PATH=/home/user/aiot_robot_project/project_shin/install/moveit_core/lib:/home/user/aiot_robot_project/project_shin/install/srdfdom/lib:${LD_LIBRARY_PATH} PATH=/home/user/aiot_robot_project/project_shin/install/moveit_core/bin:${PATH} PYTHONPATH=/home/user/aiot_robot_project/project_shin/install/srdfdom/local/lib/python3.10/dist-packages:${PYTHONPATH} /usr/bin/cmake --install /home/user/aiot_robot_project/project_shin/build/moveit_ros_occupancy_map_monitor
[149.310s] -- Install configuration: "Release"
[149.311s] -- Installing: /home/user/aiot_robot_project/project_shin/install/moveit_ros_occupancy_map_monitor/lib/libmoveit_ros_occupancy_map_monitor.so.2.5.6
[149.315s] -- Set runtime path of "/home/user/aiot_robot_project/project_shin/install/moveit_ros_occupancy_map_monitor/lib/libmoveit_ros_occupancy_map_monitor.so.2.5.6" to ""
[149.315s] -- Installing: /home/user/aiot_robot_project/project_shin/install/moveit_ros_occupancy_map_monitor/lib/libmoveit_ros_occupancy_map_monitor.so
[149.316s] -- Installing: /home/user/aiot_robot_project/project_shin/install/moveit_ros_occupancy_map_monitor/lib/moveit_ros_occupancy_map_monitor/moveit_ros_occupancy_map_server
[149.320s] -- Set runtime path of "/home/user/aiot_robot_project/project_shin/install/moveit_ros_occupancy_map_monitor/lib/moveit_ros_occupancy_map_monitor/moveit_ros_occupancy_map_server" to ""
[149.321s] -- Installing: /home/user/aiot_robot_project/project_shin/install/moveit_ros_occupancy_map_monitor/include
[149.321s] -- Installing: /home/user/aiot_robot_project/project_shin/install/moveit_ros_occupancy_map_monitor/include/moveit
[149.322s] -- Installing: /home/user/aiot_robot_project/project_shin/install/moveit_ros_occupancy_map_monitor/include/moveit/occupancy_map_monitor
[149.322s] -- Installing: /home/user/aiot_robot_project/project_shin/install/moveit_ros_occupancy_map_monitor/include/moveit/occupancy_map_monitor/occupancy_map_updater.h
[149.325s] -- Installing: /home/user/aiot_robot_project/project_shin/install/moveit_ros_occupancy_map_monitor/include/moveit/occupancy_map_monitor/occupancy_map_monitor_middleware_handle.hpp
[149.353s] -- Installing: /home/user/aiot_robot_project/project_shin/install/moveit_ros_occupancy_map_monitor/include/moveit/occupancy_map_monitor/occupancy_map_monitor.h
[149.354s] -- Installing: /home/user/aiot_robot_project/project_shin/install/moveit_ros_occupancy_map_monitor/share/moveit_ros_occupancy_map_monitor/environment/library_path.sh
[149.354s] -- Installing: /home/user/aiot_robot_project/project_shin/install/moveit_ros_occupancy_map_monitor/share/moveit_ros_occupancy_map_monitor/environment/library_path.dsv
[149.354s] -- Installing: /home/user/aiot_robot_project/project_shin/install/moveit_ros_occupancy_map_monitor/share/ament_index/resource_index/package_run_dependencies/moveit_ros_occupancy_map_monitor
[149.354s] -- Installing: /home/user/aiot_robot_project/project_shin/install/moveit_ros_occupancy_map_monitor/share/ament_index/resource_index/parent_prefix_path/moveit_ros_occupancy_map_monitor
[149.355s] -- Installing: /home/user/aiot_robot_project/project_shin/install/moveit_ros_occupancy_map_monitor/share/moveit_ros_occupancy_map_monitor/environment/ament_prefix_path.sh
[149.355s] -- Installing: /home/user/aiot_robot_project/project_shin/install/moveit_ros_occupancy_map_monitor/share/moveit_ros_occupancy_map_monitor/environment/ament_prefix_path.dsv
[149.355s] -- Installing: /home/user/aiot_robot_project/project_shin/install/moveit_ros_occupancy_map_monitor/share/moveit_ros_occupancy_map_monitor/environment/path.sh
[149.356s] -- Installing: /home/user/aiot_robot_project/project_shin/install/moveit_ros_occupancy_map_monitor/share/moveit_ros_occupancy_map_monitor/environment/path.dsv
[149.356s] -- Installing: /home/user/aiot_robot_project/project_shin/install/moveit_ros_occupancy_map_monitor/share/moveit_ros_occupancy_map_monitor/local_setup.bash
[149.357s] -- Installing: /home/user/aiot_robot_project/project_shin/install/moveit_ros_occupancy_map_monitor/share/moveit_ros_occupancy_map_monitor/local_setup.sh
[149.357s] -- Installing: /home/user/aiot_robot_project/project_shin/install/moveit_ros_occupancy_map_monitor/share/moveit_ros_occupancy_map_monitor/local_setup.zsh
[149.357s] -- Installing: /home/user/aiot_robot_project/project_shin/install/moveit_ros_occupancy_map_monitor/share/moveit_ros_occupancy_map_monitor/local_setup.dsv
[149.358s] -- Installing: /home/user/aiot_robot_project/project_shin/install/moveit_ros_occupancy_map_monitor/share/moveit_ros_occupancy_map_monitor/package.dsv
[149.358s] -- Installing: /home/user/aiot_robot_project/project_shin/install/moveit_ros_occupancy_map_monitor/share/ament_index/resource_index/packages/moveit_ros_occupancy_map_monitor
[149.359s] -- Installing: /home/user/aiot_robot_project/project_shin/install/moveit_ros_occupancy_map_monitor/share/moveit_ros_occupancy_map_monitor/cmake/export_moveit_ros_occupancy_map_monitorExport.cmake
[149.359s] -- Installing: /home/user/aiot_robot_project/project_shin/install/moveit_ros_occupancy_map_monitor/share/moveit_ros_occupancy_map_monitor/cmake/export_moveit_ros_occupancy_map_monitorExport-release.cmake
[149.359s] -- Installing: /home/user/aiot_robot_project/project_shin/install/moveit_ros_occupancy_map_monitor/share/moveit_ros_occupancy_map_monitor/cmake/ament_cmake_export_targets-extras.cmake
[149.360s] -- Installing: /home/user/aiot_robot_project/project_shin/install/moveit_ros_occupancy_map_monitor/share/moveit_ros_occupancy_map_monitor/cmake/ament_cmake_export_dependencies-extras.cmake
[149.360s] -- Installing: /home/user/aiot_robot_project/project_shin/install/moveit_ros_occupancy_map_monitor/share/moveit_ros_occupancy_map_monitor/cmake/moveit_ros_occupancy_map_monitorConfig.cmake
[149.363s] -- Installing: /home/user/aiot_robot_project/project_shin/install/moveit_ros_occupancy_map_monitor/share/moveit_ros_occupancy_map_monitor/cmake/moveit_ros_occupancy_map_monitorConfig-version.cmake
[149.363s] -- Installing: /home/user/aiot_robot_project/project_shin/install/moveit_ros_occupancy_map_monitor/share/moveit_ros_occupancy_map_monitor/package.xml
[149.368s] Invoked command in '/home/user/aiot_robot_project/project_shin/build/moveit_ros_occupancy_map_monitor' returned '0': AMENT_PREFIX_PATH=/home/user/aiot_robot_project/project_shin/install/moveit_core:/home/user/aiot_robot_project/project_shin/install/moveit_resources_panda_moveit_config:/home/user/aiot_robot_project/project_shin/install/srdfdom:/home/user/aiot_robot_project/project_shin/install/moveit_resources_pr2_description:/home/user/aiot_robot_project/project_shin/install/moveit_resources_panda_description:/home/user/aiot_robot_project/project_shin/install/moveit_common:${AMENT_PREFIX_PATH} CMAKE_PREFIX_PATH=/home/user/aiot_robot_project/project_shin/install/moveit_core:/home/user/aiot_robot_project/project_shin/install/moveit_resources_panda_moveit_config:/home/user/aiot_robot_project/project_shin/install/srdfdom:/home/user/aiot_robot_project/project_shin/install/moveit_resources_pr2_description:/home/user/aiot_robot_project/project_shin/install/moveit_resources_panda_description:/home/user/aiot_robot_project/project_shin/install/moveit_common:/opt/ros/humble LD_LIBRARY_PATH=/home/user/aiot_robot_project/project_shin/install/moveit_core/lib:/home/user/aiot_robot_project/project_shin/install/srdfdom/lib:${LD_LIBRARY_PATH} PATH=/home/user/aiot_robot_project/project_shin/install/moveit_core/bin:${PATH} PYTHONPATH=/home/user/aiot_robot_project/project_shin/install/srdfdom/local/lib/python3.10/dist-packages:${PYTHONPATH} /usr/bin/cmake --install /home/user/aiot_robot_project/project_shin/build/moveit_ros_occupancy_map_monitor
