[0.054s] Invoking command in '/home/user/aiot_robot_project/project_shin/build/srdfdom': CMAKE_PREFIX_PATH=/opt/ros/humble /usr/bin/cmake /home/user/aiot_robot_project/project_shin/src/srdfdom -DCMAKE_BUILD_TYPE=Release -DCMAKE_INSTALL_PREFIX=/home/user/aiot_robot_project/project_shin/install/srdfdom
[0.532s] -- The CXX compiler identification is GNU 11.4.0
[0.556s] -- Detecting CXX compiler ABI info
[0.809s] -- Detecting CXX compiler ABI info - done
[0.830s] -- Check for working CXX compiler: /usr/bin/c++ - skipped
[0.831s] -- Detecting CXX compile features
[0.833s] -- Detecting CXX compile features - done
[0.864s] -- Found Boost: /usr/lib/x86_64-linux-gnu/cmake/Boost-1.74.0/BoostConfig.cmake (found version "1.74.0")  
[0.886s] -- Found ament_cmake: 1.3.10 (/opt/ros/humble/share/ament_cmake/cmake)
[1.291s] -- Found Python3: /usr/bin/python3 (found version "3.10.12") found components: Interpreter 
[1.553s] -- Found urdf: 2.6.1 (/opt/ros/humble/share/urdf/cmake)
[1.663s] -- Found TinyXML2 via Config file: TinyXML2_DIR-NOTFOUND
[1.914s] -- Found ament_cmake_gtest: 1.3.10 (/opt/ros/humble/share/ament_cmake_gtest/cmake)
[1.921s] -- Found ament_cmake_pytest: 1.3.10 (/opt/ros/humble/share/ament_cmake_pytest/cmake)
[3.167s] -- Found gtest sources under '/opt/ros/humble/src/gtest_vendor': C++ tests using 'Google Test' will be built
[3.308s] -- The C compiler identification is GNU 11.4.0
[3.328s] -- Detecting C compiler ABI info
[3.555s] -- Detecting C compiler ABI info - done
[3.580s] -- Check for working C compiler: /usr/bin/cc - skipped
[3.580s] -- Detecting C compile features
[3.580s] -- Detecting C compile features - done
[3.618s] -- Looking for C++ include pthread.h
[3.965s] -- Looking for C++ include pthread.h - found
[3.967s] -- Performing Test CMAKE_HAVE_LIBC_PTHREAD
[4.295s] -- Performing Test CMAKE_HAVE_LIBC_PTHREAD - Success
[4.298s] -- Found Threads: TRUE  
[4.306s] -- Found ament_lint_auto: 0.12.11 (/opt/ros/humble/share/ament_lint_auto/cmake)
[4.366s] -- Configuring done
[4.461s] -- Generating done
[4.501s] -- Build files have been written to: /home/user/aiot_robot_project/project_shin/build/srdfdom
[4.560s] Invoked command in '/home/user/aiot_robot_project/project_shin/build/srdfdom' returned '0': CMAKE_PREFIX_PATH=/opt/ros/humble /usr/bin/cmake /home/user/aiot_robot_project/project_shin/src/srdfdom -DCMAKE_BUILD_TYPE=Release -DCMAKE_INSTALL_PREFIX=/home/user/aiot_robot_project/project_shin/install/srdfdom
[4.564s] Invoking command in '/home/user/aiot_robot_project/project_shin/build/srdfdom': CMAKE_PREFIX_PATH=/opt/ros/humble /usr/bin/cmake --build /home/user/aiot_robot_project/project_shin/build/srdfdom -- -j4 -l4
[4.720s] [  9%] [32mBuilding CXX object gtest/CMakeFiles/gtest_main.dir/src/gtest_main.cc.o[0m
[4.746s] [ 18%] [32mBuilding CXX object gtest/CMakeFiles/gtest.dir/src/gtest-all.cc.o[0m
[4.797s] [ 27%] [32mBuilding CXX object CMakeFiles/srdfdom.dir/src/model.cpp.o[0m
[4.797s] [ 27%] Built target ament_cmake_python_copy_srdfdom
[4.858s] [ 36%] [32mBuilding CXX object CMakeFiles/srdfdom.dir/src/srdf_writer.cpp.o[0m
[10.901s] [ 45%] [32m[1mLinking CXX static library libgtest_main.a[0m
[11.092s] [ 45%] Built target gtest_main
[12.315s] running egg_info
[12.321s] creating srdfdom.egg-info
[12.323s] writing srdfdom.egg-info/PKG-INFO
[12.324s] writing dependency_links to srdfdom.egg-info/dependency_links.txt
[12.324s] writing top-level names to srdfdom.egg-info/top_level.txt
[12.324s] writing manifest file 'srdfdom.egg-info/SOURCES.txt'
[12.338s] reading manifest file 'srdfdom.egg-info/SOURCES.txt'
[12.338s] writing manifest file 'srdfdom.egg-info/SOURCES.txt'
[12.525s] [ 45%] Built target ament_cmake_python_build_srdfdom_egg
[24.345s] [ 54%] [32m[1mLinking CXX shared library libsrdfdom.so[0m
[25.317s] [ 54%] Built target srdfdom
[51.988s] [ 63%] [32m[1mLinking CXX static library libgtest.a[0m
[52.246s] [ 63%] Built target gtest
[52.368s] [ 72%] [32mBuilding CXX object CMakeFiles/test_cpp_C.dir/test/test_parser.cpp.o[0m
[69.931s] [ 81%] [32m[1mLinking CXX executable test_cpp_C[0m
[70.582s] [ 81%] Built target test_cpp_C
[70.696s] [ 90%] [32mBuilding CXX object CMakeFiles/test_cpp_nl_NL.UTF-8.dir/test/test_parser.cpp.o[0m
[82.047s] [100%] [32m[1mLinking CXX executable test_cpp_nl_NL.UTF-8[0m
[82.426s] [100%] Built target test_cpp_nl_NL.UTF-8
[82.452s] Invoked command in '/home/user/aiot_robot_project/project_shin/build/srdfdom' returned '0': CMAKE_PREFIX_PATH=/opt/ros/humble /usr/bin/cmake --build /home/user/aiot_robot_project/project_shin/build/srdfdom -- -j4 -l4
[82.455s] Invoking command in '/home/user/aiot_robot_project/project_shin/build/srdfdom': CMAKE_PREFIX_PATH=/opt/ros/humble /usr/bin/cmake --install /home/user/aiot_robot_project/project_shin/build/srdfdom
[82.474s] -- Install configuration: "Release"
[82.474s] -- Installing: /home/user/aiot_robot_project/project_shin/install/srdfdom/lib/libsrdfdom.so.2.0.7
[82.478s] -- Set runtime path of "/home/user/aiot_robot_project/project_shin/install/srdfdom/lib/libsrdfdom.so.2.0.7" to ""
[82.478s] -- Installing: /home/user/aiot_robot_project/project_shin/install/srdfdom/lib/libsrdfdom.so
[82.478s] -- Installing: /home/user/aiot_robot_project/project_shin/install/srdfdom/include/srdfdom
[82.479s] -- Installing: /home/user/aiot_robot_project/project_shin/install/srdfdom/include/srdfdom/srdfdom
[82.479s] -- Installing: /home/user/aiot_robot_project/project_shin/install/srdfdom/include/srdfdom/srdfdom/visibility_control.h
[82.481s] -- Installing: /home/user/aiot_robot_project/project_shin/install/srdfdom/include/srdfdom/srdfdom/model.h
[82.483s] -- Installing: /home/user/aiot_robot_project/project_shin/install/srdfdom/include/srdfdom/srdfdom/srdf_writer.h
[82.483s] -- Installing: /home/user/aiot_robot_project/project_shin/install/srdfdom/lib/srdfdom/display_srdf
[82.484s] -- Installing: /home/user/aiot_robot_project/project_shin/install/srdfdom/share/srdfdom/environment/pythonpath.sh
[82.485s] -- Installing: /home/user/aiot_robot_project/project_shin/install/srdfdom/share/srdfdom/environment/pythonpath.dsv
[82.485s] -- Installing: /home/user/aiot_robot_project/project_shin/install/srdfdom/local/lib/python3.10/dist-packages/srdfdom-2.0.7-py3.10.egg-info
[82.485s] -- Installing: /home/user/aiot_robot_project/project_shin/install/srdfdom/local/lib/python3.10/dist-packages/srdfdom-2.0.7-py3.10.egg-info/SOURCES.txt
[82.485s] -- Installing: /home/user/aiot_robot_project/project_shin/install/srdfdom/local/lib/python3.10/dist-packages/srdfdom-2.0.7-py3.10.egg-info/dependency_links.txt
[82.486s] -- Installing: /home/user/aiot_robot_project/project_shin/install/srdfdom/local/lib/python3.10/dist-packages/srdfdom-2.0.7-py3.10.egg-info/PKG-INFO
[82.486s] -- Installing: /home/user/aiot_robot_project/project_shin/install/srdfdom/local/lib/python3.10/dist-packages/srdfdom-2.0.7-py3.10.egg-info/top_level.txt
[82.486s] -- Installing: /home/user/aiot_robot_project/project_shin/install/srdfdom/local/lib/python3.10/dist-packages/srdfdom
[82.486s] -- Installing: /home/user/aiot_robot_project/project_shin/install/srdfdom/local/lib/python3.10/dist-packages/srdfdom/srdf.py
[82.487s] -- Installing: /home/user/aiot_robot_project/project_shin/install/srdfdom/local/lib/python3.10/dist-packages/srdfdom/__init__.py
[82.581s] Listing '/home/user/aiot_robot_project/project_shin/install/srdfdom/local/lib/python3.10/dist-packages/srdfdom'...
[82.582s] Compiling '/home/user/aiot_robot_project/project_shin/install/srdfdom/local/lib/python3.10/dist-packages/srdfdom/__init__.py'...
[82.582s] Compiling '/home/user/aiot_robot_project/project_shin/install/srdfdom/local/lib/python3.10/dist-packages/srdfdom/srdf.py'...
[82.595s] -- Installing: /home/user/aiot_robot_project/project_shin/install/srdfdom/share/srdfdom/environment/library_path.sh
[82.595s] -- Installing: /home/user/aiot_robot_project/project_shin/install/srdfdom/share/srdfdom/environment/library_path.dsv
[82.595s] -- Installing: /home/user/aiot_robot_project/project_shin/install/srdfdom/share/ament_index/resource_index/package_run_dependencies/srdfdom
[82.595s] -- Installing: /home/user/aiot_robot_project/project_shin/install/srdfdom/share/ament_index/resource_index/parent_prefix_path/srdfdom
[82.596s] -- Installing: /home/user/aiot_robot_project/project_shin/install/srdfdom/share/srdfdom/environment/ament_prefix_path.sh
[82.596s] -- Installing: /home/user/aiot_robot_project/project_shin/install/srdfdom/share/srdfdom/environment/ament_prefix_path.dsv
[82.597s] -- Installing: /home/user/aiot_robot_project/project_shin/install/srdfdom/share/srdfdom/environment/path.sh
[82.597s] -- Installing: /home/user/aiot_robot_project/project_shin/install/srdfdom/share/srdfdom/environment/path.dsv
[82.598s] -- Installing: /home/user/aiot_robot_project/project_shin/install/srdfdom/share/srdfdom/local_setup.bash
[82.599s] -- Installing: /home/user/aiot_robot_project/project_shin/install/srdfdom/share/srdfdom/local_setup.sh
[82.599s] -- Installing: /home/user/aiot_robot_project/project_shin/install/srdfdom/share/srdfdom/local_setup.zsh
[82.600s] -- Installing: /home/user/aiot_robot_project/project_shin/install/srdfdom/share/srdfdom/local_setup.dsv
[82.601s] -- Installing: /home/user/aiot_robot_project/project_shin/install/srdfdom/share/srdfdom/package.dsv
[82.602s] -- Installing: /home/user/aiot_robot_project/project_shin/install/srdfdom/share/ament_index/resource_index/packages/srdfdom
[82.602s] -- Installing: /home/user/aiot_robot_project/project_shin/install/srdfdom/share/srdfdom/cmake/srdfdomTargetsExport.cmake
[82.603s] -- Installing: /home/user/aiot_robot_project/project_shin/install/srdfdom/share/srdfdom/cmake/srdfdomTargetsExport-release.cmake
[82.604s] -- Installing: /home/user/aiot_robot_project/project_shin/install/srdfdom/share/srdfdom/cmake/ament_cmake_export_targets-extras.cmake
[82.605s] -- Installing: /home/user/aiot_robot_project/project_shin/install/srdfdom/share/srdfdom/cmake/ament_cmake_export_dependencies-extras.cmake
[82.605s] -- Installing: /home/user/aiot_robot_project/project_shin/install/srdfdom/share/srdfdom/cmake/srdfdomConfig.cmake
[82.606s] -- Installing: /home/user/aiot_robot_project/project_shin/install/srdfdom/share/srdfdom/cmake/srdfdomConfig-version.cmake
[82.606s] -- Installing: /home/user/aiot_robot_project/project_shin/install/srdfdom/share/srdfdom/package.xml
[82.614s] Invoked command in '/home/user/aiot_robot_project/project_shin/build/srdfdom' returned '0': CMAKE_PREFIX_PATH=/opt/ros/humble /usr/bin/cmake --install /home/user/aiot_robot_project/project_shin/build/srdfdom
