[0.051s] Invoking command in '/home/user/aiot_robot_project/project_shin/build/moveit_ros_robot_interaction': AMENT_PREFIX_PATH=/home/user/aiot_robot_project/project_shin/install/moveit_ros_planning:/home/user/aiot_robot_project/project_shin/install/moveit_ros_occupancy_map_monitor:/home/user/aiot_robot_project/project_shin/install/moveit_core:/home/user/aiot_robot_project/project_shin/install/moveit_resources_panda_moveit_config:/home/user/aiot_robot_project/project_shin/install/moveit_configs_utils:/home/user/aiot_robot_project/project_shin/install/srdfdom:/home/user/aiot_robot_project/project_shin/install/moveit_resources_pr2_description:/home/user/aiot_robot_project/project_shin/install/moveit_resources_panda_description:/home/user/aiot_robot_project/project_shin/install/moveit_common:/home/user/aiot_robot_project/project_shin/install/launch_param_builder:${AMENT_PREFIX_PATH} CMAKE_PREFIX_PATH=/home/user/aiot_robot_project/project_shin/install/moveit_ros_planning:/home/user/aiot_robot_project/project_shin/install/moveit_ros_occupancy_map_monitor:/home/user/aiot_robot_project/project_shin/install/moveit_core:/home/user/aiot_robot_project/project_shin/install/moveit_resources_panda_moveit_config:/home/user/aiot_robot_project/project_shin/install/srdfdom:/home/user/aiot_robot_project/project_shin/install/moveit_resources_pr2_description:/home/user/aiot_robot_project/project_shin/install/moveit_resources_panda_description:/home/user/aiot_robot_project/project_shin/install/moveit_common:/opt/ros/humble LD_LIBRARY_PATH=/home/user/aiot_robot_project/project_shin/install/moveit_ros_planning/lib:/home/user/aiot_robot_project/project_shin/install/moveit_ros_occupancy_map_monitor/lib:/home/user/aiot_robot_project/project_shin/install/moveit_core/lib:/home/user/aiot_robot_project/project_shin/install/srdfdom/lib:${LD_LIBRARY_PATH} PATH=/home/user/aiot_robot_project/project_shin/install/moveit_core/bin:${PATH} PYTHONPATH=/home/user/aiot_robot_project/project_shin/install/moveit_configs_utils/lib/python3.10/site-packages:/home/user/aiot_robot_project/project_shin/install/srdfdom/local/lib/python3.10/dist-packages:/home/user/aiot_robot_project/project_shin/install/launch_param_builder/lib/python3.10/site-packages:${PYTHONPATH} /usr/bin/cmake /home/user/aiot_robot_project/project_shin/src/moveit2/moveit_ros/robot_interaction -DCMAKE_BUILD_TYPE=Release -DCMAKE_INSTALL_PREFIX=/home/user/aiot_robot_project/project_shin/install/moveit_ros_robot_interaction
[0.238s] -- The C compiler identification is GNU 11.4.0
[0.440s] -- The CXX compiler identification is GNU 11.4.0
[0.459s] -- Detecting C compiler ABI info
[0.664s] -- Detecting C compiler ABI info - done
[0.684s] -- Check for working C compiler: /usr/bin/cc - skipped
[0.685s] -- Detecting C compile features
[0.685s] -- Detecting C compile features - done
[0.690s] -- Detecting CXX compiler ABI info
[0.981s] -- Detecting CXX compiler ABI info - done
[1.030s] -- Check for working CXX compiler: /usr/bin/c++ - skipped
[1.031s] -- Detecting CXX compile features
[1.031s] -- Detecting CXX compile features - done
[1.040s] -- Found moveit_common: 2.5.6 (/home/user/aiot_robot_project/project_shin/install/moveit_common/share/moveit_common/cmake)
[1.049s] -- Found ament_cmake: 1.3.10 (/opt/ros/humble/share/ament_cmake/cmake)
[1.476s] -- Found Python3: /usr/bin/python3 (found version "3.10.12") found components: Interpreter 
[1.935s] -- Found moveit_core: 2.5.6 (/home/user/aiot_robot_project/project_shin/install/moveit_core/share/moveit_core/cmake)
[2.551s] -- Found Boost: /usr/lib/x86_64-linux-gnu/cmake/Boost-1.74.0/BoostConfig.cmake (found version "1.74.0") found components: chrono date_time filesystem iostreams program_options regex serialization system thread 
[2.703s] -- Found parameter_traits: 0.3.9 (/opt/ros/humble/share/parameter_traits/cmake)
[2.823s] -- Found rosidl_generator_c: 3.1.5 (/opt/ros/humble/share/rosidl_generator_c/cmake)
[2.844s] -- Found rosidl_adapter: 3.1.5 (/opt/ros/humble/share/rosidl_adapter/cmake)
[2.866s] -- Found rosidl_generator_cpp: 3.1.5 (/opt/ros/humble/share/rosidl_generator_cpp/cmake)
[2.909s] -- Using all available rosidl_typesupport_c: rosidl_typesupport_fastrtps_c;rosidl_typesupport_introspection_c
[2.960s] -- Using all available rosidl_typesupport_cpp: rosidl_typesupport_fastrtps_cpp;rosidl_typesupport_introspection_cpp
[3.101s] -- Found rmw_implementation_cmake: 6.1.2 (/opt/ros/humble/share/rmw_implementation_cmake/cmake)
[3.109s] -- Found rmw_fastrtps_cpp: 6.2.7 (/opt/ros/humble/share/rmw_fastrtps_cpp/cmake)
[3.394s] -- Found OpenSSL: /usr/lib/x86_64-linux-gnu/libcrypto.so (found version "3.0.2")  
[3.452s] -- Found FastRTPS: /opt/ros/humble/include  
[3.556s] -- Using RMW implementation 'rmw_fastrtps_cpp' as default
[3.586s] -- Found Threads: TRUE  
[3.744s] -- Found Eigen3: TRUE (found version "3.4.0") 
[3.752s] -- Found rclcpp_lifecycle: 16.0.10 (/opt/ros/humble/share/rclcpp_lifecycle/cmake)
[3.817s] -- Found Boost: /usr/lib/x86_64-linux-gnu/cmake/Boost-1.74.0/BoostConfig.cmake (found version "1.74.0") found components: filesystem 
[4.094s] -- library: /usr/lib/x86_64-linux-gnu/libcurl.so
[4.264s] -- Ensuring Eigen3 include directory is part of orocos-kdl CMake target
[4.889s] -- Found moveit_ros_planning: 2.5.6 (/home/user/aiot_robot_project/project_shin/install/moveit_ros_planning/share/moveit_ros_planning/cmake)
[4.905s] -- Found Boost: /usr/lib/x86_64-linux-gnu/cmake/Boost-1.74.0/BoostConfig.cmake (found version "1.74.0") found components: system filesystem date_time program_options thread chrono 
[4.984s] -- Found interactive_markers: 2.3.2 (/opt/ros/humble/share/interactive_markers/cmake)
[5.002s] -- Performing Test COMPILER_HAS_HIDDEN_VISIBILITY
[5.257s] -- Performing Test COMPILER_HAS_HIDDEN_VISIBILITY - Success
[5.259s] -- Performing Test COMPILER_HAS_HIDDEN_INLINE_VISIBILITY
[5.537s] -- Performing Test COMPILER_HAS_HIDDEN_INLINE_VISIBILITY - Success
[5.543s] -- Performing Test COMPILER_HAS_DEPRECATED_ATTR
[5.820s] -- Performing Test COMPILER_HAS_DEPRECATED_ATTR - Success
[5.859s] -- Found ament_cmake_gtest: 1.3.10 (/opt/ros/humble/share/ament_cmake_gtest/cmake)
[5.866s] -- Found gtest sources under '/opt/ros/humble/src/gtest_vendor': C++ tests using 'Google Test' will be built
[5.894s] -- Found ament_lint_auto: 0.12.11 (/opt/ros/humble/share/ament_lint_auto/cmake)
[5.977s] -- Added test 'cppcheck' to perform static code analysis on C / C++ code
[5.978s] -- Configured cppcheck include dirs: /home/user/aiot_robot_project/project_shin/src/moveit2/moveit_ros/robot_interaction/include
[5.978s] -- Configured cppcheck exclude dirs and/or files: 
[5.981s] -- Added test 'lint_cmake' to check CMake code style
[5.984s] -- Added test 'xmllint' to check XML markup files
[5.989s] -- Configuring done
[6.224s] -- Generating done
[6.249s] -- Build files have been written to: /home/user/aiot_robot_project/project_shin/build/moveit_ros_robot_interaction
[6.304s] Invoked command in '/home/user/aiot_robot_project/project_shin/build/moveit_ros_robot_interaction' returned '0': AMENT_PREFIX_PATH=/home/user/aiot_robot_project/project_shin/install/moveit_ros_planning:/home/user/aiot_robot_project/project_shin/install/moveit_ros_occupancy_map_monitor:/home/user/aiot_robot_project/project_shin/install/moveit_core:/home/user/aiot_robot_project/project_shin/install/moveit_resources_panda_moveit_config:/home/user/aiot_robot_project/project_shin/install/moveit_configs_utils:/home/user/aiot_robot_project/project_shin/install/srdfdom:/home/user/aiot_robot_project/project_shin/install/moveit_resources_pr2_description:/home/user/aiot_robot_project/project_shin/install/moveit_resources_panda_description:/home/user/aiot_robot_project/project_shin/install/moveit_common:/home/user/aiot_robot_project/project_shin/install/launch_param_builder:${AMENT_PREFIX_PATH} CMAKE_PREFIX_PATH=/home/user/aiot_robot_project/project_shin/install/moveit_ros_planning:/home/user/aiot_robot_project/project_shin/install/moveit_ros_occupancy_map_monitor:/home/user/aiot_robot_project/project_shin/install/moveit_core:/home/user/aiot_robot_project/project_shin/install/moveit_resources_panda_moveit_config:/home/user/aiot_robot_project/project_shin/install/srdfdom:/home/user/aiot_robot_project/project_shin/install/moveit_resources_pr2_description:/home/user/aiot_robot_project/project_shin/install/moveit_resources_panda_description:/home/user/aiot_robot_project/project_shin/install/moveit_common:/opt/ros/humble LD_LIBRARY_PATH=/home/user/aiot_robot_project/project_shin/install/moveit_ros_planning/lib:/home/user/aiot_robot_project/project_shin/install/moveit_ros_occupancy_map_monitor/lib:/home/user/aiot_robot_project/project_shin/install/moveit_core/lib:/home/user/aiot_robot_project/project_shin/install/srdfdom/lib:${LD_LIBRARY_PATH} PATH=/home/user/aiot_robot_project/project_shin/install/moveit_core/bin:${PATH} PYTHONPATH=/home/user/aiot_robot_project/project_shin/install/moveit_configs_utils/lib/python3.10/site-packages:/home/user/aiot_robot_project/project_shin/install/srdfdom/local/lib/python3.10/dist-packages:/home/user/aiot_robot_project/project_shin/install/launch_param_builder/lib/python3.10/site-packages:${PYTHONPATH} /usr/bin/cmake /home/user/aiot_robot_project/project_shin/src/moveit2/moveit_ros/robot_interaction -DCMAKE_BUILD_TYPE=Release -DCMAKE_INSTALL_PREFIX=/home/user/aiot_robot_project/project_shin/install/moveit_ros_robot_interaction
[6.305s] Invoking command in '/home/user/aiot_robot_project/project_shin/build/moveit_ros_robot_interaction': AMENT_PREFIX_PATH=/home/user/aiot_robot_project/project_shin/install/moveit_ros_planning:/home/user/aiot_robot_project/project_shin/install/moveit_ros_occupancy_map_monitor:/home/user/aiot_robot_project/project_shin/install/moveit_core:/home/user/aiot_robot_project/project_shin/install/moveit_resources_panda_moveit_config:/home/user/aiot_robot_project/project_shin/install/moveit_configs_utils:/home/user/aiot_robot_project/project_shin/install/srdfdom:/home/user/aiot_robot_project/project_shin/install/moveit_resources_pr2_description:/home/user/aiot_robot_project/project_shin/install/moveit_resources_panda_description:/home/user/aiot_robot_project/project_shin/install/moveit_common:/home/user/aiot_robot_project/project_shin/install/launch_param_builder:${AMENT_PREFIX_PATH} CMAKE_PREFIX_PATH=/home/user/aiot_robot_project/project_shin/install/moveit_ros_planning:/home/user/aiot_robot_project/project_shin/install/moveit_ros_occupancy_map_monitor:/home/user/aiot_robot_project/project_shin/install/moveit_core:/home/user/aiot_robot_project/project_shin/install/moveit_resources_panda_moveit_config:/home/user/aiot_robot_project/project_shin/install/srdfdom:/home/user/aiot_robot_project/project_shin/install/moveit_resources_pr2_description:/home/user/aiot_robot_project/project_shin/install/moveit_resources_panda_description:/home/user/aiot_robot_project/project_shin/install/moveit_common:/opt/ros/humble LD_LIBRARY_PATH=/home/user/aiot_robot_project/project_shin/install/moveit_ros_planning/lib:/home/user/aiot_robot_project/project_shin/install/moveit_ros_occupancy_map_monitor/lib:/home/user/aiot_robot_project/project_shin/install/moveit_core/lib:/home/user/aiot_robot_project/project_shin/install/srdfdom/lib:${LD_LIBRARY_PATH} PATH=/home/user/aiot_robot_project/project_shin/install/moveit_core/bin:${PATH} PYTHONPATH=/home/user/aiot_robot_project/project_shin/install/moveit_configs_utils/lib/python3.10/site-packages:/home/user/aiot_robot_project/project_shin/install/srdfdom/local/lib/python3.10/dist-packages:/home/user/aiot_robot_project/project_shin/install/launch_param_builder/lib/python3.10/site-packages:${PYTHONPATH} /usr/bin/cmake --build /home/user/aiot_robot_project/project_shin/build/moveit_ros_robot_interaction -- -j4 -l4
[6.499s] [  7%] [32mBuilding CXX object gtest/CMakeFiles/gtest_main.dir/src/gtest_main.cc.o[0m
[6.517s] [ 15%] [32mBuilding CXX object gtest/CMakeFiles/gtest.dir/src/gtest-all.cc.o[0m
[6.556s] [ 23%] [32mBuilding CXX object CMakeFiles/moveit_robot_interaction.dir/src/interactive_marker_helpers.cpp.o[0m
[6.563s] [ 30%] [32mBuilding CXX object CMakeFiles/moveit_robot_interaction.dir/src/kinematic_options.cpp.o[0m
[18.634s] [ 38%] [32m[1mLinking CXX static library libgtest_main.a[0m
[19.105s] [ 38%] Built target gtest_main
[69.536s] [ 46%] [32mBuilding CXX object CMakeFiles/moveit_robot_interaction.dir/src/locked_robot_state.cpp.o[0m
[88.330s] [ 53%] [32m[1mLinking CXX static library libgtest.a[0m
[88.748s] [ 53%] Built target gtest
[108.353s] [ 61%] [32mBuilding CXX object CMakeFiles/moveit_robot_interaction.dir/src/robot_interaction.cpp.o[0m
[161.874s] [ 69%] [32mBuilding CXX object CMakeFiles/moveit_robot_interaction.dir/src/interaction_handler.cpp.o[0m
[191.375s] [ 76%] [32mBuilding CXX object CMakeFiles/moveit_robot_interaction.dir/src/kinematic_options_map.cpp.o[0m
[207.820s] [ 84%] [32m[1mLinking CXX shared library libmoveit_robot_interaction.so[0m
[209.325s] [ 84%] Built target moveit_robot_interaction
[209.403s] [ 92%] [32mBuilding CXX object CMakeFiles/locked_robot_state_test.dir/test/locked_robot_state_test.cpp.o[0m
[235.439s] [100%] [32m[1mLinking CXX executable locked_robot_state_test[0m
[236.801s] [100%] Built target locked_robot_state_test
[236.838s] Invoked command in '/home/user/aiot_robot_project/project_shin/build/moveit_ros_robot_interaction' returned '0': AMENT_PREFIX_PATH=/home/user/aiot_robot_project/project_shin/install/moveit_ros_planning:/home/user/aiot_robot_project/project_shin/install/moveit_ros_occupancy_map_monitor:/home/user/aiot_robot_project/project_shin/install/moveit_core:/home/user/aiot_robot_project/project_shin/install/moveit_resources_panda_moveit_config:/home/user/aiot_robot_project/project_shin/install/moveit_configs_utils:/home/user/aiot_robot_project/project_shin/install/srdfdom:/home/user/aiot_robot_project/project_shin/install/moveit_resources_pr2_description:/home/user/aiot_robot_project/project_shin/install/moveit_resources_panda_description:/home/user/aiot_robot_project/project_shin/install/moveit_common:/home/user/aiot_robot_project/project_shin/install/launch_param_builder:${AMENT_PREFIX_PATH} CMAKE_PREFIX_PATH=/home/user/aiot_robot_project/project_shin/install/moveit_ros_planning:/home/user/aiot_robot_project/project_shin/install/moveit_ros_occupancy_map_monitor:/home/user/aiot_robot_project/project_shin/install/moveit_core:/home/user/aiot_robot_project/project_shin/install/moveit_resources_panda_moveit_config:/home/user/aiot_robot_project/project_shin/install/srdfdom:/home/user/aiot_robot_project/project_shin/install/moveit_resources_pr2_description:/home/user/aiot_robot_project/project_shin/install/moveit_resources_panda_description:/home/user/aiot_robot_project/project_shin/install/moveit_common:/opt/ros/humble LD_LIBRARY_PATH=/home/user/aiot_robot_project/project_shin/install/moveit_ros_planning/lib:/home/user/aiot_robot_project/project_shin/install/moveit_ros_occupancy_map_monitor/lib:/home/user/aiot_robot_project/project_shin/install/moveit_core/lib:/home/user/aiot_robot_project/project_shin/install/srdfdom/lib:${LD_LIBRARY_PATH} PATH=/home/user/aiot_robot_project/project_shin/install/moveit_core/bin:${PATH} PYTHONPATH=/home/user/aiot_robot_project/project_shin/install/moveit_configs_utils/lib/python3.10/site-packages:/home/user/aiot_robot_project/project_shin/install/srdfdom/local/lib/python3.10/dist-packages:/home/user/aiot_robot_project/project_shin/install/launch_param_builder/lib/python3.10/site-packages:${PYTHONPATH} /usr/bin/cmake --build /home/user/aiot_robot_project/project_shin/build/moveit_ros_robot_interaction -- -j4 -l4
[236.849s] Invoking command in '/home/user/aiot_robot_project/project_shin/build/moveit_ros_robot_interaction': AMENT_PREFIX_PATH=/home/user/aiot_robot_project/project_shin/install/moveit_ros_planning:/home/user/aiot_robot_project/project_shin/install/moveit_ros_occupancy_map_monitor:/home/user/aiot_robot_project/project_shin/install/moveit_core:/home/user/aiot_robot_project/project_shin/install/moveit_resources_panda_moveit_config:/home/user/aiot_robot_project/project_shin/install/moveit_configs_utils:/home/user/aiot_robot_project/project_shin/install/srdfdom:/home/user/aiot_robot_project/project_shin/install/moveit_resources_pr2_description:/home/user/aiot_robot_project/project_shin/install/moveit_resources_panda_description:/home/user/aiot_robot_project/project_shin/install/moveit_common:/home/user/aiot_robot_project/project_shin/install/launch_param_builder:${AMENT_PREFIX_PATH} CMAKE_PREFIX_PATH=/home/user/aiot_robot_project/project_shin/install/moveit_ros_planning:/home/user/aiot_robot_project/project_shin/install/moveit_ros_occupancy_map_monitor:/home/user/aiot_robot_project/project_shin/install/moveit_core:/home/user/aiot_robot_project/project_shin/install/moveit_resources_panda_moveit_config:/home/user/aiot_robot_project/project_shin/install/srdfdom:/home/user/aiot_robot_project/project_shin/install/moveit_resources_pr2_description:/home/user/aiot_robot_project/project_shin/install/moveit_resources_panda_description:/home/user/aiot_robot_project/project_shin/install/moveit_common:/opt/ros/humble LD_LIBRARY_PATH=/home/user/aiot_robot_project/project_shin/install/moveit_ros_planning/lib:/home/user/aiot_robot_project/project_shin/install/moveit_ros_occupancy_map_monitor/lib:/home/user/aiot_robot_project/project_shin/install/moveit_core/lib:/home/user/aiot_robot_project/project_shin/install/srdfdom/lib:${LD_LIBRARY_PATH} PATH=/home/user/aiot_robot_project/project_shin/install/moveit_core/bin:${PATH} PYTHONPATH=/home/user/aiot_robot_project/project_shin/install/moveit_configs_utils/lib/python3.10/site-packages:/home/user/aiot_robot_project/project_shin/install/srdfdom/local/lib/python3.10/dist-packages:/home/user/aiot_robot_project/project_shin/install/launch_param_builder/lib/python3.10/site-packages:${PYTHONPATH} /usr/bin/cmake --install /home/user/aiot_robot_project/project_shin/build/moveit_ros_robot_interaction
[236.873s] -- Install configuration: "Release"
[236.873s] -- Installing: /home/user/aiot_robot_project/project_shin/install/moveit_ros_robot_interaction/lib/libmoveit_robot_interaction.so.2.5.6
[236.880s] -- Set runtime path of "/home/user/aiot_robot_project/project_shin/install/moveit_ros_robot_interaction/lib/libmoveit_robot_interaction.so.2.5.6" to ""
[236.881s] -- Installing: /home/user/aiot_robot_project/project_shin/install/moveit_ros_robot_interaction/lib/libmoveit_robot_interaction.so
[236.882s] -- Installing: /home/user/aiot_robot_project/project_shin/install/moveit_ros_robot_interaction/include
[236.883s] -- Installing: /home/user/aiot_robot_project/project_shin/install/moveit_ros_robot_interaction/include/moveit
[236.883s] -- Installing: /home/user/aiot_robot_project/project_shin/install/moveit_ros_robot_interaction/include/moveit/robot_interaction
[236.884s] -- Installing: /home/user/aiot_robot_project/project_shin/install/moveit_ros_robot_interaction/include/moveit/robot_interaction/kinematic_options.h
[236.885s] -- Installing: /home/user/aiot_robot_project/project_shin/install/moveit_ros_robot_interaction/include/moveit/robot_interaction/interactive_marker_helpers.h
[236.885s] -- Installing: /home/user/aiot_robot_project/project_shin/install/moveit_ros_robot_interaction/include/moveit/robot_interaction/robot_interaction.h
[236.887s] -- Installing: /home/user/aiot_robot_project/project_shin/install/moveit_ros_robot_interaction/include/moveit/robot_interaction/interaction.h
[236.888s] -- Installing: /home/user/aiot_robot_project/project_shin/install/moveit_ros_robot_interaction/include/moveit/robot_interaction/kinematic_options_map.h
[236.888s] -- Installing: /home/user/aiot_robot_project/project_shin/install/moveit_ros_robot_interaction/include/moveit/robot_interaction/locked_robot_state.h
[236.889s] -- Installing: /home/user/aiot_robot_project/project_shin/install/moveit_ros_robot_interaction/include/moveit/robot_interaction/interaction_handler.h
[236.891s] -- Installing: /home/user/aiot_robot_project/project_shin/install/moveit_ros_robot_interaction/include/moveit_robot_interaction_export.h
[236.892s] -- Installing: /home/user/aiot_robot_project/project_shin/install/moveit_ros_robot_interaction/share/moveit_ros_robot_interaction/resources
[236.892s] -- Installing: /home/user/aiot_robot_project/project_shin/install/moveit_ros_robot_interaction/share/moveit_ros_robot_interaction/resources/access-denied.dae
[236.895s] -- Installing: /home/user/aiot_robot_project/project_shin/install/moveit_ros_robot_interaction/share/moveit_ros_robot_interaction/resources/access-denied.stl
[236.898s] -- Installing: /home/user/aiot_robot_project/project_shin/install/moveit_ros_robot_interaction/share/moveit_ros_robot_interaction/environment/library_path.sh
[236.900s] -- Installing: /home/user/aiot_robot_project/project_shin/install/moveit_ros_robot_interaction/share/moveit_ros_robot_interaction/environment/library_path.dsv
[236.902s] -- Installing: /home/user/aiot_robot_project/project_shin/install/moveit_ros_robot_interaction/share/ament_index/resource_index/package_run_dependencies/moveit_ros_robot_interaction
[236.903s] -- Installing: /home/user/aiot_robot_project/project_shin/install/moveit_ros_robot_interaction/share/ament_index/resource_index/parent_prefix_path/moveit_ros_robot_interaction
[236.908s] -- Installing: /home/user/aiot_robot_project/project_shin/install/moveit_ros_robot_interaction/share/moveit_ros_robot_interaction/environment/ament_prefix_path.sh
[236.908s] -- Installing: /home/user/aiot_robot_project/project_shin/install/moveit_ros_robot_interaction/share/moveit_ros_robot_interaction/environment/ament_prefix_path.dsv
[236.909s] -- Installing: /home/user/aiot_robot_project/project_shin/install/moveit_ros_robot_interaction/share/moveit_ros_robot_interaction/environment/path.sh
[236.911s] -- Installing: /home/user/aiot_robot_project/project_shin/install/moveit_ros_robot_interaction/share/moveit_ros_robot_interaction/environment/path.dsv
[236.912s] -- Installing: /home/user/aiot_robot_project/project_shin/install/moveit_ros_robot_interaction/share/moveit_ros_robot_interaction/local_setup.bash
[236.914s] -- Installing: /home/user/aiot_robot_project/project_shin/install/moveit_ros_robot_interaction/share/moveit_ros_robot_interaction/local_setup.sh
[236.915s] -- Installing: /home/user/aiot_robot_project/project_shin/install/moveit_ros_robot_interaction/share/moveit_ros_robot_interaction/local_setup.zsh
[236.916s] -- Installing: /home/user/aiot_robot_project/project_shin/install/moveit_ros_robot_interaction/share/moveit_ros_robot_interaction/local_setup.dsv
[236.917s] -- Installing: /home/user/aiot_robot_project/project_shin/install/moveit_ros_robot_interaction/share/moveit_ros_robot_interaction/package.dsv
[236.919s] -- Installing: /home/user/aiot_robot_project/project_shin/install/moveit_ros_robot_interaction/share/ament_index/resource_index/packages/moveit_ros_robot_interaction
[236.919s] -- Installing: /home/user/aiot_robot_project/project_shin/install/moveit_ros_robot_interaction/share/moveit_ros_robot_interaction/cmake/export_moveit_ros_robot_interactionExport.cmake
[236.921s] -- Installing: /home/user/aiot_robot_project/project_shin/install/moveit_ros_robot_interaction/share/moveit_ros_robot_interaction/cmake/export_moveit_ros_robot_interactionExport-release.cmake
[236.923s] -- Installing: /home/user/aiot_robot_project/project_shin/install/moveit_ros_robot_interaction/share/moveit_ros_robot_interaction/cmake/ament_cmake_export_targets-extras.cmake
[236.924s] -- Installing: /home/user/aiot_robot_project/project_shin/install/moveit_ros_robot_interaction/share/moveit_ros_robot_interaction/cmake/ament_cmake_export_dependencies-extras.cmake
[236.925s] -- Installing: /home/user/aiot_robot_project/project_shin/install/moveit_ros_robot_interaction/share/moveit_ros_robot_interaction/cmake/moveit_ros_robot_interactionConfig.cmake
[236.926s] -- Installing: /home/user/aiot_robot_project/project_shin/install/moveit_ros_robot_interaction/share/moveit_ros_robot_interaction/cmake/moveit_ros_robot_interactionConfig-version.cmake
[236.926s] -- Installing: /home/user/aiot_robot_project/project_shin/install/moveit_ros_robot_interaction/share/moveit_ros_robot_interaction/package.xml
[236.935s] Invoked command in '/home/user/aiot_robot_project/project_shin/build/moveit_ros_robot_interaction' returned '0': AMENT_PREFIX_PATH=/home/user/aiot_robot_project/project_shin/install/moveit_ros_planning:/home/user/aiot_robot_project/project_shin/install/moveit_ros_occupancy_map_monitor:/home/user/aiot_robot_project/project_shin/install/moveit_core:/home/user/aiot_robot_project/project_shin/install/moveit_resources_panda_moveit_config:/home/user/aiot_robot_project/project_shin/install/moveit_configs_utils:/home/user/aiot_robot_project/project_shin/install/srdfdom:/home/user/aiot_robot_project/project_shin/install/moveit_resources_pr2_description:/home/user/aiot_robot_project/project_shin/install/moveit_resources_panda_description:/home/user/aiot_robot_project/project_shin/install/moveit_common:/home/user/aiot_robot_project/project_shin/install/launch_param_builder:${AMENT_PREFIX_PATH} CMAKE_PREFIX_PATH=/home/user/aiot_robot_project/project_shin/install/moveit_ros_planning:/home/user/aiot_robot_project/project_shin/install/moveit_ros_occupancy_map_monitor:/home/user/aiot_robot_project/project_shin/install/moveit_core:/home/user/aiot_robot_project/project_shin/install/moveit_resources_panda_moveit_config:/home/user/aiot_robot_project/project_shin/install/srdfdom:/home/user/aiot_robot_project/project_shin/install/moveit_resources_pr2_description:/home/user/aiot_robot_project/project_shin/install/moveit_resources_panda_description:/home/user/aiot_robot_project/project_shin/install/moveit_common:/opt/ros/humble LD_LIBRARY_PATH=/home/user/aiot_robot_project/project_shin/install/moveit_ros_planning/lib:/home/user/aiot_robot_project/project_shin/install/moveit_ros_occupancy_map_monitor/lib:/home/user/aiot_robot_project/project_shin/install/moveit_core/lib:/home/user/aiot_robot_project/project_shin/install/srdfdom/lib:${LD_LIBRARY_PATH} PATH=/home/user/aiot_robot_project/project_shin/install/moveit_core/bin:${PATH} PYTHONPATH=/home/user/aiot_robot_project/project_shin/install/moveit_configs_utils/lib/python3.10/site-packages:/home/user/aiot_robot_project/project_shin/install/srdfdom/local/lib/python3.10/dist-packages:/home/user/aiot_robot_project/project_shin/install/launch_param_builder/lib/python3.10/site-packages:${PYTHONPATH} /usr/bin/cmake --install /home/user/aiot_robot_project/project_shin/build/moveit_ros_robot_interaction
