[0.020s] Invoking command in '/home/user/aiot_robot_project/project_shin/build/moveit_resources_fanuc_description': CMAKE_PREFIX_PATH=/opt/ros/humble /usr/bin/cmake /home/user/aiot_robot_project/project_shin/src/moveit_resources/fanuc_description -DCMAKE_BUILD_TYPE=Release -DCMAKE_INSTALL_PREFIX=/home/user/aiot_robot_project/project_shin/install/moveit_resources_fanuc_description
[0.178s] -- The C compiler identification is GNU 11.4.0
[0.356s] -- The CXX compiler identification is GNU 11.4.0
[0.376s] -- Detecting C compiler ABI info
[0.588s] -- Detecting C compiler ABI info - done
[0.605s] -- Check for working C compiler: /usr/bin/cc - skipped
[0.606s] -- Detecting C compile features
[0.608s] -- Detecting C compile features - done
[0.616s] -- Detecting CXX compiler ABI info
[0.866s] -- Detecting CXX compiler ABI info - done
[0.913s] -- Check for working CXX compiler: /usr/bin/c++ - skipped
[0.916s] -- Detecting CXX compile features
[0.920s] -- Detecting CXX compile features - done
[0.923s] -- Found ament_cmake: 1.3.10 (/opt/ros/humble/share/ament_cmake/cmake)
[1.324s] -- Found Python3: /usr/bin/python3 (found version "3.10.12") found components: Interpreter 
[1.728s] -- Configuring done
[1.738s] -- Generating done
[1.740s] -- Build files have been written to: /home/user/aiot_robot_project/project_shin/build/moveit_resources_fanuc_description
[1.783s] Invoked command in '/home/user/aiot_robot_project/project_shin/build/moveit_resources_fanuc_description' returned '0': CMAKE_PREFIX_PATH=/opt/ros/humble /usr/bin/cmake /home/user/aiot_robot_project/project_shin/src/moveit_resources/fanuc_description -DCMAKE_BUILD_TYPE=Release -DCMAKE_INSTALL_PREFIX=/home/user/aiot_robot_project/project_shin/install/moveit_resources_fanuc_description
[1.786s] Invoking command in '/home/user/aiot_robot_project/project_shin/build/moveit_resources_fanuc_description': CMAKE_PREFIX_PATH=/opt/ros/humble /usr/bin/cmake --build /home/user/aiot_robot_project/project_shin/build/moveit_resources_fanuc_description -- -j4 -l4
[1.881s] Invoked command in '/home/user/aiot_robot_project/project_shin/build/moveit_resources_fanuc_description' returned '0': CMAKE_PREFIX_PATH=/opt/ros/humble /usr/bin/cmake --build /home/user/aiot_robot_project/project_shin/build/moveit_resources_fanuc_description -- -j4 -l4
[1.886s] Invoking command in '/home/user/aiot_robot_project/project_shin/build/moveit_resources_fanuc_description': CMAKE_PREFIX_PATH=/opt/ros/humble /usr/bin/cmake --install /home/user/aiot_robot_project/project_shin/build/moveit_resources_fanuc_description
[1.909s] -- Install configuration: "Release"
[1.915s] -- Installing: /home/user/aiot_robot_project/project_shin/install/moveit_resources_fanuc_description/share/ament_index/resource_index/package_run_dependencies/moveit_resources_fanuc_description
[1.915s] -- Installing: /home/user/aiot_robot_project/project_shin/install/moveit_resources_fanuc_description/share/ament_index/resource_index/parent_prefix_path/moveit_resources_fanuc_description
[1.915s] -- Installing: /home/user/aiot_robot_project/project_shin/install/moveit_resources_fanuc_description/share/moveit_resources_fanuc_description/environment/ament_prefix_path.sh
[1.915s] -- Installing: /home/user/aiot_robot_project/project_shin/install/moveit_resources_fanuc_description/share/moveit_resources_fanuc_description/environment/ament_prefix_path.dsv
[1.916s] -- Installing: /home/user/aiot_robot_project/project_shin/install/moveit_resources_fanuc_description/share/moveit_resources_fanuc_description/environment/path.sh
[1.926s] -- Installing: /home/user/aiot_robot_project/project_shin/install/moveit_resources_fanuc_description/share/moveit_resources_fanuc_description/environment/path.dsv
[1.926s] -- Installing: /home/user/aiot_robot_project/project_shin/install/moveit_resources_fanuc_description/share/moveit_resources_fanuc_description/local_setup.bash
[1.926s] -- Installing: /home/user/aiot_robot_project/project_shin/install/moveit_resources_fanuc_description/share/moveit_resources_fanuc_description/local_setup.sh
[1.926s] -- Installing: /home/user/aiot_robot_project/project_shin/install/moveit_resources_fanuc_description/share/moveit_resources_fanuc_description/local_setup.zsh
[1.929s] -- Installing: /home/user/aiot_robot_project/project_shin/install/moveit_resources_fanuc_description/share/moveit_resources_fanuc_description/local_setup.dsv
[1.936s] -- Installing: /home/user/aiot_robot_project/project_shin/install/moveit_resources_fanuc_description/share/moveit_resources_fanuc_description/package.dsv
[1.936s] -- Installing: /home/user/aiot_robot_project/project_shin/install/moveit_resources_fanuc_description/share/ament_index/resource_index/packages/moveit_resources_fanuc_description
[1.936s] -- Installing: /home/user/aiot_robot_project/project_shin/install/moveit_resources_fanuc_description/share/moveit_resources_fanuc_description/cmake/moveit_resources_fanuc_descriptionConfig.cmake
[1.942s] -- Installing: /home/user/aiot_robot_project/project_shin/install/moveit_resources_fanuc_description/share/moveit_resources_fanuc_description/cmake/moveit_resources_fanuc_descriptionConfig-version.cmake
[1.943s] -- Installing: /home/user/aiot_robot_project/project_shin/install/moveit_resources_fanuc_description/share/moveit_resources_fanuc_description/package.xml
[1.943s] -- Installing: /home/user/aiot_robot_project/project_shin/install/moveit_resources_fanuc_description/share/moveit_resources_fanuc_description/meshes
[1.943s] -- Installing: /home/user/aiot_robot_project/project_shin/install/moveit_resources_fanuc_description/share/moveit_resources_fanuc_description/meshes/collision
[1.943s] -- Installing: /home/user/aiot_robot_project/project_shin/install/moveit_resources_fanuc_description/share/moveit_resources_fanuc_description/meshes/collision/link_6.stl
[1.943s] -- Installing: /home/user/aiot_robot_project/project_shin/install/moveit_resources_fanuc_description/share/moveit_resources_fanuc_description/meshes/collision/base_link.stl
[1.944s] -- Installing: /home/user/aiot_robot_project/project_shin/install/moveit_resources_fanuc_description/share/moveit_resources_fanuc_description/meshes/collision/link_1.stl
[1.950s] -- Installing: /home/user/aiot_robot_project/project_shin/install/moveit_resources_fanuc_description/share/moveit_resources_fanuc_description/meshes/collision/link_5.stl
[1.950s] -- Installing: /home/user/aiot_robot_project/project_shin/install/moveit_resources_fanuc_description/share/moveit_resources_fanuc_description/meshes/collision/link_2.stl
[1.950s] -- Installing: /home/user/aiot_robot_project/project_shin/install/moveit_resources_fanuc_description/share/moveit_resources_fanuc_description/meshes/collision/link_4.stl
[1.950s] -- Installing: /home/user/aiot_robot_project/project_shin/install/moveit_resources_fanuc_description/share/moveit_resources_fanuc_description/meshes/collision/link_3.stl
[1.950s] -- Installing: /home/user/aiot_robot_project/project_shin/install/moveit_resources_fanuc_description/share/moveit_resources_fanuc_description/meshes/visual
[1.967s] -- Installing: /home/user/aiot_robot_project/project_shin/install/moveit_resources_fanuc_description/share/moveit_resources_fanuc_description/meshes/visual/link_6.stl
[1.968s] -- Installing: /home/user/aiot_robot_project/project_shin/install/moveit_resources_fanuc_description/share/moveit_resources_fanuc_description/meshes/visual/base_link.stl
[1.968s] -- Installing: /home/user/aiot_robot_project/project_shin/install/moveit_resources_fanuc_description/share/moveit_resources_fanuc_description/meshes/visual/link_1.stl
[1.968s] -- Installing: /home/user/aiot_robot_project/project_shin/install/moveit_resources_fanuc_description/share/moveit_resources_fanuc_description/meshes/visual/link_5.stl
[1.968s] -- Installing: /home/user/aiot_robot_project/project_shin/install/moveit_resources_fanuc_description/share/moveit_resources_fanuc_description/meshes/visual/link_2.stl
[1.969s] -- Installing: /home/user/aiot_robot_project/project_shin/install/moveit_resources_fanuc_description/share/moveit_resources_fanuc_description/meshes/visual/link_4.stl
[1.977s] -- Installing: /home/user/aiot_robot_project/project_shin/install/moveit_resources_fanuc_description/share/moveit_resources_fanuc_description/meshes/visual/link_3.stl
[1.978s] -- Installing: /home/user/aiot_robot_project/project_shin/install/moveit_resources_fanuc_description/share/moveit_resources_fanuc_description/urdf
[1.978s] -- Installing: /home/user/aiot_robot_project/project_shin/install/moveit_resources_fanuc_description/share/moveit_resources_fanuc_description/urdf/fanuc.urdf
[1.992s] Invoked command in '/home/user/aiot_robot_project/project_shin/build/moveit_resources_fanuc_description' returned '0': CMAKE_PREFIX_PATH=/opt/ros/humble /usr/bin/cmake --install /home/user/aiot_robot_project/project_shin/build/moveit_resources_fanuc_description
