[0.141s] DEBUG:colcon:Command line arguments: ['/usr/bin/colcon', 'build', '--symlink-install']
[0.141s] DEBUG:colcon:Parsed command line arguments: Namespace(log_base=None, log_level=None, verb_name='build', build_base='build', install_base='install', merge_install=False, symlink_install=True, test_result_base=None, continue_on_error=False, executor='parallel', parallel_workers=4, event_handlers=None, ignore_user_meta=False, metas=['./colcon.meta'], base_paths=['.'], packages_ignore=None, packages_ignore_regex=None, paths=None, packages_up_to=None, packages_up_to_regex=None, packages_above=None, packages_above_and_dependencies=None, packages_above_depth=None, packages_select_by_dep=None, packages_skip_by_dep=None, packages_skip_up_to=None, packages_select_build_failed=False, packages_skip_build_finished=False, packages_select_test_failures=False, packages_skip_test_passed=False, packages_select=None, packages_skip=None, packages_select_regex=None, packages_skip_regex=None, packages_start=None, packages_end=None, allow_overriding=[], cmake_args=None, cmake_target=None, cmake_target_skip_unavailable=False, cmake_clean_cache=False, cmake_clean_first=False, cmake_force_configure=False, ament_cmake_args=None, catkin_cmake_args=None, catkin_skip_building_tests=False, mixin_files=None, mixin=None, verb_parser=<colcon_mixin.mixin.mixin_argument.MixinArgumentDecorator object at 0x71db75a5eb30>, verb_extension=<colcon_core.verb.build.BuildVerb object at 0x71db75b671c0>, main=<bound method BuildVerb.main of <colcon_core.verb.build.BuildVerb object at 0x71db75b671c0>>, mixin_verb=('build',))
[0.368s] Level 1:colcon.colcon_core.package_discovery:discover_packages(colcon_meta) check parameters
[0.368s] Level 1:colcon.colcon_core.package_discovery:discover_packages(recursive) check parameters
[0.368s] Level 1:colcon.colcon_core.package_discovery:discover_packages(ignore) check parameters
[0.368s] Level 1:colcon.colcon_core.package_discovery:discover_packages(path) check parameters
[0.368s] Level 1:colcon.colcon_core.package_discovery:discover_packages(colcon_meta) discover
[0.369s] Level 1:colcon.colcon_core.package_discovery:discover_packages(recursive) discover
[0.369s] INFO:colcon.colcon_core.package_discovery:Crawling recursively for packages in '/home/lmc/aiot_robot_project/project_lee'
[0.369s] Level 1:colcon.colcon_core.package_identification:_identify(.) by extensions ['ignore', 'ignore_ament_install']
[0.369s] Level 1:colcon.colcon_core.package_identification:_identify(.) by extension 'ignore'
[0.369s] Level 1:colcon.colcon_core.package_identification:_identify(.) by extension 'ignore_ament_install'
[0.369s] Level 1:colcon.colcon_core.package_identification:_identify(.) by extensions ['colcon_pkg']
[0.369s] Level 1:colcon.colcon_core.package_identification:_identify(.) by extension 'colcon_pkg'
[0.369s] Level 1:colcon.colcon_core.package_identification:_identify(.) by extensions ['colcon_meta']
[0.369s] Level 1:colcon.colcon_core.package_identification:_identify(.) by extension 'colcon_meta'
[0.369s] Level 1:colcon.colcon_core.package_identification:_identify(.) by extensions ['ros']
[0.369s] Level 1:colcon.colcon_core.package_identification:_identify(.) by extension 'ros'
[0.388s] Level 1:colcon.colcon_core.package_identification:_identify(.) by extensions ['cmake', 'python']
[0.389s] Level 1:colcon.colcon_core.package_identification:_identify(.) by extension 'cmake'
[0.389s] Level 1:colcon.colcon_core.package_identification:_identify(.) by extension 'python'
[0.389s] Level 1:colcon.colcon_core.package_identification:_identify(.) by extensions ['python_setup_py']
[0.389s] Level 1:colcon.colcon_core.package_identification:_identify(.) by extension 'python_setup_py'
[0.389s] Level 1:colcon.colcon_core.package_identification:_identify(build) by extensions ['ignore', 'ignore_ament_install']
[0.389s] Level 1:colcon.colcon_core.package_identification:_identify(build) by extension 'ignore'
[0.389s] Level 1:colcon.colcon_core.package_identification:_identify(build) ignored
[0.389s] Level 1:colcon.colcon_core.package_identification:_identify(install) by extensions ['ignore', 'ignore_ament_install']
[0.389s] Level 1:colcon.colcon_core.package_identification:_identify(install) by extension 'ignore'
[0.389s] Level 1:colcon.colcon_core.package_identification:_identify(install) ignored
[0.389s] Level 1:colcon.colcon_core.package_identification:_identify(log) by extensions ['ignore', 'ignore_ament_install']
[0.389s] Level 1:colcon.colcon_core.package_identification:_identify(log) by extension 'ignore'
[0.389s] Level 1:colcon.colcon_core.package_identification:_identify(log) ignored
[0.389s] Level 1:colcon.colcon_core.package_identification:_identify(src) by extensions ['ignore', 'ignore_ament_install']
[0.389s] Level 1:colcon.colcon_core.package_identification:_identify(src) by extension 'ignore'
[0.389s] Level 1:colcon.colcon_core.package_identification:_identify(src) by extension 'ignore_ament_install'
[0.389s] Level 1:colcon.colcon_core.package_identification:_identify(src) by extensions ['colcon_pkg']
[0.389s] Level 1:colcon.colcon_core.package_identification:_identify(src) by extension 'colcon_pkg'
[0.390s] Level 1:colcon.colcon_core.package_identification:_identify(src) by extensions ['colcon_meta']
[0.390s] Level 1:colcon.colcon_core.package_identification:_identify(src) by extension 'colcon_meta'
[0.390s] Level 1:colcon.colcon_core.package_identification:_identify(src) by extensions ['ros']
[0.390s] Level 1:colcon.colcon_core.package_identification:_identify(src) by extension 'ros'
[0.390s] Level 1:colcon.colcon_core.package_identification:_identify(src) by extensions ['cmake', 'python']
[0.390s] Level 1:colcon.colcon_core.package_identification:_identify(src) by extension 'cmake'
[0.390s] Level 1:colcon.colcon_core.package_identification:_identify(src) by extension 'python'
[0.390s] Level 1:colcon.colcon_core.package_identification:_identify(src) by extensions ['python_setup_py']
[0.390s] Level 1:colcon.colcon_core.package_identification:_identify(src) by extension 'python_setup_py'
[0.390s] Level 1:colcon.colcon_core.package_identification:_identify(src/turtle_lee) by extensions ['ignore', 'ignore_ament_install']
[0.390s] Level 1:colcon.colcon_core.package_identification:_identify(src/turtle_lee) by extension 'ignore'
[0.390s] Level 1:colcon.colcon_core.package_identification:_identify(src/turtle_lee) by extension 'ignore_ament_install'
[0.390s] Level 1:colcon.colcon_core.package_identification:_identify(src/turtle_lee) by extensions ['colcon_pkg']
[0.390s] Level 1:colcon.colcon_core.package_identification:_identify(src/turtle_lee) by extension 'colcon_pkg'
[0.390s] Level 1:colcon.colcon_core.package_identification:_identify(src/turtle_lee) by extensions ['colcon_meta']
[0.390s] Level 1:colcon.colcon_core.package_identification:_identify(src/turtle_lee) by extension 'colcon_meta'
[0.390s] Level 1:colcon.colcon_core.package_identification:_identify(src/turtle_lee) by extensions ['ros']
[0.390s] Level 1:colcon.colcon_core.package_identification:_identify(src/turtle_lee) by extension 'ros'
[0.393s] DEBUG:colcon.colcon_core.package_identification:Package 'src/turtle_lee' with type 'ros.ament_python' and name 'turtle_lee'
[0.393s] Level 1:colcon.colcon_core.package_discovery:discover_packages(recursive) using defaults
[0.393s] Level 1:colcon.colcon_core.package_discovery:discover_packages(ignore) discover
[0.393s] Level 1:colcon.colcon_core.package_discovery:discover_packages(ignore) using defaults
[0.393s] Level 1:colcon.colcon_core.package_discovery:discover_packages(path) discover
[0.393s] Level 1:colcon.colcon_core.package_discovery:discover_packages(path) using defaults
[0.418s] Level 1:colcon.colcon_core.package_discovery:discover_packages(prefix_path) check parameters
[0.418s] Level 1:colcon.colcon_core.package_discovery:discover_packages(prefix_path) discover
[0.425s] DEBUG:colcon.colcon_installed_package_information.package_discovery:Found 55 installed packages in /home/lmc/aiot/ws_moveit/install
[0.426s] DEBUG:colcon.colcon_installed_package_information.package_discovery:Found 3 installed packages in /home/lmc/turtlebot3_ws/install
[0.427s] DEBUG:colcon.colcon_installed_package_information.package_discovery:Found 15 installed packages in /home/lmc/aiot/aiot_ws/install
[0.428s] DEBUG:colcon.colcon_installed_package_information.package_discovery:Found 424 installed packages in /opt/ros/humble
[0.431s] Level 1:colcon.colcon_core.package_discovery:discover_packages(prefix_path) using defaults
[0.484s] Level 5:colcon.colcon_core.verb:set package 'turtle_lee' build argument 'cmake_args' from command line to 'None'
[0.484s] Level 5:colcon.colcon_core.verb:set package 'turtle_lee' build argument 'cmake_target' from command line to 'None'
[0.484s] Level 5:colcon.colcon_core.verb:set package 'turtle_lee' build argument 'cmake_target_skip_unavailable' from command line to 'False'
[0.484s] Level 5:colcon.colcon_core.verb:set package 'turtle_lee' build argument 'cmake_clean_cache' from command line to 'False'
[0.484s] Level 5:colcon.colcon_core.verb:set package 'turtle_lee' build argument 'cmake_clean_first' from command line to 'False'
[0.485s] Level 5:colcon.colcon_core.verb:set package 'turtle_lee' build argument 'cmake_force_configure' from command line to 'False'
[0.485s] Level 5:colcon.colcon_core.verb:set package 'turtle_lee' build argument 'ament_cmake_args' from command line to 'None'
[0.485s] Level 5:colcon.colcon_core.verb:set package 'turtle_lee' build argument 'catkin_cmake_args' from command line to 'None'
[0.485s] Level 5:colcon.colcon_core.verb:set package 'turtle_lee' build argument 'catkin_skip_building_tests' from command line to 'False'
[0.485s] DEBUG:colcon.colcon_core.verb:Building package 'turtle_lee' with the following arguments: {'ament_cmake_args': None, 'build_base': '/home/lmc/aiot_robot_project/project_lee/build/turtle_lee', 'catkin_cmake_args': None, 'catkin_skip_building_tests': False, 'cmake_args': None, 'cmake_clean_cache': False, 'cmake_clean_first': False, 'cmake_force_configure': False, 'cmake_target': None, 'cmake_target_skip_unavailable': False, 'install_base': '/home/lmc/aiot_robot_project/project_lee/install/turtle_lee', 'merge_install': False, 'path': '/home/lmc/aiot_robot_project/project_lee/src/turtle_lee', 'symlink_install': True, 'test_result_base': None}
[0.485s] INFO:colcon.colcon_core.executor:Executing jobs using 'parallel' executor
[0.491s] DEBUG:colcon.colcon_parallel_executor.executor.parallel:run_until_complete
[0.491s] INFO:colcon.colcon_ros.task.ament_python.build:Building ROS package in '/home/lmc/aiot_robot_project/project_lee/src/turtle_lee' with build type 'ament_python'
[0.491s] Level 1:colcon.colcon_core.shell:create_environment_hook('turtle_lee', 'ament_prefix_path')
[0.496s] INFO:colcon.colcon_core.plugin_system:Skipping extension 'colcon_core.shell.bat': Not used on non-Windows systems
[0.496s] INFO:colcon.colcon_core.shell:Creating environment hook '/home/lmc/aiot_robot_project/project_lee/install/turtle_lee/share/turtle_lee/hook/ament_prefix_path.ps1'
[0.498s] INFO:colcon.colcon_core.shell:Creating environment descriptor '/home/lmc/aiot_robot_project/project_lee/install/turtle_lee/share/turtle_lee/hook/ament_prefix_path.dsv'
[0.499s] INFO:colcon.colcon_core.shell:Creating environment hook '/home/lmc/aiot_robot_project/project_lee/install/turtle_lee/share/turtle_lee/hook/ament_prefix_path.sh'
[0.500s] INFO:colcon.colcon_core.shell:Skip shell extension 'powershell' for command environment: Not usable outside of PowerShell
[0.500s] DEBUG:colcon.colcon_core.shell:Skip shell extension 'dsv' for command environment
[0.836s] INFO:colcon.colcon_core.task.python.build:Building Python package in '/home/lmc/aiot_robot_project/project_lee/src/turtle_lee'
[0.837s] INFO:colcon.colcon_core.shell:Skip shell extension 'powershell' for command environment: Not usable outside of PowerShell
[0.837s] DEBUG:colcon.colcon_core.shell:Skip shell extension 'dsv' for command environment
[1.290s] DEBUG:colcon.colcon_core.event_handler.log_command:Invoking command in '/home/lmc/aiot_robot_project/project_lee/build/turtle_lee': PYTHONPATH=/home/lmc/aiot_robot_project/project_lee/build/turtle_lee/prefix_override:/usr/lib/python3/dist-packages/colcon_core/task/python/colcon_distutils_commands:/home/lmc/aiot_robot_project/project_lee/install/turtle_lee/lib/python3.10/site-packages:${PYTHONPATH} /usr/bin/python3 -W ignore:setup.py install is deprecated setup.py develop --editable --build-directory /home/lmc/aiot_robot_project/project_lee/build/turtle_lee/build --no-deps symlink_data
[1.780s] Level 1:colcon.colcon_core.shell:create_environment_hook('turtle_lee', 'pythonpath_develop')
[1.781s] INFO:colcon.colcon_core.shell:Creating environment hook '/home/lmc/aiot_robot_project/project_lee/build/turtle_lee/share/turtle_lee/hook/pythonpath_develop.ps1'
[1.782s] INFO:colcon.colcon_core.shell:Creating environment descriptor '/home/lmc/aiot_robot_project/project_lee/build/turtle_lee/share/turtle_lee/hook/pythonpath_develop.dsv'
[1.782s] INFO:colcon.colcon_core.shell:Creating environment hook '/home/lmc/aiot_robot_project/project_lee/build/turtle_lee/share/turtle_lee/hook/pythonpath_develop.sh'
[1.781s] DEBUG:colcon.colcon_core.event_handler.log_command:Invoked command in '/home/lmc/aiot_robot_project/project_lee/build/turtle_lee' returned '0': PYTHONPATH=/home/lmc/aiot_robot_project/project_lee/build/turtle_lee/prefix_override:/usr/lib/python3/dist-packages/colcon_core/task/python/colcon_distutils_commands:/home/lmc/aiot_robot_project/project_lee/install/turtle_lee/lib/python3.10/site-packages:${PYTHONPATH} /usr/bin/python3 -W ignore:setup.py install is deprecated setup.py develop --editable --build-directory /home/lmc/aiot_robot_project/project_lee/build/turtle_lee/build --no-deps symlink_data
[1.785s] Level 1:colcon.colcon_core.environment:checking '/home/lmc/aiot_robot_project/project_lee/install/turtle_lee' for CMake module files
[1.786s] Level 1:colcon.colcon_core.environment:checking '/home/lmc/aiot_robot_project/project_lee/install/turtle_lee' for CMake config files
[1.786s] Level 1:colcon.colcon_core.environment:checking '/home/lmc/aiot_robot_project/project_lee/install/turtle_lee/lib'
[1.786s] Level 1:colcon.colcon_core.environment:checking '/home/lmc/aiot_robot_project/project_lee/install/turtle_lee/bin'
[1.787s] Level 1:colcon.colcon_core.environment:checking '/home/lmc/aiot_robot_project/project_lee/install/turtle_lee/lib/pkgconfig/turtle_lee.pc'
[1.787s] Level 1:colcon.colcon_core.environment:checking '/home/lmc/aiot_robot_project/project_lee/install/turtle_lee/lib/python3.10/site-packages'
[1.787s] Level 1:colcon.colcon_core.shell:create_environment_hook('turtle_lee', 'pythonpath')
[1.787s] INFO:colcon.colcon_core.shell:Creating environment hook '/home/lmc/aiot_robot_project/project_lee/install/turtle_lee/share/turtle_lee/hook/pythonpath.ps1'
[1.788s] INFO:colcon.colcon_core.shell:Creating environment descriptor '/home/lmc/aiot_robot_project/project_lee/install/turtle_lee/share/turtle_lee/hook/pythonpath.dsv'
[1.789s] INFO:colcon.colcon_core.shell:Creating environment hook '/home/lmc/aiot_robot_project/project_lee/install/turtle_lee/share/turtle_lee/hook/pythonpath.sh'
[1.789s] Level 1:colcon.colcon_core.environment:checking '/home/lmc/aiot_robot_project/project_lee/install/turtle_lee/bin'
[1.789s] Level 1:colcon.colcon_core.environment:create_environment_scripts_only(turtle_lee)
[1.790s] INFO:colcon.colcon_core.shell:Creating package script '/home/lmc/aiot_robot_project/project_lee/install/turtle_lee/share/turtle_lee/package.ps1'
[1.791s] INFO:colcon.colcon_core.shell:Creating package descriptor '/home/lmc/aiot_robot_project/project_lee/install/turtle_lee/share/turtle_lee/package.dsv'
[1.791s] INFO:colcon.colcon_core.shell:Creating package script '/home/lmc/aiot_robot_project/project_lee/install/turtle_lee/share/turtle_lee/package.sh'
[1.792s] INFO:colcon.colcon_core.shell:Creating package script '/home/lmc/aiot_robot_project/project_lee/install/turtle_lee/share/turtle_lee/package.bash'
[1.793s] INFO:colcon.colcon_core.shell:Creating package script '/home/lmc/aiot_robot_project/project_lee/install/turtle_lee/share/turtle_lee/package.zsh'
[1.793s] Level 1:colcon.colcon_core.environment:create_file_with_runtime_dependencies(/home/lmc/aiot_robot_project/project_lee/install/turtle_lee/share/colcon-core/packages/turtle_lee)
[1.794s] DEBUG:colcon.colcon_parallel_executor.executor.parallel:closing loop
[1.794s] DEBUG:colcon.colcon_parallel_executor.executor.parallel:loop closed
[1.794s] DEBUG:colcon.colcon_parallel_executor.executor.parallel:run_until_complete finished with '0'
[1.794s] DEBUG:colcon.colcon_core.event_reactor:joining thread
[1.802s] INFO:colcon.colcon_core.plugin_system:Skipping extension 'colcon_notification.desktop_notification.terminal_notifier': Not used on non-Darwin systems
[1.803s] INFO:colcon.colcon_core.plugin_system:Skipping extension 'colcon_notification.desktop_notification.win32': Not used on non-Windows systems
[1.803s] INFO:colcon.colcon_notification.desktop_notification:Sending desktop notification using 'notify2'
[1.888s] DEBUG:colcon.colcon_core.event_reactor:joined thread
[1.888s] INFO:colcon.colcon_core.shell:Creating prefix script '/home/lmc/aiot_robot_project/project_lee/install/local_setup.ps1'
[1.889s] INFO:colcon.colcon_core.shell:Creating prefix util module '/home/lmc/aiot_robot_project/project_lee/install/_local_setup_util_ps1.py'
[1.893s] INFO:colcon.colcon_core.shell:Creating prefix chain script '/home/lmc/aiot_robot_project/project_lee/install/setup.ps1'
[1.897s] INFO:colcon.colcon_core.shell:Creating prefix script '/home/lmc/aiot_robot_project/project_lee/install/local_setup.sh'
[1.897s] INFO:colcon.colcon_core.shell:Creating prefix util module '/home/lmc/aiot_robot_project/project_lee/install/_local_setup_util_sh.py'
[1.898s] INFO:colcon.colcon_core.shell:Creating prefix chain script '/home/lmc/aiot_robot_project/project_lee/install/setup.sh'
[1.900s] INFO:colcon.colcon_core.shell:Creating prefix script '/home/lmc/aiot_robot_project/project_lee/install/local_setup.bash'
[1.901s] INFO:colcon.colcon_core.shell:Creating prefix chain script '/home/lmc/aiot_robot_project/project_lee/install/setup.bash'
[1.904s] INFO:colcon.colcon_core.shell:Creating prefix script '/home/lmc/aiot_robot_project/project_lee/install/local_setup.zsh'
[1.904s] INFO:colcon.colcon_core.shell:Creating prefix chain script '/home/lmc/aiot_robot_project/project_lee/install/setup.zsh'
