[0.038s] Invoking command in '/home/user/aiot_robot_project/project_shin/build/moveit_resources_panda_moveit_config': AMENT_PREFIX_PATH=/home/user/aiot_robot_project/project_shin/install/moveit_resources_panda_description:${AMENT_PREFIX_PATH} CMAKE_PREFIX_PATH=/home/user/aiot_robot_project/project_shin/install/moveit_resources_panda_description:/opt/ros/humble /usr/bin/cmake /home/user/aiot_robot_project/project_shin/src/moveit_resources/panda_moveit_config -DCMAKE_BUILD_TYPE=Release -DCMAKE_INSTALL_PREFIX=/home/user/aiot_robot_project/project_shin/install/moveit_resources_panda_moveit_config
[0.202s] -- The C compiler identification is GNU 11.4.0
[0.393s] -- The CXX compiler identification is GNU 11.4.0
[0.415s] -- Detecting C compiler ABI info
[0.645s] -- Detecting C compiler ABI info - done
[0.667s] -- Check for working C compiler: /usr/bin/cc - skipped
[0.667s] -- Detecting C compile features
[0.668s] -- Detecting C compile features - done
[0.676s] -- Detecting CXX compiler ABI info
[0.915s] -- Detecting CXX compiler ABI info - done
[0.936s] -- Check for working CXX compiler: /usr/bin/c++ - skipped
[0.937s] -- Detecting CXX compile features
[0.939s] -- Detecting CXX compile features - done
[0.947s] -- Found ament_cmake: 1.3.10 (/opt/ros/humble/share/ament_cmake/cmake)
[1.350s] -- Found Python3: /usr/bin/python3 (found version "3.10.12") found components: Interpreter 
[1.769s] -- Configuring done
[1.793s] -- Generating done
[1.797s] -- Build files have been written to: /home/user/aiot_robot_project/project_shin/build/moveit_resources_panda_moveit_config
[1.814s] Invoked command in '/home/user/aiot_robot_project/project_shin/build/moveit_resources_panda_moveit_config' returned '0': AMENT_PREFIX_PATH=/home/user/aiot_robot_project/project_shin/install/moveit_resources_panda_description:${AMENT_PREFIX_PATH} CMAKE_PREFIX_PATH=/home/user/aiot_robot_project/project_shin/install/moveit_resources_panda_description:/opt/ros/humble /usr/bin/cmake /home/user/aiot_robot_project/project_shin/src/moveit_resources/panda_moveit_config -DCMAKE_BUILD_TYPE=Release -DCMAKE_INSTALL_PREFIX=/home/user/aiot_robot_project/project_shin/install/moveit_resources_panda_moveit_config
[1.815s] Invoking command in '/home/user/aiot_robot_project/project_shin/build/moveit_resources_panda_moveit_config': AMENT_PREFIX_PATH=/home/user/aiot_robot_project/project_shin/install/moveit_resources_panda_description:${AMENT_PREFIX_PATH} CMAKE_PREFIX_PATH=/home/user/aiot_robot_project/project_shin/install/moveit_resources_panda_description:/opt/ros/humble /usr/bin/cmake --build /home/user/aiot_robot_project/project_shin/build/moveit_resources_panda_moveit_config -- -j4 -l4
[1.924s] Invoked command in '/home/user/aiot_robot_project/project_shin/build/moveit_resources_panda_moveit_config' returned '0': AMENT_PREFIX_PATH=/home/user/aiot_robot_project/project_shin/install/moveit_resources_panda_description:${AMENT_PREFIX_PATH} CMAKE_PREFIX_PATH=/home/user/aiot_robot_project/project_shin/install/moveit_resources_panda_description:/opt/ros/humble /usr/bin/cmake --build /home/user/aiot_robot_project/project_shin/build/moveit_resources_panda_moveit_config -- -j4 -l4
[1.925s] Invoking command in '/home/user/aiot_robot_project/project_shin/build/moveit_resources_panda_moveit_config': AMENT_PREFIX_PATH=/home/user/aiot_robot_project/project_shin/install/moveit_resources_panda_description:${AMENT_PREFIX_PATH} CMAKE_PREFIX_PATH=/home/user/aiot_robot_project/project_shin/install/moveit_resources_panda_description:/opt/ros/humble /usr/bin/cmake --install /home/user/aiot_robot_project/project_shin/build/moveit_resources_panda_moveit_config
[1.947s] -- Install configuration: "Release"
[1.947s] -- Installing: /home/user/aiot_robot_project/project_shin/install/moveit_resources_panda_moveit_config/share/ament_index/resource_index/package_run_dependencies/moveit_resources_panda_moveit_config
[1.948s] -- Installing: /home/user/aiot_robot_project/project_shin/install/moveit_resources_panda_moveit_config/share/ament_index/resource_index/parent_prefix_path/moveit_resources_panda_moveit_config
[1.948s] -- Installing: /home/user/aiot_robot_project/project_shin/install/moveit_resources_panda_moveit_config/share/moveit_resources_panda_moveit_config/environment/ament_prefix_path.sh
[1.948s] -- Installing: /home/user/aiot_robot_project/project_shin/install/moveit_resources_panda_moveit_config/share/moveit_resources_panda_moveit_config/environment/ament_prefix_path.dsv
[1.951s] -- Installing: /home/user/aiot_robot_project/project_shin/install/moveit_resources_panda_moveit_config/share/moveit_resources_panda_moveit_config/environment/path.sh
[1.952s] -- Installing: /home/user/aiot_robot_project/project_shin/install/moveit_resources_panda_moveit_config/share/moveit_resources_panda_moveit_config/environment/path.dsv
[1.952s] -- Installing: /home/user/aiot_robot_project/project_shin/install/moveit_resources_panda_moveit_config/share/moveit_resources_panda_moveit_config/local_setup.bash
[1.952s] -- Installing: /home/user/aiot_robot_project/project_shin/install/moveit_resources_panda_moveit_config/share/moveit_resources_panda_moveit_config/local_setup.sh
[1.952s] -- Installing: /home/user/aiot_robot_project/project_shin/install/moveit_resources_panda_moveit_config/share/moveit_resources_panda_moveit_config/local_setup.zsh
[1.952s] -- Installing: /home/user/aiot_robot_project/project_shin/install/moveit_resources_panda_moveit_config/share/moveit_resources_panda_moveit_config/local_setup.dsv
[1.953s] -- Installing: /home/user/aiot_robot_project/project_shin/install/moveit_resources_panda_moveit_config/share/moveit_resources_panda_moveit_config/package.dsv
[1.954s] -- Installing: /home/user/aiot_robot_project/project_shin/install/moveit_resources_panda_moveit_config/share/ament_index/resource_index/packages/moveit_resources_panda_moveit_config
[1.954s] -- Installing: /home/user/aiot_robot_project/project_shin/install/moveit_resources_panda_moveit_config/share/moveit_resources_panda_moveit_config/cmake/moveit_resources_panda_moveit_configConfig.cmake
[1.955s] -- Installing: /home/user/aiot_robot_project/project_shin/install/moveit_resources_panda_moveit_config/share/moveit_resources_panda_moveit_config/cmake/moveit_resources_panda_moveit_configConfig-version.cmake
[1.958s] -- Installing: /home/user/aiot_robot_project/project_shin/install/moveit_resources_panda_moveit_config/share/moveit_resources_panda_moveit_config/package.xml
[1.958s] -- Installing: /home/user/aiot_robot_project/project_shin/install/moveit_resources_panda_moveit_config/share/moveit_resources_panda_moveit_config/launch
[1.958s] -- Installing: /home/user/aiot_robot_project/project_shin/install/moveit_resources_panda_moveit_config/share/moveit_resources_panda_moveit_config/launch/moveit_rviz.launch.py
[1.959s] -- Installing: /home/user/aiot_robot_project/project_shin/install/moveit_resources_panda_moveit_config/share/moveit_resources_panda_moveit_config/launch/demo.launch.py
[1.959s] -- Installing: /home/user/aiot_robot_project/project_shin/install/moveit_resources_panda_moveit_config/share/moveit_resources_panda_moveit_config/launch/moveit.rviz
[1.959s] -- Installing: /home/user/aiot_robot_project/project_shin/install/moveit_resources_panda_moveit_config/share/moveit_resources_panda_moveit_config/launch/moveit_empty.rviz
[1.959s] -- Installing: /home/user/aiot_robot_project/project_shin/install/moveit_resources_panda_moveit_config/share/moveit_resources_panda_moveit_config/config
[1.962s] -- Installing: /home/user/aiot_robot_project/project_shin/install/moveit_resources_panda_moveit_config/share/moveit_resources_panda_moveit_config/config/pilz_cartesian_limits.yaml
[1.962s] -- Installing: /home/user/aiot_robot_project/project_shin/install/moveit_resources_panda_moveit_config/share/moveit_resources_panda_moveit_config/config/ros2_controllers.yaml
[1.963s] -- Installing: /home/user/aiot_robot_project/project_shin/install/moveit_resources_panda_moveit_config/share/moveit_resources_panda_moveit_config/config/chomp_planning.yaml
[1.963s] -- Installing: /home/user/aiot_robot_project/project_shin/install/moveit_resources_panda_moveit_config/share/moveit_resources_panda_moveit_config/config/panda.srdf
[1.963s] -- Installing: /home/user/aiot_robot_project/project_shin/install/moveit_resources_panda_moveit_config/share/moveit_resources_panda_moveit_config/config/initial_positions.yaml
[1.963s] -- Installing: /home/user/aiot_robot_project/project_shin/install/moveit_resources_panda_moveit_config/share/moveit_resources_panda_moveit_config/config/panda_arm.xacro
[1.963s] -- Installing: /home/user/aiot_robot_project/project_shin/install/moveit_resources_panda_moveit_config/share/moveit_resources_panda_moveit_config/config/joint_limits.yaml
[1.964s] -- Installing: /home/user/aiot_robot_project/project_shin/install/moveit_resources_panda_moveit_config/share/moveit_resources_panda_moveit_config/config/panda_arm_hand.srdf.xacro
[1.967s] -- Installing: /home/user/aiot_robot_project/project_shin/install/moveit_resources_panda_moveit_config/share/moveit_resources_panda_moveit_config/config/pilz_industrial_motion_planner_planning.yaml
[1.967s] -- Installing: /home/user/aiot_robot_project/project_shin/install/moveit_resources_panda_moveit_config/share/moveit_resources_panda_moveit_config/config/sensors_kinect_pointcloud.yaml
[1.968s] -- Installing: /home/user/aiot_robot_project/project_shin/install/moveit_resources_panda_moveit_config/share/moveit_resources_panda_moveit_config/config/moveit_controllers.yaml
[1.968s] -- Installing: /home/user/aiot_robot_project/project_shin/install/moveit_resources_panda_moveit_config/share/moveit_resources_panda_moveit_config/config/trajopt_planning.yaml
[1.968s] -- Installing: /home/user/aiot_robot_project/project_shin/install/moveit_resources_panda_moveit_config/share/moveit_resources_panda_moveit_config/config/gripper_moveit_controllers.yaml
[1.968s] -- Installing: /home/user/aiot_robot_project/project_shin/install/moveit_resources_panda_moveit_config/share/moveit_resources_panda_moveit_config/config/lerp_planning.yaml
[1.968s] -- Installing: /home/user/aiot_robot_project/project_shin/install/moveit_resources_panda_moveit_config/share/moveit_resources_panda_moveit_config/config/hand.xacro
[1.969s] -- Installing: /home/user/aiot_robot_project/project_shin/install/moveit_resources_panda_moveit_config/share/moveit_resources_panda_moveit_config/config/sensors_kinect_depthmap.yaml
[1.969s] -- Installing: /home/user/aiot_robot_project/project_shin/install/moveit_resources_panda_moveit_config/share/moveit_resources_panda_moveit_config/config/kinematics.yaml
[1.969s] -- Installing: /home/user/aiot_robot_project/project_shin/install/moveit_resources_panda_moveit_config/share/moveit_resources_panda_moveit_config/config/panda_arm.srdf.xacro
[1.972s] -- Installing: /home/user/aiot_robot_project/project_shin/install/moveit_resources_panda_moveit_config/share/moveit_resources_panda_moveit_config/config/panda.ros2_control.xacro
[1.973s] -- Installing: /home/user/aiot_robot_project/project_shin/install/moveit_resources_panda_moveit_config/share/moveit_resources_panda_moveit_config/config/panda.urdf.xacro
[1.973s] -- Installing: /home/user/aiot_robot_project/project_shin/install/moveit_resources_panda_moveit_config/share/moveit_resources_panda_moveit_config/config/ompl_planning.yaml
[1.973s] -- Installing: /home/user/aiot_robot_project/project_shin/install/moveit_resources_panda_moveit_config/share/moveit_resources_panda_moveit_config/config/panda_hand.ros2_control.xacro
[1.973s] -- Installing: /home/user/aiot_robot_project/project_shin/install/moveit_resources_panda_moveit_config/share/moveit_resources_panda_moveit_config/.setup_assistant
[1.980s] Invoked command in '/home/user/aiot_robot_project/project_shin/build/moveit_resources_panda_moveit_config' returned '0': AMENT_PREFIX_PATH=/home/user/aiot_robot_project/project_shin/install/moveit_resources_panda_description:${AMENT_PREFIX_PATH} CMAKE_PREFIX_PATH=/home/user/aiot_robot_project/project_shin/install/moveit_resources_panda_description:/opt/ros/humble /usr/bin/cmake --install /home/user/aiot_robot_project/project_shin/build/moveit_resources_panda_moveit_config
