[0.062s] Invoking command in '/home/user/aiot_robot_project/project_shin/build/moveit_common': CMAKE_PREFIX_PATH=/opt/ros/humble /usr/bin/cmake /home/user/aiot_robot_project/project_shin/src/moveit2/moveit_common -DCMAKE_BUILD_TYPE=Release -DCMAKE_INSTALL_PREFIX=/home/user/aiot_robot_project/project_shin/install/moveit_common
[0.145s] -- Found ament_cmake: 1.3.10 (/opt/ros/humble/share/ament_cmake/cmake)
[0.583s] -- Found Python3: /usr/bin/python3 (found version "3.10.12") found components: Interpreter 
[0.885s] -- Found ament_lint_auto: 0.12.11 (/opt/ros/humble/share/ament_lint_auto/cmake)
[1.132s] -- Added test 'copyright' to check source files copyright and LICENSE
[1.139s] -- Added test 'lint_cmake' to check CMake code style
[1.145s] -- Added test 'xmllint' to check XML markup files
[1.149s] -- Configuring done
[1.172s] -- Generating done
[1.178s] -- Build files have been written to: /home/user/aiot_robot_project/project_shin/build/moveit_common
[1.185s] Invoked command in '/home/user/aiot_robot_project/project_shin/build/moveit_common' returned '0': CMAKE_PREFIX_PATH=/opt/ros/humble /usr/bin/cmake /home/user/aiot_robot_project/project_shin/src/moveit2/moveit_common -DCMAKE_BUILD_TYPE=Release -DCMAKE_INSTALL_PREFIX=/home/user/aiot_robot_project/project_shin/install/moveit_common
[1.190s] Invoking command in '/home/user/aiot_robot_project/project_shin/build/moveit_common': CMAKE_PREFIX_PATH=/opt/ros/humble /usr/bin/cmake --build /home/user/aiot_robot_project/project_shin/build/moveit_common -- -j4 -l4
[1.313s] Invoked command in '/home/user/aiot_robot_project/project_shin/build/moveit_common' returned '0': CMAKE_PREFIX_PATH=/opt/ros/humble /usr/bin/cmake --build /home/user/aiot_robot_project/project_shin/build/moveit_common -- -j4 -l4
[1.342s] Invoking command in '/home/user/aiot_robot_project/project_shin/build/moveit_common': CMAKE_PREFIX_PATH=/opt/ros/humble /usr/bin/cmake --install /home/user/aiot_robot_project/project_shin/build/moveit_common
[1.380s] -- Install configuration: "Release"
[1.380s] -- Installing: /home/user/aiot_robot_project/project_shin/install/moveit_common/share/ament_index/resource_index/package_run_dependencies/moveit_common
[1.381s] -- Installing: /home/user/aiot_robot_project/project_shin/install/moveit_common/share/ament_index/resource_index/parent_prefix_path/moveit_common
[1.381s] -- Installing: /home/user/aiot_robot_project/project_shin/install/moveit_common/share/moveit_common/environment/ament_prefix_path.sh
[1.381s] -- Installing: /home/user/aiot_robot_project/project_shin/install/moveit_common/share/moveit_common/environment/ament_prefix_path.dsv
[1.382s] -- Installing: /home/user/aiot_robot_project/project_shin/install/moveit_common/share/moveit_common/environment/path.sh
[1.383s] -- Installing: /home/user/aiot_robot_project/project_shin/install/moveit_common/share/moveit_common/environment/path.dsv
[1.383s] -- Installing: /home/user/aiot_robot_project/project_shin/install/moveit_common/share/moveit_common/local_setup.bash
[1.384s] -- Installing: /home/user/aiot_robot_project/project_shin/install/moveit_common/share/moveit_common/local_setup.sh
[1.385s] -- Installing: /home/user/aiot_robot_project/project_shin/install/moveit_common/share/moveit_common/local_setup.zsh
[1.386s] -- Installing: /home/user/aiot_robot_project/project_shin/install/moveit_common/share/moveit_common/local_setup.dsv
[1.387s] -- Installing: /home/user/aiot_robot_project/project_shin/install/moveit_common/share/moveit_common/package.dsv
[1.387s] -- Installing: /home/user/aiot_robot_project/project_shin/install/moveit_common/share/ament_index/resource_index/packages/moveit_common
[1.388s] -- Installing: /home/user/aiot_robot_project/project_shin/install/moveit_common/share/moveit_common/cmake/moveit_common-extras.cmake
[1.388s] -- Installing: /home/user/aiot_robot_project/project_shin/install/moveit_common/share/moveit_common/cmake/moveit_commonConfig.cmake
[1.388s] -- Installing: /home/user/aiot_robot_project/project_shin/install/moveit_common/share/moveit_common/cmake/moveit_commonConfig-version.cmake
[1.388s] -- Installing: /home/user/aiot_robot_project/project_shin/install/moveit_common/share/moveit_common/package.xml
[1.388s] -- Up-to-date: /home/user/aiot_robot_project/project_shin/install/moveit_common/share/moveit_common/cmake
[1.389s] -- Installing: /home/user/aiot_robot_project/project_shin/install/moveit_common/share/moveit_common/cmake/moveit_package.cmake
[1.393s] Invoked command in '/home/user/aiot_robot_project/project_shin/build/moveit_common' returned '0': CMAKE_PREFIX_PATH=/opt/ros/humble /usr/bin/cmake --install /home/user/aiot_robot_project/project_shin/build/moveit_common
