[0.053s] Invoking command in '/home/user/aiot_robot_project/project_shin/build/moveit_planners_ompl': AMENT_PREFIX_PATH=/home/user/aiot_robot_project/project_shin/install/moveit_ros_planning:/home/user/aiot_robot_project/project_shin/install/moveit_ros_occupancy_map_monitor:/home/user/aiot_robot_project/project_shin/install/moveit_core:/home/user/aiot_robot_project/project_shin/install/moveit_resources_panda_moveit_config:/home/user/aiot_robot_project/project_shin/install/moveit_resources_fanuc_moveit_config:/home/user/aiot_robot_project/project_shin/install/moveit_configs_utils:/home/user/aiot_robot_project/project_shin/install/srdfdom:/home/user/aiot_robot_project/project_shin/install/moveit_resources_pr2_description:/home/user/aiot_robot_project/project_shin/install/moveit_resources_panda_description:/home/user/aiot_robot_project/project_shin/install/moveit_resources_fanuc_description:/home/user/aiot_robot_project/project_shin/install/moveit_common:/home/user/aiot_robot_project/project_shin/install/launch_param_builder:${AMENT_PREFIX_PATH} CMAKE_PREFIX_PATH=/home/user/aiot_robot_project/project_shin/install/moveit_ros_planning:/home/user/aiot_robot_project/project_shin/install/moveit_ros_occupancy_map_monitor:/home/user/aiot_robot_project/project_shin/install/moveit_core:/home/user/aiot_robot_project/project_shin/install/moveit_resources_panda_moveit_config:/home/user/aiot_robot_project/project_shin/install/moveit_resources_fanuc_moveit_config:/home/user/aiot_robot_project/project_shin/install/srdfdom:/home/user/aiot_robot_project/project_shin/install/moveit_resources_pr2_description:/home/user/aiot_robot_project/project_shin/install/moveit_resources_panda_description:/home/user/aiot_robot_project/project_shin/install/moveit_resources_fanuc_description:/home/user/aiot_robot_project/project_shin/install/moveit_common:/opt/ros/humble LD_LIBRARY_PATH=/home/user/aiot_robot_project/project_shin/install/moveit_ros_planning/lib:/home/user/aiot_robot_project/project_shin/install/moveit_ros_occupancy_map_monitor/lib:/home/user/aiot_robot_project/project_shin/install/moveit_core/lib:/home/user/aiot_robot_project/project_shin/install/srdfdom/lib:${LD_LIBRARY_PATH} PATH=/home/user/aiot_robot_project/project_shin/install/moveit_core/bin:${PATH} PYTHONPATH=/home/user/aiot_robot_project/project_shin/install/moveit_configs_utils/lib/python3.10/site-packages:/home/user/aiot_robot_project/project_shin/install/srdfdom/local/lib/python3.10/dist-packages:/home/user/aiot_robot_project/project_shin/install/launch_param_builder/lib/python3.10/site-packages:${PYTHONPATH} /usr/bin/cmake /home/user/aiot_robot_project/project_shin/src/moveit2/moveit_planners/ompl -DCMAKE_BUILD_TYPE=Release -DCMAKE_INSTALL_PREFIX=/home/user/aiot_robot_project/project_shin/install/moveit_planners_ompl
[0.252s] -- The C compiler identification is GNU 11.4.0
[0.435s] -- The CXX compiler identification is GNU 11.4.0
[0.456s] -- Detecting C compiler ABI info
[0.691s] -- Detecting C compiler ABI info - done
[0.708s] -- Check for working C compiler: /usr/bin/cc - skipped
[0.709s] -- Detecting C compile features
[0.710s] -- Detecting C compile features - done
[0.718s] -- Detecting CXX compiler ABI info
[0.971s] -- Detecting CXX compiler ABI info - done
[0.991s] -- Check for working CXX compiler: /usr/bin/c++ - skipped
[0.992s] -- Detecting CXX compile features
[0.993s] -- Detecting CXX compile features - done
[0.999s] -- Found moveit_common: 2.5.6 (/home/user/aiot_robot_project/project_shin/install/moveit_common/share/moveit_common/cmake)
[1.009s] -- Found ament_cmake: 1.3.10 (/opt/ros/humble/share/ament_cmake/cmake)
[1.471s] -- Found Python3: /usr/bin/python3 (found version "3.10.12") found components: Interpreter 
[2.564s] -- Found Boost: /usr/lib/x86_64-linux-gnu/cmake/Boost-1.74.0/BoostConfig.cmake (found version "1.74.0") found components: system filesystem date_time thread serialization 
[2.571s] -- Found moveit_core: 2.5.6 (/home/user/aiot_robot_project/project_shin/install/moveit_core/share/moveit_core/cmake)
[2.616s] -- Found Boost: /usr/lib/x86_64-linux-gnu/cmake/Boost-1.74.0/BoostConfig.cmake (found version "1.74.0") found components: chrono date_time filesystem iostreams program_options regex serialization system thread 
[2.773s] -- Found parameter_traits: 0.3.9 (/opt/ros/humble/share/parameter_traits/cmake)
[2.900s] -- Found rosidl_generator_c: 3.1.5 (/opt/ros/humble/share/rosidl_generator_c/cmake)
[2.921s] -- Found rosidl_adapter: 3.1.5 (/opt/ros/humble/share/rosidl_adapter/cmake)
[2.951s] -- Found rosidl_generator_cpp: 3.1.5 (/opt/ros/humble/share/rosidl_generator_cpp/cmake)
[2.989s] -- Using all available rosidl_typesupport_c: rosidl_typesupport_fastrtps_c;rosidl_typesupport_introspection_c
[3.044s] -- Using all available rosidl_typesupport_cpp: rosidl_typesupport_fastrtps_cpp;rosidl_typesupport_introspection_cpp
[3.190s] -- Found rmw_implementation_cmake: 6.1.2 (/opt/ros/humble/share/rmw_implementation_cmake/cmake)
[3.199s] -- Found rmw_fastrtps_cpp: 6.2.7 (/opt/ros/humble/share/rmw_fastrtps_cpp/cmake)
[3.447s] -- Found OpenSSL: /usr/lib/x86_64-linux-gnu/libcrypto.so (found version "3.0.2")  
[3.509s] -- Found FastRTPS: /opt/ros/humble/include  
[3.610s] -- Using RMW implementation 'rmw_fastrtps_cpp' as default
[3.640s] -- Found Threads: TRUE  
[3.801s] -- Found Eigen3: TRUE (found version "3.4.0") 
[3.811s] -- Found rclcpp_lifecycle: 16.0.10 (/opt/ros/humble/share/rclcpp_lifecycle/cmake)
[3.879s] -- Found Boost: /usr/lib/x86_64-linux-gnu/cmake/Boost-1.74.0/BoostConfig.cmake (found version "1.74.0") found components: filesystem 
[4.167s] -- library: /usr/lib/x86_64-linux-gnu/libcurl.so
[4.347s] -- Ensuring Eigen3 include directory is part of orocos-kdl CMake target
[5.025s] -- Found moveit_ros_planning: 2.5.6 (/home/user/aiot_robot_project/project_shin/install/moveit_ros_planning/share/moveit_ros_planning/cmake)
[5.037s] -- Found Boost: /usr/lib/x86_64-linux-gnu/cmake/Boost-1.74.0/BoostConfig.cmake (found version "1.74.0") found components: system filesystem date_time program_options thread chrono 
[5.112s] -- Found ompl: /opt/ros/humble/include/ompl-1.6;/usr/include;/usr/include/eigen3  
[5.970s] -- Found OpenMP_C: -fopenmp (found version "4.5") 
[6.334s] -- Found OpenMP_CXX: -fopenmp (found version "4.5") 
[6.336s] -- Found OpenMP: TRUE (found version "4.5")  
[6.383s] -- Found ament_cmake_gtest: 1.3.10 (/opt/ros/humble/share/ament_cmake_gtest/cmake)
[6.400s] -- Found gtest sources under '/opt/ros/humble/src/gtest_vendor': C++ tests using 'Google Test' will be built
[6.636s] -- Found ament_lint_auto: 0.12.11 (/opt/ros/humble/share/ament_lint_auto/cmake)
[6.730s] -- Added test 'cppcheck' to perform static code analysis on C / C++ code
[6.736s] -- Configured cppcheck include dirs: /home/user/aiot_robot_project/project_shin/src/moveit2/moveit_planners/ompl/ompl_interface/include
[6.737s] -- Configured cppcheck exclude dirs and/or files: 
[6.737s] -- Added test 'lint_cmake' to check CMake code style
[6.742s] -- Added test 'xmllint' to check XML markup files
[6.750s] -- Configuring done
[8.124s] -- Generating done
[8.309s] -- Build files have been written to: /home/user/aiot_robot_project/project_shin/build/moveit_planners_ompl
[8.376s] Invoked command in '/home/user/aiot_robot_project/project_shin/build/moveit_planners_ompl' returned '0': AMENT_PREFIX_PATH=/home/user/aiot_robot_project/project_shin/install/moveit_ros_planning:/home/user/aiot_robot_project/project_shin/install/moveit_ros_occupancy_map_monitor:/home/user/aiot_robot_project/project_shin/install/moveit_core:/home/user/aiot_robot_project/project_shin/install/moveit_resources_panda_moveit_config:/home/user/aiot_robot_project/project_shin/install/moveit_resources_fanuc_moveit_config:/home/user/aiot_robot_project/project_shin/install/moveit_configs_utils:/home/user/aiot_robot_project/project_shin/install/srdfdom:/home/user/aiot_robot_project/project_shin/install/moveit_resources_pr2_description:/home/user/aiot_robot_project/project_shin/install/moveit_resources_panda_description:/home/user/aiot_robot_project/project_shin/install/moveit_resources_fanuc_description:/home/user/aiot_robot_project/project_shin/install/moveit_common:/home/user/aiot_robot_project/project_shin/install/launch_param_builder:${AMENT_PREFIX_PATH} CMAKE_PREFIX_PATH=/home/user/aiot_robot_project/project_shin/install/moveit_ros_planning:/home/user/aiot_robot_project/project_shin/install/moveit_ros_occupancy_map_monitor:/home/user/aiot_robot_project/project_shin/install/moveit_core:/home/user/aiot_robot_project/project_shin/install/moveit_resources_panda_moveit_config:/home/user/aiot_robot_project/project_shin/install/moveit_resources_fanuc_moveit_config:/home/user/aiot_robot_project/project_shin/install/srdfdom:/home/user/aiot_robot_project/project_shin/install/moveit_resources_pr2_description:/home/user/aiot_robot_project/project_shin/install/moveit_resources_panda_description:/home/user/aiot_robot_project/project_shin/install/moveit_resources_fanuc_description:/home/user/aiot_robot_project/project_shin/install/moveit_common:/opt/ros/humble LD_LIBRARY_PATH=/home/user/aiot_robot_project/project_shin/install/moveit_ros_planning/lib:/home/user/aiot_robot_project/project_shin/install/moveit_ros_occupancy_map_monitor/lib:/home/user/aiot_robot_project/project_shin/install/moveit_core/lib:/home/user/aiot_robot_project/project_shin/install/srdfdom/lib:${LD_LIBRARY_PATH} PATH=/home/user/aiot_robot_project/project_shin/install/moveit_core/bin:${PATH} PYTHONPATH=/home/user/aiot_robot_project/project_shin/install/moveit_configs_utils/lib/python3.10/site-packages:/home/user/aiot_robot_project/project_shin/install/srdfdom/local/lib/python3.10/dist-packages:/home/user/aiot_robot_project/project_shin/install/launch_param_builder/lib/python3.10/site-packages:${PYTHONPATH} /usr/bin/cmake /home/user/aiot_robot_project/project_shin/src/moveit2/moveit_planners/ompl -DCMAKE_BUILD_TYPE=Release -DCMAKE_INSTALL_PREFIX=/home/user/aiot_robot_project/project_shin/install/moveit_planners_ompl
[8.376s] Invoking command in '/home/user/aiot_robot_project/project_shin/build/moveit_planners_ompl': AMENT_PREFIX_PATH=/home/user/aiot_robot_project/project_shin/install/moveit_ros_planning:/home/user/aiot_robot_project/project_shin/install/moveit_ros_occupancy_map_monitor:/home/user/aiot_robot_project/project_shin/install/moveit_core:/home/user/aiot_robot_project/project_shin/install/moveit_resources_panda_moveit_config:/home/user/aiot_robot_project/project_shin/install/moveit_resources_fanuc_moveit_config:/home/user/aiot_robot_project/project_shin/install/moveit_configs_utils:/home/user/aiot_robot_project/project_shin/install/srdfdom:/home/user/aiot_robot_project/project_shin/install/moveit_resources_pr2_description:/home/user/aiot_robot_project/project_shin/install/moveit_resources_panda_description:/home/user/aiot_robot_project/project_shin/install/moveit_resources_fanuc_description:/home/user/aiot_robot_project/project_shin/install/moveit_common:/home/user/aiot_robot_project/project_shin/install/launch_param_builder:${AMENT_PREFIX_PATH} CMAKE_PREFIX_PATH=/home/user/aiot_robot_project/project_shin/install/moveit_ros_planning:/home/user/aiot_robot_project/project_shin/install/moveit_ros_occupancy_map_monitor:/home/user/aiot_robot_project/project_shin/install/moveit_core:/home/user/aiot_robot_project/project_shin/install/moveit_resources_panda_moveit_config:/home/user/aiot_robot_project/project_shin/install/moveit_resources_fanuc_moveit_config:/home/user/aiot_robot_project/project_shin/install/srdfdom:/home/user/aiot_robot_project/project_shin/install/moveit_resources_pr2_description:/home/user/aiot_robot_project/project_shin/install/moveit_resources_panda_description:/home/user/aiot_robot_project/project_shin/install/moveit_resources_fanuc_description:/home/user/aiot_robot_project/project_shin/install/moveit_common:/opt/ros/humble LD_LIBRARY_PATH=/home/user/aiot_robot_project/project_shin/install/moveit_ros_planning/lib:/home/user/aiot_robot_project/project_shin/install/moveit_ros_occupancy_map_monitor/lib:/home/user/aiot_robot_project/project_shin/install/moveit_core/lib:/home/user/aiot_robot_project/project_shin/install/srdfdom/lib:${LD_LIBRARY_PATH} PATH=/home/user/aiot_robot_project/project_shin/install/moveit_core/bin:${PATH} PYTHONPATH=/home/user/aiot_robot_project/project_shin/install/moveit_configs_utils/lib/python3.10/site-packages:/home/user/aiot_robot_project/project_shin/install/srdfdom/local/lib/python3.10/dist-packages:/home/user/aiot_robot_project/project_shin/install/launch_param_builder/lib/python3.10/site-packages:${PYTHONPATH} /usr/bin/cmake --build /home/user/aiot_robot_project/project_shin/build/moveit_planners_ompl -- -j4 -l4
[8.851s] [  2%] [32mBuilding CXX object gtest/CMakeFiles/gtest.dir/src/gtest-all.cc.o[0m
[8.885s] [  7%] [32mBuilding CXX object gtest/CMakeFiles/gtest_main.dir/src/gtest_main.cc.o[0m
[8.891s] [  7%] [32mBuilding CXX object ompl_interface/CMakeFiles/moveit_ompl_interface.dir/src/ompl_interface.cpp.o[0m
[8.937s] [  9%] [32mBuilding CXX object ompl_interface/CMakeFiles/moveit_ompl_interface.dir/src/planning_context_manager.cpp.o[0m
[24.123s] [ 12%] [32m[1mLinking CXX static library libgtest_main.a[0m
[24.541s] [ 12%] Built target gtest_main
[89.943s] [ 14%] [32m[1mLinking CXX static library libgtest.a[0m
[90.249s] [ 14%] Built target gtest
[135.711s] [ 17%] [32mBuilding CXX object ompl_interface/CMakeFiles/moveit_ompl_interface.dir/src/parameterization/model_based_state_space_factory.cpp.o[0m
[161.737s] [ 19%] [32mBuilding CXX object ompl_interface/CMakeFiles/moveit_ompl_interface.dir/src/parameterization/joint_space/constrained_planning_state_space.cpp.o[0m
[188.199s] [ 21%] [32mBuilding CXX object ompl_interface/CMakeFiles/moveit_ompl_interface.dir/src/parameterization/joint_space/constrained_planning_state_space_factory.cpp.o[0m
[214.270s] [ 24%] [32mBuilding CXX object ompl_interface/CMakeFiles/moveit_ompl_interface.dir/src/parameterization/joint_space/joint_model_state_space.cpp.o[0m
[240.044s] [ 26%] [32mBuilding CXX object ompl_interface/CMakeFiles/moveit_ompl_interface.dir/src/parameterization/joint_space/joint_model_state_space_factory.cpp.o[0m
[265.859s] [ 29%] [32mBuilding CXX object ompl_interface/CMakeFiles/moveit_ompl_interface.dir/src/parameterization/work_space/pose_model_state_space.cpp.o[0m
[295.057s] [ 31%] [32mBuilding CXX object ompl_interface/CMakeFiles/moveit_ompl_interface.dir/src/parameterization/work_space/pose_model_state_space_factory.cpp.o[0m
[325.655s] [ 34%] [32mBuilding CXX object ompl_interface/CMakeFiles/moveit_ompl_interface.dir/src/detail/ompl_constraints.cpp.o[0m
