[0.082s] Invoking command in '/home/user/aiot_robot_project/project_shin/build/moveit_ros_move_group': AMENT_PREFIX_PATH=/home/user/aiot_robot_project/project_shin/install/moveit_kinematics:/home/user/aiot_robot_project/project_shin/install/moveit_ros_planning:/home/user/aiot_robot_project/project_shin/install/moveit_ros_occupancy_map_monitor:/home/user/aiot_robot_project/project_shin/install/moveit_core:/home/user/aiot_robot_project/project_shin/install/moveit_resources_panda_moveit_config:/home/user/aiot_robot_project/project_shin/install/moveit_resources_fanuc_moveit_config:/home/user/aiot_robot_project/project_shin/install/moveit_configs_utils:/home/user/aiot_robot_project/project_shin/install/srdfdom:/home/user/aiot_robot_project/project_shin/install/moveit_resources_pr2_description:/home/user/aiot_robot_project/project_shin/install/moveit_resources_panda_description:/home/user/aiot_robot_project/project_shin/install/moveit_resources_fanuc_description:/home/user/aiot_robot_project/project_shin/install/moveit_common:/home/user/aiot_robot_project/project_shin/install/launch_param_builder:${AMENT_PREFIX_PATH} CMAKE_PREFIX_PATH=/home/user/aiot_robot_project/project_shin/install/moveit_kinematics:/home/user/aiot_robot_project/project_shin/install/moveit_ros_planning:/home/user/aiot_robot_project/project_shin/install/moveit_ros_occupancy_map_monitor:/home/user/aiot_robot_project/project_shin/install/moveit_core:/home/user/aiot_robot_project/project_shin/install/moveit_resources_panda_moveit_config:/home/user/aiot_robot_project/project_shin/install/moveit_resources_fanuc_moveit_config:/home/user/aiot_robot_project/project_shin/install/srdfdom:/home/user/aiot_robot_project/project_shin/install/moveit_resources_pr2_description:/home/user/aiot_robot_project/project_shin/install/moveit_resources_panda_description:/home/user/aiot_robot_project/project_shin/install/moveit_resources_fanuc_description:/home/user/aiot_robot_project/project_shin/install/moveit_common:/opt/ros/humble LD_LIBRARY_PATH=/home/user/aiot_robot_project/project_shin/install/moveit_kinematics/lib:/home/user/aiot_robot_project/project_shin/install/moveit_ros_planning/lib:/home/user/aiot_robot_project/project_shin/install/moveit_ros_occupancy_map_monitor/lib:/home/user/aiot_robot_project/project_shin/install/moveit_core/lib:/home/user/aiot_robot_project/project_shin/install/srdfdom/lib:${LD_LIBRARY_PATH} PATH=/home/user/aiot_robot_project/project_shin/install/moveit_core/bin:${PATH} PYTHONPATH=/home/user/aiot_robot_project/project_shin/install/moveit_configs_utils/lib/python3.10/site-packages:/home/user/aiot_robot_project/project_shin/install/srdfdom/local/lib/python3.10/dist-packages:/home/user/aiot_robot_project/project_shin/install/launch_param_builder/lib/python3.10/site-packages:${PYTHONPATH} /usr/bin/cmake /home/user/aiot_robot_project/project_shin/src/moveit2/moveit_ros/move_group -DCMAKE_BUILD_TYPE=Release -DCMAKE_INSTALL_PREFIX=/home/user/aiot_robot_project/project_shin/install/moveit_ros_move_group
[0.335s] -- The C compiler identification is GNU 11.4.0
[0.563s] -- The CXX compiler identification is GNU 11.4.0
[0.587s] -- Detecting C compiler ABI info
[0.886s] -- Detecting C compiler ABI info - done
[0.912s] -- Check for working C compiler: /usr/bin/cc - skipped
[0.912s] -- Detecting C compile features
[0.913s] -- Detecting C compile features - done
[0.924s] -- Detecting CXX compiler ABI info
[1.309s] -- Detecting CXX compiler ABI info - done
[1.331s] -- Check for working CXX compiler: /usr/bin/c++ - skipped
[1.332s] -- Detecting CXX compile features
[1.334s] -- Detecting CXX compile features - done
[1.346s] -- Found moveit_common: 2.5.6 (/home/user/aiot_robot_project/project_shin/install/moveit_common/share/moveit_common/cmake)
[1.355s] -- Found ament_cmake: 1.3.10 (/opt/ros/humble/share/ament_cmake/cmake)
[1.854s] -- Found Python3: /usr/bin/python3 (found version "3.10.12") found components: Interpreter 
[2.488s] -- Found moveit_core: 2.5.6 (/home/user/aiot_robot_project/project_shin/install/moveit_core/share/moveit_core/cmake)
[3.279s] -- Found Boost: /usr/lib/x86_64-linux-gnu/cmake/Boost-1.74.0/BoostConfig.cmake (found version "1.74.0") found components: chrono date_time filesystem iostreams program_options regex serialization system thread 
[3.473s] -- Found parameter_traits: 0.3.9 (/opt/ros/humble/share/parameter_traits/cmake)
[3.629s] -- Found rosidl_generator_c: 3.1.5 (/opt/ros/humble/share/rosidl_generator_c/cmake)
[3.653s] -- Found rosidl_adapter: 3.1.5 (/opt/ros/humble/share/rosidl_adapter/cmake)
[3.691s] -- Found rosidl_generator_cpp: 3.1.5 (/opt/ros/humble/share/rosidl_generator_cpp/cmake)
[3.756s] -- Using all available rosidl_typesupport_c: rosidl_typesupport_fastrtps_c;rosidl_typesupport_introspection_c
[3.823s] -- Using all available rosidl_typesupport_cpp: rosidl_typesupport_fastrtps_cpp;rosidl_typesupport_introspection_cpp
[3.999s] -- Found rmw_implementation_cmake: 6.1.2 (/opt/ros/humble/share/rmw_implementation_cmake/cmake)
[4.012s] -- Found rmw_fastrtps_cpp: 6.2.7 (/opt/ros/humble/share/rmw_fastrtps_cpp/cmake)
[4.314s] -- Found OpenSSL: /usr/lib/x86_64-linux-gnu/libcrypto.so (found version "3.0.2")  
[4.382s] -- Found FastRTPS: /opt/ros/humble/include  
[4.503s] -- Using RMW implementation 'rmw_fastrtps_cpp' as default
[4.539s] -- Found Threads: TRUE  
[4.746s] -- Found Eigen3: TRUE (found version "3.4.0") 
[4.755s] -- Found rclcpp_lifecycle: 16.0.10 (/opt/ros/humble/share/rclcpp_lifecycle/cmake)
[4.840s] -- Found Boost: /usr/lib/x86_64-linux-gnu/cmake/Boost-1.74.0/BoostConfig.cmake (found version "1.74.0") found components: filesystem 
[5.193s] -- library: /usr/lib/x86_64-linux-gnu/libcurl.so
[5.422s] -- Ensuring Eigen3 include directory is part of orocos-kdl CMake target
[6.263s] -- Found moveit_ros_planning: 2.5.6 (/home/user/aiot_robot_project/project_shin/install/moveit_ros_planning/share/moveit_ros_planning/cmake)
[6.276s] -- Found Boost: /usr/lib/x86_64-linux-gnu/cmake/Boost-1.74.0/BoostConfig.cmake (found version "1.74.0") found components: system filesystem date_time program_options thread chrono 
[6.372s] -- Found std_srvs: 4.2.4 (/opt/ros/humble/share/std_srvs/cmake)
[6.421s] -- Found Boost: /usr/lib/x86_64-linux-gnu/cmake/Boost-1.74.0/BoostConfig.cmake (found version "1.74.0") found components: system filesystem date_time program_options thread 
[6.544s] -- Found ament_lint_auto: 0.12.11 (/opt/ros/humble/share/ament_lint_auto/cmake)
[6.619s] -- Added test 'cppcheck' to perform static code analysis on C / C++ code
[6.621s] -- Configured cppcheck include dirs: /home/user/aiot_robot_project/project_shin/src/moveit2/moveit_ros/move_group/include
[6.622s] -- Configured cppcheck exclude dirs and/or files: 
[6.625s] -- Added test 'lint_cmake' to check CMake code style
[6.630s] -- Added test 'pep257' to check Python code against some of the docstring style conventions in PEP 257
[6.634s] -- Added test 'xmllint' to check XML markup files
[6.657s] -- Configuring done
[7.021s] -- Generating done
[7.112s] -- Build files have been written to: /home/user/aiot_robot_project/project_shin/build/moveit_ros_move_group
[7.157s] Invoked command in '/home/user/aiot_robot_project/project_shin/build/moveit_ros_move_group' returned '0': AMENT_PREFIX_PATH=/home/user/aiot_robot_project/project_shin/install/moveit_kinematics:/home/user/aiot_robot_project/project_shin/install/moveit_ros_planning:/home/user/aiot_robot_project/project_shin/install/moveit_ros_occupancy_map_monitor:/home/user/aiot_robot_project/project_shin/install/moveit_core:/home/user/aiot_robot_project/project_shin/install/moveit_resources_panda_moveit_config:/home/user/aiot_robot_project/project_shin/install/moveit_resources_fanuc_moveit_config:/home/user/aiot_robot_project/project_shin/install/moveit_configs_utils:/home/user/aiot_robot_project/project_shin/install/srdfdom:/home/user/aiot_robot_project/project_shin/install/moveit_resources_pr2_description:/home/user/aiot_robot_project/project_shin/install/moveit_resources_panda_description:/home/user/aiot_robot_project/project_shin/install/moveit_resources_fanuc_description:/home/user/aiot_robot_project/project_shin/install/moveit_common:/home/user/aiot_robot_project/project_shin/install/launch_param_builder:${AMENT_PREFIX_PATH} CMAKE_PREFIX_PATH=/home/user/aiot_robot_project/project_shin/install/moveit_kinematics:/home/user/aiot_robot_project/project_shin/install/moveit_ros_planning:/home/user/aiot_robot_project/project_shin/install/moveit_ros_occupancy_map_monitor:/home/user/aiot_robot_project/project_shin/install/moveit_core:/home/user/aiot_robot_project/project_shin/install/moveit_resources_panda_moveit_config:/home/user/aiot_robot_project/project_shin/install/moveit_resources_fanuc_moveit_config:/home/user/aiot_robot_project/project_shin/install/srdfdom:/home/user/aiot_robot_project/project_shin/install/moveit_resources_pr2_description:/home/user/aiot_robot_project/project_shin/install/moveit_resources_panda_description:/home/user/aiot_robot_project/project_shin/install/moveit_resources_fanuc_description:/home/user/aiot_robot_project/project_shin/install/moveit_common:/opt/ros/humble LD_LIBRARY_PATH=/home/user/aiot_robot_project/project_shin/install/moveit_kinematics/lib:/home/user/aiot_robot_project/project_shin/install/moveit_ros_planning/lib:/home/user/aiot_robot_project/project_shin/install/moveit_ros_occupancy_map_monitor/lib:/home/user/aiot_robot_project/project_shin/install/moveit_core/lib:/home/user/aiot_robot_project/project_shin/install/srdfdom/lib:${LD_LIBRARY_PATH} PATH=/home/user/aiot_robot_project/project_shin/install/moveit_core/bin:${PATH} PYTHONPATH=/home/user/aiot_robot_project/project_shin/install/moveit_configs_utils/lib/python3.10/site-packages:/home/user/aiot_robot_project/project_shin/install/srdfdom/local/lib/python3.10/dist-packages:/home/user/aiot_robot_project/project_shin/install/launch_param_builder/lib/python3.10/site-packages:${PYTHONPATH} /usr/bin/cmake /home/user/aiot_robot_project/project_shin/src/moveit2/moveit_ros/move_group -DCMAKE_BUILD_TYPE=Release -DCMAKE_INSTALL_PREFIX=/home/user/aiot_robot_project/project_shin/install/moveit_ros_move_group
[7.167s] Invoking command in '/home/user/aiot_robot_project/project_shin/build/moveit_ros_move_group': AMENT_PREFIX_PATH=/home/user/aiot_robot_project/project_shin/install/moveit_kinematics:/home/user/aiot_robot_project/project_shin/install/moveit_ros_planning:/home/user/aiot_robot_project/project_shin/install/moveit_ros_occupancy_map_monitor:/home/user/aiot_robot_project/project_shin/install/moveit_core:/home/user/aiot_robot_project/project_shin/install/moveit_resources_panda_moveit_config:/home/user/aiot_robot_project/project_shin/install/moveit_resources_fanuc_moveit_config:/home/user/aiot_robot_project/project_shin/install/moveit_configs_utils:/home/user/aiot_robot_project/project_shin/install/srdfdom:/home/user/aiot_robot_project/project_shin/install/moveit_resources_pr2_description:/home/user/aiot_robot_project/project_shin/install/moveit_resources_panda_description:/home/user/aiot_robot_project/project_shin/install/moveit_resources_fanuc_description:/home/user/aiot_robot_project/project_shin/install/moveit_common:/home/user/aiot_robot_project/project_shin/install/launch_param_builder:${AMENT_PREFIX_PATH} CMAKE_PREFIX_PATH=/home/user/aiot_robot_project/project_shin/install/moveit_kinematics:/home/user/aiot_robot_project/project_shin/install/moveit_ros_planning:/home/user/aiot_robot_project/project_shin/install/moveit_ros_occupancy_map_monitor:/home/user/aiot_robot_project/project_shin/install/moveit_core:/home/user/aiot_robot_project/project_shin/install/moveit_resources_panda_moveit_config:/home/user/aiot_robot_project/project_shin/install/moveit_resources_fanuc_moveit_config:/home/user/aiot_robot_project/project_shin/install/srdfdom:/home/user/aiot_robot_project/project_shin/install/moveit_resources_pr2_description:/home/user/aiot_robot_project/project_shin/install/moveit_resources_panda_description:/home/user/aiot_robot_project/project_shin/install/moveit_resources_fanuc_description:/home/user/aiot_robot_project/project_shin/install/moveit_common:/opt/ros/humble LD_LIBRARY_PATH=/home/user/aiot_robot_project/project_shin/install/moveit_kinematics/lib:/home/user/aiot_robot_project/project_shin/install/moveit_ros_planning/lib:/home/user/aiot_robot_project/project_shin/install/moveit_ros_occupancy_map_monitor/lib:/home/user/aiot_robot_project/project_shin/install/moveit_core/lib:/home/user/aiot_robot_project/project_shin/install/srdfdom/lib:${LD_LIBRARY_PATH} PATH=/home/user/aiot_robot_project/project_shin/install/moveit_core/bin:${PATH} PYTHONPATH=/home/user/aiot_robot_project/project_shin/install/moveit_configs_utils/lib/python3.10/site-packages:/home/user/aiot_robot_project/project_shin/install/srdfdom/local/lib/python3.10/dist-packages:/home/user/aiot_robot_project/project_shin/install/launch_param_builder/lib/python3.10/site-packages:${PYTHONPATH} /usr/bin/cmake --build /home/user/aiot_robot_project/project_shin/build/moveit_ros_move_group -- -j4 -l4
[7.388s] [  5%] [32mBuilding CXX object CMakeFiles/moveit_move_group_capabilities_base.dir/src/move_group_context.cpp.o[0m
[49.076s] [ 10%] [32mBuilding CXX object CMakeFiles/moveit_move_group_capabilities_base.dir/src/move_group_capability.cpp.o[0m
